[2024-09-15T20:34:18.500+0000] {processor.py:186} INFO - Started process (PID=43) to work on /opt/airflow/dags/helloworld.py
[2024-09-15T20:34:18.505+0000] {processor.py:914} INFO - Processing file /opt/airflow/dags/helloworld.py for tasks to queue
[2024-09-15T20:34:18.604+0000] {logging_mixin.py:190} INFO - [2024-09-15T20:34:18.597+0000] {dagbag.py:587} INFO - Filling up the DagBag from /opt/airflow/dags/helloworld.py
[2024-09-15T20:34:18.832+0000] {processor.py:925} INFO - DAG(s) 'hello_world_dag' retrieved from /opt/airflow/dags/helloworld.py
[2024-09-15T20:34:19.492+0000] {logging_mixin.py:190} INFO - [2024-09-15T20:34:19.490+0000] {override.py:1900} INFO - Created Permission View: can edit on DAG:hello_world_dag
[2024-09-15T20:34:19.510+0000] {logging_mixin.py:190} INFO - [2024-09-15T20:34:19.510+0000] {override.py:1900} INFO - Created Permission View: can read on DAG:hello_world_dag
[2024-09-15T20:34:19.525+0000] {logging_mixin.py:190} INFO - [2024-09-15T20:34:19.524+0000] {override.py:1900} INFO - Created Permission View: can delete on DAG:hello_world_dag
[2024-09-15T20:34:19.592+0000] {logging_mixin.py:190} INFO - [2024-09-15T20:34:19.592+0000] {override.py:1900} INFO - Created Permission View: menu access on DAG Run:hello_world_dag
[2024-09-15T20:34:19.610+0000] {logging_mixin.py:190} INFO - [2024-09-15T20:34:19.609+0000] {override.py:1900} INFO - Created Permission View: can create on DAG Run:hello_world_dag
[2024-09-15T20:34:19.635+0000] {logging_mixin.py:190} INFO - [2024-09-15T20:34:19.634+0000] {override.py:1900} INFO - Created Permission View: can read on DAG Run:hello_world_dag
[2024-09-15T20:34:19.730+0000] {logging_mixin.py:190} INFO - [2024-09-15T20:34:19.729+0000] {override.py:1900} INFO - Created Permission View: can delete on DAG Run:hello_world_dag
[2024-09-15T20:34:19.731+0000] {logging_mixin.py:190} INFO - [2024-09-15T20:34:19.731+0000] {dag.py:3229} INFO - Sync 1 DAGs
[2024-09-15T20:34:19.785+0000] {logging_mixin.py:190} INFO - [2024-09-15T20:34:19.785+0000] {dag.py:3252} INFO - Creating ORM DAG for hello_world_dag
[2024-09-15T20:34:19.831+0000] {logging_mixin.py:190} INFO - [2024-09-15T20:34:19.830+0000] {dag.py:4156} INFO - Setting next_dagrun for hello_world_dag to 2024-09-15 19:00:00+00:00, run_after=2024-09-15 20:00:00+00:00
[2024-09-15T20:34:19.914+0000] {processor.py:208} INFO - Processing /opt/airflow/dags/helloworld.py took 1.504 seconds
[2024-09-15T20:34:50.169+0000] {processor.py:186} INFO - Started process (PID=69) to work on /opt/airflow/dags/helloworld.py
[2024-09-15T20:34:50.170+0000] {processor.py:914} INFO - Processing file /opt/airflow/dags/helloworld.py for tasks to queue
[2024-09-15T20:34:50.176+0000] {logging_mixin.py:190} INFO - [2024-09-15T20:34:50.176+0000] {dagbag.py:587} INFO - Filling up the DagBag from /opt/airflow/dags/helloworld.py
[2024-09-15T20:34:50.236+0000] {processor.py:925} INFO - DAG(s) 'hello_world_dag' retrieved from /opt/airflow/dags/helloworld.py
[2024-09-15T20:34:50.351+0000] {logging_mixin.py:190} INFO - [2024-09-15T20:34:50.350+0000] {dag.py:3229} INFO - Sync 1 DAGs
[2024-09-15T20:34:50.421+0000] {logging_mixin.py:190} INFO - [2024-09-15T20:34:50.421+0000] {dag.py:4156} INFO - Setting next_dagrun for hello_world_dag to 2024-09-15 19:00:00+00:00, run_after=2024-09-15 20:00:00+00:00
[2024-09-15T20:34:50.448+0000] {processor.py:208} INFO - Processing /opt/airflow/dags/helloworld.py took 0.290 seconds
[2024-09-15T20:35:20.629+0000] {processor.py:186} INFO - Started process (PID=70) to work on /opt/airflow/dags/helloworld.py
[2024-09-15T20:35:20.630+0000] {processor.py:914} INFO - Processing file /opt/airflow/dags/helloworld.py for tasks to queue
[2024-09-15T20:35:20.646+0000] {logging_mixin.py:190} INFO - [2024-09-15T20:35:20.642+0000] {dagbag.py:587} INFO - Filling up the DagBag from /opt/airflow/dags/helloworld.py
[2024-09-15T20:35:20.681+0000] {processor.py:925} INFO - DAG(s) 'hello_world_dag' retrieved from /opt/airflow/dags/helloworld.py
[2024-09-15T20:35:20.716+0000] {logging_mixin.py:190} INFO - [2024-09-15T20:35:20.715+0000] {dag.py:3229} INFO - Sync 1 DAGs
[2024-09-15T20:35:20.745+0000] {logging_mixin.py:190} INFO - [2024-09-15T20:35:20.744+0000] {dag.py:4156} INFO - Setting next_dagrun for hello_world_dag to 2024-09-15 19:00:00+00:00, run_after=2024-09-15 20:00:00+00:00
[2024-09-15T20:35:20.773+0000] {processor.py:208} INFO - Processing /opt/airflow/dags/helloworld.py took 0.209 seconds
[2024-09-15T20:35:51.894+0000] {processor.py:186} INFO - Started process (PID=71) to work on /opt/airflow/dags/helloworld.py
[2024-09-15T20:35:51.897+0000] {processor.py:914} INFO - Processing file /opt/airflow/dags/helloworld.py for tasks to queue
[2024-09-15T20:35:51.909+0000] {logging_mixin.py:190} INFO - [2024-09-15T20:35:51.908+0000] {dagbag.py:587} INFO - Filling up the DagBag from /opt/airflow/dags/helloworld.py
[2024-09-15T20:35:51.944+0000] {processor.py:925} INFO - DAG(s) 'hello_world_dag' retrieved from /opt/airflow/dags/helloworld.py
[2024-09-15T20:35:51.978+0000] {logging_mixin.py:190} INFO - [2024-09-15T20:35:51.978+0000] {dag.py:3229} INFO - Sync 1 DAGs
[2024-09-15T20:35:52.021+0000] {logging_mixin.py:190} INFO - [2024-09-15T20:35:52.020+0000] {dag.py:4156} INFO - Setting next_dagrun for hello_world_dag to 2024-09-15 19:00:00+00:00, run_after=2024-09-15 20:00:00+00:00
[2024-09-15T20:35:52.044+0000] {processor.py:208} INFO - Processing /opt/airflow/dags/helloworld.py took 0.163 seconds
[2024-09-15T20:36:22.178+0000] {processor.py:186} INFO - Started process (PID=72) to work on /opt/airflow/dags/helloworld.py
[2024-09-15T20:36:22.180+0000] {processor.py:914} INFO - Processing file /opt/airflow/dags/helloworld.py for tasks to queue
[2024-09-15T20:36:22.183+0000] {logging_mixin.py:190} INFO - [2024-09-15T20:36:22.182+0000] {dagbag.py:587} INFO - Filling up the DagBag from /opt/airflow/dags/helloworld.py
[2024-09-15T20:36:22.212+0000] {processor.py:925} INFO - DAG(s) 'hello_world_dag' retrieved from /opt/airflow/dags/helloworld.py
[2024-09-15T20:36:22.260+0000] {logging_mixin.py:190} INFO - [2024-09-15T20:36:22.259+0000] {dag.py:3229} INFO - Sync 1 DAGs
[2024-09-15T20:36:22.390+0000] {logging_mixin.py:190} INFO - [2024-09-15T20:36:22.389+0000] {dag.py:4156} INFO - Setting next_dagrun for hello_world_dag to 2024-09-15 19:00:00+00:00, run_after=2024-09-15 20:00:00+00:00
[2024-09-15T20:36:22.455+0000] {processor.py:208} INFO - Processing /opt/airflow/dags/helloworld.py took 0.285 seconds
[2024-09-15T20:36:53.543+0000] {processor.py:186} INFO - Started process (PID=73) to work on /opt/airflow/dags/helloworld.py
[2024-09-15T20:36:53.545+0000] {processor.py:914} INFO - Processing file /opt/airflow/dags/helloworld.py for tasks to queue
[2024-09-15T20:36:53.548+0000] {logging_mixin.py:190} INFO - [2024-09-15T20:36:53.548+0000] {dagbag.py:587} INFO - Filling up the DagBag from /opt/airflow/dags/helloworld.py
[2024-09-15T20:36:53.570+0000] {processor.py:925} INFO - DAG(s) 'hello_world_dag' retrieved from /opt/airflow/dags/helloworld.py
[2024-09-15T20:36:53.605+0000] {logging_mixin.py:190} INFO - [2024-09-15T20:36:53.604+0000] {dag.py:3229} INFO - Sync 1 DAGs
[2024-09-15T20:36:53.637+0000] {logging_mixin.py:190} INFO - [2024-09-15T20:36:53.636+0000] {dag.py:4156} INFO - Setting next_dagrun for hello_world_dag to 2024-09-15 19:00:00+00:00, run_after=2024-09-15 20:00:00+00:00
[2024-09-15T20:36:53.663+0000] {processor.py:208} INFO - Processing /opt/airflow/dags/helloworld.py took 0.131 seconds
[2024-09-15T20:37:27.919+0000] {processor.py:186} INFO - Started process (PID=74) to work on /opt/airflow/dags/helloworld.py
[2024-09-15T20:37:27.933+0000] {processor.py:914} INFO - Processing file /opt/airflow/dags/helloworld.py for tasks to queue
[2024-09-15T20:37:27.975+0000] {logging_mixin.py:190} INFO - [2024-09-15T20:37:27.971+0000] {dagbag.py:587} INFO - Filling up the DagBag from /opt/airflow/dags/helloworld.py
[2024-09-15T20:37:28.085+0000] {processor.py:925} INFO - DAG(s) 'hello_world_dag' retrieved from /opt/airflow/dags/helloworld.py
[2024-09-15T20:37:28.124+0000] {logging_mixin.py:190} INFO - [2024-09-15T20:37:28.123+0000] {dag.py:3229} INFO - Sync 1 DAGs
[2024-09-15T20:37:28.169+0000] {logging_mixin.py:190} INFO - [2024-09-15T20:37:28.169+0000] {dag.py:4156} INFO - Setting next_dagrun for hello_world_dag to 2024-09-15 19:00:00+00:00, run_after=2024-09-15 20:00:00+00:00
[2024-09-15T20:37:28.201+0000] {processor.py:208} INFO - Processing /opt/airflow/dags/helloworld.py took 0.482 seconds
[2024-09-15T20:37:58.380+0000] {processor.py:186} INFO - Started process (PID=75) to work on /opt/airflow/dags/helloworld.py
[2024-09-15T20:37:58.382+0000] {processor.py:914} INFO - Processing file /opt/airflow/dags/helloworld.py for tasks to queue
[2024-09-15T20:37:58.385+0000] {logging_mixin.py:190} INFO - [2024-09-15T20:37:58.385+0000] {dagbag.py:587} INFO - Filling up the DagBag from /opt/airflow/dags/helloworld.py
[2024-09-15T20:37:58.429+0000] {processor.py:925} INFO - DAG(s) 'hello_world_dag' retrieved from /opt/airflow/dags/helloworld.py
[2024-09-15T20:37:58.462+0000] {logging_mixin.py:190} INFO - [2024-09-15T20:37:58.461+0000] {dag.py:3229} INFO - Sync 1 DAGs
[2024-09-15T20:37:58.528+0000] {logging_mixin.py:190} INFO - [2024-09-15T20:37:58.528+0000] {dag.py:4156} INFO - Setting next_dagrun for hello_world_dag to 2024-09-15 19:00:00+00:00, run_after=2024-09-15 20:00:00+00:00
[2024-09-15T20:37:58.594+0000] {processor.py:208} INFO - Processing /opt/airflow/dags/helloworld.py took 0.222 seconds
[2024-09-15T20:38:28.842+0000] {processor.py:186} INFO - Started process (PID=76) to work on /opt/airflow/dags/helloworld.py
[2024-09-15T20:38:28.843+0000] {processor.py:914} INFO - Processing file /opt/airflow/dags/helloworld.py for tasks to queue
[2024-09-15T20:38:28.846+0000] {logging_mixin.py:190} INFO - [2024-09-15T20:38:28.845+0000] {dagbag.py:587} INFO - Filling up the DagBag from /opt/airflow/dags/helloworld.py
[2024-09-15T20:38:28.911+0000] {processor.py:925} INFO - DAG(s) 'hello_world_dag' retrieved from /opt/airflow/dags/helloworld.py
[2024-09-15T20:38:29.028+0000] {logging_mixin.py:190} INFO - [2024-09-15T20:38:29.028+0000] {dag.py:3229} INFO - Sync 1 DAGs
[2024-09-15T20:38:29.163+0000] {logging_mixin.py:190} INFO - [2024-09-15T20:38:29.162+0000] {dag.py:4156} INFO - Setting next_dagrun for hello_world_dag to 2024-09-15 19:00:00+00:00, run_after=2024-09-15 20:00:00+00:00
[2024-09-15T20:38:29.272+0000] {processor.py:208} INFO - Processing /opt/airflow/dags/helloworld.py took 0.463 seconds
[2024-09-15T20:38:59.445+0000] {processor.py:186} INFO - Started process (PID=77) to work on /opt/airflow/dags/helloworld.py
[2024-09-15T20:38:59.448+0000] {processor.py:914} INFO - Processing file /opt/airflow/dags/helloworld.py for tasks to queue
[2024-09-15T20:38:59.451+0000] {logging_mixin.py:190} INFO - [2024-09-15T20:38:59.450+0000] {dagbag.py:587} INFO - Filling up the DagBag from /opt/airflow/dags/helloworld.py
[2024-09-15T20:38:59.634+0000] {processor.py:925} INFO - DAG(s) 'hello_world_dag' retrieved from /opt/airflow/dags/helloworld.py
[2024-09-15T20:38:59.745+0000] {logging_mixin.py:190} INFO - [2024-09-15T20:38:59.744+0000] {dag.py:3229} INFO - Sync 1 DAGs
[2024-09-15T20:38:59.823+0000] {logging_mixin.py:190} INFO - [2024-09-15T20:38:59.822+0000] {dag.py:4156} INFO - Setting next_dagrun for hello_world_dag to 2024-09-15 19:00:00+00:00, run_after=2024-09-15 20:00:00+00:00
[2024-09-15T20:38:59.902+0000] {processor.py:208} INFO - Processing /opt/airflow/dags/helloworld.py took 0.468 seconds
[2024-09-15T20:39:30.108+0000] {processor.py:186} INFO - Started process (PID=78) to work on /opt/airflow/dags/helloworld.py
[2024-09-15T20:39:30.113+0000] {processor.py:914} INFO - Processing file /opt/airflow/dags/helloworld.py for tasks to queue
[2024-09-15T20:39:30.128+0000] {logging_mixin.py:190} INFO - [2024-09-15T20:39:30.126+0000] {dagbag.py:587} INFO - Filling up the DagBag from /opt/airflow/dags/helloworld.py
[2024-09-15T20:39:30.156+0000] {processor.py:925} INFO - DAG(s) 'hello_world_dag' retrieved from /opt/airflow/dags/helloworld.py
[2024-09-15T20:39:30.194+0000] {logging_mixin.py:190} INFO - [2024-09-15T20:39:30.193+0000] {dag.py:3229} INFO - Sync 1 DAGs
[2024-09-15T20:39:30.222+0000] {logging_mixin.py:190} INFO - [2024-09-15T20:39:30.222+0000] {dag.py:4156} INFO - Setting next_dagrun for hello_world_dag to 2024-09-15 19:00:00+00:00, run_after=2024-09-15 20:00:00+00:00
[2024-09-15T20:39:30.262+0000] {processor.py:208} INFO - Processing /opt/airflow/dags/helloworld.py took 0.185 seconds
[2024-09-15T20:40:00.521+0000] {processor.py:186} INFO - Started process (PID=79) to work on /opt/airflow/dags/helloworld.py
[2024-09-15T20:40:00.523+0000] {processor.py:914} INFO - Processing file /opt/airflow/dags/helloworld.py for tasks to queue
[2024-09-15T20:40:00.527+0000] {logging_mixin.py:190} INFO - [2024-09-15T20:40:00.527+0000] {dagbag.py:587} INFO - Filling up the DagBag from /opt/airflow/dags/helloworld.py
[2024-09-15T20:40:00.554+0000] {processor.py:925} INFO - DAG(s) 'hello_world_dag' retrieved from /opt/airflow/dags/helloworld.py
[2024-09-15T20:40:00.613+0000] {logging_mixin.py:190} INFO - [2024-09-15T20:40:00.612+0000] {dag.py:3229} INFO - Sync 1 DAGs
[2024-09-15T20:40:00.671+0000] {logging_mixin.py:190} INFO - [2024-09-15T20:40:00.671+0000] {dag.py:4156} INFO - Setting next_dagrun for hello_world_dag to 2024-09-15 19:00:00+00:00, run_after=2024-09-15 20:00:00+00:00
[2024-09-15T20:40:00.706+0000] {processor.py:208} INFO - Processing /opt/airflow/dags/helloworld.py took 0.195 seconds
[2024-09-15T20:40:30.944+0000] {processor.py:186} INFO - Started process (PID=80) to work on /opt/airflow/dags/helloworld.py
[2024-09-15T20:40:30.949+0000] {processor.py:914} INFO - Processing file /opt/airflow/dags/helloworld.py for tasks to queue
[2024-09-15T20:40:30.952+0000] {logging_mixin.py:190} INFO - [2024-09-15T20:40:30.952+0000] {dagbag.py:587} INFO - Filling up the DagBag from /opt/airflow/dags/helloworld.py
[2024-09-15T20:40:30.973+0000] {processor.py:925} INFO - DAG(s) 'hello_world_dag' retrieved from /opt/airflow/dags/helloworld.py
[2024-09-15T20:40:31.005+0000] {logging_mixin.py:190} INFO - [2024-09-15T20:40:31.005+0000] {dag.py:3229} INFO - Sync 1 DAGs
[2024-09-15T20:40:31.033+0000] {logging_mixin.py:190} INFO - [2024-09-15T20:40:31.033+0000] {dag.py:4156} INFO - Setting next_dagrun for hello_world_dag to 2024-09-15 19:00:00+00:00, run_after=2024-09-15 20:00:00+00:00
[2024-09-15T20:40:31.066+0000] {processor.py:208} INFO - Processing /opt/airflow/dags/helloworld.py took 0.130 seconds
[2024-09-15T20:41:01.289+0000] {processor.py:186} INFO - Started process (PID=81) to work on /opt/airflow/dags/helloworld.py
[2024-09-15T20:41:01.290+0000] {processor.py:914} INFO - Processing file /opt/airflow/dags/helloworld.py for tasks to queue
[2024-09-15T20:41:01.295+0000] {logging_mixin.py:190} INFO - [2024-09-15T20:41:01.294+0000] {dagbag.py:587} INFO - Filling up the DagBag from /opt/airflow/dags/helloworld.py
[2024-09-15T20:41:01.319+0000] {processor.py:925} INFO - DAG(s) 'hello_world_dag' retrieved from /opt/airflow/dags/helloworld.py
[2024-09-15T20:41:01.359+0000] {logging_mixin.py:190} INFO - [2024-09-15T20:41:01.358+0000] {dag.py:3229} INFO - Sync 1 DAGs
[2024-09-15T20:41:01.425+0000] {logging_mixin.py:190} INFO - [2024-09-15T20:41:01.424+0000] {dag.py:4156} INFO - Setting next_dagrun for hello_world_dag to 2024-09-15 19:00:00+00:00, run_after=2024-09-15 20:00:00+00:00
[2024-09-15T20:41:01.527+0000] {processor.py:208} INFO - Processing /opt/airflow/dags/helloworld.py took 0.245 seconds
[2024-09-15T20:41:31.711+0000] {processor.py:186} INFO - Started process (PID=82) to work on /opt/airflow/dags/helloworld.py
[2024-09-15T20:41:31.712+0000] {processor.py:914} INFO - Processing file /opt/airflow/dags/helloworld.py for tasks to queue
[2024-09-15T20:41:31.714+0000] {logging_mixin.py:190} INFO - [2024-09-15T20:41:31.713+0000] {dagbag.py:587} INFO - Filling up the DagBag from /opt/airflow/dags/helloworld.py
[2024-09-15T20:41:31.730+0000] {processor.py:925} INFO - DAG(s) 'hello_world_dag' retrieved from /opt/airflow/dags/helloworld.py
[2024-09-15T20:41:31.750+0000] {logging_mixin.py:190} INFO - [2024-09-15T20:41:31.749+0000] {dag.py:3229} INFO - Sync 1 DAGs
[2024-09-15T20:41:31.773+0000] {logging_mixin.py:190} INFO - [2024-09-15T20:41:31.772+0000] {dag.py:4156} INFO - Setting next_dagrun for hello_world_dag to 2024-09-15 19:00:00+00:00, run_after=2024-09-15 20:00:00+00:00
[2024-09-15T20:41:31.802+0000] {processor.py:208} INFO - Processing /opt/airflow/dags/helloworld.py took 0.097 seconds
[2024-09-15T20:42:02.050+0000] {processor.py:186} INFO - Started process (PID=83) to work on /opt/airflow/dags/helloworld.py
[2024-09-15T20:42:02.052+0000] {processor.py:914} INFO - Processing file /opt/airflow/dags/helloworld.py for tasks to queue
[2024-09-15T20:42:02.057+0000] {logging_mixin.py:190} INFO - [2024-09-15T20:42:02.056+0000] {dagbag.py:587} INFO - Filling up the DagBag from /opt/airflow/dags/helloworld.py
[2024-09-15T20:42:02.089+0000] {processor.py:925} INFO - DAG(s) 'hello_world_dag' retrieved from /opt/airflow/dags/helloworld.py
[2024-09-15T20:42:02.116+0000] {logging_mixin.py:190} INFO - [2024-09-15T20:42:02.116+0000] {dag.py:3229} INFO - Sync 1 DAGs
[2024-09-15T20:42:02.144+0000] {logging_mixin.py:190} INFO - [2024-09-15T20:42:02.144+0000] {dag.py:4156} INFO - Setting next_dagrun for hello_world_dag to 2024-09-15 19:00:00+00:00, run_after=2024-09-15 20:00:00+00:00
[2024-09-15T20:42:02.175+0000] {processor.py:208} INFO - Processing /opt/airflow/dags/helloworld.py took 0.131 seconds
[2024-09-15T20:42:32.473+0000] {processor.py:186} INFO - Started process (PID=84) to work on /opt/airflow/dags/helloworld.py
[2024-09-15T20:42:32.476+0000] {processor.py:914} INFO - Processing file /opt/airflow/dags/helloworld.py for tasks to queue
[2024-09-15T20:42:32.492+0000] {logging_mixin.py:190} INFO - [2024-09-15T20:42:32.488+0000] {dagbag.py:587} INFO - Filling up the DagBag from /opt/airflow/dags/helloworld.py
[2024-09-15T20:42:32.552+0000] {processor.py:925} INFO - DAG(s) 'hello_world_dag' retrieved from /opt/airflow/dags/helloworld.py
[2024-09-15T20:42:32.640+0000] {logging_mixin.py:190} INFO - [2024-09-15T20:42:32.639+0000] {dag.py:3229} INFO - Sync 1 DAGs
[2024-09-15T20:42:32.781+0000] {logging_mixin.py:190} INFO - [2024-09-15T20:42:32.780+0000] {dag.py:4156} INFO - Setting next_dagrun for hello_world_dag to 2024-09-15 19:00:00+00:00, run_after=2024-09-15 20:00:00+00:00
[2024-09-15T20:42:32.870+0000] {processor.py:208} INFO - Processing /opt/airflow/dags/helloworld.py took 0.437 seconds
[2024-09-15T20:43:03.121+0000] {processor.py:186} INFO - Started process (PID=85) to work on /opt/airflow/dags/helloworld.py
[2024-09-15T20:43:03.122+0000] {processor.py:914} INFO - Processing file /opt/airflow/dags/helloworld.py for tasks to queue
[2024-09-15T20:43:03.125+0000] {logging_mixin.py:190} INFO - [2024-09-15T20:43:03.125+0000] {dagbag.py:587} INFO - Filling up the DagBag from /opt/airflow/dags/helloworld.py
[2024-09-15T20:43:03.149+0000] {processor.py:925} INFO - DAG(s) 'hello_world_dag' retrieved from /opt/airflow/dags/helloworld.py
[2024-09-15T20:43:03.192+0000] {logging_mixin.py:190} INFO - [2024-09-15T20:43:03.192+0000] {dag.py:3229} INFO - Sync 1 DAGs
[2024-09-15T20:43:03.223+0000] {logging_mixin.py:190} INFO - [2024-09-15T20:43:03.223+0000] {dag.py:4156} INFO - Setting next_dagrun for hello_world_dag to 2024-09-15 19:00:00+00:00, run_after=2024-09-15 20:00:00+00:00
[2024-09-15T20:43:03.269+0000] {processor.py:208} INFO - Processing /opt/airflow/dags/helloworld.py took 0.159 seconds
[2024-09-15T20:43:33.447+0000] {processor.py:186} INFO - Started process (PID=86) to work on /opt/airflow/dags/helloworld.py
[2024-09-15T20:43:33.448+0000] {processor.py:914} INFO - Processing file /opt/airflow/dags/helloworld.py for tasks to queue
[2024-09-15T20:43:33.450+0000] {logging_mixin.py:190} INFO - [2024-09-15T20:43:33.450+0000] {dagbag.py:587} INFO - Filling up the DagBag from /opt/airflow/dags/helloworld.py
[2024-09-15T20:43:33.476+0000] {processor.py:925} INFO - DAG(s) 'hello_world_dag' retrieved from /opt/airflow/dags/helloworld.py
[2024-09-15T20:43:33.501+0000] {logging_mixin.py:190} INFO - [2024-09-15T20:43:33.501+0000] {dag.py:3229} INFO - Sync 1 DAGs
[2024-09-15T20:43:33.554+0000] {logging_mixin.py:190} INFO - [2024-09-15T20:43:33.554+0000] {dag.py:4156} INFO - Setting next_dagrun for hello_world_dag to 2024-09-15 19:00:00+00:00, run_after=2024-09-15 20:00:00+00:00
[2024-09-15T20:43:33.601+0000] {processor.py:208} INFO - Processing /opt/airflow/dags/helloworld.py took 0.159 seconds
[2024-09-15T20:44:03.751+0000] {processor.py:186} INFO - Started process (PID=87) to work on /opt/airflow/dags/helloworld.py
[2024-09-15T20:44:03.752+0000] {processor.py:914} INFO - Processing file /opt/airflow/dags/helloworld.py for tasks to queue
[2024-09-15T20:44:03.757+0000] {logging_mixin.py:190} INFO - [2024-09-15T20:44:03.756+0000] {dagbag.py:587} INFO - Filling up the DagBag from /opt/airflow/dags/helloworld.py
[2024-09-15T20:44:03.782+0000] {processor.py:925} INFO - DAG(s) 'hello_world_dag' retrieved from /opt/airflow/dags/helloworld.py
[2024-09-15T20:44:03.822+0000] {logging_mixin.py:190} INFO - [2024-09-15T20:44:03.821+0000] {dag.py:3229} INFO - Sync 1 DAGs
[2024-09-15T20:44:03.863+0000] {logging_mixin.py:190} INFO - [2024-09-15T20:44:03.863+0000] {dag.py:4156} INFO - Setting next_dagrun for hello_world_dag to 2024-09-15 19:00:00+00:00, run_after=2024-09-15 20:00:00+00:00
[2024-09-15T20:44:03.894+0000] {processor.py:208} INFO - Processing /opt/airflow/dags/helloworld.py took 0.162 seconds
[2024-09-15T20:44:34.056+0000] {processor.py:186} INFO - Started process (PID=88) to work on /opt/airflow/dags/helloworld.py
[2024-09-15T20:44:34.057+0000] {processor.py:914} INFO - Processing file /opt/airflow/dags/helloworld.py for tasks to queue
[2024-09-15T20:44:34.060+0000] {logging_mixin.py:190} INFO - [2024-09-15T20:44:34.060+0000] {dagbag.py:587} INFO - Filling up the DagBag from /opt/airflow/dags/helloworld.py
[2024-09-15T20:44:34.082+0000] {processor.py:925} INFO - DAG(s) 'hello_world_dag' retrieved from /opt/airflow/dags/helloworld.py
[2024-09-15T20:44:34.109+0000] {logging_mixin.py:190} INFO - [2024-09-15T20:44:34.108+0000] {dag.py:3229} INFO - Sync 1 DAGs
[2024-09-15T20:44:34.176+0000] {logging_mixin.py:190} INFO - [2024-09-15T20:44:34.176+0000] {dag.py:4156} INFO - Setting next_dagrun for hello_world_dag to 2024-09-15 19:00:00+00:00, run_after=2024-09-15 20:00:00+00:00
[2024-09-15T20:44:34.267+0000] {processor.py:208} INFO - Processing /opt/airflow/dags/helloworld.py took 0.218 seconds
[2024-09-15T20:45:04.446+0000] {processor.py:186} INFO - Started process (PID=89) to work on /opt/airflow/dags/helloworld.py
[2024-09-15T20:45:04.448+0000] {processor.py:914} INFO - Processing file /opt/airflow/dags/helloworld.py for tasks to queue
[2024-09-15T20:45:04.457+0000] {logging_mixin.py:190} INFO - [2024-09-15T20:45:04.457+0000] {dagbag.py:587} INFO - Filling up the DagBag from /opt/airflow/dags/helloworld.py
[2024-09-15T20:45:04.482+0000] {processor.py:925} INFO - DAG(s) 'hello_world_dag' retrieved from /opt/airflow/dags/helloworld.py
[2024-09-15T20:45:04.528+0000] {logging_mixin.py:190} INFO - [2024-09-15T20:45:04.527+0000] {dag.py:3229} INFO - Sync 1 DAGs
[2024-09-15T20:45:04.556+0000] {logging_mixin.py:190} INFO - [2024-09-15T20:45:04.556+0000] {dag.py:4156} INFO - Setting next_dagrun for hello_world_dag to 2024-09-15 19:00:00+00:00, run_after=2024-09-15 20:00:00+00:00
[2024-09-15T20:45:04.619+0000] {processor.py:208} INFO - Processing /opt/airflow/dags/helloworld.py took 0.178 seconds
[2024-09-15T20:45:34.783+0000] {processor.py:186} INFO - Started process (PID=90) to work on /opt/airflow/dags/helloworld.py
[2024-09-15T20:45:34.785+0000] {processor.py:914} INFO - Processing file /opt/airflow/dags/helloworld.py for tasks to queue
[2024-09-15T20:45:34.789+0000] {logging_mixin.py:190} INFO - [2024-09-15T20:45:34.788+0000] {dagbag.py:587} INFO - Filling up the DagBag from /opt/airflow/dags/helloworld.py
[2024-09-15T20:45:34.816+0000] {processor.py:925} INFO - DAG(s) 'hello_world_dag' retrieved from /opt/airflow/dags/helloworld.py
[2024-09-15T20:45:34.853+0000] {logging_mixin.py:190} INFO - [2024-09-15T20:45:34.852+0000] {dag.py:3229} INFO - Sync 1 DAGs
[2024-09-15T20:45:34.904+0000] {logging_mixin.py:190} INFO - [2024-09-15T20:45:34.904+0000] {dag.py:4156} INFO - Setting next_dagrun for hello_world_dag to 2024-09-15 19:00:00+00:00, run_after=2024-09-15 20:00:00+00:00
[2024-09-15T20:45:34.951+0000] {processor.py:208} INFO - Processing /opt/airflow/dags/helloworld.py took 0.178 seconds
[2024-09-15T20:46:05.077+0000] {processor.py:186} INFO - Started process (PID=91) to work on /opt/airflow/dags/helloworld.py
[2024-09-15T20:46:05.078+0000] {processor.py:914} INFO - Processing file /opt/airflow/dags/helloworld.py for tasks to queue
[2024-09-15T20:46:05.080+0000] {logging_mixin.py:190} INFO - [2024-09-15T20:46:05.080+0000] {dagbag.py:587} INFO - Filling up the DagBag from /opt/airflow/dags/helloworld.py
[2024-09-15T20:46:05.103+0000] {processor.py:925} INFO - DAG(s) 'hello_world_dag' retrieved from /opt/airflow/dags/helloworld.py
[2024-09-15T20:46:05.127+0000] {logging_mixin.py:190} INFO - [2024-09-15T20:46:05.127+0000] {dag.py:3229} INFO - Sync 1 DAGs
[2024-09-15T20:46:05.162+0000] {logging_mixin.py:190} INFO - [2024-09-15T20:46:05.162+0000] {dag.py:4156} INFO - Setting next_dagrun for hello_world_dag to 2024-09-15 19:00:00+00:00, run_after=2024-09-15 20:00:00+00:00
[2024-09-15T20:46:05.196+0000] {processor.py:208} INFO - Processing /opt/airflow/dags/helloworld.py took 0.125 seconds
[2024-09-15T20:46:35.398+0000] {processor.py:186} INFO - Started process (PID=92) to work on /opt/airflow/dags/helloworld.py
[2024-09-15T20:46:35.401+0000] {processor.py:914} INFO - Processing file /opt/airflow/dags/helloworld.py for tasks to queue
[2024-09-15T20:46:35.408+0000] {logging_mixin.py:190} INFO - [2024-09-15T20:46:35.407+0000] {dagbag.py:587} INFO - Filling up the DagBag from /opt/airflow/dags/helloworld.py
[2024-09-15T20:46:35.439+0000] {processor.py:925} INFO - DAG(s) 'hello_world_dag' retrieved from /opt/airflow/dags/helloworld.py
[2024-09-15T20:46:35.477+0000] {logging_mixin.py:190} INFO - [2024-09-15T20:46:35.476+0000] {dag.py:3229} INFO - Sync 1 DAGs
[2024-09-15T20:46:35.529+0000] {logging_mixin.py:190} INFO - [2024-09-15T20:46:35.528+0000] {dag.py:4156} INFO - Setting next_dagrun for hello_world_dag to 2024-09-15 19:00:00+00:00, run_after=2024-09-15 20:00:00+00:00
[2024-09-15T20:46:35.562+0000] {processor.py:208} INFO - Processing /opt/airflow/dags/helloworld.py took 0.177 seconds
[2024-09-15T20:47:05.761+0000] {processor.py:186} INFO - Started process (PID=93) to work on /opt/airflow/dags/helloworld.py
[2024-09-15T20:47:05.763+0000] {processor.py:914} INFO - Processing file /opt/airflow/dags/helloworld.py for tasks to queue
[2024-09-15T20:47:05.766+0000] {logging_mixin.py:190} INFO - [2024-09-15T20:47:05.766+0000] {dagbag.py:587} INFO - Filling up the DagBag from /opt/airflow/dags/helloworld.py
[2024-09-15T20:47:05.807+0000] {processor.py:925} INFO - DAG(s) 'hello_world_dag' retrieved from /opt/airflow/dags/helloworld.py
[2024-09-15T20:47:05.940+0000] {logging_mixin.py:190} INFO - [2024-09-15T20:47:05.940+0000] {dag.py:3229} INFO - Sync 1 DAGs
[2024-09-15T20:47:05.987+0000] {logging_mixin.py:190} INFO - [2024-09-15T20:47:05.987+0000] {dag.py:4156} INFO - Setting next_dagrun for hello_world_dag to 2024-09-15 19:00:00+00:00, run_after=2024-09-15 20:00:00+00:00
[2024-09-15T20:47:06.069+0000] {processor.py:208} INFO - Processing /opt/airflow/dags/helloworld.py took 0.333 seconds
[2024-09-15T20:47:36.234+0000] {processor.py:186} INFO - Started process (PID=94) to work on /opt/airflow/dags/helloworld.py
[2024-09-15T20:47:36.235+0000] {processor.py:914} INFO - Processing file /opt/airflow/dags/helloworld.py for tasks to queue
[2024-09-15T20:47:36.238+0000] {logging_mixin.py:190} INFO - [2024-09-15T20:47:36.237+0000] {dagbag.py:587} INFO - Filling up the DagBag from /opt/airflow/dags/helloworld.py
[2024-09-15T20:47:36.261+0000] {processor.py:925} INFO - DAG(s) 'hello_world_dag' retrieved from /opt/airflow/dags/helloworld.py
[2024-09-15T20:47:36.288+0000] {logging_mixin.py:190} INFO - [2024-09-15T20:47:36.287+0000] {dag.py:3229} INFO - Sync 1 DAGs
[2024-09-15T20:47:36.346+0000] {logging_mixin.py:190} INFO - [2024-09-15T20:47:36.346+0000] {dag.py:4156} INFO - Setting next_dagrun for hello_world_dag to 2024-09-15 19:00:00+00:00, run_after=2024-09-15 20:00:00+00:00
[2024-09-15T20:47:36.376+0000] {processor.py:208} INFO - Processing /opt/airflow/dags/helloworld.py took 0.149 seconds
[2024-09-15T20:48:06.522+0000] {processor.py:186} INFO - Started process (PID=95) to work on /opt/airflow/dags/helloworld.py
[2024-09-15T20:48:06.526+0000] {processor.py:914} INFO - Processing file /opt/airflow/dags/helloworld.py for tasks to queue
[2024-09-15T20:48:06.533+0000] {logging_mixin.py:190} INFO - [2024-09-15T20:48:06.533+0000] {dagbag.py:587} INFO - Filling up the DagBag from /opt/airflow/dags/helloworld.py
[2024-09-15T20:48:06.551+0000] {processor.py:925} INFO - DAG(s) 'hello_world_dag' retrieved from /opt/airflow/dags/helloworld.py
[2024-09-15T20:48:06.588+0000] {logging_mixin.py:190} INFO - [2024-09-15T20:48:06.587+0000] {dag.py:3229} INFO - Sync 1 DAGs
[2024-09-15T20:48:06.611+0000] {logging_mixin.py:190} INFO - [2024-09-15T20:48:06.610+0000] {dag.py:4156} INFO - Setting next_dagrun for hello_world_dag to 2024-09-15 19:00:00+00:00, run_after=2024-09-15 20:00:00+00:00
[2024-09-15T20:48:06.641+0000] {processor.py:208} INFO - Processing /opt/airflow/dags/helloworld.py took 0.131 seconds
[2024-09-15T20:48:36.802+0000] {processor.py:186} INFO - Started process (PID=96) to work on /opt/airflow/dags/helloworld.py
[2024-09-15T20:48:36.803+0000] {processor.py:914} INFO - Processing file /opt/airflow/dags/helloworld.py for tasks to queue
[2024-09-15T20:48:36.806+0000] {logging_mixin.py:190} INFO - [2024-09-15T20:48:36.806+0000] {dagbag.py:587} INFO - Filling up the DagBag from /opt/airflow/dags/helloworld.py
[2024-09-15T20:48:36.824+0000] {processor.py:925} INFO - DAG(s) 'hello_world_dag' retrieved from /opt/airflow/dags/helloworld.py
[2024-09-15T20:48:36.894+0000] {logging_mixin.py:190} INFO - [2024-09-15T20:48:36.894+0000] {dag.py:3229} INFO - Sync 1 DAGs
[2024-09-15T20:48:36.925+0000] {logging_mixin.py:190} INFO - [2024-09-15T20:48:36.925+0000] {dag.py:4156} INFO - Setting next_dagrun for hello_world_dag to 2024-09-15 19:00:00+00:00, run_after=2024-09-15 20:00:00+00:00
[2024-09-15T20:48:36.994+0000] {processor.py:208} INFO - Processing /opt/airflow/dags/helloworld.py took 0.198 seconds
[2024-09-15T20:49:07.222+0000] {processor.py:186} INFO - Started process (PID=97) to work on /opt/airflow/dags/helloworld.py
[2024-09-15T20:49:07.225+0000] {processor.py:914} INFO - Processing file /opt/airflow/dags/helloworld.py for tasks to queue
[2024-09-15T20:49:07.231+0000] {logging_mixin.py:190} INFO - [2024-09-15T20:49:07.230+0000] {dagbag.py:587} INFO - Filling up the DagBag from /opt/airflow/dags/helloworld.py
[2024-09-15T20:49:07.270+0000] {processor.py:925} INFO - DAG(s) 'hello_world_dag' retrieved from /opt/airflow/dags/helloworld.py
[2024-09-15T20:49:07.332+0000] {logging_mixin.py:190} INFO - [2024-09-15T20:49:07.331+0000] {dag.py:3229} INFO - Sync 1 DAGs
[2024-09-15T20:49:07.401+0000] {logging_mixin.py:190} INFO - [2024-09-15T20:49:07.401+0000] {dag.py:4156} INFO - Setting next_dagrun for hello_world_dag to 2024-09-15 19:00:00+00:00, run_after=2024-09-15 20:00:00+00:00
[2024-09-15T20:49:07.437+0000] {processor.py:208} INFO - Processing /opt/airflow/dags/helloworld.py took 0.233 seconds
[2024-09-15T20:49:37.579+0000] {processor.py:186} INFO - Started process (PID=98) to work on /opt/airflow/dags/helloworld.py
[2024-09-15T20:49:37.580+0000] {processor.py:914} INFO - Processing file /opt/airflow/dags/helloworld.py for tasks to queue
[2024-09-15T20:49:37.582+0000] {logging_mixin.py:190} INFO - [2024-09-15T20:49:37.582+0000] {dagbag.py:587} INFO - Filling up the DagBag from /opt/airflow/dags/helloworld.py
[2024-09-15T20:49:37.604+0000] {processor.py:925} INFO - DAG(s) 'hello_world_dag' retrieved from /opt/airflow/dags/helloworld.py
[2024-09-15T20:49:37.635+0000] {logging_mixin.py:190} INFO - [2024-09-15T20:49:37.634+0000] {dag.py:3229} INFO - Sync 1 DAGs
[2024-09-15T20:49:37.677+0000] {logging_mixin.py:190} INFO - [2024-09-15T20:49:37.677+0000] {dag.py:4156} INFO - Setting next_dagrun for hello_world_dag to 2024-09-15 19:00:00+00:00, run_after=2024-09-15 20:00:00+00:00
[2024-09-15T20:49:37.710+0000] {processor.py:208} INFO - Processing /opt/airflow/dags/helloworld.py took 0.138 seconds
[2024-09-15T20:50:07.912+0000] {processor.py:186} INFO - Started process (PID=99) to work on /opt/airflow/dags/helloworld.py
[2024-09-15T20:50:07.913+0000] {processor.py:914} INFO - Processing file /opt/airflow/dags/helloworld.py for tasks to queue
[2024-09-15T20:50:07.916+0000] {logging_mixin.py:190} INFO - [2024-09-15T20:50:07.916+0000] {dagbag.py:587} INFO - Filling up the DagBag from /opt/airflow/dags/helloworld.py
[2024-09-15T20:50:07.938+0000] {processor.py:925} INFO - DAG(s) 'hello_world_dag' retrieved from /opt/airflow/dags/helloworld.py
[2024-09-15T20:50:07.979+0000] {logging_mixin.py:190} INFO - [2024-09-15T20:50:07.978+0000] {dag.py:3229} INFO - Sync 1 DAGs
[2024-09-15T20:50:08.030+0000] {logging_mixin.py:190} INFO - [2024-09-15T20:50:08.030+0000] {dag.py:4156} INFO - Setting next_dagrun for hello_world_dag to 2024-09-15 19:00:00+00:00, run_after=2024-09-15 20:00:00+00:00
[2024-09-15T20:50:08.080+0000] {processor.py:208} INFO - Processing /opt/airflow/dags/helloworld.py took 0.178 seconds
[2024-09-15T20:50:38.208+0000] {processor.py:186} INFO - Started process (PID=100) to work on /opt/airflow/dags/helloworld.py
[2024-09-15T20:50:38.209+0000] {processor.py:914} INFO - Processing file /opt/airflow/dags/helloworld.py for tasks to queue
[2024-09-15T20:50:38.212+0000] {logging_mixin.py:190} INFO - [2024-09-15T20:50:38.211+0000] {dagbag.py:587} INFO - Filling up the DagBag from /opt/airflow/dags/helloworld.py
[2024-09-15T20:50:38.232+0000] {processor.py:925} INFO - DAG(s) 'hello_world_dag' retrieved from /opt/airflow/dags/helloworld.py
[2024-09-15T20:50:38.261+0000] {logging_mixin.py:190} INFO - [2024-09-15T20:50:38.261+0000] {dag.py:3229} INFO - Sync 1 DAGs
[2024-09-15T20:50:38.327+0000] {logging_mixin.py:190} INFO - [2024-09-15T20:50:38.327+0000] {dag.py:4156} INFO - Setting next_dagrun for hello_world_dag to 2024-09-15 19:00:00+00:00, run_after=2024-09-15 20:00:00+00:00
[2024-09-15T20:50:38.371+0000] {processor.py:208} INFO - Processing /opt/airflow/dags/helloworld.py took 0.170 seconds
[2024-09-15T20:51:08.497+0000] {processor.py:186} INFO - Started process (PID=101) to work on /opt/airflow/dags/helloworld.py
[2024-09-15T20:51:08.498+0000] {processor.py:914} INFO - Processing file /opt/airflow/dags/helloworld.py for tasks to queue
[2024-09-15T20:51:08.502+0000] {logging_mixin.py:190} INFO - [2024-09-15T20:51:08.501+0000] {dagbag.py:587} INFO - Filling up the DagBag from /opt/airflow/dags/helloworld.py
[2024-09-15T20:51:08.537+0000] {processor.py:925} INFO - DAG(s) 'hello_world_dag' retrieved from /opt/airflow/dags/helloworld.py
[2024-09-15T20:51:08.565+0000] {logging_mixin.py:190} INFO - [2024-09-15T20:51:08.565+0000] {dag.py:3229} INFO - Sync 1 DAGs
[2024-09-15T20:51:08.604+0000] {logging_mixin.py:190} INFO - [2024-09-15T20:51:08.604+0000] {dag.py:4156} INFO - Setting next_dagrun for hello_world_dag to 2024-09-15 19:00:00+00:00, run_after=2024-09-15 20:00:00+00:00
[2024-09-15T20:51:08.634+0000] {processor.py:208} INFO - Processing /opt/airflow/dags/helloworld.py took 0.144 seconds
[2024-09-15T20:51:38.797+0000] {processor.py:186} INFO - Started process (PID=102) to work on /opt/airflow/dags/helloworld.py
[2024-09-15T20:51:38.798+0000] {processor.py:914} INFO - Processing file /opt/airflow/dags/helloworld.py for tasks to queue
[2024-09-15T20:51:38.803+0000] {logging_mixin.py:190} INFO - [2024-09-15T20:51:38.803+0000] {dagbag.py:587} INFO - Filling up the DagBag from /opt/airflow/dags/helloworld.py
[2024-09-15T20:51:38.853+0000] {processor.py:925} INFO - DAG(s) 'hello_world_dag' retrieved from /opt/airflow/dags/helloworld.py
[2024-09-15T20:51:38.891+0000] {logging_mixin.py:190} INFO - [2024-09-15T20:51:38.890+0000] {dag.py:3229} INFO - Sync 1 DAGs
[2024-09-15T20:51:38.918+0000] {logging_mixin.py:190} INFO - [2024-09-15T20:51:38.918+0000] {dag.py:4156} INFO - Setting next_dagrun for hello_world_dag to 2024-09-15 19:00:00+00:00, run_after=2024-09-15 20:00:00+00:00
[2024-09-15T20:51:38.955+0000] {processor.py:208} INFO - Processing /opt/airflow/dags/helloworld.py took 0.166 seconds
[2024-09-15T20:52:09.094+0000] {processor.py:186} INFO - Started process (PID=103) to work on /opt/airflow/dags/helloworld.py
[2024-09-15T20:52:09.095+0000] {processor.py:914} INFO - Processing file /opt/airflow/dags/helloworld.py for tasks to queue
[2024-09-15T20:52:09.099+0000] {logging_mixin.py:190} INFO - [2024-09-15T20:52:09.098+0000] {dagbag.py:587} INFO - Filling up the DagBag from /opt/airflow/dags/helloworld.py
[2024-09-15T20:52:09.122+0000] {processor.py:925} INFO - DAG(s) 'hello_world_dag' retrieved from /opt/airflow/dags/helloworld.py
[2024-09-15T20:52:09.156+0000] {logging_mixin.py:190} INFO - [2024-09-15T20:52:09.156+0000] {dag.py:3229} INFO - Sync 1 DAGs
[2024-09-15T20:52:09.230+0000] {logging_mixin.py:190} INFO - [2024-09-15T20:52:09.229+0000] {dag.py:4156} INFO - Setting next_dagrun for hello_world_dag to 2024-09-15 19:00:00+00:00, run_after=2024-09-15 20:00:00+00:00
[2024-09-15T20:52:09.267+0000] {processor.py:208} INFO - Processing /opt/airflow/dags/helloworld.py took 0.179 seconds
[2024-09-15T20:52:39.403+0000] {processor.py:186} INFO - Started process (PID=104) to work on /opt/airflow/dags/helloworld.py
[2024-09-15T20:52:39.405+0000] {processor.py:914} INFO - Processing file /opt/airflow/dags/helloworld.py for tasks to queue
[2024-09-15T20:52:39.409+0000] {logging_mixin.py:190} INFO - [2024-09-15T20:52:39.408+0000] {dagbag.py:587} INFO - Filling up the DagBag from /opt/airflow/dags/helloworld.py
[2024-09-15T20:52:39.449+0000] {processor.py:925} INFO - DAG(s) 'hello_world_dag' retrieved from /opt/airflow/dags/helloworld.py
[2024-09-15T20:52:39.493+0000] {logging_mixin.py:190} INFO - [2024-09-15T20:52:39.492+0000] {dag.py:3229} INFO - Sync 1 DAGs
[2024-09-15T20:52:39.524+0000] {logging_mixin.py:190} INFO - [2024-09-15T20:52:39.523+0000] {dag.py:4156} INFO - Setting next_dagrun for hello_world_dag to 2024-09-15 19:00:00+00:00, run_after=2024-09-15 20:00:00+00:00
[2024-09-15T20:52:39.564+0000] {processor.py:208} INFO - Processing /opt/airflow/dags/helloworld.py took 0.173 seconds
[2024-09-15T20:53:09.696+0000] {processor.py:186} INFO - Started process (PID=105) to work on /opt/airflow/dags/helloworld.py
[2024-09-15T20:53:09.698+0000] {processor.py:914} INFO - Processing file /opt/airflow/dags/helloworld.py for tasks to queue
[2024-09-15T20:53:09.701+0000] {logging_mixin.py:190} INFO - [2024-09-15T20:53:09.701+0000] {dagbag.py:587} INFO - Filling up the DagBag from /opt/airflow/dags/helloworld.py
[2024-09-15T20:53:09.724+0000] {processor.py:925} INFO - DAG(s) 'hello_world_dag' retrieved from /opt/airflow/dags/helloworld.py
[2024-09-15T20:53:09.752+0000] {logging_mixin.py:190} INFO - [2024-09-15T20:53:09.751+0000] {dag.py:3229} INFO - Sync 1 DAGs
[2024-09-15T20:53:09.810+0000] {logging_mixin.py:190} INFO - [2024-09-15T20:53:09.810+0000] {dag.py:4156} INFO - Setting next_dagrun for hello_world_dag to 2024-09-15 19:00:00+00:00, run_after=2024-09-15 20:00:00+00:00
[2024-09-15T20:53:09.854+0000] {processor.py:208} INFO - Processing /opt/airflow/dags/helloworld.py took 0.164 seconds
[2024-09-15T20:53:40.018+0000] {processor.py:186} INFO - Started process (PID=106) to work on /opt/airflow/dags/helloworld.py
[2024-09-15T20:53:40.019+0000] {processor.py:914} INFO - Processing file /opt/airflow/dags/helloworld.py for tasks to queue
[2024-09-15T20:53:40.022+0000] {logging_mixin.py:190} INFO - [2024-09-15T20:53:40.021+0000] {dagbag.py:587} INFO - Filling up the DagBag from /opt/airflow/dags/helloworld.py
[2024-09-15T20:53:40.049+0000] {processor.py:925} INFO - DAG(s) 'hello_world_dag' retrieved from /opt/airflow/dags/helloworld.py
[2024-09-15T20:53:40.077+0000] {logging_mixin.py:190} INFO - [2024-09-15T20:53:40.077+0000] {dag.py:3229} INFO - Sync 1 DAGs
[2024-09-15T20:53:40.104+0000] {logging_mixin.py:190} INFO - [2024-09-15T20:53:40.103+0000] {dag.py:4156} INFO - Setting next_dagrun for hello_world_dag to 2024-09-15 19:00:00+00:00, run_after=2024-09-15 20:00:00+00:00
[2024-09-15T20:53:40.128+0000] {processor.py:208} INFO - Processing /opt/airflow/dags/helloworld.py took 0.125 seconds
[2024-09-15T20:54:10.285+0000] {processor.py:186} INFO - Started process (PID=107) to work on /opt/airflow/dags/helloworld.py
[2024-09-15T20:54:10.286+0000] {processor.py:914} INFO - Processing file /opt/airflow/dags/helloworld.py for tasks to queue
[2024-09-15T20:54:10.289+0000] {logging_mixin.py:190} INFO - [2024-09-15T20:54:10.288+0000] {dagbag.py:587} INFO - Filling up the DagBag from /opt/airflow/dags/helloworld.py
[2024-09-15T20:54:10.311+0000] {processor.py:925} INFO - DAG(s) 'hello_world_dag' retrieved from /opt/airflow/dags/helloworld.py
[2024-09-15T20:54:10.348+0000] {logging_mixin.py:190} INFO - [2024-09-15T20:54:10.347+0000] {dag.py:3229} INFO - Sync 1 DAGs
[2024-09-15T20:54:10.420+0000] {logging_mixin.py:190} INFO - [2024-09-15T20:54:10.420+0000] {dag.py:4156} INFO - Setting next_dagrun for hello_world_dag to 2024-09-15 19:00:00+00:00, run_after=2024-09-15 20:00:00+00:00
[2024-09-15T20:54:10.466+0000] {processor.py:208} INFO - Processing /opt/airflow/dags/helloworld.py took 0.188 seconds
[2024-09-15T20:54:40.592+0000] {processor.py:186} INFO - Started process (PID=108) to work on /opt/airflow/dags/helloworld.py
[2024-09-15T20:54:40.595+0000] {processor.py:914} INFO - Processing file /opt/airflow/dags/helloworld.py for tasks to queue
[2024-09-15T20:54:40.598+0000] {logging_mixin.py:190} INFO - [2024-09-15T20:54:40.598+0000] {dagbag.py:587} INFO - Filling up the DagBag from /opt/airflow/dags/helloworld.py
[2024-09-15T20:54:40.624+0000] {processor.py:925} INFO - DAG(s) 'hello_world_dag' retrieved from /opt/airflow/dags/helloworld.py
[2024-09-15T20:54:40.651+0000] {logging_mixin.py:190} INFO - [2024-09-15T20:54:40.651+0000] {dag.py:3229} INFO - Sync 1 DAGs
[2024-09-15T20:54:40.678+0000] {logging_mixin.py:190} INFO - [2024-09-15T20:54:40.677+0000] {dag.py:4156} INFO - Setting next_dagrun for hello_world_dag to 2024-09-15 19:00:00+00:00, run_after=2024-09-15 20:00:00+00:00
[2024-09-15T20:54:40.703+0000] {processor.py:208} INFO - Processing /opt/airflow/dags/helloworld.py took 0.122 seconds
[2024-09-15T20:55:10.874+0000] {processor.py:186} INFO - Started process (PID=109) to work on /opt/airflow/dags/helloworld.py
[2024-09-15T20:55:10.875+0000] {processor.py:914} INFO - Processing file /opt/airflow/dags/helloworld.py for tasks to queue
[2024-09-15T20:55:10.878+0000] {logging_mixin.py:190} INFO - [2024-09-15T20:55:10.877+0000] {dagbag.py:587} INFO - Filling up the DagBag from /opt/airflow/dags/helloworld.py
[2024-09-15T20:55:10.905+0000] {processor.py:925} INFO - DAG(s) 'hello_world_dag' retrieved from /opt/airflow/dags/helloworld.py
[2024-09-15T20:55:10.931+0000] {logging_mixin.py:190} INFO - [2024-09-15T20:55:10.931+0000] {dag.py:3229} INFO - Sync 1 DAGs
[2024-09-15T20:55:10.961+0000] {logging_mixin.py:190} INFO - [2024-09-15T20:55:10.961+0000] {dag.py:4156} INFO - Setting next_dagrun for hello_world_dag to 2024-09-15 19:00:00+00:00, run_after=2024-09-15 20:00:00+00:00
[2024-09-15T20:55:11.015+0000] {processor.py:208} INFO - Processing /opt/airflow/dags/helloworld.py took 0.146 seconds
[2024-09-15T20:55:41.166+0000] {processor.py:186} INFO - Started process (PID=110) to work on /opt/airflow/dags/helloworld.py
[2024-09-15T20:55:41.167+0000] {processor.py:914} INFO - Processing file /opt/airflow/dags/helloworld.py for tasks to queue
[2024-09-15T20:55:41.170+0000] {logging_mixin.py:190} INFO - [2024-09-15T20:55:41.169+0000] {dagbag.py:587} INFO - Filling up the DagBag from /opt/airflow/dags/helloworld.py
[2024-09-15T20:55:41.195+0000] {processor.py:925} INFO - DAG(s) 'hello_world_dag' retrieved from /opt/airflow/dags/helloworld.py
[2024-09-15T20:55:41.224+0000] {logging_mixin.py:190} INFO - [2024-09-15T20:55:41.223+0000] {dag.py:3229} INFO - Sync 1 DAGs
[2024-09-15T20:55:41.283+0000] {logging_mixin.py:190} INFO - [2024-09-15T20:55:41.283+0000] {dag.py:4156} INFO - Setting next_dagrun for hello_world_dag to 2024-09-15 19:00:00+00:00, run_after=2024-09-15 20:00:00+00:00
[2024-09-15T20:55:41.336+0000] {processor.py:208} INFO - Processing /opt/airflow/dags/helloworld.py took 0.176 seconds
[2024-09-15T20:56:11.468+0000] {processor.py:186} INFO - Started process (PID=111) to work on /opt/airflow/dags/helloworld.py
[2024-09-15T20:56:11.469+0000] {processor.py:914} INFO - Processing file /opt/airflow/dags/helloworld.py for tasks to queue
[2024-09-15T20:56:11.474+0000] {logging_mixin.py:190} INFO - [2024-09-15T20:56:11.473+0000] {dagbag.py:587} INFO - Filling up the DagBag from /opt/airflow/dags/helloworld.py
[2024-09-15T20:56:11.500+0000] {processor.py:925} INFO - DAG(s) 'hello_world_dag' retrieved from /opt/airflow/dags/helloworld.py
[2024-09-15T20:56:11.553+0000] {logging_mixin.py:190} INFO - [2024-09-15T20:56:11.552+0000] {dag.py:3229} INFO - Sync 1 DAGs
[2024-09-15T20:56:11.588+0000] {logging_mixin.py:190} INFO - [2024-09-15T20:56:11.588+0000] {dag.py:4156} INFO - Setting next_dagrun for hello_world_dag to 2024-09-15 19:00:00+00:00, run_after=2024-09-15 20:00:00+00:00
[2024-09-15T20:56:11.613+0000] {processor.py:208} INFO - Processing /opt/airflow/dags/helloworld.py took 0.154 seconds
[2024-09-15T20:56:41.756+0000] {processor.py:186} INFO - Started process (PID=112) to work on /opt/airflow/dags/helloworld.py
[2024-09-15T20:56:41.757+0000] {processor.py:914} INFO - Processing file /opt/airflow/dags/helloworld.py for tasks to queue
[2024-09-15T20:56:41.762+0000] {logging_mixin.py:190} INFO - [2024-09-15T20:56:41.761+0000] {dagbag.py:587} INFO - Filling up the DagBag from /opt/airflow/dags/helloworld.py
[2024-09-15T20:56:41.796+0000] {processor.py:925} INFO - DAG(s) 'hello_world_dag' retrieved from /opt/airflow/dags/helloworld.py
[2024-09-15T20:56:41.952+0000] {logging_mixin.py:190} INFO - [2024-09-15T20:56:41.952+0000] {dag.py:3229} INFO - Sync 1 DAGs
[2024-09-15T20:56:42.146+0000] {logging_mixin.py:190} INFO - [2024-09-15T20:56:42.146+0000] {dag.py:4156} INFO - Setting next_dagrun for hello_world_dag to 2024-09-15 19:00:00+00:00, run_after=2024-09-15 20:00:00+00:00
[2024-09-15T20:56:42.188+0000] {processor.py:208} INFO - Processing /opt/airflow/dags/helloworld.py took 0.439 seconds
[2024-09-15T20:57:12.346+0000] {processor.py:186} INFO - Started process (PID=113) to work on /opt/airflow/dags/helloworld.py
[2024-09-15T20:57:12.348+0000] {processor.py:914} INFO - Processing file /opt/airflow/dags/helloworld.py for tasks to queue
[2024-09-15T20:57:12.350+0000] {logging_mixin.py:190} INFO - [2024-09-15T20:57:12.350+0000] {dagbag.py:587} INFO - Filling up the DagBag from /opt/airflow/dags/helloworld.py
[2024-09-15T20:57:12.371+0000] {processor.py:925} INFO - DAG(s) 'hello_world_dag' retrieved from /opt/airflow/dags/helloworld.py
[2024-09-15T20:57:12.399+0000] {logging_mixin.py:190} INFO - [2024-09-15T20:57:12.399+0000] {dag.py:3229} INFO - Sync 1 DAGs
[2024-09-15T20:57:12.449+0000] {logging_mixin.py:190} INFO - [2024-09-15T20:57:12.448+0000] {dag.py:4156} INFO - Setting next_dagrun for hello_world_dag to 2024-09-15 19:00:00+00:00, run_after=2024-09-15 20:00:00+00:00
[2024-09-15T20:57:12.610+0000] {processor.py:208} INFO - Processing /opt/airflow/dags/helloworld.py took 0.269 seconds
[2024-09-15T20:57:42.804+0000] {processor.py:186} INFO - Started process (PID=114) to work on /opt/airflow/dags/helloworld.py
[2024-09-15T20:57:42.805+0000] {processor.py:914} INFO - Processing file /opt/airflow/dags/helloworld.py for tasks to queue
[2024-09-15T20:57:42.810+0000] {logging_mixin.py:190} INFO - [2024-09-15T20:57:42.807+0000] {dagbag.py:587} INFO - Filling up the DagBag from /opt/airflow/dags/helloworld.py
[2024-09-15T20:57:42.846+0000] {processor.py:925} INFO - DAG(s) 'hello_world_dag' retrieved from /opt/airflow/dags/helloworld.py
[2024-09-15T20:57:43.093+0000] {logging_mixin.py:190} INFO - [2024-09-15T20:57:43.093+0000] {dag.py:3229} INFO - Sync 1 DAGs
[2024-09-15T20:57:43.181+0000] {logging_mixin.py:190} INFO - [2024-09-15T20:57:43.180+0000] {dag.py:4156} INFO - Setting next_dagrun for hello_world_dag to 2024-09-15 19:00:00+00:00, run_after=2024-09-15 20:00:00+00:00
[2024-09-15T20:57:43.240+0000] {processor.py:208} INFO - Processing /opt/airflow/dags/helloworld.py took 0.442 seconds
[2024-09-15T20:58:13.398+0000] {processor.py:186} INFO - Started process (PID=115) to work on /opt/airflow/dags/helloworld.py
[2024-09-15T20:58:13.400+0000] {processor.py:914} INFO - Processing file /opt/airflow/dags/helloworld.py for tasks to queue
[2024-09-15T20:58:13.402+0000] {logging_mixin.py:190} INFO - [2024-09-15T20:58:13.402+0000] {dagbag.py:587} INFO - Filling up the DagBag from /opt/airflow/dags/helloworld.py
[2024-09-15T20:58:13.448+0000] {processor.py:925} INFO - DAG(s) 'hello_world_dag' retrieved from /opt/airflow/dags/helloworld.py
[2024-09-15T20:58:13.521+0000] {logging_mixin.py:190} INFO - [2024-09-15T20:58:13.521+0000] {dag.py:3229} INFO - Sync 1 DAGs
[2024-09-15T20:58:13.600+0000] {logging_mixin.py:190} INFO - [2024-09-15T20:58:13.599+0000] {dag.py:4156} INFO - Setting next_dagrun for hello_world_dag to 2024-09-15 19:00:00+00:00, run_after=2024-09-15 20:00:00+00:00
[2024-09-15T20:58:13.712+0000] {processor.py:208} INFO - Processing /opt/airflow/dags/helloworld.py took 0.322 seconds
[2024-09-15T20:58:43.923+0000] {processor.py:186} INFO - Started process (PID=116) to work on /opt/airflow/dags/helloworld.py
[2024-09-15T20:58:43.924+0000] {processor.py:914} INFO - Processing file /opt/airflow/dags/helloworld.py for tasks to queue
[2024-09-15T20:58:43.927+0000] {logging_mixin.py:190} INFO - [2024-09-15T20:58:43.927+0000] {dagbag.py:587} INFO - Filling up the DagBag from /opt/airflow/dags/helloworld.py
[2024-09-15T20:58:43.974+0000] {processor.py:925} INFO - DAG(s) 'hello_world_dag' retrieved from /opt/airflow/dags/helloworld.py
[2024-09-15T20:58:44.073+0000] {logging_mixin.py:190} INFO - [2024-09-15T20:58:44.072+0000] {dag.py:3229} INFO - Sync 1 DAGs
[2024-09-15T20:58:44.121+0000] {logging_mixin.py:190} INFO - [2024-09-15T20:58:44.121+0000] {dag.py:4156} INFO - Setting next_dagrun for hello_world_dag to 2024-09-15 19:00:00+00:00, run_after=2024-09-15 20:00:00+00:00
[2024-09-15T20:58:44.170+0000] {processor.py:208} INFO - Processing /opt/airflow/dags/helloworld.py took 0.269 seconds
[2024-09-15T20:59:14.297+0000] {processor.py:186} INFO - Started process (PID=117) to work on /opt/airflow/dags/helloworld.py
[2024-09-15T20:59:14.298+0000] {processor.py:914} INFO - Processing file /opt/airflow/dags/helloworld.py for tasks to queue
[2024-09-15T20:59:14.302+0000] {logging_mixin.py:190} INFO - [2024-09-15T20:59:14.301+0000] {dagbag.py:587} INFO - Filling up the DagBag from /opt/airflow/dags/helloworld.py
[2024-09-15T20:59:14.322+0000] {processor.py:925} INFO - DAG(s) 'hello_world_dag' retrieved from /opt/airflow/dags/helloworld.py
[2024-09-15T20:59:14.347+0000] {logging_mixin.py:190} INFO - [2024-09-15T20:59:14.346+0000] {dag.py:3229} INFO - Sync 1 DAGs
[2024-09-15T20:59:14.386+0000] {logging_mixin.py:190} INFO - [2024-09-15T20:59:14.385+0000] {dag.py:4156} INFO - Setting next_dagrun for hello_world_dag to 2024-09-15 19:00:00+00:00, run_after=2024-09-15 20:00:00+00:00
[2024-09-15T20:59:14.420+0000] {processor.py:208} INFO - Processing /opt/airflow/dags/helloworld.py took 0.131 seconds
[2024-09-15T20:59:44.597+0000] {processor.py:186} INFO - Started process (PID=118) to work on /opt/airflow/dags/helloworld.py
[2024-09-15T20:59:44.601+0000] {processor.py:914} INFO - Processing file /opt/airflow/dags/helloworld.py for tasks to queue
[2024-09-15T20:59:44.604+0000] {logging_mixin.py:190} INFO - [2024-09-15T20:59:44.604+0000] {dagbag.py:587} INFO - Filling up the DagBag from /opt/airflow/dags/helloworld.py
[2024-09-15T20:59:44.639+0000] {processor.py:925} INFO - DAG(s) 'hello_world_dag' retrieved from /opt/airflow/dags/helloworld.py
[2024-09-15T20:59:44.664+0000] {logging_mixin.py:190} INFO - [2024-09-15T20:59:44.664+0000] {dag.py:3229} INFO - Sync 1 DAGs
[2024-09-15T20:59:44.706+0000] {logging_mixin.py:190} INFO - [2024-09-15T20:59:44.706+0000] {dag.py:4156} INFO - Setting next_dagrun for hello_world_dag to 2024-09-15 19:00:00+00:00, run_after=2024-09-15 20:00:00+00:00
[2024-09-15T20:59:44.738+0000] {processor.py:208} INFO - Processing /opt/airflow/dags/helloworld.py took 0.147 seconds
[2024-09-15T21:00:14.850+0000] {processor.py:186} INFO - Started process (PID=119) to work on /opt/airflow/dags/helloworld.py
[2024-09-15T21:00:14.851+0000] {processor.py:914} INFO - Processing file /opt/airflow/dags/helloworld.py for tasks to queue
[2024-09-15T21:00:14.854+0000] {logging_mixin.py:190} INFO - [2024-09-15T21:00:14.853+0000] {dagbag.py:587} INFO - Filling up the DagBag from /opt/airflow/dags/helloworld.py
[2024-09-15T21:00:14.873+0000] {processor.py:925} INFO - DAG(s) 'hello_world_dag' retrieved from /opt/airflow/dags/helloworld.py
[2024-09-15T21:00:14.902+0000] {logging_mixin.py:190} INFO - [2024-09-15T21:00:14.901+0000] {dag.py:3229} INFO - Sync 1 DAGs
[2024-09-15T21:00:14.932+0000] {logging_mixin.py:190} INFO - [2024-09-15T21:00:14.932+0000] {dag.py:4156} INFO - Setting next_dagrun for hello_world_dag to 2024-09-15 20:00:00+00:00, run_after=2024-09-15 21:00:00+00:00
[2024-09-15T21:00:14.964+0000] {processor.py:208} INFO - Processing /opt/airflow/dags/helloworld.py took 0.120 seconds
[2024-09-15T21:00:45.137+0000] {processor.py:186} INFO - Started process (PID=120) to work on /opt/airflow/dags/helloworld.py
[2024-09-15T21:00:45.139+0000] {processor.py:914} INFO - Processing file /opt/airflow/dags/helloworld.py for tasks to queue
[2024-09-15T21:00:45.143+0000] {logging_mixin.py:190} INFO - [2024-09-15T21:00:45.142+0000] {dagbag.py:587} INFO - Filling up the DagBag from /opt/airflow/dags/helloworld.py
[2024-09-15T21:00:45.164+0000] {processor.py:925} INFO - DAG(s) 'hello_world_dag' retrieved from /opt/airflow/dags/helloworld.py
[2024-09-15T21:00:45.198+0000] {logging_mixin.py:190} INFO - [2024-09-15T21:00:45.198+0000] {dag.py:3229} INFO - Sync 1 DAGs
[2024-09-15T21:00:45.230+0000] {logging_mixin.py:190} INFO - [2024-09-15T21:00:45.230+0000] {dag.py:4156} INFO - Setting next_dagrun for hello_world_dag to 2024-09-15 20:00:00+00:00, run_after=2024-09-15 21:00:00+00:00
[2024-09-15T21:00:45.255+0000] {processor.py:208} INFO - Processing /opt/airflow/dags/helloworld.py took 0.124 seconds
[2024-09-15T21:01:15.425+0000] {processor.py:186} INFO - Started process (PID=121) to work on /opt/airflow/dags/helloworld.py
[2024-09-15T21:01:15.426+0000] {processor.py:914} INFO - Processing file /opt/airflow/dags/helloworld.py for tasks to queue
[2024-09-15T21:01:15.429+0000] {logging_mixin.py:190} INFO - [2024-09-15T21:01:15.428+0000] {dagbag.py:587} INFO - Filling up the DagBag from /opt/airflow/dags/helloworld.py
[2024-09-15T21:01:15.449+0000] {processor.py:925} INFO - DAG(s) 'hello_world_dag' retrieved from /opt/airflow/dags/helloworld.py
[2024-09-15T21:01:15.475+0000] {logging_mixin.py:190} INFO - [2024-09-15T21:01:15.475+0000] {dag.py:3229} INFO - Sync 1 DAGs
[2024-09-15T21:01:15.502+0000] {logging_mixin.py:190} INFO - [2024-09-15T21:01:15.502+0000] {dag.py:4156} INFO - Setting next_dagrun for hello_world_dag to 2024-09-15 20:00:00+00:00, run_after=2024-09-15 21:00:00+00:00
[2024-09-15T21:01:15.524+0000] {processor.py:208} INFO - Processing /opt/airflow/dags/helloworld.py took 0.106 seconds
[2024-09-15T21:01:45.719+0000] {processor.py:186} INFO - Started process (PID=122) to work on /opt/airflow/dags/helloworld.py
[2024-09-15T21:01:45.721+0000] {processor.py:914} INFO - Processing file /opt/airflow/dags/helloworld.py for tasks to queue
[2024-09-15T21:01:45.723+0000] {logging_mixin.py:190} INFO - [2024-09-15T21:01:45.723+0000] {dagbag.py:587} INFO - Filling up the DagBag from /opt/airflow/dags/helloworld.py
[2024-09-15T21:01:45.746+0000] {processor.py:925} INFO - DAG(s) 'hello_world_dag' retrieved from /opt/airflow/dags/helloworld.py
[2024-09-15T21:01:45.771+0000] {logging_mixin.py:190} INFO - [2024-09-15T21:01:45.771+0000] {dag.py:3229} INFO - Sync 1 DAGs
[2024-09-15T21:01:45.805+0000] {logging_mixin.py:190} INFO - [2024-09-15T21:01:45.805+0000] {dag.py:4156} INFO - Setting next_dagrun for hello_world_dag to 2024-09-15 20:00:00+00:00, run_after=2024-09-15 21:00:00+00:00
[2024-09-15T21:01:45.831+0000] {processor.py:208} INFO - Processing /opt/airflow/dags/helloworld.py took 0.118 seconds
[2024-09-15T21:02:16.023+0000] {processor.py:186} INFO - Started process (PID=123) to work on /opt/airflow/dags/helloworld.py
[2024-09-15T21:02:16.027+0000] {processor.py:914} INFO - Processing file /opt/airflow/dags/helloworld.py for tasks to queue
[2024-09-15T21:02:16.029+0000] {logging_mixin.py:190} INFO - [2024-09-15T21:02:16.029+0000] {dagbag.py:587} INFO - Filling up the DagBag from /opt/airflow/dags/helloworld.py
[2024-09-15T21:02:16.051+0000] {processor.py:925} INFO - DAG(s) 'hello_world_dag' retrieved from /opt/airflow/dags/helloworld.py
[2024-09-15T21:02:16.087+0000] {logging_mixin.py:190} INFO - [2024-09-15T21:02:16.087+0000] {dag.py:3229} INFO - Sync 1 DAGs
[2024-09-15T21:02:16.115+0000] {logging_mixin.py:190} INFO - [2024-09-15T21:02:16.114+0000] {dag.py:4156} INFO - Setting next_dagrun for hello_world_dag to 2024-09-15 20:00:00+00:00, run_after=2024-09-15 21:00:00+00:00
[2024-09-15T21:02:16.146+0000] {processor.py:208} INFO - Processing /opt/airflow/dags/helloworld.py took 0.131 seconds
[2024-09-15T21:02:46.298+0000] {processor.py:186} INFO - Started process (PID=124) to work on /opt/airflow/dags/helloworld.py
[2024-09-15T21:02:46.300+0000] {processor.py:914} INFO - Processing file /opt/airflow/dags/helloworld.py for tasks to queue
[2024-09-15T21:02:46.303+0000] {logging_mixin.py:190} INFO - [2024-09-15T21:02:46.302+0000] {dagbag.py:587} INFO - Filling up the DagBag from /opt/airflow/dags/helloworld.py
[2024-09-15T21:02:46.319+0000] {processor.py:925} INFO - DAG(s) 'hello_world_dag' retrieved from /opt/airflow/dags/helloworld.py
[2024-09-15T21:02:46.344+0000] {logging_mixin.py:190} INFO - [2024-09-15T21:02:46.342+0000] {dag.py:3229} INFO - Sync 1 DAGs
[2024-09-15T21:02:46.386+0000] {logging_mixin.py:190} INFO - [2024-09-15T21:02:46.385+0000] {dag.py:4156} INFO - Setting next_dagrun for hello_world_dag to 2024-09-15 20:00:00+00:00, run_after=2024-09-15 21:00:00+00:00
[2024-09-15T21:02:46.427+0000] {processor.py:208} INFO - Processing /opt/airflow/dags/helloworld.py took 0.133 seconds
[2024-09-15T21:03:16.594+0000] {processor.py:186} INFO - Started process (PID=125) to work on /opt/airflow/dags/helloworld.py
[2024-09-15T21:03:16.595+0000] {processor.py:914} INFO - Processing file /opt/airflow/dags/helloworld.py for tasks to queue
[2024-09-15T21:03:16.597+0000] {logging_mixin.py:190} INFO - [2024-09-15T21:03:16.597+0000] {dagbag.py:587} INFO - Filling up the DagBag from /opt/airflow/dags/helloworld.py
[2024-09-15T21:03:16.617+0000] {processor.py:925} INFO - DAG(s) 'hello_world_dag' retrieved from /opt/airflow/dags/helloworld.py
[2024-09-15T21:03:16.651+0000] {logging_mixin.py:190} INFO - [2024-09-15T21:03:16.651+0000] {dag.py:3229} INFO - Sync 1 DAGs
[2024-09-15T21:03:16.681+0000] {logging_mixin.py:190} INFO - [2024-09-15T21:03:16.680+0000] {dag.py:4156} INFO - Setting next_dagrun for hello_world_dag to 2024-09-15 20:00:00+00:00, run_after=2024-09-15 21:00:00+00:00
[2024-09-15T21:03:16.705+0000] {processor.py:208} INFO - Processing /opt/airflow/dags/helloworld.py took 0.118 seconds
[2024-09-15T21:03:46.891+0000] {processor.py:186} INFO - Started process (PID=126) to work on /opt/airflow/dags/helloworld.py
[2024-09-15T21:03:46.893+0000] {processor.py:914} INFO - Processing file /opt/airflow/dags/helloworld.py for tasks to queue
[2024-09-15T21:03:46.895+0000] {logging_mixin.py:190} INFO - [2024-09-15T21:03:46.895+0000] {dagbag.py:587} INFO - Filling up the DagBag from /opt/airflow/dags/helloworld.py
[2024-09-15T21:03:46.917+0000] {processor.py:925} INFO - DAG(s) 'hello_world_dag' retrieved from /opt/airflow/dags/helloworld.py
[2024-09-15T21:03:46.943+0000] {logging_mixin.py:190} INFO - [2024-09-15T21:03:46.943+0000] {dag.py:3229} INFO - Sync 1 DAGs
[2024-09-15T21:03:46.972+0000] {logging_mixin.py:190} INFO - [2024-09-15T21:03:46.972+0000] {dag.py:4156} INFO - Setting next_dagrun for hello_world_dag to 2024-09-15 20:00:00+00:00, run_after=2024-09-15 21:00:00+00:00
[2024-09-15T21:03:47.029+0000] {processor.py:208} INFO - Processing /opt/airflow/dags/helloworld.py took 0.145 seconds
