[2024-10-23T01:55:17.905+0000] {local_task_job_runner.py:123} INFO - ::group::Pre task execution logs
[2024-10-23T01:55:17.945+0000] {taskinstance.py:2612} INFO - Dependencies all met for dep_context=non-requeueable deps ti=<TaskInstance: nyc_taxi_data_dump_dag.extract_data manual__2024-10-23T00:40:15.230222+00:00 [queued]>
[2024-10-23T01:55:17.975+0000] {taskinstance.py:2612} INFO - Dependencies all met for dep_context=requeueable deps ti=<TaskInstance: nyc_taxi_data_dump_dag.extract_data manual__2024-10-23T00:40:15.230222+00:00 [queued]>
[2024-10-23T01:55:17.977+0000] {taskinstance.py:2865} INFO - Starting attempt 2 of 4
[2024-10-23T01:55:18.035+0000] {taskinstance.py:2888} INFO - Executing <Task(PythonOperator): extract_data> on 2024-10-23 00:40:15.230222+00:00
[2024-10-23T01:55:18.162+0000] {logging_mixin.py:190} WARNING - /home/airflow/.local/lib/python3.12/site-packages/airflow/task/task_runner/standard_task_runner.py:70 DeprecationWarning: This process (pid=2704) is multi-threaded, use of fork() may lead to deadlocks in the child.
[2024-10-23T01:55:18.137+0000] {standard_task_runner.py:104} INFO - Running: ['airflow', 'tasks', 'run', 'nyc_taxi_data_dump_dag', 'extract_data', 'manual__2024-10-23T00:40:15.230222+00:00', '--job-id', '14', '--raw', '--subdir', 'DAGS_FOLDER/nyc_taxi_data_dag.py', '--cfg-path', '/tmp/tmpr7guebe2']
[2024-10-23T01:55:18.171+0000] {standard_task_runner.py:72} INFO - Started process 2724 to run task
[2024-10-23T01:55:18.171+0000] {standard_task_runner.py:105} INFO - Job 14: Subtask extract_data
[2024-10-23T01:55:18.695+0000] {task_command.py:467} INFO - Running <TaskInstance: nyc_taxi_data_dump_dag.extract_data manual__2024-10-23T00:40:15.230222+00:00 [running]> on host c9968e9c0757
[2024-10-23T01:55:19.193+0000] {taskinstance.py:3131} INFO - Exporting env vars: AIRFLOW_CTX_DAG_OWNER='Saba' AIRFLOW_CTX_DAG_ID='nyc_taxi_data_dump_dag' AIRFLOW_CTX_TASK_ID='extract_data' AIRFLOW_CTX_EXECUTION_DATE='2024-10-23T00:40:15.230222+00:00' AIRFLOW_CTX_TRY_NUMBER='2' AIRFLOW_CTX_DAG_RUN_ID='manual__2024-10-23T00:40:15.230222+00:00'
[2024-10-23T01:55:19.207+0000] {taskinstance.py:731} INFO - ::endgroup::
[2024-10-23T01:55:19.408+0000] {logging_mixin.py:190} INFO - 2024-10
[2024-10-23T01:55:19.409+0000] {logging_mixin.py:190} INFO - /opt/airflow/data/data_2024-10.parquet
[2024-10-23T01:55:24.803+0000] {python.py:240} INFO - Done. Returned value was: True
[2024-10-23T01:55:25.111+0000] {taskinstance.py:340} INFO - ::group::Post task execution logs
[2024-10-23T01:55:25.112+0000] {taskinstance.py:352} INFO - Marking task as SUCCESS. dag_id=nyc_taxi_data_dump_dag, task_id=extract_data, run_id=manual__2024-10-23T00:40:15.230222+00:00, execution_date=20241023T004015, start_date=20241023T015517, end_date=20241023T015525
[2024-10-23T01:55:25.180+0000] {local_task_job_runner.py:266} INFO - Task exited with return code 0
[2024-10-23T01:55:25.216+0000] {taskinstance.py:3900} INFO - 1 downstream tasks scheduled from follow-on schedule check
[2024-10-23T01:55:25.223+0000] {local_task_job_runner.py:245} INFO - ::endgroup::
