[2024-10-20T19:53:58.461+0000] {processor.py:186} INFO - Started process (PID=54) to work on /opt/airflow/dags/FirstDag.py
[2024-10-20T19:53:58.469+0000] {processor.py:914} INFO - Processing file /opt/airflow/dags/FirstDag.py for tasks to queue
[2024-10-20T19:53:58.515+0000] {logging_mixin.py:190} INFO - [2024-10-20T19:53:58.512+0000] {dagbag.py:587} INFO - Filling up the DagBag from /opt/airflow/dags/FirstDag.py
[2024-10-20T19:53:58.659+0000] {processor.py:925} INFO - DAG(s) 'my_first_dag' retrieved from /opt/airflow/dags/FirstDag.py
[2024-10-20T19:53:58.789+0000] {logging_mixin.py:190} INFO - [2024-10-20T19:53:58.789+0000] {dag.py:3229} INFO - Sync 1 DAGs
[2024-10-20T19:53:58.938+0000] {logging_mixin.py:190} INFO - [2024-10-20T19:53:58.938+0000] {dag.py:4156} INFO - Setting next_dagrun for my_first_dag to 2024-09-17 00:00:00+00:00, run_after=2024-09-18 00:00:00+00:00
[2024-10-20T19:53:59.030+0000] {processor.py:208} INFO - Processing /opt/airflow/dags/FirstDag.py took 0.628 seconds
[2024-10-20T19:54:29.270+0000] {processor.py:186} INFO - Started process (PID=70) to work on /opt/airflow/dags/FirstDag.py
[2024-10-20T19:54:29.290+0000] {processor.py:914} INFO - Processing file /opt/airflow/dags/FirstDag.py for tasks to queue
[2024-10-20T19:54:29.323+0000] {logging_mixin.py:190} INFO - [2024-10-20T19:54:29.319+0000] {dagbag.py:587} INFO - Filling up the DagBag from /opt/airflow/dags/FirstDag.py
[2024-10-20T19:54:29.460+0000] {processor.py:925} INFO - DAG(s) 'my_first_dag' retrieved from /opt/airflow/dags/FirstDag.py
[2024-10-20T19:54:29.676+0000] {logging_mixin.py:190} INFO - [2024-10-20T19:54:29.676+0000] {dag.py:3229} INFO - Sync 1 DAGs
[2024-10-20T19:54:29.772+0000] {logging_mixin.py:190} INFO - [2024-10-20T19:54:29.772+0000] {dag.py:4156} INFO - Setting next_dagrun for my_first_dag to 2024-09-17 00:00:00+00:00, run_after=2024-09-18 00:00:00+00:00
[2024-10-20T19:54:29.844+0000] {processor.py:208} INFO - Processing /opt/airflow/dags/FirstDag.py took 0.644 seconds
[2024-10-20T19:55:00.495+0000] {processor.py:186} INFO - Started process (PID=118) to work on /opt/airflow/dags/FirstDag.py
[2024-10-20T19:55:00.502+0000] {processor.py:914} INFO - Processing file /opt/airflow/dags/FirstDag.py for tasks to queue
[2024-10-20T19:55:00.643+0000] {logging_mixin.py:190} INFO - [2024-10-20T19:55:00.641+0000] {dagbag.py:587} INFO - Filling up the DagBag from /opt/airflow/dags/FirstDag.py
[2024-10-20T19:55:00.758+0000] {processor.py:925} INFO - DAG(s) 'my_first_dag' retrieved from /opt/airflow/dags/FirstDag.py
[2024-10-20T19:55:01.034+0000] {logging_mixin.py:190} INFO - [2024-10-20T19:55:01.034+0000] {dag.py:3229} INFO - Sync 1 DAGs
[2024-10-20T19:55:01.159+0000] {logging_mixin.py:190} INFO - [2024-10-20T19:55:01.159+0000] {dag.py:4156} INFO - Setting next_dagrun for my_first_dag to 2024-09-17 00:00:00+00:00, run_after=2024-09-18 00:00:00+00:00
[2024-10-20T19:55:01.257+0000] {processor.py:208} INFO - Processing /opt/airflow/dags/FirstDag.py took 0.784 seconds
[2024-10-20T19:55:31.942+0000] {processor.py:186} INFO - Started process (PID=120) to work on /opt/airflow/dags/FirstDag.py
[2024-10-20T19:55:31.945+0000] {processor.py:914} INFO - Processing file /opt/airflow/dags/FirstDag.py for tasks to queue
[2024-10-20T19:55:31.956+0000] {logging_mixin.py:190} INFO - [2024-10-20T19:55:31.955+0000] {dagbag.py:587} INFO - Filling up the DagBag from /opt/airflow/dags/FirstDag.py
[2024-10-20T19:55:31.983+0000] {processor.py:925} INFO - DAG(s) 'my_first_dag' retrieved from /opt/airflow/dags/FirstDag.py
[2024-10-20T19:55:32.154+0000] {logging_mixin.py:190} INFO - [2024-10-20T19:55:32.153+0000] {dag.py:3229} INFO - Sync 1 DAGs
[2024-10-20T19:55:32.292+0000] {logging_mixin.py:190} INFO - [2024-10-20T19:55:32.292+0000] {dag.py:4156} INFO - Setting next_dagrun for my_first_dag to 2024-09-17 00:00:00+00:00, run_after=2024-09-18 00:00:00+00:00
[2024-10-20T19:55:32.416+0000] {processor.py:208} INFO - Processing /opt/airflow/dags/FirstDag.py took 0.480 seconds
[2024-10-20T19:56:02.552+0000] {processor.py:186} INFO - Started process (PID=143) to work on /opt/airflow/dags/FirstDag.py
[2024-10-20T19:56:02.554+0000] {processor.py:914} INFO - Processing file /opt/airflow/dags/FirstDag.py for tasks to queue
[2024-10-20T19:56:02.583+0000] {logging_mixin.py:190} INFO - [2024-10-20T19:56:02.580+0000] {dagbag.py:587} INFO - Filling up the DagBag from /opt/airflow/dags/FirstDag.py
[2024-10-20T19:56:02.663+0000] {processor.py:925} INFO - DAG(s) 'my_first_dag' retrieved from /opt/airflow/dags/FirstDag.py
[2024-10-20T19:56:02.763+0000] {logging_mixin.py:190} INFO - [2024-10-20T19:56:02.763+0000] {dag.py:3229} INFO - Sync 1 DAGs
[2024-10-20T19:56:02.813+0000] {logging_mixin.py:190} INFO - [2024-10-20T19:56:02.813+0000] {dag.py:4156} INFO - Setting next_dagrun for my_first_dag to 2024-09-17 00:00:00+00:00, run_after=2024-09-18 00:00:00+00:00
[2024-10-20T19:56:02.861+0000] {processor.py:208} INFO - Processing /opt/airflow/dags/FirstDag.py took 0.332 seconds
[2024-10-20T19:56:33.116+0000] {processor.py:186} INFO - Started process (PID=150) to work on /opt/airflow/dags/FirstDag.py
[2024-10-20T19:56:33.118+0000] {processor.py:914} INFO - Processing file /opt/airflow/dags/FirstDag.py for tasks to queue
[2024-10-20T19:56:33.122+0000] {logging_mixin.py:190} INFO - [2024-10-20T19:56:33.121+0000] {dagbag.py:587} INFO - Filling up the DagBag from /opt/airflow/dags/FirstDag.py
[2024-10-20T19:56:33.150+0000] {processor.py:925} INFO - DAG(s) 'my_first_dag' retrieved from /opt/airflow/dags/FirstDag.py
[2024-10-20T19:56:33.191+0000] {logging_mixin.py:190} INFO - [2024-10-20T19:56:33.191+0000] {dag.py:3229} INFO - Sync 1 DAGs
[2024-10-20T19:56:33.217+0000] {logging_mixin.py:190} INFO - [2024-10-20T19:56:33.216+0000] {dag.py:4156} INFO - Setting next_dagrun for my_first_dag to 2024-09-17 00:00:00+00:00, run_after=2024-09-18 00:00:00+00:00
[2024-10-20T19:56:33.250+0000] {processor.py:208} INFO - Processing /opt/airflow/dags/FirstDag.py took 0.152 seconds
[2024-10-20T19:57:03.638+0000] {processor.py:186} INFO - Started process (PID=152) to work on /opt/airflow/dags/FirstDag.py
[2024-10-20T19:57:03.639+0000] {processor.py:914} INFO - Processing file /opt/airflow/dags/FirstDag.py for tasks to queue
[2024-10-20T19:57:03.642+0000] {logging_mixin.py:190} INFO - [2024-10-20T19:57:03.641+0000] {dagbag.py:587} INFO - Filling up the DagBag from /opt/airflow/dags/FirstDag.py
[2024-10-20T19:57:03.664+0000] {processor.py:925} INFO - DAG(s) 'my_first_dag' retrieved from /opt/airflow/dags/FirstDag.py
[2024-10-20T19:57:03.692+0000] {logging_mixin.py:190} INFO - [2024-10-20T19:57:03.691+0000] {dag.py:3229} INFO - Sync 1 DAGs
[2024-10-20T19:57:03.718+0000] {logging_mixin.py:190} INFO - [2024-10-20T19:57:03.717+0000] {dag.py:4156} INFO - Setting next_dagrun for my_first_dag to 2024-09-17 00:00:00+00:00, run_after=2024-09-18 00:00:00+00:00
[2024-10-20T19:57:03.763+0000] {processor.py:208} INFO - Processing /opt/airflow/dags/FirstDag.py took 0.131 seconds
[2024-10-20T19:57:34.338+0000] {processor.py:186} INFO - Started process (PID=158) to work on /opt/airflow/dags/FirstDag.py
[2024-10-20T19:57:34.350+0000] {processor.py:914} INFO - Processing file /opt/airflow/dags/FirstDag.py for tasks to queue
[2024-10-20T19:57:34.379+0000] {logging_mixin.py:190} INFO - [2024-10-20T19:57:34.378+0000] {dagbag.py:587} INFO - Filling up the DagBag from /opt/airflow/dags/FirstDag.py
[2024-10-20T19:57:34.466+0000] {processor.py:925} INFO - DAG(s) 'my_first_dag' retrieved from /opt/airflow/dags/FirstDag.py
[2024-10-20T19:57:34.674+0000] {logging_mixin.py:190} INFO - [2024-10-20T19:57:34.673+0000] {dag.py:3229} INFO - Sync 1 DAGs
[2024-10-20T19:57:34.866+0000] {logging_mixin.py:190} INFO - [2024-10-20T19:57:34.866+0000] {dag.py:4156} INFO - Setting next_dagrun for my_first_dag to 2024-09-17 00:00:00+00:00, run_after=2024-09-18 00:00:00+00:00
[2024-10-20T19:57:34.977+0000] {processor.py:208} INFO - Processing /opt/airflow/dags/FirstDag.py took 0.715 seconds
[2024-10-20T19:58:05.842+0000] {processor.py:186} INFO - Started process (PID=160) to work on /opt/airflow/dags/FirstDag.py
[2024-10-20T19:58:05.844+0000] {processor.py:914} INFO - Processing file /opt/airflow/dags/FirstDag.py for tasks to queue
[2024-10-20T19:58:05.848+0000] {logging_mixin.py:190} INFO - [2024-10-20T19:58:05.847+0000] {dagbag.py:587} INFO - Filling up the DagBag from /opt/airflow/dags/FirstDag.py
[2024-10-20T19:58:05.867+0000] {processor.py:925} INFO - DAG(s) 'my_first_dag' retrieved from /opt/airflow/dags/FirstDag.py
[2024-10-20T19:58:05.919+0000] {logging_mixin.py:190} INFO - [2024-10-20T19:58:05.919+0000] {dag.py:3229} INFO - Sync 1 DAGs
[2024-10-20T19:58:06.002+0000] {logging_mixin.py:190} INFO - [2024-10-20T19:58:06.001+0000] {dag.py:4156} INFO - Setting next_dagrun for my_first_dag to 2024-09-17 00:00:00+00:00, run_after=2024-09-18 00:00:00+00:00
[2024-10-20T19:58:06.132+0000] {processor.py:208} INFO - Processing /opt/airflow/dags/FirstDag.py took 0.297 seconds
[2024-10-20T19:58:36.517+0000] {processor.py:186} INFO - Started process (PID=162) to work on /opt/airflow/dags/FirstDag.py
[2024-10-20T19:58:36.524+0000] {processor.py:914} INFO - Processing file /opt/airflow/dags/FirstDag.py for tasks to queue
[2024-10-20T19:58:36.539+0000] {logging_mixin.py:190} INFO - [2024-10-20T19:58:36.537+0000] {dagbag.py:587} INFO - Filling up the DagBag from /opt/airflow/dags/FirstDag.py
[2024-10-20T19:58:36.571+0000] {processor.py:925} INFO - DAG(s) 'my_first_dag' retrieved from /opt/airflow/dags/FirstDag.py
[2024-10-20T19:58:36.606+0000] {logging_mixin.py:190} INFO - [2024-10-20T19:58:36.606+0000] {dag.py:3229} INFO - Sync 1 DAGs
[2024-10-20T19:58:36.655+0000] {logging_mixin.py:190} INFO - [2024-10-20T19:58:36.655+0000] {dag.py:4156} INFO - Setting next_dagrun for my_first_dag to 2024-09-17 00:00:00+00:00, run_after=2024-09-18 00:00:00+00:00
[2024-10-20T19:58:36.695+0000] {processor.py:208} INFO - Processing /opt/airflow/dags/FirstDag.py took 0.215 seconds
[2024-10-20T19:59:07.041+0000] {processor.py:186} INFO - Started process (PID=164) to work on /opt/airflow/dags/FirstDag.py
[2024-10-20T19:59:07.045+0000] {processor.py:914} INFO - Processing file /opt/airflow/dags/FirstDag.py for tasks to queue
[2024-10-20T19:59:07.054+0000] {logging_mixin.py:190} INFO - [2024-10-20T19:59:07.054+0000] {dagbag.py:587} INFO - Filling up the DagBag from /opt/airflow/dags/FirstDag.py
[2024-10-20T19:59:07.100+0000] {processor.py:925} INFO - DAG(s) 'my_first_dag' retrieved from /opt/airflow/dags/FirstDag.py
[2024-10-20T19:59:07.177+0000] {logging_mixin.py:190} INFO - [2024-10-20T19:59:07.177+0000] {dag.py:3229} INFO - Sync 1 DAGs
[2024-10-20T19:59:07.231+0000] {logging_mixin.py:190} INFO - [2024-10-20T19:59:07.231+0000] {dag.py:4156} INFO - Setting next_dagrun for my_first_dag to 2024-09-17 00:00:00+00:00, run_after=2024-09-18 00:00:00+00:00
[2024-10-20T19:59:07.279+0000] {processor.py:208} INFO - Processing /opt/airflow/dags/FirstDag.py took 0.263 seconds
[2024-10-20T19:59:37.539+0000] {processor.py:186} INFO - Started process (PID=166) to work on /opt/airflow/dags/FirstDag.py
[2024-10-20T19:59:37.540+0000] {processor.py:914} INFO - Processing file /opt/airflow/dags/FirstDag.py for tasks to queue
[2024-10-20T19:59:37.543+0000] {logging_mixin.py:190} INFO - [2024-10-20T19:59:37.542+0000] {dagbag.py:587} INFO - Filling up the DagBag from /opt/airflow/dags/FirstDag.py
[2024-10-20T19:59:37.560+0000] {processor.py:925} INFO - DAG(s) 'my_first_dag' retrieved from /opt/airflow/dags/FirstDag.py
[2024-10-20T19:59:37.593+0000] {logging_mixin.py:190} INFO - [2024-10-20T19:59:37.592+0000] {dag.py:3229} INFO - Sync 1 DAGs
[2024-10-20T19:59:37.645+0000] {logging_mixin.py:190} INFO - [2024-10-20T19:59:37.645+0000] {dag.py:4156} INFO - Setting next_dagrun for my_first_dag to 2024-09-17 00:00:00+00:00, run_after=2024-09-18 00:00:00+00:00
[2024-10-20T19:59:37.702+0000] {processor.py:208} INFO - Processing /opt/airflow/dags/FirstDag.py took 0.169 seconds
[2024-10-20T20:00:08.051+0000] {processor.py:186} INFO - Started process (PID=168) to work on /opt/airflow/dags/FirstDag.py
[2024-10-20T20:00:08.052+0000] {processor.py:914} INFO - Processing file /opt/airflow/dags/FirstDag.py for tasks to queue
[2024-10-20T20:00:08.055+0000] {logging_mixin.py:190} INFO - [2024-10-20T20:00:08.054+0000] {dagbag.py:587} INFO - Filling up the DagBag from /opt/airflow/dags/FirstDag.py
[2024-10-20T20:00:08.072+0000] {processor.py:925} INFO - DAG(s) 'my_first_dag' retrieved from /opt/airflow/dags/FirstDag.py
[2024-10-20T20:00:08.105+0000] {logging_mixin.py:190} INFO - [2024-10-20T20:00:08.105+0000] {dag.py:3229} INFO - Sync 1 DAGs
[2024-10-20T20:00:08.141+0000] {logging_mixin.py:190} INFO - [2024-10-20T20:00:08.141+0000] {dag.py:4156} INFO - Setting next_dagrun for my_first_dag to 2024-09-17 00:00:00+00:00, run_after=2024-09-18 00:00:00+00:00
[2024-10-20T20:00:08.169+0000] {processor.py:208} INFO - Processing /opt/airflow/dags/FirstDag.py took 0.126 seconds
[2024-10-20T20:00:38.592+0000] {processor.py:186} INFO - Started process (PID=170) to work on /opt/airflow/dags/FirstDag.py
[2024-10-20T20:00:38.593+0000] {processor.py:914} INFO - Processing file /opt/airflow/dags/FirstDag.py for tasks to queue
[2024-10-20T20:00:38.596+0000] {logging_mixin.py:190} INFO - [2024-10-20T20:00:38.596+0000] {dagbag.py:587} INFO - Filling up the DagBag from /opt/airflow/dags/FirstDag.py
[2024-10-20T20:00:38.615+0000] {processor.py:925} INFO - DAG(s) 'my_first_dag' retrieved from /opt/airflow/dags/FirstDag.py
[2024-10-20T20:00:38.648+0000] {logging_mixin.py:190} INFO - [2024-10-20T20:00:38.648+0000] {dag.py:3229} INFO - Sync 1 DAGs
[2024-10-20T20:00:38.677+0000] {logging_mixin.py:190} INFO - [2024-10-20T20:00:38.677+0000] {dag.py:4156} INFO - Setting next_dagrun for my_first_dag to 2024-09-17 00:00:00+00:00, run_after=2024-09-18 00:00:00+00:00
[2024-10-20T20:00:38.710+0000] {processor.py:208} INFO - Processing /opt/airflow/dags/FirstDag.py took 0.124 seconds
[2024-10-20T20:01:09.137+0000] {processor.py:186} INFO - Started process (PID=172) to work on /opt/airflow/dags/FirstDag.py
[2024-10-20T20:01:09.138+0000] {processor.py:914} INFO - Processing file /opt/airflow/dags/FirstDag.py for tasks to queue
[2024-10-20T20:01:09.141+0000] {logging_mixin.py:190} INFO - [2024-10-20T20:01:09.140+0000] {dagbag.py:587} INFO - Filling up the DagBag from /opt/airflow/dags/FirstDag.py
[2024-10-20T20:01:09.158+0000] {processor.py:925} INFO - DAG(s) 'my_first_dag' retrieved from /opt/airflow/dags/FirstDag.py
[2024-10-20T20:01:09.183+0000] {logging_mixin.py:190} INFO - [2024-10-20T20:01:09.182+0000] {dag.py:3229} INFO - Sync 1 DAGs
[2024-10-20T20:01:09.214+0000] {logging_mixin.py:190} INFO - [2024-10-20T20:01:09.213+0000] {dag.py:4156} INFO - Setting next_dagrun for my_first_dag to 2024-09-17 00:00:00+00:00, run_after=2024-09-18 00:00:00+00:00
[2024-10-20T20:01:09.247+0000] {processor.py:208} INFO - Processing /opt/airflow/dags/FirstDag.py took 0.115 seconds
[2024-10-20T20:01:39.666+0000] {processor.py:186} INFO - Started process (PID=174) to work on /opt/airflow/dags/FirstDag.py
[2024-10-20T20:01:39.668+0000] {processor.py:914} INFO - Processing file /opt/airflow/dags/FirstDag.py for tasks to queue
[2024-10-20T20:01:39.672+0000] {logging_mixin.py:190} INFO - [2024-10-20T20:01:39.671+0000] {dagbag.py:587} INFO - Filling up the DagBag from /opt/airflow/dags/FirstDag.py
[2024-10-20T20:01:39.688+0000] {processor.py:925} INFO - DAG(s) 'my_first_dag' retrieved from /opt/airflow/dags/FirstDag.py
[2024-10-20T20:01:39.714+0000] {logging_mixin.py:190} INFO - [2024-10-20T20:01:39.714+0000] {dag.py:3229} INFO - Sync 1 DAGs
[2024-10-20T20:01:39.745+0000] {logging_mixin.py:190} INFO - [2024-10-20T20:01:39.744+0000] {dag.py:4156} INFO - Setting next_dagrun for my_first_dag to 2024-09-17 00:00:00+00:00, run_after=2024-09-18 00:00:00+00:00
[2024-10-20T20:01:39.772+0000] {processor.py:208} INFO - Processing /opt/airflow/dags/FirstDag.py took 0.111 seconds
[2024-10-20T20:02:10.189+0000] {processor.py:186} INFO - Started process (PID=176) to work on /opt/airflow/dags/FirstDag.py
[2024-10-20T20:02:10.190+0000] {processor.py:914} INFO - Processing file /opt/airflow/dags/FirstDag.py for tasks to queue
[2024-10-20T20:02:10.192+0000] {logging_mixin.py:190} INFO - [2024-10-20T20:02:10.192+0000] {dagbag.py:587} INFO - Filling up the DagBag from /opt/airflow/dags/FirstDag.py
[2024-10-20T20:02:10.209+0000] {processor.py:925} INFO - DAG(s) 'my_first_dag' retrieved from /opt/airflow/dags/FirstDag.py
[2024-10-20T20:02:10.231+0000] {logging_mixin.py:190} INFO - [2024-10-20T20:02:10.231+0000] {dag.py:3229} INFO - Sync 1 DAGs
[2024-10-20T20:02:10.271+0000] {logging_mixin.py:190} INFO - [2024-10-20T20:02:10.271+0000] {dag.py:4156} INFO - Setting next_dagrun for my_first_dag to 2024-09-17 00:00:00+00:00, run_after=2024-09-18 00:00:00+00:00
[2024-10-20T20:02:10.299+0000] {processor.py:208} INFO - Processing /opt/airflow/dags/FirstDag.py took 0.116 seconds
[2024-10-20T20:02:40.714+0000] {processor.py:186} INFO - Started process (PID=178) to work on /opt/airflow/dags/FirstDag.py
[2024-10-20T20:02:40.716+0000] {processor.py:914} INFO - Processing file /opt/airflow/dags/FirstDag.py for tasks to queue
[2024-10-20T20:02:40.719+0000] {logging_mixin.py:190} INFO - [2024-10-20T20:02:40.719+0000] {dagbag.py:587} INFO - Filling up the DagBag from /opt/airflow/dags/FirstDag.py
[2024-10-20T20:02:40.736+0000] {processor.py:925} INFO - DAG(s) 'my_first_dag' retrieved from /opt/airflow/dags/FirstDag.py
[2024-10-20T20:02:40.760+0000] {logging_mixin.py:190} INFO - [2024-10-20T20:02:40.760+0000] {dag.py:3229} INFO - Sync 1 DAGs
[2024-10-20T20:02:40.785+0000] {logging_mixin.py:190} INFO - [2024-10-20T20:02:40.784+0000] {dag.py:4156} INFO - Setting next_dagrun for my_first_dag to 2024-09-17 00:00:00+00:00, run_after=2024-09-18 00:00:00+00:00
[2024-10-20T20:02:40.814+0000] {processor.py:208} INFO - Processing /opt/airflow/dags/FirstDag.py took 0.105 seconds
[2024-10-20T20:03:11.251+0000] {processor.py:186} INFO - Started process (PID=180) to work on /opt/airflow/dags/FirstDag.py
[2024-10-20T20:03:11.252+0000] {processor.py:914} INFO - Processing file /opt/airflow/dags/FirstDag.py for tasks to queue
[2024-10-20T20:03:11.254+0000] {logging_mixin.py:190} INFO - [2024-10-20T20:03:11.254+0000] {dagbag.py:587} INFO - Filling up the DagBag from /opt/airflow/dags/FirstDag.py
[2024-10-20T20:03:11.276+0000] {processor.py:925} INFO - DAG(s) 'my_first_dag' retrieved from /opt/airflow/dags/FirstDag.py
[2024-10-20T20:03:11.298+0000] {logging_mixin.py:190} INFO - [2024-10-20T20:03:11.298+0000] {dag.py:3229} INFO - Sync 1 DAGs
[2024-10-20T20:03:11.322+0000] {logging_mixin.py:190} INFO - [2024-10-20T20:03:11.322+0000] {dag.py:4156} INFO - Setting next_dagrun for my_first_dag to 2024-09-17 00:00:00+00:00, run_after=2024-09-18 00:00:00+00:00
[2024-10-20T20:03:11.353+0000] {processor.py:208} INFO - Processing /opt/airflow/dags/FirstDag.py took 0.108 seconds
[2024-10-20T20:03:41.847+0000] {processor.py:186} INFO - Started process (PID=182) to work on /opt/airflow/dags/FirstDag.py
[2024-10-20T20:03:41.848+0000] {processor.py:914} INFO - Processing file /opt/airflow/dags/FirstDag.py for tasks to queue
[2024-10-20T20:03:41.850+0000] {logging_mixin.py:190} INFO - [2024-10-20T20:03:41.850+0000] {dagbag.py:587} INFO - Filling up the DagBag from /opt/airflow/dags/FirstDag.py
[2024-10-20T20:03:41.870+0000] {processor.py:925} INFO - DAG(s) 'my_first_dag' retrieved from /opt/airflow/dags/FirstDag.py
[2024-10-20T20:03:41.896+0000] {logging_mixin.py:190} INFO - [2024-10-20T20:03:41.896+0000] {dag.py:3229} INFO - Sync 1 DAGs
[2024-10-20T20:03:41.922+0000] {logging_mixin.py:190} INFO - [2024-10-20T20:03:41.921+0000] {dag.py:4156} INFO - Setting next_dagrun for my_first_dag to 2024-09-17 00:00:00+00:00, run_after=2024-09-18 00:00:00+00:00
[2024-10-20T20:03:41.952+0000] {processor.py:208} INFO - Processing /opt/airflow/dags/FirstDag.py took 0.112 seconds
[2024-10-20T20:04:12.252+0000] {processor.py:186} INFO - Started process (PID=184) to work on /opt/airflow/dags/FirstDag.py
[2024-10-20T20:04:12.253+0000] {processor.py:914} INFO - Processing file /opt/airflow/dags/FirstDag.py for tasks to queue
[2024-10-20T20:04:12.257+0000] {logging_mixin.py:190} INFO - [2024-10-20T20:04:12.256+0000] {dagbag.py:587} INFO - Filling up the DagBag from /opt/airflow/dags/FirstDag.py
[2024-10-20T20:04:12.280+0000] {processor.py:925} INFO - DAG(s) 'my_first_dag' retrieved from /opt/airflow/dags/FirstDag.py
[2024-10-20T20:04:12.308+0000] {logging_mixin.py:190} INFO - [2024-10-20T20:04:12.308+0000] {dag.py:3229} INFO - Sync 1 DAGs
[2024-10-20T20:04:12.337+0000] {logging_mixin.py:190} INFO - [2024-10-20T20:04:12.336+0000] {dag.py:4156} INFO - Setting next_dagrun for my_first_dag to 2024-09-17 00:00:00+00:00, run_after=2024-09-18 00:00:00+00:00
[2024-10-20T20:04:12.367+0000] {processor.py:208} INFO - Processing /opt/airflow/dags/FirstDag.py took 0.122 seconds
[2024-10-20T20:04:42.616+0000] {processor.py:186} INFO - Started process (PID=186) to work on /opt/airflow/dags/FirstDag.py
[2024-10-20T20:04:42.617+0000] {processor.py:914} INFO - Processing file /opt/airflow/dags/FirstDag.py for tasks to queue
[2024-10-20T20:04:42.620+0000] {logging_mixin.py:190} INFO - [2024-10-20T20:04:42.619+0000] {dagbag.py:587} INFO - Filling up the DagBag from /opt/airflow/dags/FirstDag.py
[2024-10-20T20:04:42.639+0000] {processor.py:925} INFO - DAG(s) 'my_first_dag' retrieved from /opt/airflow/dags/FirstDag.py
[2024-10-20T20:04:42.663+0000] {logging_mixin.py:190} INFO - [2024-10-20T20:04:42.662+0000] {dag.py:3229} INFO - Sync 1 DAGs
[2024-10-20T20:04:42.692+0000] {logging_mixin.py:190} INFO - [2024-10-20T20:04:42.692+0000] {dag.py:4156} INFO - Setting next_dagrun for my_first_dag to 2024-09-17 00:00:00+00:00, run_after=2024-09-18 00:00:00+00:00
[2024-10-20T20:04:42.724+0000] {processor.py:208} INFO - Processing /opt/airflow/dags/FirstDag.py took 0.114 seconds
[2024-10-20T20:05:12.903+0000] {processor.py:186} INFO - Started process (PID=188) to work on /opt/airflow/dags/FirstDag.py
[2024-10-20T20:05:12.904+0000] {processor.py:914} INFO - Processing file /opt/airflow/dags/FirstDag.py for tasks to queue
[2024-10-20T20:05:12.907+0000] {logging_mixin.py:190} INFO - [2024-10-20T20:05:12.906+0000] {dagbag.py:587} INFO - Filling up the DagBag from /opt/airflow/dags/FirstDag.py
[2024-10-20T20:05:12.923+0000] {processor.py:925} INFO - DAG(s) 'my_first_dag' retrieved from /opt/airflow/dags/FirstDag.py
[2024-10-20T20:05:12.948+0000] {logging_mixin.py:190} INFO - [2024-10-20T20:05:12.947+0000] {dag.py:3229} INFO - Sync 1 DAGs
[2024-10-20T20:05:12.970+0000] {logging_mixin.py:190} INFO - [2024-10-20T20:05:12.970+0000] {dag.py:4156} INFO - Setting next_dagrun for my_first_dag to 2024-09-17 00:00:00+00:00, run_after=2024-09-18 00:00:00+00:00
[2024-10-20T20:05:12.992+0000] {processor.py:208} INFO - Processing /opt/airflow/dags/FirstDag.py took 0.095 seconds
[2024-10-20T20:05:43.253+0000] {processor.py:186} INFO - Started process (PID=190) to work on /opt/airflow/dags/FirstDag.py
[2024-10-20T20:05:43.254+0000] {processor.py:914} INFO - Processing file /opt/airflow/dags/FirstDag.py for tasks to queue
[2024-10-20T20:05:43.257+0000] {logging_mixin.py:190} INFO - [2024-10-20T20:05:43.256+0000] {dagbag.py:587} INFO - Filling up the DagBag from /opt/airflow/dags/FirstDag.py
[2024-10-20T20:05:43.280+0000] {processor.py:925} INFO - DAG(s) 'my_first_dag' retrieved from /opt/airflow/dags/FirstDag.py
[2024-10-20T20:05:43.304+0000] {logging_mixin.py:190} INFO - [2024-10-20T20:05:43.304+0000] {dag.py:3229} INFO - Sync 1 DAGs
[2024-10-20T20:05:43.328+0000] {logging_mixin.py:190} INFO - [2024-10-20T20:05:43.328+0000] {dag.py:4156} INFO - Setting next_dagrun for my_first_dag to 2024-09-17 00:00:00+00:00, run_after=2024-09-18 00:00:00+00:00
[2024-10-20T20:05:43.353+0000] {processor.py:208} INFO - Processing /opt/airflow/dags/FirstDag.py took 0.106 seconds
[2024-10-20T20:06:13.630+0000] {processor.py:186} INFO - Started process (PID=192) to work on /opt/airflow/dags/FirstDag.py
[2024-10-20T20:06:13.631+0000] {processor.py:914} INFO - Processing file /opt/airflow/dags/FirstDag.py for tasks to queue
[2024-10-20T20:06:13.634+0000] {logging_mixin.py:190} INFO - [2024-10-20T20:06:13.634+0000] {dagbag.py:587} INFO - Filling up the DagBag from /opt/airflow/dags/FirstDag.py
[2024-10-20T20:06:13.651+0000] {processor.py:925} INFO - DAG(s) 'my_first_dag' retrieved from /opt/airflow/dags/FirstDag.py
[2024-10-20T20:06:13.673+0000] {logging_mixin.py:190} INFO - [2024-10-20T20:06:13.673+0000] {dag.py:3229} INFO - Sync 1 DAGs
[2024-10-20T20:06:13.699+0000] {logging_mixin.py:190} INFO - [2024-10-20T20:06:13.698+0000] {dag.py:4156} INFO - Setting next_dagrun for my_first_dag to 2024-09-17 00:00:00+00:00, run_after=2024-09-18 00:00:00+00:00
[2024-10-20T20:06:13.723+0000] {processor.py:208} INFO - Processing /opt/airflow/dags/FirstDag.py took 0.099 seconds
[2024-10-20T20:06:43.929+0000] {processor.py:186} INFO - Started process (PID=194) to work on /opt/airflow/dags/FirstDag.py
[2024-10-20T20:06:43.930+0000] {processor.py:914} INFO - Processing file /opt/airflow/dags/FirstDag.py for tasks to queue
[2024-10-20T20:06:43.932+0000] {logging_mixin.py:190} INFO - [2024-10-20T20:06:43.932+0000] {dagbag.py:587} INFO - Filling up the DagBag from /opt/airflow/dags/FirstDag.py
[2024-10-20T20:06:43.952+0000] {processor.py:925} INFO - DAG(s) 'my_first_dag' retrieved from /opt/airflow/dags/FirstDag.py
[2024-10-20T20:06:43.977+0000] {logging_mixin.py:190} INFO - [2024-10-20T20:06:43.976+0000] {dag.py:3229} INFO - Sync 1 DAGs
[2024-10-20T20:06:44.002+0000] {logging_mixin.py:190} INFO - [2024-10-20T20:06:44.001+0000] {dag.py:4156} INFO - Setting next_dagrun for my_first_dag to 2024-09-17 00:00:00+00:00, run_after=2024-09-18 00:00:00+00:00
[2024-10-20T20:06:44.022+0000] {processor.py:208} INFO - Processing /opt/airflow/dags/FirstDag.py took 0.098 seconds
[2024-10-20T20:07:14.289+0000] {processor.py:186} INFO - Started process (PID=196) to work on /opt/airflow/dags/FirstDag.py
[2024-10-20T20:07:14.290+0000] {processor.py:914} INFO - Processing file /opt/airflow/dags/FirstDag.py for tasks to queue
[2024-10-20T20:07:14.293+0000] {logging_mixin.py:190} INFO - [2024-10-20T20:07:14.293+0000] {dagbag.py:587} INFO - Filling up the DagBag from /opt/airflow/dags/FirstDag.py
[2024-10-20T20:07:14.322+0000] {processor.py:925} INFO - DAG(s) 'my_first_dag' retrieved from /opt/airflow/dags/FirstDag.py
[2024-10-20T20:07:14.372+0000] {logging_mixin.py:190} INFO - [2024-10-20T20:07:14.371+0000] {dag.py:3229} INFO - Sync 1 DAGs
[2024-10-20T20:07:14.406+0000] {logging_mixin.py:190} INFO - [2024-10-20T20:07:14.405+0000] {dag.py:4156} INFO - Setting next_dagrun for my_first_dag to 2024-09-17 00:00:00+00:00, run_after=2024-09-18 00:00:00+00:00
[2024-10-20T20:07:14.435+0000] {processor.py:208} INFO - Processing /opt/airflow/dags/FirstDag.py took 0.152 seconds
[2024-10-20T20:07:44.628+0000] {processor.py:186} INFO - Started process (PID=198) to work on /opt/airflow/dags/FirstDag.py
[2024-10-20T20:07:44.630+0000] {processor.py:914} INFO - Processing file /opt/airflow/dags/FirstDag.py for tasks to queue
[2024-10-20T20:07:44.633+0000] {logging_mixin.py:190} INFO - [2024-10-20T20:07:44.633+0000] {dagbag.py:587} INFO - Filling up the DagBag from /opt/airflow/dags/FirstDag.py
[2024-10-20T20:07:44.657+0000] {processor.py:925} INFO - DAG(s) 'my_first_dag' retrieved from /opt/airflow/dags/FirstDag.py
[2024-10-20T20:07:44.685+0000] {logging_mixin.py:190} INFO - [2024-10-20T20:07:44.685+0000] {dag.py:3229} INFO - Sync 1 DAGs
[2024-10-20T20:07:44.719+0000] {logging_mixin.py:190} INFO - [2024-10-20T20:07:44.719+0000] {dag.py:4156} INFO - Setting next_dagrun for my_first_dag to 2024-09-17 00:00:00+00:00, run_after=2024-09-18 00:00:00+00:00
[2024-10-20T20:07:44.745+0000] {processor.py:208} INFO - Processing /opt/airflow/dags/FirstDag.py took 0.125 seconds
[2024-10-20T20:08:14.971+0000] {processor.py:186} INFO - Started process (PID=200) to work on /opt/airflow/dags/FirstDag.py
[2024-10-20T20:08:14.972+0000] {processor.py:914} INFO - Processing file /opt/airflow/dags/FirstDag.py for tasks to queue
[2024-10-20T20:08:14.974+0000] {logging_mixin.py:190} INFO - [2024-10-20T20:08:14.974+0000] {dagbag.py:587} INFO - Filling up the DagBag from /opt/airflow/dags/FirstDag.py
[2024-10-20T20:08:14.995+0000] {processor.py:925} INFO - DAG(s) 'my_first_dag' retrieved from /opt/airflow/dags/FirstDag.py
[2024-10-20T20:08:15.022+0000] {logging_mixin.py:190} INFO - [2024-10-20T20:08:15.022+0000] {dag.py:3229} INFO - Sync 1 DAGs
[2024-10-20T20:08:15.050+0000] {logging_mixin.py:190} INFO - [2024-10-20T20:08:15.050+0000] {dag.py:4156} INFO - Setting next_dagrun for my_first_dag to 2024-09-17 00:00:00+00:00, run_after=2024-09-18 00:00:00+00:00
[2024-10-20T20:08:15.074+0000] {processor.py:208} INFO - Processing /opt/airflow/dags/FirstDag.py took 0.111 seconds
[2024-10-20T20:08:45.304+0000] {processor.py:186} INFO - Started process (PID=202) to work on /opt/airflow/dags/FirstDag.py
[2024-10-20T20:08:45.305+0000] {processor.py:914} INFO - Processing file /opt/airflow/dags/FirstDag.py for tasks to queue
[2024-10-20T20:08:45.308+0000] {logging_mixin.py:190} INFO - [2024-10-20T20:08:45.307+0000] {dagbag.py:587} INFO - Filling up the DagBag from /opt/airflow/dags/FirstDag.py
[2024-10-20T20:08:45.327+0000] {processor.py:925} INFO - DAG(s) 'my_first_dag' retrieved from /opt/airflow/dags/FirstDag.py
[2024-10-20T20:08:45.349+0000] {logging_mixin.py:190} INFO - [2024-10-20T20:08:45.349+0000] {dag.py:3229} INFO - Sync 1 DAGs
[2024-10-20T20:08:45.374+0000] {logging_mixin.py:190} INFO - [2024-10-20T20:08:45.374+0000] {dag.py:4156} INFO - Setting next_dagrun for my_first_dag to 2024-09-17 00:00:00+00:00, run_after=2024-09-18 00:00:00+00:00
[2024-10-20T20:08:45.403+0000] {processor.py:208} INFO - Processing /opt/airflow/dags/FirstDag.py took 0.105 seconds
[2024-10-20T20:09:15.623+0000] {processor.py:186} INFO - Started process (PID=204) to work on /opt/airflow/dags/FirstDag.py
[2024-10-20T20:09:15.625+0000] {processor.py:914} INFO - Processing file /opt/airflow/dags/FirstDag.py for tasks to queue
[2024-10-20T20:09:15.628+0000] {logging_mixin.py:190} INFO - [2024-10-20T20:09:15.628+0000] {dagbag.py:587} INFO - Filling up the DagBag from /opt/airflow/dags/FirstDag.py
[2024-10-20T20:09:15.652+0000] {processor.py:925} INFO - DAG(s) 'my_first_dag' retrieved from /opt/airflow/dags/FirstDag.py
[2024-10-20T20:09:15.676+0000] {logging_mixin.py:190} INFO - [2024-10-20T20:09:15.676+0000] {dag.py:3229} INFO - Sync 1 DAGs
[2024-10-20T20:09:15.717+0000] {logging_mixin.py:190} INFO - [2024-10-20T20:09:15.716+0000] {dag.py:4156} INFO - Setting next_dagrun for my_first_dag to 2024-09-17 00:00:00+00:00, run_after=2024-09-18 00:00:00+00:00
[2024-10-20T20:09:15.785+0000] {processor.py:208} INFO - Processing /opt/airflow/dags/FirstDag.py took 0.167 seconds
[2024-10-20T20:09:45.993+0000] {processor.py:186} INFO - Started process (PID=206) to work on /opt/airflow/dags/FirstDag.py
[2024-10-20T20:09:45.994+0000] {processor.py:914} INFO - Processing file /opt/airflow/dags/FirstDag.py for tasks to queue
[2024-10-20T20:09:45.998+0000] {logging_mixin.py:190} INFO - [2024-10-20T20:09:45.997+0000] {dagbag.py:587} INFO - Filling up the DagBag from /opt/airflow/dags/FirstDag.py
[2024-10-20T20:09:46.019+0000] {processor.py:925} INFO - DAG(s) 'my_first_dag' retrieved from /opt/airflow/dags/FirstDag.py
[2024-10-20T20:09:46.053+0000] {logging_mixin.py:190} INFO - [2024-10-20T20:09:46.052+0000] {dag.py:3229} INFO - Sync 1 DAGs
[2024-10-20T20:09:46.094+0000] {logging_mixin.py:190} INFO - [2024-10-20T20:09:46.094+0000] {dag.py:4156} INFO - Setting next_dagrun for my_first_dag to 2024-09-17 00:00:00+00:00, run_after=2024-09-18 00:00:00+00:00
[2024-10-20T20:09:46.123+0000] {processor.py:208} INFO - Processing /opt/airflow/dags/FirstDag.py took 0.139 seconds
[2024-10-20T20:10:16.320+0000] {processor.py:186} INFO - Started process (PID=208) to work on /opt/airflow/dags/FirstDag.py
[2024-10-20T20:10:16.321+0000] {processor.py:914} INFO - Processing file /opt/airflow/dags/FirstDag.py for tasks to queue
[2024-10-20T20:10:16.323+0000] {logging_mixin.py:190} INFO - [2024-10-20T20:10:16.323+0000] {dagbag.py:587} INFO - Filling up the DagBag from /opt/airflow/dags/FirstDag.py
[2024-10-20T20:10:16.347+0000] {processor.py:925} INFO - DAG(s) 'my_first_dag' retrieved from /opt/airflow/dags/FirstDag.py
[2024-10-20T20:10:16.373+0000] {logging_mixin.py:190} INFO - [2024-10-20T20:10:16.373+0000] {dag.py:3229} INFO - Sync 1 DAGs
[2024-10-20T20:10:16.405+0000] {logging_mixin.py:190} INFO - [2024-10-20T20:10:16.404+0000] {dag.py:4156} INFO - Setting next_dagrun for my_first_dag to 2024-09-17 00:00:00+00:00, run_after=2024-09-18 00:00:00+00:00
[2024-10-20T20:10:16.432+0000] {processor.py:208} INFO - Processing /opt/airflow/dags/FirstDag.py took 0.117 seconds
[2024-10-20T20:10:46.887+0000] {processor.py:186} INFO - Started process (PID=210) to work on /opt/airflow/dags/FirstDag.py
[2024-10-20T20:10:46.903+0000] {processor.py:914} INFO - Processing file /opt/airflow/dags/FirstDag.py for tasks to queue
[2024-10-20T20:10:46.926+0000] {logging_mixin.py:190} INFO - [2024-10-20T20:10:46.925+0000] {dagbag.py:587} INFO - Filling up the DagBag from /opt/airflow/dags/FirstDag.py
[2024-10-20T20:10:47.019+0000] {processor.py:925} INFO - DAG(s) 'my_first_dag' retrieved from /opt/airflow/dags/FirstDag.py
[2024-10-20T20:10:47.135+0000] {logging_mixin.py:190} INFO - [2024-10-20T20:10:47.135+0000] {dag.py:3229} INFO - Sync 1 DAGs
[2024-10-20T20:10:47.176+0000] {logging_mixin.py:190} INFO - [2024-10-20T20:10:47.176+0000] {dag.py:4156} INFO - Setting next_dagrun for my_first_dag to 2024-09-17 00:00:00+00:00, run_after=2024-09-18 00:00:00+00:00
[2024-10-20T20:10:47.214+0000] {processor.py:208} INFO - Processing /opt/airflow/dags/FirstDag.py took 0.454 seconds
[2024-10-20T20:11:17.859+0000] {processor.py:186} INFO - Started process (PID=212) to work on /opt/airflow/dags/FirstDag.py
[2024-10-20T20:11:17.860+0000] {processor.py:914} INFO - Processing file /opt/airflow/dags/FirstDag.py for tasks to queue
[2024-10-20T20:11:17.868+0000] {logging_mixin.py:190} INFO - [2024-10-20T20:11:17.862+0000] {dagbag.py:587} INFO - Filling up the DagBag from /opt/airflow/dags/FirstDag.py
[2024-10-20T20:11:17.890+0000] {processor.py:925} INFO - DAG(s) 'my_first_dag' retrieved from /opt/airflow/dags/FirstDag.py
[2024-10-20T20:11:17.923+0000] {logging_mixin.py:190} INFO - [2024-10-20T20:11:17.922+0000] {dag.py:3229} INFO - Sync 1 DAGs
[2024-10-20T20:11:17.954+0000] {logging_mixin.py:190} INFO - [2024-10-20T20:11:17.954+0000] {dag.py:4156} INFO - Setting next_dagrun for my_first_dag to 2024-09-17 00:00:00+00:00, run_after=2024-09-18 00:00:00+00:00
[2024-10-20T20:11:17.981+0000] {processor.py:208} INFO - Processing /opt/airflow/dags/FirstDag.py took 0.129 seconds
[2024-10-20T20:11:48.201+0000] {processor.py:186} INFO - Started process (PID=214) to work on /opt/airflow/dags/FirstDag.py
[2024-10-20T20:11:48.203+0000] {processor.py:914} INFO - Processing file /opt/airflow/dags/FirstDag.py for tasks to queue
[2024-10-20T20:11:48.207+0000] {logging_mixin.py:190} INFO - [2024-10-20T20:11:48.206+0000] {dagbag.py:587} INFO - Filling up the DagBag from /opt/airflow/dags/FirstDag.py
[2024-10-20T20:11:48.229+0000] {processor.py:925} INFO - DAG(s) 'my_first_dag' retrieved from /opt/airflow/dags/FirstDag.py
[2024-10-20T20:11:48.256+0000] {logging_mixin.py:190} INFO - [2024-10-20T20:11:48.255+0000] {dag.py:3229} INFO - Sync 1 DAGs
[2024-10-20T20:11:48.287+0000] {logging_mixin.py:190} INFO - [2024-10-20T20:11:48.287+0000] {dag.py:4156} INFO - Setting next_dagrun for my_first_dag to 2024-09-17 00:00:00+00:00, run_after=2024-09-18 00:00:00+00:00
[2024-10-20T20:11:48.316+0000] {processor.py:208} INFO - Processing /opt/airflow/dags/FirstDag.py took 0.124 seconds
[2024-10-20T20:12:18.531+0000] {processor.py:186} INFO - Started process (PID=216) to work on /opt/airflow/dags/FirstDag.py
[2024-10-20T20:12:18.532+0000] {processor.py:914} INFO - Processing file /opt/airflow/dags/FirstDag.py for tasks to queue
[2024-10-20T20:12:18.534+0000] {logging_mixin.py:190} INFO - [2024-10-20T20:12:18.533+0000] {dagbag.py:587} INFO - Filling up the DagBag from /opt/airflow/dags/FirstDag.py
[2024-10-20T20:12:18.558+0000] {processor.py:925} INFO - DAG(s) 'my_first_dag' retrieved from /opt/airflow/dags/FirstDag.py
[2024-10-20T20:12:18.583+0000] {logging_mixin.py:190} INFO - [2024-10-20T20:12:18.582+0000] {dag.py:3229} INFO - Sync 1 DAGs
[2024-10-20T20:12:18.607+0000] {logging_mixin.py:190} INFO - [2024-10-20T20:12:18.607+0000] {dag.py:4156} INFO - Setting next_dagrun for my_first_dag to 2024-09-17 00:00:00+00:00, run_after=2024-09-18 00:00:00+00:00
[2024-10-20T20:12:18.632+0000] {processor.py:208} INFO - Processing /opt/airflow/dags/FirstDag.py took 0.108 seconds
[2024-10-20T20:12:48.828+0000] {processor.py:186} INFO - Started process (PID=218) to work on /opt/airflow/dags/FirstDag.py
[2024-10-20T20:12:48.829+0000] {processor.py:914} INFO - Processing file /opt/airflow/dags/FirstDag.py for tasks to queue
[2024-10-20T20:12:48.831+0000] {logging_mixin.py:190} INFO - [2024-10-20T20:12:48.831+0000] {dagbag.py:587} INFO - Filling up the DagBag from /opt/airflow/dags/FirstDag.py
[2024-10-20T20:12:48.850+0000] {processor.py:925} INFO - DAG(s) 'my_first_dag' retrieved from /opt/airflow/dags/FirstDag.py
[2024-10-20T20:12:48.870+0000] {logging_mixin.py:190} INFO - [2024-10-20T20:12:48.870+0000] {dag.py:3229} INFO - Sync 1 DAGs
[2024-10-20T20:12:48.913+0000] {logging_mixin.py:190} INFO - [2024-10-20T20:12:48.912+0000] {dag.py:4156} INFO - Setting next_dagrun for my_first_dag to 2024-09-17 00:00:00+00:00, run_after=2024-09-18 00:00:00+00:00
[2024-10-20T20:12:48.940+0000] {processor.py:208} INFO - Processing /opt/airflow/dags/FirstDag.py took 0.118 seconds
[2024-10-20T20:13:19.125+0000] {processor.py:186} INFO - Started process (PID=220) to work on /opt/airflow/dags/FirstDag.py
[2024-10-20T20:13:19.126+0000] {processor.py:914} INFO - Processing file /opt/airflow/dags/FirstDag.py for tasks to queue
[2024-10-20T20:13:19.128+0000] {logging_mixin.py:190} INFO - [2024-10-20T20:13:19.128+0000] {dagbag.py:587} INFO - Filling up the DagBag from /opt/airflow/dags/FirstDag.py
[2024-10-20T20:13:19.144+0000] {processor.py:925} INFO - DAG(s) 'my_first_dag' retrieved from /opt/airflow/dags/FirstDag.py
[2024-10-20T20:13:19.164+0000] {logging_mixin.py:190} INFO - [2024-10-20T20:13:19.164+0000] {dag.py:3229} INFO - Sync 1 DAGs
[2024-10-20T20:13:19.185+0000] {logging_mixin.py:190} INFO - [2024-10-20T20:13:19.185+0000] {dag.py:4156} INFO - Setting next_dagrun for my_first_dag to 2024-09-17 00:00:00+00:00, run_after=2024-09-18 00:00:00+00:00
[2024-10-20T20:13:19.206+0000] {processor.py:208} INFO - Processing /opt/airflow/dags/FirstDag.py took 0.089 seconds
[2024-10-20T20:13:49.334+0000] {processor.py:186} INFO - Started process (PID=222) to work on /opt/airflow/dags/FirstDag.py
[2024-10-20T20:13:49.335+0000] {processor.py:914} INFO - Processing file /opt/airflow/dags/FirstDag.py for tasks to queue
[2024-10-20T20:13:49.338+0000] {logging_mixin.py:190} INFO - [2024-10-20T20:13:49.338+0000] {dagbag.py:587} INFO - Filling up the DagBag from /opt/airflow/dags/FirstDag.py
[2024-10-20T20:13:49.360+0000] {processor.py:925} INFO - DAG(s) 'my_first_dag' retrieved from /opt/airflow/dags/FirstDag.py
[2024-10-20T20:13:49.389+0000] {logging_mixin.py:190} INFO - [2024-10-20T20:13:49.389+0000] {dag.py:3229} INFO - Sync 1 DAGs
[2024-10-20T20:13:49.422+0000] {logging_mixin.py:190} INFO - [2024-10-20T20:13:49.422+0000] {dag.py:4156} INFO - Setting next_dagrun for my_first_dag to 2024-09-17 00:00:00+00:00, run_after=2024-09-18 00:00:00+00:00
[2024-10-20T20:13:49.451+0000] {processor.py:208} INFO - Processing /opt/airflow/dags/FirstDag.py took 0.124 seconds
[2024-10-20T20:14:19.624+0000] {processor.py:186} INFO - Started process (PID=224) to work on /opt/airflow/dags/FirstDag.py
[2024-10-20T20:14:19.626+0000] {processor.py:914} INFO - Processing file /opt/airflow/dags/FirstDag.py for tasks to queue
[2024-10-20T20:14:19.630+0000] {logging_mixin.py:190} INFO - [2024-10-20T20:14:19.630+0000] {dagbag.py:587} INFO - Filling up the DagBag from /opt/airflow/dags/FirstDag.py
[2024-10-20T20:14:19.648+0000] {processor.py:925} INFO - DAG(s) 'my_first_dag' retrieved from /opt/airflow/dags/FirstDag.py
[2024-10-20T20:14:19.677+0000] {logging_mixin.py:190} INFO - [2024-10-20T20:14:19.676+0000] {dag.py:3229} INFO - Sync 1 DAGs
[2024-10-20T20:14:19.766+0000] {logging_mixin.py:190} INFO - [2024-10-20T20:14:19.766+0000] {dag.py:4156} INFO - Setting next_dagrun for my_first_dag to 2024-09-17 00:00:00+00:00, run_after=2024-09-18 00:00:00+00:00
[2024-10-20T20:14:19.863+0000] {processor.py:208} INFO - Processing /opt/airflow/dags/FirstDag.py took 0.245 seconds
[2024-10-20T20:14:50.037+0000] {processor.py:186} INFO - Started process (PID=226) to work on /opt/airflow/dags/FirstDag.py
[2024-10-20T20:14:50.038+0000] {processor.py:914} INFO - Processing file /opt/airflow/dags/FirstDag.py for tasks to queue
[2024-10-20T20:14:50.041+0000] {logging_mixin.py:190} INFO - [2024-10-20T20:14:50.040+0000] {dagbag.py:587} INFO - Filling up the DagBag from /opt/airflow/dags/FirstDag.py
[2024-10-20T20:14:50.068+0000] {processor.py:925} INFO - DAG(s) 'my_first_dag' retrieved from /opt/airflow/dags/FirstDag.py
[2024-10-20T20:14:50.096+0000] {logging_mixin.py:190} INFO - [2024-10-20T20:14:50.096+0000] {dag.py:3229} INFO - Sync 1 DAGs
[2024-10-20T20:14:50.123+0000] {logging_mixin.py:190} INFO - [2024-10-20T20:14:50.122+0000] {dag.py:4156} INFO - Setting next_dagrun for my_first_dag to 2024-09-17 00:00:00+00:00, run_after=2024-09-18 00:00:00+00:00
[2024-10-20T20:14:50.144+0000] {processor.py:208} INFO - Processing /opt/airflow/dags/FirstDag.py took 0.114 seconds
[2024-10-20T20:15:20.332+0000] {processor.py:186} INFO - Started process (PID=228) to work on /opt/airflow/dags/FirstDag.py
[2024-10-20T20:15:20.334+0000] {processor.py:914} INFO - Processing file /opt/airflow/dags/FirstDag.py for tasks to queue
[2024-10-20T20:15:20.337+0000] {logging_mixin.py:190} INFO - [2024-10-20T20:15:20.336+0000] {dagbag.py:587} INFO - Filling up the DagBag from /opt/airflow/dags/FirstDag.py
[2024-10-20T20:15:20.358+0000] {processor.py:925} INFO - DAG(s) 'my_first_dag' retrieved from /opt/airflow/dags/FirstDag.py
[2024-10-20T20:15:20.383+0000] {logging_mixin.py:190} INFO - [2024-10-20T20:15:20.383+0000] {dag.py:3229} INFO - Sync 1 DAGs
[2024-10-20T20:15:20.405+0000] {logging_mixin.py:190} INFO - [2024-10-20T20:15:20.405+0000] {dag.py:4156} INFO - Setting next_dagrun for my_first_dag to 2024-09-17 00:00:00+00:00, run_after=2024-09-18 00:00:00+00:00
[2024-10-20T20:15:20.428+0000] {processor.py:208} INFO - Processing /opt/airflow/dags/FirstDag.py took 0.102 seconds
[2024-10-20T20:15:50.627+0000] {processor.py:186} INFO - Started process (PID=230) to work on /opt/airflow/dags/FirstDag.py
[2024-10-20T20:15:50.628+0000] {processor.py:914} INFO - Processing file /opt/airflow/dags/FirstDag.py for tasks to queue
[2024-10-20T20:15:50.631+0000] {logging_mixin.py:190} INFO - [2024-10-20T20:15:50.630+0000] {dagbag.py:587} INFO - Filling up the DagBag from /opt/airflow/dags/FirstDag.py
[2024-10-20T20:15:50.655+0000] {processor.py:925} INFO - DAG(s) 'my_first_dag' retrieved from /opt/airflow/dags/FirstDag.py
[2024-10-20T20:15:50.679+0000] {logging_mixin.py:190} INFO - [2024-10-20T20:15:50.679+0000] {dag.py:3229} INFO - Sync 1 DAGs
[2024-10-20T20:15:50.705+0000] {logging_mixin.py:190} INFO - [2024-10-20T20:15:50.704+0000] {dag.py:4156} INFO - Setting next_dagrun for my_first_dag to 2024-09-17 00:00:00+00:00, run_after=2024-09-18 00:00:00+00:00
[2024-10-20T20:15:50.732+0000] {processor.py:208} INFO - Processing /opt/airflow/dags/FirstDag.py took 0.112 seconds
[2024-10-20T20:16:20.939+0000] {processor.py:186} INFO - Started process (PID=232) to work on /opt/airflow/dags/FirstDag.py
[2024-10-20T20:16:20.941+0000] {processor.py:914} INFO - Processing file /opt/airflow/dags/FirstDag.py for tasks to queue
[2024-10-20T20:16:20.943+0000] {logging_mixin.py:190} INFO - [2024-10-20T20:16:20.943+0000] {dagbag.py:587} INFO - Filling up the DagBag from /opt/airflow/dags/FirstDag.py
[2024-10-20T20:16:20.964+0000] {processor.py:925} INFO - DAG(s) 'my_first_dag' retrieved from /opt/airflow/dags/FirstDag.py
[2024-10-20T20:16:20.987+0000] {logging_mixin.py:190} INFO - [2024-10-20T20:16:20.986+0000] {dag.py:3229} INFO - Sync 1 DAGs
[2024-10-20T20:16:21.018+0000] {logging_mixin.py:190} INFO - [2024-10-20T20:16:21.018+0000] {dag.py:4156} INFO - Setting next_dagrun for my_first_dag to 2024-09-17 00:00:00+00:00, run_after=2024-09-18 00:00:00+00:00
[2024-10-20T20:16:21.043+0000] {processor.py:208} INFO - Processing /opt/airflow/dags/FirstDag.py took 0.110 seconds
[2024-10-20T20:16:51.247+0000] {processor.py:186} INFO - Started process (PID=234) to work on /opt/airflow/dags/FirstDag.py
[2024-10-20T20:16:51.250+0000] {processor.py:914} INFO - Processing file /opt/airflow/dags/FirstDag.py for tasks to queue
[2024-10-20T20:16:51.253+0000] {logging_mixin.py:190} INFO - [2024-10-20T20:16:51.253+0000] {dagbag.py:587} INFO - Filling up the DagBag from /opt/airflow/dags/FirstDag.py
[2024-10-20T20:16:51.274+0000] {processor.py:925} INFO - DAG(s) 'my_first_dag' retrieved from /opt/airflow/dags/FirstDag.py
[2024-10-20T20:16:51.298+0000] {logging_mixin.py:190} INFO - [2024-10-20T20:16:51.298+0000] {dag.py:3229} INFO - Sync 1 DAGs
[2024-10-20T20:16:51.326+0000] {logging_mixin.py:190} INFO - [2024-10-20T20:16:51.326+0000] {dag.py:4156} INFO - Setting next_dagrun for my_first_dag to 2024-09-17 00:00:00+00:00, run_after=2024-09-18 00:00:00+00:00
[2024-10-20T20:16:51.356+0000] {processor.py:208} INFO - Processing /opt/airflow/dags/FirstDag.py took 0.115 seconds
[2024-10-20T20:17:21.562+0000] {processor.py:186} INFO - Started process (PID=236) to work on /opt/airflow/dags/FirstDag.py
[2024-10-20T20:17:21.563+0000] {processor.py:914} INFO - Processing file /opt/airflow/dags/FirstDag.py for tasks to queue
[2024-10-20T20:17:21.566+0000] {logging_mixin.py:190} INFO - [2024-10-20T20:17:21.565+0000] {dagbag.py:587} INFO - Filling up the DagBag from /opt/airflow/dags/FirstDag.py
[2024-10-20T20:17:21.587+0000] {processor.py:925} INFO - DAG(s) 'my_first_dag' retrieved from /opt/airflow/dags/FirstDag.py
[2024-10-20T20:17:21.610+0000] {logging_mixin.py:190} INFO - [2024-10-20T20:17:21.610+0000] {dag.py:3229} INFO - Sync 1 DAGs
[2024-10-20T20:17:21.635+0000] {logging_mixin.py:190} INFO - [2024-10-20T20:17:21.635+0000] {dag.py:4156} INFO - Setting next_dagrun for my_first_dag to 2024-09-17 00:00:00+00:00, run_after=2024-09-18 00:00:00+00:00
[2024-10-20T20:17:21.663+0000] {processor.py:208} INFO - Processing /opt/airflow/dags/FirstDag.py took 0.107 seconds
[2024-10-20T20:17:51.868+0000] {processor.py:186} INFO - Started process (PID=238) to work on /opt/airflow/dags/FirstDag.py
[2024-10-20T20:17:51.869+0000] {processor.py:914} INFO - Processing file /opt/airflow/dags/FirstDag.py for tasks to queue
[2024-10-20T20:17:51.871+0000] {logging_mixin.py:190} INFO - [2024-10-20T20:17:51.871+0000] {dagbag.py:587} INFO - Filling up the DagBag from /opt/airflow/dags/FirstDag.py
[2024-10-20T20:17:51.905+0000] {processor.py:925} INFO - DAG(s) 'my_first_dag' retrieved from /opt/airflow/dags/FirstDag.py
[2024-10-20T20:17:51.938+0000] {logging_mixin.py:190} INFO - [2024-10-20T20:17:51.937+0000] {dag.py:3229} INFO - Sync 1 DAGs
[2024-10-20T20:17:51.975+0000] {logging_mixin.py:190} INFO - [2024-10-20T20:17:51.974+0000] {dag.py:4156} INFO - Setting next_dagrun for my_first_dag to 2024-09-17 00:00:00+00:00, run_after=2024-09-18 00:00:00+00:00
[2024-10-20T20:17:52.014+0000] {processor.py:208} INFO - Processing /opt/airflow/dags/FirstDag.py took 0.152 seconds
[2024-10-20T20:18:22.169+0000] {processor.py:186} INFO - Started process (PID=240) to work on /opt/airflow/dags/FirstDag.py
[2024-10-20T20:18:22.171+0000] {processor.py:914} INFO - Processing file /opt/airflow/dags/FirstDag.py for tasks to queue
[2024-10-20T20:18:22.173+0000] {logging_mixin.py:190} INFO - [2024-10-20T20:18:22.173+0000] {dagbag.py:587} INFO - Filling up the DagBag from /opt/airflow/dags/FirstDag.py
[2024-10-20T20:18:22.200+0000] {processor.py:925} INFO - DAG(s) 'my_first_dag' retrieved from /opt/airflow/dags/FirstDag.py
[2024-10-20T20:18:22.230+0000] {logging_mixin.py:190} INFO - [2024-10-20T20:18:22.230+0000] {dag.py:3229} INFO - Sync 1 DAGs
[2024-10-20T20:18:22.257+0000] {logging_mixin.py:190} INFO - [2024-10-20T20:18:22.257+0000] {dag.py:4156} INFO - Setting next_dagrun for my_first_dag to 2024-09-17 00:00:00+00:00, run_after=2024-09-18 00:00:00+00:00
[2024-10-20T20:18:22.280+0000] {processor.py:208} INFO - Processing /opt/airflow/dags/FirstDag.py took 0.118 seconds
[2024-10-20T20:18:52.481+0000] {processor.py:186} INFO - Started process (PID=242) to work on /opt/airflow/dags/FirstDag.py
[2024-10-20T20:18:52.482+0000] {processor.py:914} INFO - Processing file /opt/airflow/dags/FirstDag.py for tasks to queue
[2024-10-20T20:18:52.484+0000] {logging_mixin.py:190} INFO - [2024-10-20T20:18:52.484+0000] {dagbag.py:587} INFO - Filling up the DagBag from /opt/airflow/dags/FirstDag.py
[2024-10-20T20:18:52.501+0000] {processor.py:925} INFO - DAG(s) 'my_first_dag' retrieved from /opt/airflow/dags/FirstDag.py
[2024-10-20T20:18:52.524+0000] {logging_mixin.py:190} INFO - [2024-10-20T20:18:52.523+0000] {dag.py:3229} INFO - Sync 1 DAGs
[2024-10-20T20:18:52.550+0000] {logging_mixin.py:190} INFO - [2024-10-20T20:18:52.550+0000] {dag.py:4156} INFO - Setting next_dagrun for my_first_dag to 2024-09-17 00:00:00+00:00, run_after=2024-09-18 00:00:00+00:00
[2024-10-20T20:18:52.578+0000] {processor.py:208} INFO - Processing /opt/airflow/dags/FirstDag.py took 0.104 seconds
[2024-10-20T20:19:22.823+0000] {processor.py:186} INFO - Started process (PID=244) to work on /opt/airflow/dags/FirstDag.py
[2024-10-20T20:19:22.829+0000] {processor.py:914} INFO - Processing file /opt/airflow/dags/FirstDag.py for tasks to queue
[2024-10-20T20:19:22.832+0000] {logging_mixin.py:190} INFO - [2024-10-20T20:19:22.831+0000] {dagbag.py:587} INFO - Filling up the DagBag from /opt/airflow/dags/FirstDag.py
[2024-10-20T20:19:22.928+0000] {processor.py:925} INFO - DAG(s) 'my_first_dag' retrieved from /opt/airflow/dags/FirstDag.py
[2024-10-20T20:19:23.009+0000] {logging_mixin.py:190} INFO - [2024-10-20T20:19:23.008+0000] {dag.py:3229} INFO - Sync 1 DAGs
[2024-10-20T20:19:23.043+0000] {logging_mixin.py:190} INFO - [2024-10-20T20:19:23.042+0000] {dag.py:4156} INFO - Setting next_dagrun for my_first_dag to 2024-09-17 00:00:00+00:00, run_after=2024-09-18 00:00:00+00:00
[2024-10-20T20:19:23.088+0000] {processor.py:208} INFO - Processing /opt/airflow/dags/FirstDag.py took 0.278 seconds
[2024-10-20T20:19:53.213+0000] {processor.py:186} INFO - Started process (PID=246) to work on /opt/airflow/dags/FirstDag.py
[2024-10-20T20:19:53.215+0000] {processor.py:914} INFO - Processing file /opt/airflow/dags/FirstDag.py for tasks to queue
[2024-10-20T20:19:53.217+0000] {logging_mixin.py:190} INFO - [2024-10-20T20:19:53.216+0000] {dagbag.py:587} INFO - Filling up the DagBag from /opt/airflow/dags/FirstDag.py
[2024-10-20T20:19:53.234+0000] {processor.py:925} INFO - DAG(s) 'my_first_dag' retrieved from /opt/airflow/dags/FirstDag.py
[2024-10-20T20:19:53.262+0000] {logging_mixin.py:190} INFO - [2024-10-20T20:19:53.262+0000] {dag.py:3229} INFO - Sync 1 DAGs
[2024-10-20T20:19:53.285+0000] {logging_mixin.py:190} INFO - [2024-10-20T20:19:53.284+0000] {dag.py:4156} INFO - Setting next_dagrun for my_first_dag to 2024-09-17 00:00:00+00:00, run_after=2024-09-18 00:00:00+00:00
[2024-10-20T20:19:53.307+0000] {processor.py:208} INFO - Processing /opt/airflow/dags/FirstDag.py took 0.099 seconds
[2024-10-20T20:20:23.518+0000] {processor.py:186} INFO - Started process (PID=248) to work on /opt/airflow/dags/FirstDag.py
[2024-10-20T20:20:23.519+0000] {processor.py:914} INFO - Processing file /opt/airflow/dags/FirstDag.py for tasks to queue
[2024-10-20T20:20:23.523+0000] {logging_mixin.py:190} INFO - [2024-10-20T20:20:23.522+0000] {dagbag.py:587} INFO - Filling up the DagBag from /opt/airflow/dags/FirstDag.py
[2024-10-20T20:20:23.544+0000] {processor.py:925} INFO - DAG(s) 'my_first_dag' retrieved from /opt/airflow/dags/FirstDag.py
[2024-10-20T20:20:23.564+0000] {logging_mixin.py:190} INFO - [2024-10-20T20:20:23.564+0000] {dag.py:3229} INFO - Sync 1 DAGs
[2024-10-20T20:20:23.593+0000] {logging_mixin.py:190} INFO - [2024-10-20T20:20:23.593+0000] {dag.py:4156} INFO - Setting next_dagrun for my_first_dag to 2024-09-17 00:00:00+00:00, run_after=2024-09-18 00:00:00+00:00
[2024-10-20T20:20:23.614+0000] {processor.py:208} INFO - Processing /opt/airflow/dags/FirstDag.py took 0.102 seconds
[2024-10-20T20:20:53.821+0000] {processor.py:186} INFO - Started process (PID=250) to work on /opt/airflow/dags/FirstDag.py
[2024-10-20T20:20:53.822+0000] {processor.py:914} INFO - Processing file /opt/airflow/dags/FirstDag.py for tasks to queue
[2024-10-20T20:20:53.824+0000] {logging_mixin.py:190} INFO - [2024-10-20T20:20:53.824+0000] {dagbag.py:587} INFO - Filling up the DagBag from /opt/airflow/dags/FirstDag.py
[2024-10-20T20:20:53.848+0000] {processor.py:925} INFO - DAG(s) 'my_first_dag' retrieved from /opt/airflow/dags/FirstDag.py
[2024-10-20T20:20:53.872+0000] {logging_mixin.py:190} INFO - [2024-10-20T20:20:53.872+0000] {dag.py:3229} INFO - Sync 1 DAGs
[2024-10-20T20:20:53.900+0000] {logging_mixin.py:190} INFO - [2024-10-20T20:20:53.900+0000] {dag.py:4156} INFO - Setting next_dagrun for my_first_dag to 2024-09-17 00:00:00+00:00, run_after=2024-09-18 00:00:00+00:00
[2024-10-20T20:20:53.928+0000] {processor.py:208} INFO - Processing /opt/airflow/dags/FirstDag.py took 0.114 seconds
[2024-10-20T20:21:24.121+0000] {processor.py:186} INFO - Started process (PID=252) to work on /opt/airflow/dags/FirstDag.py
[2024-10-20T20:21:24.122+0000] {processor.py:914} INFO - Processing file /opt/airflow/dags/FirstDag.py for tasks to queue
[2024-10-20T20:21:24.124+0000] {logging_mixin.py:190} INFO - [2024-10-20T20:21:24.124+0000] {dagbag.py:587} INFO - Filling up the DagBag from /opt/airflow/dags/FirstDag.py
[2024-10-20T20:21:24.146+0000] {processor.py:925} INFO - DAG(s) 'my_first_dag' retrieved from /opt/airflow/dags/FirstDag.py
[2024-10-20T20:21:24.179+0000] {logging_mixin.py:190} INFO - [2024-10-20T20:21:24.178+0000] {dag.py:3229} INFO - Sync 1 DAGs
[2024-10-20T20:21:24.205+0000] {logging_mixin.py:190} INFO - [2024-10-20T20:21:24.205+0000] {dag.py:4156} INFO - Setting next_dagrun for my_first_dag to 2024-09-17 00:00:00+00:00, run_after=2024-09-18 00:00:00+00:00
[2024-10-20T20:21:24.227+0000] {processor.py:208} INFO - Processing /opt/airflow/dags/FirstDag.py took 0.111 seconds
[2024-10-20T20:21:54.424+0000] {processor.py:186} INFO - Started process (PID=254) to work on /opt/airflow/dags/FirstDag.py
[2024-10-20T20:21:54.425+0000] {processor.py:914} INFO - Processing file /opt/airflow/dags/FirstDag.py for tasks to queue
[2024-10-20T20:21:54.428+0000] {logging_mixin.py:190} INFO - [2024-10-20T20:21:54.428+0000] {dagbag.py:587} INFO - Filling up the DagBag from /opt/airflow/dags/FirstDag.py
[2024-10-20T20:21:54.446+0000] {processor.py:925} INFO - DAG(s) 'my_first_dag' retrieved from /opt/airflow/dags/FirstDag.py
[2024-10-20T20:21:54.468+0000] {logging_mixin.py:190} INFO - [2024-10-20T20:21:54.467+0000] {dag.py:3229} INFO - Sync 1 DAGs
[2024-10-20T20:21:54.497+0000] {logging_mixin.py:190} INFO - [2024-10-20T20:21:54.496+0000] {dag.py:4156} INFO - Setting next_dagrun for my_first_dag to 2024-09-17 00:00:00+00:00, run_after=2024-09-18 00:00:00+00:00
[2024-10-20T20:21:54.521+0000] {processor.py:208} INFO - Processing /opt/airflow/dags/FirstDag.py took 0.103 seconds
[2024-10-20T20:22:24.735+0000] {processor.py:186} INFO - Started process (PID=256) to work on /opt/airflow/dags/FirstDag.py
[2024-10-20T20:22:24.736+0000] {processor.py:914} INFO - Processing file /opt/airflow/dags/FirstDag.py for tasks to queue
[2024-10-20T20:22:24.739+0000] {logging_mixin.py:190} INFO - [2024-10-20T20:22:24.738+0000] {dagbag.py:587} INFO - Filling up the DagBag from /opt/airflow/dags/FirstDag.py
[2024-10-20T20:22:24.757+0000] {processor.py:925} INFO - DAG(s) 'my_first_dag' retrieved from /opt/airflow/dags/FirstDag.py
[2024-10-20T20:22:24.778+0000] {logging_mixin.py:190} INFO - [2024-10-20T20:22:24.778+0000] {dag.py:3229} INFO - Sync 1 DAGs
[2024-10-20T20:22:24.803+0000] {logging_mixin.py:190} INFO - [2024-10-20T20:22:24.802+0000] {dag.py:4156} INFO - Setting next_dagrun for my_first_dag to 2024-09-17 00:00:00+00:00, run_after=2024-09-18 00:00:00+00:00
[2024-10-20T20:22:24.826+0000] {processor.py:208} INFO - Processing /opt/airflow/dags/FirstDag.py took 0.097 seconds
[2024-10-20T20:22:55.038+0000] {processor.py:186} INFO - Started process (PID=258) to work on /opt/airflow/dags/FirstDag.py
[2024-10-20T20:22:55.039+0000] {processor.py:914} INFO - Processing file /opt/airflow/dags/FirstDag.py for tasks to queue
[2024-10-20T20:22:55.044+0000] {logging_mixin.py:190} INFO - [2024-10-20T20:22:55.042+0000] {dagbag.py:587} INFO - Filling up the DagBag from /opt/airflow/dags/FirstDag.py
[2024-10-20T20:22:55.065+0000] {processor.py:925} INFO - DAG(s) 'my_first_dag' retrieved from /opt/airflow/dags/FirstDag.py
[2024-10-20T20:22:55.092+0000] {logging_mixin.py:190} INFO - [2024-10-20T20:22:55.092+0000] {dag.py:3229} INFO - Sync 1 DAGs
[2024-10-20T20:22:55.125+0000] {logging_mixin.py:190} INFO - [2024-10-20T20:22:55.124+0000] {dag.py:4156} INFO - Setting next_dagrun for my_first_dag to 2024-09-17 00:00:00+00:00, run_after=2024-09-18 00:00:00+00:00
[2024-10-20T20:22:55.151+0000] {processor.py:208} INFO - Processing /opt/airflow/dags/FirstDag.py took 0.120 seconds
[2024-10-20T20:23:25.336+0000] {processor.py:186} INFO - Started process (PID=260) to work on /opt/airflow/dags/FirstDag.py
[2024-10-20T20:23:25.337+0000] {processor.py:914} INFO - Processing file /opt/airflow/dags/FirstDag.py for tasks to queue
[2024-10-20T20:23:25.339+0000] {logging_mixin.py:190} INFO - [2024-10-20T20:23:25.338+0000] {dagbag.py:587} INFO - Filling up the DagBag from /opt/airflow/dags/FirstDag.py
[2024-10-20T20:23:25.362+0000] {processor.py:925} INFO - DAG(s) 'my_first_dag' retrieved from /opt/airflow/dags/FirstDag.py
[2024-10-20T20:23:25.392+0000] {logging_mixin.py:190} INFO - [2024-10-20T20:23:25.392+0000] {dag.py:3229} INFO - Sync 1 DAGs
[2024-10-20T20:23:25.420+0000] {logging_mixin.py:190} INFO - [2024-10-20T20:23:25.419+0000] {dag.py:4156} INFO - Setting next_dagrun for my_first_dag to 2024-09-17 00:00:00+00:00, run_after=2024-09-18 00:00:00+00:00
[2024-10-20T20:23:25.445+0000] {processor.py:208} INFO - Processing /opt/airflow/dags/FirstDag.py took 0.116 seconds
[2024-10-20T20:23:55.632+0000] {processor.py:186} INFO - Started process (PID=262) to work on /opt/airflow/dags/FirstDag.py
[2024-10-20T20:23:55.633+0000] {processor.py:914} INFO - Processing file /opt/airflow/dags/FirstDag.py for tasks to queue
[2024-10-20T20:23:55.636+0000] {logging_mixin.py:190} INFO - [2024-10-20T20:23:55.635+0000] {dagbag.py:587} INFO - Filling up the DagBag from /opt/airflow/dags/FirstDag.py
[2024-10-20T20:23:55.654+0000] {processor.py:925} INFO - DAG(s) 'my_first_dag' retrieved from /opt/airflow/dags/FirstDag.py
[2024-10-20T20:23:55.687+0000] {logging_mixin.py:190} INFO - [2024-10-20T20:23:55.687+0000] {dag.py:3229} INFO - Sync 1 DAGs
[2024-10-20T20:23:55.728+0000] {logging_mixin.py:190} INFO - [2024-10-20T20:23:55.727+0000] {dag.py:4156} INFO - Setting next_dagrun for my_first_dag to 2024-09-17 00:00:00+00:00, run_after=2024-09-18 00:00:00+00:00
[2024-10-20T20:23:55.818+0000] {processor.py:208} INFO - Processing /opt/airflow/dags/FirstDag.py took 0.192 seconds
[2024-10-20T20:24:26.038+0000] {processor.py:186} INFO - Started process (PID=264) to work on /opt/airflow/dags/FirstDag.py
[2024-10-20T20:24:26.040+0000] {processor.py:914} INFO - Processing file /opt/airflow/dags/FirstDag.py for tasks to queue
[2024-10-20T20:24:26.042+0000] {logging_mixin.py:190} INFO - [2024-10-20T20:24:26.042+0000] {dagbag.py:587} INFO - Filling up the DagBag from /opt/airflow/dags/FirstDag.py
[2024-10-20T20:24:26.070+0000] {processor.py:925} INFO - DAG(s) 'my_first_dag' retrieved from /opt/airflow/dags/FirstDag.py
[2024-10-20T20:24:26.101+0000] {logging_mixin.py:190} INFO - [2024-10-20T20:24:26.100+0000] {dag.py:3229} INFO - Sync 1 DAGs
[2024-10-20T20:24:26.146+0000] {logging_mixin.py:190} INFO - [2024-10-20T20:24:26.146+0000] {dag.py:4156} INFO - Setting next_dagrun for my_first_dag to 2024-09-17 00:00:00+00:00, run_after=2024-09-18 00:00:00+00:00
[2024-10-20T20:24:26.172+0000] {processor.py:208} INFO - Processing /opt/airflow/dags/FirstDag.py took 0.141 seconds
[2024-10-20T20:24:56.353+0000] {processor.py:186} INFO - Started process (PID=266) to work on /opt/airflow/dags/FirstDag.py
[2024-10-20T20:24:56.354+0000] {processor.py:914} INFO - Processing file /opt/airflow/dags/FirstDag.py for tasks to queue
[2024-10-20T20:24:56.357+0000] {logging_mixin.py:190} INFO - [2024-10-20T20:24:56.357+0000] {dagbag.py:587} INFO - Filling up the DagBag from /opt/airflow/dags/FirstDag.py
[2024-10-20T20:24:56.387+0000] {processor.py:925} INFO - DAG(s) 'my_first_dag' retrieved from /opt/airflow/dags/FirstDag.py
[2024-10-20T20:24:56.417+0000] {logging_mixin.py:190} INFO - [2024-10-20T20:24:56.417+0000] {dag.py:3229} INFO - Sync 1 DAGs
[2024-10-20T20:24:56.444+0000] {logging_mixin.py:190} INFO - [2024-10-20T20:24:56.444+0000] {dag.py:4156} INFO - Setting next_dagrun for my_first_dag to 2024-09-17 00:00:00+00:00, run_after=2024-09-18 00:00:00+00:00
[2024-10-20T20:24:56.468+0000] {processor.py:208} INFO - Processing /opt/airflow/dags/FirstDag.py took 0.130 seconds
[2024-10-20T20:25:26.644+0000] {processor.py:186} INFO - Started process (PID=268) to work on /opt/airflow/dags/FirstDag.py
[2024-10-20T20:25:26.646+0000] {processor.py:914} INFO - Processing file /opt/airflow/dags/FirstDag.py for tasks to queue
[2024-10-20T20:25:26.649+0000] {logging_mixin.py:190} INFO - [2024-10-20T20:25:26.648+0000] {dagbag.py:587} INFO - Filling up the DagBag from /opt/airflow/dags/FirstDag.py
[2024-10-20T20:25:26.667+0000] {processor.py:925} INFO - DAG(s) 'my_first_dag' retrieved from /opt/airflow/dags/FirstDag.py
[2024-10-20T20:25:26.692+0000] {logging_mixin.py:190} INFO - [2024-10-20T20:25:26.691+0000] {dag.py:3229} INFO - Sync 1 DAGs
[2024-10-20T20:25:26.716+0000] {logging_mixin.py:190} INFO - [2024-10-20T20:25:26.715+0000] {dag.py:4156} INFO - Setting next_dagrun for my_first_dag to 2024-09-17 00:00:00+00:00, run_after=2024-09-18 00:00:00+00:00
[2024-10-20T20:25:26.738+0000] {processor.py:208} INFO - Processing /opt/airflow/dags/FirstDag.py took 0.100 seconds
[2024-10-20T20:25:56.953+0000] {processor.py:186} INFO - Started process (PID=270) to work on /opt/airflow/dags/FirstDag.py
[2024-10-20T20:25:56.955+0000] {processor.py:914} INFO - Processing file /opt/airflow/dags/FirstDag.py for tasks to queue
[2024-10-20T20:25:56.957+0000] {logging_mixin.py:190} INFO - [2024-10-20T20:25:56.957+0000] {dagbag.py:587} INFO - Filling up the DagBag from /opt/airflow/dags/FirstDag.py
[2024-10-20T20:25:56.975+0000] {processor.py:925} INFO - DAG(s) 'my_first_dag' retrieved from /opt/airflow/dags/FirstDag.py
[2024-10-20T20:25:56.997+0000] {logging_mixin.py:190} INFO - [2024-10-20T20:25:56.997+0000] {dag.py:3229} INFO - Sync 1 DAGs
[2024-10-20T20:25:57.022+0000] {logging_mixin.py:190} INFO - [2024-10-20T20:25:57.022+0000] {dag.py:4156} INFO - Setting next_dagrun for my_first_dag to 2024-09-17 00:00:00+00:00, run_after=2024-09-18 00:00:00+00:00
[2024-10-20T20:25:57.047+0000] {processor.py:208} INFO - Processing /opt/airflow/dags/FirstDag.py took 0.099 seconds
[2024-10-20T20:26:27.234+0000] {processor.py:186} INFO - Started process (PID=272) to work on /opt/airflow/dags/FirstDag.py
[2024-10-20T20:26:27.236+0000] {processor.py:914} INFO - Processing file /opt/airflow/dags/FirstDag.py for tasks to queue
[2024-10-20T20:26:27.238+0000] {logging_mixin.py:190} INFO - [2024-10-20T20:26:27.238+0000] {dagbag.py:587} INFO - Filling up the DagBag from /opt/airflow/dags/FirstDag.py
[2024-10-20T20:26:27.256+0000] {processor.py:925} INFO - DAG(s) 'my_first_dag' retrieved from /opt/airflow/dags/FirstDag.py
[2024-10-20T20:26:27.278+0000] {logging_mixin.py:190} INFO - [2024-10-20T20:26:27.278+0000] {dag.py:3229} INFO - Sync 1 DAGs
[2024-10-20T20:26:27.302+0000] {logging_mixin.py:190} INFO - [2024-10-20T20:26:27.302+0000] {dag.py:4156} INFO - Setting next_dagrun for my_first_dag to 2024-09-17 00:00:00+00:00, run_after=2024-09-18 00:00:00+00:00
[2024-10-20T20:26:27.326+0000] {processor.py:208} INFO - Processing /opt/airflow/dags/FirstDag.py took 0.097 seconds
[2024-10-20T20:26:57.509+0000] {processor.py:186} INFO - Started process (PID=274) to work on /opt/airflow/dags/FirstDag.py
[2024-10-20T20:26:57.510+0000] {processor.py:914} INFO - Processing file /opt/airflow/dags/FirstDag.py for tasks to queue
[2024-10-20T20:26:57.513+0000] {logging_mixin.py:190} INFO - [2024-10-20T20:26:57.512+0000] {dagbag.py:587} INFO - Filling up the DagBag from /opt/airflow/dags/FirstDag.py
[2024-10-20T20:26:57.531+0000] {processor.py:925} INFO - DAG(s) 'my_first_dag' retrieved from /opt/airflow/dags/FirstDag.py
[2024-10-20T20:26:57.554+0000] {logging_mixin.py:190} INFO - [2024-10-20T20:26:57.554+0000] {dag.py:3229} INFO - Sync 1 DAGs
[2024-10-20T20:26:57.582+0000] {logging_mixin.py:190} INFO - [2024-10-20T20:26:57.582+0000] {dag.py:4156} INFO - Setting next_dagrun for my_first_dag to 2024-09-17 00:00:00+00:00, run_after=2024-09-18 00:00:00+00:00
[2024-10-20T20:26:57.616+0000] {processor.py:208} INFO - Processing /opt/airflow/dags/FirstDag.py took 0.113 seconds
[2024-10-20T20:27:27.813+0000] {processor.py:186} INFO - Started process (PID=276) to work on /opt/airflow/dags/FirstDag.py
[2024-10-20T20:27:27.814+0000] {processor.py:914} INFO - Processing file /opt/airflow/dags/FirstDag.py for tasks to queue
[2024-10-20T20:27:27.817+0000] {logging_mixin.py:190} INFO - [2024-10-20T20:27:27.816+0000] {dagbag.py:587} INFO - Filling up the DagBag from /opt/airflow/dags/FirstDag.py
[2024-10-20T20:27:27.848+0000] {processor.py:925} INFO - DAG(s) 'my_first_dag' retrieved from /opt/airflow/dags/FirstDag.py
[2024-10-20T20:27:27.887+0000] {logging_mixin.py:190} INFO - [2024-10-20T20:27:27.886+0000] {dag.py:3229} INFO - Sync 1 DAGs
[2024-10-20T20:27:28.103+0000] {logging_mixin.py:190} INFO - [2024-10-20T20:27:28.103+0000] {dag.py:4156} INFO - Setting next_dagrun for my_first_dag to 2024-09-17 00:00:00+00:00, run_after=2024-09-18 00:00:00+00:00
[2024-10-20T20:27:28.208+0000] {processor.py:208} INFO - Processing /opt/airflow/dags/FirstDag.py took 0.404 seconds
[2024-10-20T20:27:58.394+0000] {processor.py:186} INFO - Started process (PID=278) to work on /opt/airflow/dags/FirstDag.py
[2024-10-20T20:27:58.395+0000] {processor.py:914} INFO - Processing file /opt/airflow/dags/FirstDag.py for tasks to queue
[2024-10-20T20:27:58.397+0000] {logging_mixin.py:190} INFO - [2024-10-20T20:27:58.397+0000] {dagbag.py:587} INFO - Filling up the DagBag from /opt/airflow/dags/FirstDag.py
[2024-10-20T20:27:58.414+0000] {processor.py:925} INFO - DAG(s) 'my_first_dag' retrieved from /opt/airflow/dags/FirstDag.py
[2024-10-20T20:27:58.506+0000] {logging_mixin.py:190} INFO - [2024-10-20T20:27:58.505+0000] {dag.py:3229} INFO - Sync 1 DAGs
[2024-10-20T20:27:58.544+0000] {logging_mixin.py:190} INFO - [2024-10-20T20:27:58.544+0000] {dag.py:4156} INFO - Setting next_dagrun for my_first_dag to 2024-09-17 00:00:00+00:00, run_after=2024-09-18 00:00:00+00:00
[2024-10-20T20:27:58.579+0000] {processor.py:208} INFO - Processing /opt/airflow/dags/FirstDag.py took 0.191 seconds
[2024-10-20T20:28:28.788+0000] {processor.py:186} INFO - Started process (PID=280) to work on /opt/airflow/dags/FirstDag.py
[2024-10-20T20:28:28.789+0000] {processor.py:914} INFO - Processing file /opt/airflow/dags/FirstDag.py for tasks to queue
[2024-10-20T20:28:28.793+0000] {logging_mixin.py:190} INFO - [2024-10-20T20:28:28.793+0000] {dagbag.py:587} INFO - Filling up the DagBag from /opt/airflow/dags/FirstDag.py
[2024-10-20T20:28:28.816+0000] {processor.py:925} INFO - DAG(s) 'my_first_dag' retrieved from /opt/airflow/dags/FirstDag.py
[2024-10-20T20:28:28.845+0000] {logging_mixin.py:190} INFO - [2024-10-20T20:28:28.845+0000] {dag.py:3229} INFO - Sync 1 DAGs
[2024-10-20T20:28:28.895+0000] {logging_mixin.py:190} INFO - [2024-10-20T20:28:28.894+0000] {dag.py:4156} INFO - Setting next_dagrun for my_first_dag to 2024-09-17 00:00:00+00:00, run_after=2024-09-18 00:00:00+00:00
[2024-10-20T20:28:28.928+0000] {processor.py:208} INFO - Processing /opt/airflow/dags/FirstDag.py took 0.148 seconds
[2024-10-20T20:28:59.079+0000] {processor.py:186} INFO - Started process (PID=282) to work on /opt/airflow/dags/FirstDag.py
[2024-10-20T20:28:59.080+0000] {processor.py:914} INFO - Processing file /opt/airflow/dags/FirstDag.py for tasks to queue
[2024-10-20T20:28:59.082+0000] {logging_mixin.py:190} INFO - [2024-10-20T20:28:59.082+0000] {dagbag.py:587} INFO - Filling up the DagBag from /opt/airflow/dags/FirstDag.py
[2024-10-20T20:28:59.099+0000] {processor.py:925} INFO - DAG(s) 'my_first_dag' retrieved from /opt/airflow/dags/FirstDag.py
[2024-10-20T20:28:59.121+0000] {logging_mixin.py:190} INFO - [2024-10-20T20:28:59.121+0000] {dag.py:3229} INFO - Sync 1 DAGs
[2024-10-20T20:28:59.146+0000] {logging_mixin.py:190} INFO - [2024-10-20T20:28:59.145+0000] {dag.py:4156} INFO - Setting next_dagrun for my_first_dag to 2024-09-17 00:00:00+00:00, run_after=2024-09-18 00:00:00+00:00
[2024-10-20T20:28:59.169+0000] {processor.py:208} INFO - Processing /opt/airflow/dags/FirstDag.py took 0.095 seconds
[2024-10-20T20:29:29.387+0000] {processor.py:186} INFO - Started process (PID=284) to work on /opt/airflow/dags/FirstDag.py
[2024-10-20T20:29:29.390+0000] {processor.py:914} INFO - Processing file /opt/airflow/dags/FirstDag.py for tasks to queue
[2024-10-20T20:29:29.395+0000] {logging_mixin.py:190} INFO - [2024-10-20T20:29:29.394+0000] {dagbag.py:587} INFO - Filling up the DagBag from /opt/airflow/dags/FirstDag.py
[2024-10-20T20:29:29.424+0000] {processor.py:925} INFO - DAG(s) 'my_first_dag' retrieved from /opt/airflow/dags/FirstDag.py
[2024-10-20T20:29:29.459+0000] {logging_mixin.py:190} INFO - [2024-10-20T20:29:29.459+0000] {dag.py:3229} INFO - Sync 1 DAGs
[2024-10-20T20:29:29.496+0000] {logging_mixin.py:190} INFO - [2024-10-20T20:29:29.496+0000] {dag.py:4156} INFO - Setting next_dagrun for my_first_dag to 2024-09-17 00:00:00+00:00, run_after=2024-09-18 00:00:00+00:00
[2024-10-20T20:29:29.518+0000] {processor.py:208} INFO - Processing /opt/airflow/dags/FirstDag.py took 0.144 seconds
[2024-10-20T20:29:59.662+0000] {processor.py:186} INFO - Started process (PID=319) to work on /opt/airflow/dags/FirstDag.py
[2024-10-20T20:29:59.663+0000] {processor.py:914} INFO - Processing file /opt/airflow/dags/FirstDag.py for tasks to queue
[2024-10-20T20:29:59.667+0000] {logging_mixin.py:190} INFO - [2024-10-20T20:29:59.666+0000] {dagbag.py:587} INFO - Filling up the DagBag from /opt/airflow/dags/FirstDag.py
[2024-10-20T20:29:59.686+0000] {processor.py:925} INFO - DAG(s) 'my_first_dag' retrieved from /opt/airflow/dags/FirstDag.py
[2024-10-20T20:29:59.716+0000] {logging_mixin.py:190} INFO - [2024-10-20T20:29:59.716+0000] {dag.py:3229} INFO - Sync 1 DAGs
[2024-10-20T20:29:59.748+0000] {logging_mixin.py:190} INFO - [2024-10-20T20:29:59.748+0000] {dag.py:4156} INFO - Setting next_dagrun for my_first_dag to 2024-09-17 00:00:00+00:00, run_after=2024-09-18 00:00:00+00:00
[2024-10-20T20:29:59.769+0000] {processor.py:208} INFO - Processing /opt/airflow/dags/FirstDag.py took 0.115 seconds
[2024-10-20T20:30:29.947+0000] {processor.py:186} INFO - Started process (PID=330) to work on /opt/airflow/dags/FirstDag.py
[2024-10-20T20:30:29.948+0000] {processor.py:914} INFO - Processing file /opt/airflow/dags/FirstDag.py for tasks to queue
[2024-10-20T20:30:29.951+0000] {logging_mixin.py:190} INFO - [2024-10-20T20:30:29.951+0000] {dagbag.py:587} INFO - Filling up the DagBag from /opt/airflow/dags/FirstDag.py
[2024-10-20T20:30:29.972+0000] {processor.py:925} INFO - DAG(s) 'my_first_dag' retrieved from /opt/airflow/dags/FirstDag.py
[2024-10-20T20:30:29.995+0000] {logging_mixin.py:190} INFO - [2024-10-20T20:30:29.994+0000] {dag.py:3229} INFO - Sync 1 DAGs
[2024-10-20T20:30:30.016+0000] {logging_mixin.py:190} INFO - [2024-10-20T20:30:30.015+0000] {dag.py:4156} INFO - Setting next_dagrun for my_first_dag to 2024-09-17 00:00:00+00:00, run_after=2024-09-18 00:00:00+00:00
[2024-10-20T20:30:30.039+0000] {processor.py:208} INFO - Processing /opt/airflow/dags/FirstDag.py took 0.098 seconds
[2024-10-20T20:31:00.300+0000] {processor.py:186} INFO - Started process (PID=332) to work on /opt/airflow/dags/FirstDag.py
[2024-10-20T20:31:00.301+0000] {processor.py:914} INFO - Processing file /opt/airflow/dags/FirstDag.py for tasks to queue
[2024-10-20T20:31:00.311+0000] {logging_mixin.py:190} INFO - [2024-10-20T20:31:00.310+0000] {dagbag.py:587} INFO - Filling up the DagBag from /opt/airflow/dags/FirstDag.py
[2024-10-20T20:31:00.392+0000] {processor.py:925} INFO - DAG(s) 'my_first_dag' retrieved from /opt/airflow/dags/FirstDag.py
[2024-10-20T20:31:00.442+0000] {logging_mixin.py:190} INFO - [2024-10-20T20:31:00.441+0000] {dag.py:3229} INFO - Sync 1 DAGs
[2024-10-20T20:31:00.489+0000] {logging_mixin.py:190} INFO - [2024-10-20T20:31:00.489+0000] {dag.py:4156} INFO - Setting next_dagrun for my_first_dag to 2024-09-17 00:00:00+00:00, run_after=2024-09-18 00:00:00+00:00
[2024-10-20T20:31:00.520+0000] {processor.py:208} INFO - Processing /opt/airflow/dags/FirstDag.py took 0.284 seconds
[2024-10-20T20:31:30.663+0000] {processor.py:186} INFO - Started process (PID=334) to work on /opt/airflow/dags/FirstDag.py
[2024-10-20T20:31:30.674+0000] {processor.py:914} INFO - Processing file /opt/airflow/dags/FirstDag.py for tasks to queue
[2024-10-20T20:31:30.684+0000] {logging_mixin.py:190} INFO - [2024-10-20T20:31:30.683+0000] {dagbag.py:587} INFO - Filling up the DagBag from /opt/airflow/dags/FirstDag.py
[2024-10-20T20:31:30.732+0000] {processor.py:925} INFO - DAG(s) 'my_first_dag' retrieved from /opt/airflow/dags/FirstDag.py
[2024-10-20T20:31:30.772+0000] {logging_mixin.py:190} INFO - [2024-10-20T20:31:30.771+0000] {dag.py:3229} INFO - Sync 1 DAGs
[2024-10-20T20:31:30.822+0000] {logging_mixin.py:190} INFO - [2024-10-20T20:31:30.822+0000] {dag.py:4156} INFO - Setting next_dagrun for my_first_dag to 2024-09-17 00:00:00+00:00, run_after=2024-09-18 00:00:00+00:00
[2024-10-20T20:31:30.853+0000] {processor.py:208} INFO - Processing /opt/airflow/dags/FirstDag.py took 0.210 seconds
[2024-10-20T20:32:01.060+0000] {processor.py:186} INFO - Started process (PID=346) to work on /opt/airflow/dags/FirstDag.py
[2024-10-20T20:32:01.061+0000] {processor.py:914} INFO - Processing file /opt/airflow/dags/FirstDag.py for tasks to queue
[2024-10-20T20:32:01.064+0000] {logging_mixin.py:190} INFO - [2024-10-20T20:32:01.063+0000] {dagbag.py:587} INFO - Filling up the DagBag from /opt/airflow/dags/FirstDag.py
[2024-10-20T20:32:01.083+0000] {processor.py:925} INFO - DAG(s) 'my_first_dag' retrieved from /opt/airflow/dags/FirstDag.py
[2024-10-20T20:32:01.108+0000] {logging_mixin.py:190} INFO - [2024-10-20T20:32:01.107+0000] {dag.py:3229} INFO - Sync 1 DAGs
[2024-10-20T20:32:01.133+0000] {logging_mixin.py:190} INFO - [2024-10-20T20:32:01.133+0000] {dag.py:4156} INFO - Setting next_dagrun for my_first_dag to 2024-09-17 00:00:00+00:00, run_after=2024-09-18 00:00:00+00:00
[2024-10-20T20:32:01.157+0000] {processor.py:208} INFO - Processing /opt/airflow/dags/FirstDag.py took 0.103 seconds
[2024-10-20T20:32:31.354+0000] {processor.py:186} INFO - Started process (PID=348) to work on /opt/airflow/dags/FirstDag.py
[2024-10-20T20:32:31.355+0000] {processor.py:914} INFO - Processing file /opt/airflow/dags/FirstDag.py for tasks to queue
[2024-10-20T20:32:31.359+0000] {logging_mixin.py:190} INFO - [2024-10-20T20:32:31.358+0000] {dagbag.py:587} INFO - Filling up the DagBag from /opt/airflow/dags/FirstDag.py
[2024-10-20T20:32:31.379+0000] {processor.py:925} INFO - DAG(s) 'my_first_dag' retrieved from /opt/airflow/dags/FirstDag.py
[2024-10-20T20:32:31.402+0000] {logging_mixin.py:190} INFO - [2024-10-20T20:32:31.402+0000] {dag.py:3229} INFO - Sync 1 DAGs
[2024-10-20T20:32:31.425+0000] {logging_mixin.py:190} INFO - [2024-10-20T20:32:31.425+0000] {dag.py:4156} INFO - Setting next_dagrun for my_first_dag to 2024-09-17 00:00:00+00:00, run_after=2024-09-18 00:00:00+00:00
[2024-10-20T20:32:31.446+0000] {processor.py:208} INFO - Processing /opt/airflow/dags/FirstDag.py took 0.097 seconds
[2024-10-20T20:33:01.637+0000] {processor.py:186} INFO - Started process (PID=350) to work on /opt/airflow/dags/FirstDag.py
[2024-10-20T20:33:01.638+0000] {processor.py:914} INFO - Processing file /opt/airflow/dags/FirstDag.py for tasks to queue
[2024-10-20T20:33:01.641+0000] {logging_mixin.py:190} INFO - [2024-10-20T20:33:01.641+0000] {dagbag.py:587} INFO - Filling up the DagBag from /opt/airflow/dags/FirstDag.py
[2024-10-20T20:33:01.657+0000] {processor.py:925} INFO - DAG(s) 'my_first_dag' retrieved from /opt/airflow/dags/FirstDag.py
[2024-10-20T20:33:01.677+0000] {logging_mixin.py:190} INFO - [2024-10-20T20:33:01.677+0000] {dag.py:3229} INFO - Sync 1 DAGs
[2024-10-20T20:33:01.709+0000] {logging_mixin.py:190} INFO - [2024-10-20T20:33:01.709+0000] {dag.py:4156} INFO - Setting next_dagrun for my_first_dag to 2024-09-17 00:00:00+00:00, run_after=2024-09-18 00:00:00+00:00
[2024-10-20T20:33:01.732+0000] {processor.py:208} INFO - Processing /opt/airflow/dags/FirstDag.py took 0.100 seconds
[2024-10-20T20:33:31.930+0000] {processor.py:186} INFO - Started process (PID=352) to work on /opt/airflow/dags/FirstDag.py
[2024-10-20T20:33:31.932+0000] {processor.py:914} INFO - Processing file /opt/airflow/dags/FirstDag.py for tasks to queue
[2024-10-20T20:33:31.935+0000] {logging_mixin.py:190} INFO - [2024-10-20T20:33:31.935+0000] {dagbag.py:587} INFO - Filling up the DagBag from /opt/airflow/dags/FirstDag.py
[2024-10-20T20:33:31.960+0000] {processor.py:925} INFO - DAG(s) 'my_first_dag' retrieved from /opt/airflow/dags/FirstDag.py
[2024-10-20T20:33:31.989+0000] {logging_mixin.py:190} INFO - [2024-10-20T20:33:31.989+0000] {dag.py:3229} INFO - Sync 1 DAGs
[2024-10-20T20:33:32.013+0000] {logging_mixin.py:190} INFO - [2024-10-20T20:33:32.012+0000] {dag.py:4156} INFO - Setting next_dagrun for my_first_dag to 2024-09-17 00:00:00+00:00, run_after=2024-09-18 00:00:00+00:00
[2024-10-20T20:33:32.033+0000] {processor.py:208} INFO - Processing /opt/airflow/dags/FirstDag.py took 0.108 seconds
[2024-10-20T20:34:02.215+0000] {processor.py:186} INFO - Started process (PID=355) to work on /opt/airflow/dags/FirstDag.py
[2024-10-20T20:34:02.216+0000] {processor.py:914} INFO - Processing file /opt/airflow/dags/FirstDag.py for tasks to queue
[2024-10-20T20:34:02.218+0000] {logging_mixin.py:190} INFO - [2024-10-20T20:34:02.218+0000] {dagbag.py:587} INFO - Filling up the DagBag from /opt/airflow/dags/FirstDag.py
[2024-10-20T20:34:02.234+0000] {processor.py:925} INFO - DAG(s) 'my_first_dag' retrieved from /opt/airflow/dags/FirstDag.py
[2024-10-20T20:34:02.255+0000] {logging_mixin.py:190} INFO - [2024-10-20T20:34:02.254+0000] {dag.py:3229} INFO - Sync 1 DAGs
[2024-10-20T20:34:02.278+0000] {logging_mixin.py:190} INFO - [2024-10-20T20:34:02.278+0000] {dag.py:4156} INFO - Setting next_dagrun for my_first_dag to 2024-09-17 00:00:00+00:00, run_after=2024-09-18 00:00:00+00:00
[2024-10-20T20:34:02.309+0000] {processor.py:208} INFO - Processing /opt/airflow/dags/FirstDag.py took 0.099 seconds
[2024-10-20T20:34:32.514+0000] {processor.py:186} INFO - Started process (PID=358) to work on /opt/airflow/dags/FirstDag.py
[2024-10-20T20:34:32.516+0000] {processor.py:914} INFO - Processing file /opt/airflow/dags/FirstDag.py for tasks to queue
[2024-10-20T20:34:32.518+0000] {logging_mixin.py:190} INFO - [2024-10-20T20:34:32.518+0000] {dagbag.py:587} INFO - Filling up the DagBag from /opt/airflow/dags/FirstDag.py
[2024-10-20T20:34:32.538+0000] {processor.py:925} INFO - DAG(s) 'my_first_dag' retrieved from /opt/airflow/dags/FirstDag.py
[2024-10-20T20:34:32.561+0000] {logging_mixin.py:190} INFO - [2024-10-20T20:34:32.561+0000] {dag.py:3229} INFO - Sync 1 DAGs
[2024-10-20T20:34:32.587+0000] {logging_mixin.py:190} INFO - [2024-10-20T20:34:32.586+0000] {dag.py:4156} INFO - Setting next_dagrun for my_first_dag to 2024-09-17 00:00:00+00:00, run_after=2024-09-18 00:00:00+00:00
[2024-10-20T20:34:32.619+0000] {processor.py:208} INFO - Processing /opt/airflow/dags/FirstDag.py took 0.111 seconds
[2024-10-20T20:35:02.806+0000] {processor.py:186} INFO - Started process (PID=361) to work on /opt/airflow/dags/FirstDag.py
[2024-10-20T20:35:02.807+0000] {processor.py:914} INFO - Processing file /opt/airflow/dags/FirstDag.py for tasks to queue
[2024-10-20T20:35:02.810+0000] {logging_mixin.py:190} INFO - [2024-10-20T20:35:02.809+0000] {dagbag.py:587} INFO - Filling up the DagBag from /opt/airflow/dags/FirstDag.py
[2024-10-20T20:35:02.827+0000] {processor.py:925} INFO - DAG(s) 'my_first_dag' retrieved from /opt/airflow/dags/FirstDag.py
[2024-10-20T20:35:02.851+0000] {logging_mixin.py:190} INFO - [2024-10-20T20:35:02.851+0000] {dag.py:3229} INFO - Sync 1 DAGs
[2024-10-20T20:35:02.877+0000] {logging_mixin.py:190} INFO - [2024-10-20T20:35:02.876+0000] {dag.py:4156} INFO - Setting next_dagrun for my_first_dag to 2024-09-17 00:00:00+00:00, run_after=2024-09-18 00:00:00+00:00
[2024-10-20T20:35:02.919+0000] {processor.py:208} INFO - Processing /opt/airflow/dags/FirstDag.py took 0.118 seconds
[2024-10-20T20:35:33.136+0000] {processor.py:186} INFO - Started process (PID=364) to work on /opt/airflow/dags/FirstDag.py
[2024-10-20T20:35:33.137+0000] {processor.py:914} INFO - Processing file /opt/airflow/dags/FirstDag.py for tasks to queue
[2024-10-20T20:35:33.140+0000] {logging_mixin.py:190} INFO - [2024-10-20T20:35:33.140+0000] {dagbag.py:587} INFO - Filling up the DagBag from /opt/airflow/dags/FirstDag.py
[2024-10-20T20:35:33.160+0000] {processor.py:925} INFO - DAG(s) 'my_first_dag' retrieved from /opt/airflow/dags/FirstDag.py
[2024-10-20T20:35:33.183+0000] {logging_mixin.py:190} INFO - [2024-10-20T20:35:33.182+0000] {dag.py:3229} INFO - Sync 1 DAGs
[2024-10-20T20:35:33.211+0000] {logging_mixin.py:190} INFO - [2024-10-20T20:35:33.210+0000] {dag.py:4156} INFO - Setting next_dagrun for my_first_dag to 2024-09-17 00:00:00+00:00, run_after=2024-09-18 00:00:00+00:00
[2024-10-20T20:35:33.238+0000] {processor.py:208} INFO - Processing /opt/airflow/dags/FirstDag.py took 0.108 seconds
[2024-10-20T20:36:03.477+0000] {processor.py:186} INFO - Started process (PID=367) to work on /opt/airflow/dags/FirstDag.py
[2024-10-20T20:36:03.478+0000] {processor.py:914} INFO - Processing file /opt/airflow/dags/FirstDag.py for tasks to queue
[2024-10-20T20:36:03.480+0000] {logging_mixin.py:190} INFO - [2024-10-20T20:36:03.480+0000] {dagbag.py:587} INFO - Filling up the DagBag from /opt/airflow/dags/FirstDag.py
[2024-10-20T20:36:03.498+0000] {processor.py:925} INFO - DAG(s) 'my_first_dag' retrieved from /opt/airflow/dags/FirstDag.py
[2024-10-20T20:36:03.520+0000] {logging_mixin.py:190} INFO - [2024-10-20T20:36:03.520+0000] {dag.py:3229} INFO - Sync 1 DAGs
[2024-10-20T20:36:03.543+0000] {logging_mixin.py:190} INFO - [2024-10-20T20:36:03.543+0000] {dag.py:4156} INFO - Setting next_dagrun for my_first_dag to 2024-09-17 00:00:00+00:00, run_after=2024-09-18 00:00:00+00:00
[2024-10-20T20:36:03.567+0000] {processor.py:208} INFO - Processing /opt/airflow/dags/FirstDag.py took 0.096 seconds
[2024-10-20T20:36:34.077+0000] {processor.py:186} INFO - Started process (PID=370) to work on /opt/airflow/dags/FirstDag.py
[2024-10-20T20:36:34.078+0000] {processor.py:914} INFO - Processing file /opt/airflow/dags/FirstDag.py for tasks to queue
[2024-10-20T20:36:34.081+0000] {logging_mixin.py:190} INFO - [2024-10-20T20:36:34.080+0000] {dagbag.py:587} INFO - Filling up the DagBag from /opt/airflow/dags/FirstDag.py
[2024-10-20T20:36:34.097+0000] {processor.py:925} INFO - DAG(s) 'my_first_dag' retrieved from /opt/airflow/dags/FirstDag.py
[2024-10-20T20:36:34.121+0000] {logging_mixin.py:190} INFO - [2024-10-20T20:36:34.120+0000] {dag.py:3229} INFO - Sync 1 DAGs
[2024-10-20T20:36:34.145+0000] {logging_mixin.py:190} INFO - [2024-10-20T20:36:34.144+0000] {dag.py:4156} INFO - Setting next_dagrun for my_first_dag to 2024-09-17 00:00:00+00:00, run_after=2024-09-18 00:00:00+00:00
[2024-10-20T20:36:34.170+0000] {processor.py:208} INFO - Processing /opt/airflow/dags/FirstDag.py took 0.098 seconds
[2024-10-20T20:37:04.638+0000] {processor.py:186} INFO - Started process (PID=373) to work on /opt/airflow/dags/FirstDag.py
[2024-10-20T20:37:04.639+0000] {processor.py:914} INFO - Processing file /opt/airflow/dags/FirstDag.py for tasks to queue
[2024-10-20T20:37:04.641+0000] {logging_mixin.py:190} INFO - [2024-10-20T20:37:04.641+0000] {dagbag.py:587} INFO - Filling up the DagBag from /opt/airflow/dags/FirstDag.py
[2024-10-20T20:37:04.658+0000] {processor.py:925} INFO - DAG(s) 'my_first_dag' retrieved from /opt/airflow/dags/FirstDag.py
[2024-10-20T20:37:04.696+0000] {logging_mixin.py:190} INFO - [2024-10-20T20:37:04.695+0000] {dag.py:3229} INFO - Sync 1 DAGs
[2024-10-20T20:37:04.738+0000] {logging_mixin.py:190} INFO - [2024-10-20T20:37:04.738+0000] {dag.py:4156} INFO - Setting next_dagrun for my_first_dag to 2024-09-17 00:00:00+00:00, run_after=2024-09-18 00:00:00+00:00
[2024-10-20T20:37:04.793+0000] {processor.py:208} INFO - Processing /opt/airflow/dags/FirstDag.py took 0.161 seconds
[2024-10-20T20:37:35.191+0000] {processor.py:186} INFO - Started process (PID=376) to work on /opt/airflow/dags/FirstDag.py
[2024-10-20T20:37:35.192+0000] {processor.py:914} INFO - Processing file /opt/airflow/dags/FirstDag.py for tasks to queue
[2024-10-20T20:37:35.194+0000] {logging_mixin.py:190} INFO - [2024-10-20T20:37:35.194+0000] {dagbag.py:587} INFO - Filling up the DagBag from /opt/airflow/dags/FirstDag.py
[2024-10-20T20:37:35.213+0000] {processor.py:925} INFO - DAG(s) 'my_first_dag' retrieved from /opt/airflow/dags/FirstDag.py
[2024-10-20T20:37:35.237+0000] {logging_mixin.py:190} INFO - [2024-10-20T20:37:35.237+0000] {dag.py:3229} INFO - Sync 1 DAGs
[2024-10-20T20:37:35.262+0000] {logging_mixin.py:190} INFO - [2024-10-20T20:37:35.261+0000] {dag.py:4156} INFO - Setting next_dagrun for my_first_dag to 2024-09-17 00:00:00+00:00, run_after=2024-09-18 00:00:00+00:00
[2024-10-20T20:37:35.293+0000] {processor.py:208} INFO - Processing /opt/airflow/dags/FirstDag.py took 0.107 seconds
[2024-10-20T20:38:05.497+0000] {processor.py:186} INFO - Started process (PID=379) to work on /opt/airflow/dags/FirstDag.py
[2024-10-20T20:38:05.498+0000] {processor.py:914} INFO - Processing file /opt/airflow/dags/FirstDag.py for tasks to queue
[2024-10-20T20:38:05.501+0000] {logging_mixin.py:190} INFO - [2024-10-20T20:38:05.501+0000] {dagbag.py:587} INFO - Filling up the DagBag from /opt/airflow/dags/FirstDag.py
[2024-10-20T20:38:05.517+0000] {processor.py:925} INFO - DAG(s) 'my_first_dag' retrieved from /opt/airflow/dags/FirstDag.py
[2024-10-20T20:38:05.539+0000] {logging_mixin.py:190} INFO - [2024-10-20T20:38:05.539+0000] {dag.py:3229} INFO - Sync 1 DAGs
[2024-10-20T20:38:05.566+0000] {logging_mixin.py:190} INFO - [2024-10-20T20:38:05.566+0000] {dag.py:4156} INFO - Setting next_dagrun for my_first_dag to 2024-09-17 00:00:00+00:00, run_after=2024-09-18 00:00:00+00:00
[2024-10-20T20:38:05.592+0000] {processor.py:208} INFO - Processing /opt/airflow/dags/FirstDag.py took 0.100 seconds
[2024-10-20T20:38:35.800+0000] {processor.py:186} INFO - Started process (PID=382) to work on /opt/airflow/dags/FirstDag.py
[2024-10-20T20:38:35.801+0000] {processor.py:914} INFO - Processing file /opt/airflow/dags/FirstDag.py for tasks to queue
[2024-10-20T20:38:35.803+0000] {logging_mixin.py:190} INFO - [2024-10-20T20:38:35.803+0000] {dagbag.py:587} INFO - Filling up the DagBag from /opt/airflow/dags/FirstDag.py
[2024-10-20T20:38:35.821+0000] {processor.py:925} INFO - DAG(s) 'my_first_dag' retrieved from /opt/airflow/dags/FirstDag.py
[2024-10-20T20:38:35.843+0000] {logging_mixin.py:190} INFO - [2024-10-20T20:38:35.842+0000] {dag.py:3229} INFO - Sync 1 DAGs
[2024-10-20T20:38:35.867+0000] {logging_mixin.py:190} INFO - [2024-10-20T20:38:35.867+0000] {dag.py:4156} INFO - Setting next_dagrun for my_first_dag to 2024-09-17 00:00:00+00:00, run_after=2024-09-18 00:00:00+00:00
[2024-10-20T20:38:35.890+0000] {processor.py:208} INFO - Processing /opt/airflow/dags/FirstDag.py took 0.096 seconds
[2024-10-20T20:39:06.091+0000] {processor.py:186} INFO - Started process (PID=385) to work on /opt/airflow/dags/FirstDag.py
[2024-10-20T20:39:06.092+0000] {processor.py:914} INFO - Processing file /opt/airflow/dags/FirstDag.py for tasks to queue
[2024-10-20T20:39:06.095+0000] {logging_mixin.py:190} INFO - [2024-10-20T20:39:06.095+0000] {dagbag.py:587} INFO - Filling up the DagBag from /opt/airflow/dags/FirstDag.py
[2024-10-20T20:39:06.118+0000] {processor.py:925} INFO - DAG(s) 'my_first_dag' retrieved from /opt/airflow/dags/FirstDag.py
[2024-10-20T20:39:06.140+0000] {logging_mixin.py:190} INFO - [2024-10-20T20:39:06.140+0000] {dag.py:3229} INFO - Sync 1 DAGs
[2024-10-20T20:39:06.164+0000] {logging_mixin.py:190} INFO - [2024-10-20T20:39:06.164+0000] {dag.py:4156} INFO - Setting next_dagrun for my_first_dag to 2024-09-17 00:00:00+00:00, run_after=2024-09-18 00:00:00+00:00
[2024-10-20T20:39:06.196+0000] {processor.py:208} INFO - Processing /opt/airflow/dags/FirstDag.py took 0.110 seconds
[2024-10-20T20:39:36.382+0000] {processor.py:186} INFO - Started process (PID=388) to work on /opt/airflow/dags/FirstDag.py
[2024-10-20T20:39:36.383+0000] {processor.py:914} INFO - Processing file /opt/airflow/dags/FirstDag.py for tasks to queue
[2024-10-20T20:39:36.385+0000] {logging_mixin.py:190} INFO - [2024-10-20T20:39:36.385+0000] {dagbag.py:587} INFO - Filling up the DagBag from /opt/airflow/dags/FirstDag.py
[2024-10-20T20:39:36.402+0000] {processor.py:925} INFO - DAG(s) 'my_first_dag' retrieved from /opt/airflow/dags/FirstDag.py
[2024-10-20T20:39:36.424+0000] {logging_mixin.py:190} INFO - [2024-10-20T20:39:36.424+0000] {dag.py:3229} INFO - Sync 1 DAGs
[2024-10-20T20:39:36.448+0000] {logging_mixin.py:190} INFO - [2024-10-20T20:39:36.448+0000] {dag.py:4156} INFO - Setting next_dagrun for my_first_dag to 2024-09-17 00:00:00+00:00, run_after=2024-09-18 00:00:00+00:00
[2024-10-20T20:39:36.470+0000] {processor.py:208} INFO - Processing /opt/airflow/dags/FirstDag.py took 0.094 seconds
[2024-10-20T20:40:06.671+0000] {processor.py:186} INFO - Started process (PID=391) to work on /opt/airflow/dags/FirstDag.py
[2024-10-20T20:40:06.672+0000] {processor.py:914} INFO - Processing file /opt/airflow/dags/FirstDag.py for tasks to queue
[2024-10-20T20:40:06.675+0000] {logging_mixin.py:190} INFO - [2024-10-20T20:40:06.674+0000] {dagbag.py:587} INFO - Filling up the DagBag from /opt/airflow/dags/FirstDag.py
[2024-10-20T20:40:06.693+0000] {processor.py:925} INFO - DAG(s) 'my_first_dag' retrieved from /opt/airflow/dags/FirstDag.py
[2024-10-20T20:40:06.714+0000] {logging_mixin.py:190} INFO - [2024-10-20T20:40:06.714+0000] {dag.py:3229} INFO - Sync 1 DAGs
[2024-10-20T20:40:06.737+0000] {logging_mixin.py:190} INFO - [2024-10-20T20:40:06.737+0000] {dag.py:4156} INFO - Setting next_dagrun for my_first_dag to 2024-09-17 00:00:00+00:00, run_after=2024-09-18 00:00:00+00:00
[2024-10-20T20:40:06.762+0000] {processor.py:208} INFO - Processing /opt/airflow/dags/FirstDag.py took 0.096 seconds
[2024-10-20T20:40:37.352+0000] {processor.py:186} INFO - Started process (PID=394) to work on /opt/airflow/dags/FirstDag.py
[2024-10-20T20:40:37.353+0000] {processor.py:914} INFO - Processing file /opt/airflow/dags/FirstDag.py for tasks to queue
[2024-10-20T20:40:37.355+0000] {logging_mixin.py:190} INFO - [2024-10-20T20:40:37.354+0000] {dagbag.py:587} INFO - Filling up the DagBag from /opt/airflow/dags/FirstDag.py
[2024-10-20T20:40:37.373+0000] {processor.py:925} INFO - DAG(s) 'my_first_dag' retrieved from /opt/airflow/dags/FirstDag.py
[2024-10-20T20:40:37.391+0000] {logging_mixin.py:190} INFO - [2024-10-20T20:40:37.391+0000] {dag.py:3229} INFO - Sync 1 DAGs
[2024-10-20T20:40:37.413+0000] {logging_mixin.py:190} INFO - [2024-10-20T20:40:37.412+0000] {dag.py:4156} INFO - Setting next_dagrun for my_first_dag to 2024-09-17 00:00:00+00:00, run_after=2024-09-18 00:00:00+00:00
[2024-10-20T20:40:37.433+0000] {processor.py:208} INFO - Processing /opt/airflow/dags/FirstDag.py took 0.086 seconds
