[2024-10-20T19:54:00.251+0000] {processor.py:186} INFO - Started process (PID=56) to work on /opt/airflow/dags/helloworld.py
[2024-10-20T19:54:00.257+0000] {processor.py:914} INFO - Processing file /opt/airflow/dags/helloworld.py for tasks to queue
[2024-10-20T19:54:00.269+0000] {logging_mixin.py:190} INFO - [2024-10-20T19:54:00.268+0000] {dagbag.py:587} INFO - Filling up the DagBag from /opt/airflow/dags/helloworld.py
[2024-10-20T19:54:00.403+0000] {processor.py:925} INFO - DAG(s) 'hello_world_dag' retrieved from /opt/airflow/dags/helloworld.py
[2024-10-20T19:54:00.609+0000] {logging_mixin.py:190} INFO - [2024-10-20T19:54:00.608+0000] {dag.py:3229} INFO - Sync 1 DAGs
[2024-10-20T19:54:00.727+0000] {logging_mixin.py:190} INFO - [2024-10-20T19:54:00.726+0000] {dag.py:4156} INFO - Setting next_dagrun for hello_world_dag to 2024-10-20 18:00:00+00:00, run_after=2024-10-20 19:00:00+00:00
[2024-10-20T19:54:00.793+0000] {processor.py:208} INFO - Processing /opt/airflow/dags/helloworld.py took 0.573 seconds
[2024-10-20T19:54:30.937+0000] {processor.py:186} INFO - Started process (PID=71) to work on /opt/airflow/dags/helloworld.py
[2024-10-20T19:54:30.938+0000] {processor.py:914} INFO - Processing file /opt/airflow/dags/helloworld.py for tasks to queue
[2024-10-20T19:54:30.940+0000] {logging_mixin.py:190} INFO - [2024-10-20T19:54:30.940+0000] {dagbag.py:587} INFO - Filling up the DagBag from /opt/airflow/dags/helloworld.py
[2024-10-20T19:54:30.988+0000] {processor.py:925} INFO - DAG(s) 'hello_world_dag' retrieved from /opt/airflow/dags/helloworld.py
[2024-10-20T19:54:31.029+0000] {logging_mixin.py:190} INFO - [2024-10-20T19:54:31.029+0000] {dag.py:3229} INFO - Sync 1 DAGs
[2024-10-20T19:54:31.080+0000] {logging_mixin.py:190} INFO - [2024-10-20T19:54:31.080+0000] {dag.py:4156} INFO - Setting next_dagrun for hello_world_dag to 2024-10-20 18:00:00+00:00, run_after=2024-10-20 19:00:00+00:00
[2024-10-20T19:54:31.127+0000] {processor.py:208} INFO - Processing /opt/airflow/dags/helloworld.py took 0.195 seconds
[2024-10-20T19:55:02.421+0000] {processor.py:186} INFO - Started process (PID=119) to work on /opt/airflow/dags/helloworld.py
[2024-10-20T19:55:02.422+0000] {processor.py:914} INFO - Processing file /opt/airflow/dags/helloworld.py for tasks to queue
[2024-10-20T19:55:02.424+0000] {logging_mixin.py:190} INFO - [2024-10-20T19:55:02.424+0000] {dagbag.py:587} INFO - Filling up the DagBag from /opt/airflow/dags/helloworld.py
[2024-10-20T19:55:02.464+0000] {processor.py:925} INFO - DAG(s) 'hello_world_dag' retrieved from /opt/airflow/dags/helloworld.py
[2024-10-20T19:55:02.505+0000] {logging_mixin.py:190} INFO - [2024-10-20T19:55:02.505+0000] {dag.py:3229} INFO - Sync 1 DAGs
[2024-10-20T19:55:02.551+0000] {logging_mixin.py:190} INFO - [2024-10-20T19:55:02.551+0000] {dag.py:4156} INFO - Setting next_dagrun for hello_world_dag to 2024-10-20 18:00:00+00:00, run_after=2024-10-20 19:00:00+00:00
[2024-10-20T19:55:02.603+0000] {processor.py:208} INFO - Processing /opt/airflow/dags/helloworld.py took 0.191 seconds
[2024-10-20T19:55:33.601+0000] {processor.py:186} INFO - Started process (PID=121) to work on /opt/airflow/dags/helloworld.py
[2024-10-20T19:55:33.603+0000] {processor.py:914} INFO - Processing file /opt/airflow/dags/helloworld.py for tasks to queue
[2024-10-20T19:55:33.606+0000] {logging_mixin.py:190} INFO - [2024-10-20T19:55:33.605+0000] {dagbag.py:587} INFO - Filling up the DagBag from /opt/airflow/dags/helloworld.py
[2024-10-20T19:55:33.756+0000] {processor.py:925} INFO - DAG(s) 'hello_world_dag' retrieved from /opt/airflow/dags/helloworld.py
[2024-10-20T19:55:33.828+0000] {logging_mixin.py:190} INFO - [2024-10-20T19:55:33.827+0000] {dag.py:3229} INFO - Sync 1 DAGs
[2024-10-20T19:55:33.957+0000] {logging_mixin.py:190} INFO - [2024-10-20T19:55:33.955+0000] {dag.py:4156} INFO - Setting next_dagrun for hello_world_dag to 2024-10-20 18:00:00+00:00, run_after=2024-10-20 19:00:00+00:00
[2024-10-20T19:55:34.059+0000] {processor.py:208} INFO - Processing /opt/airflow/dags/helloworld.py took 0.464 seconds
[2024-10-20T19:56:04.457+0000] {processor.py:186} INFO - Started process (PID=144) to work on /opt/airflow/dags/helloworld.py
[2024-10-20T19:56:04.458+0000] {processor.py:914} INFO - Processing file /opt/airflow/dags/helloworld.py for tasks to queue
[2024-10-20T19:56:04.460+0000] {logging_mixin.py:190} INFO - [2024-10-20T19:56:04.460+0000] {dagbag.py:587} INFO - Filling up the DagBag from /opt/airflow/dags/helloworld.py
[2024-10-20T19:56:04.479+0000] {processor.py:925} INFO - DAG(s) 'hello_world_dag' retrieved from /opt/airflow/dags/helloworld.py
[2024-10-20T19:56:04.501+0000] {logging_mixin.py:190} INFO - [2024-10-20T19:56:04.501+0000] {dag.py:3229} INFO - Sync 1 DAGs
[2024-10-20T19:56:04.538+0000] {logging_mixin.py:190} INFO - [2024-10-20T19:56:04.538+0000] {dag.py:4156} INFO - Setting next_dagrun for hello_world_dag to 2024-10-20 18:00:00+00:00, run_after=2024-10-20 19:00:00+00:00
[2024-10-20T19:56:04.586+0000] {processor.py:208} INFO - Processing /opt/airflow/dags/helloworld.py took 0.134 seconds
[2024-10-20T19:56:35.022+0000] {processor.py:186} INFO - Started process (PID=151) to work on /opt/airflow/dags/helloworld.py
[2024-10-20T19:56:35.024+0000] {processor.py:914} INFO - Processing file /opt/airflow/dags/helloworld.py for tasks to queue
[2024-10-20T19:56:35.026+0000] {logging_mixin.py:190} INFO - [2024-10-20T19:56:35.025+0000] {dagbag.py:587} INFO - Filling up the DagBag from /opt/airflow/dags/helloworld.py
[2024-10-20T19:56:35.042+0000] {processor.py:925} INFO - DAG(s) 'hello_world_dag' retrieved from /opt/airflow/dags/helloworld.py
[2024-10-20T19:56:35.066+0000] {logging_mixin.py:190} INFO - [2024-10-20T19:56:35.066+0000] {dag.py:3229} INFO - Sync 1 DAGs
[2024-10-20T19:56:35.093+0000] {logging_mixin.py:190} INFO - [2024-10-20T19:56:35.093+0000] {dag.py:4156} INFO - Setting next_dagrun for hello_world_dag to 2024-10-20 18:00:00+00:00, run_after=2024-10-20 19:00:00+00:00
[2024-10-20T19:56:35.133+0000] {processor.py:208} INFO - Processing /opt/airflow/dags/helloworld.py took 0.115 seconds
[2024-10-20T19:57:05.572+0000] {processor.py:186} INFO - Started process (PID=153) to work on /opt/airflow/dags/helloworld.py
[2024-10-20T19:57:05.573+0000] {processor.py:914} INFO - Processing file /opt/airflow/dags/helloworld.py for tasks to queue
[2024-10-20T19:57:05.577+0000] {logging_mixin.py:190} INFO - [2024-10-20T19:57:05.577+0000] {dagbag.py:587} INFO - Filling up the DagBag from /opt/airflow/dags/helloworld.py
[2024-10-20T19:57:05.596+0000] {processor.py:925} INFO - DAG(s) 'hello_world_dag' retrieved from /opt/airflow/dags/helloworld.py
[2024-10-20T19:57:05.616+0000] {logging_mixin.py:190} INFO - [2024-10-20T19:57:05.615+0000] {dag.py:3229} INFO - Sync 1 DAGs
[2024-10-20T19:57:05.669+0000] {logging_mixin.py:190} INFO - [2024-10-20T19:57:05.669+0000] {dag.py:4156} INFO - Setting next_dagrun for hello_world_dag to 2024-10-20 18:00:00+00:00, run_after=2024-10-20 19:00:00+00:00
[2024-10-20T19:57:05.723+0000] {processor.py:208} INFO - Processing /opt/airflow/dags/helloworld.py took 0.163 seconds
[2024-10-20T19:57:36.079+0000] {processor.py:186} INFO - Started process (PID=159) to work on /opt/airflow/dags/helloworld.py
[2024-10-20T19:57:36.080+0000] {processor.py:914} INFO - Processing file /opt/airflow/dags/helloworld.py for tasks to queue
[2024-10-20T19:57:36.083+0000] {logging_mixin.py:190} INFO - [2024-10-20T19:57:36.082+0000] {dagbag.py:587} INFO - Filling up the DagBag from /opt/airflow/dags/helloworld.py
[2024-10-20T19:57:36.102+0000] {processor.py:925} INFO - DAG(s) 'hello_world_dag' retrieved from /opt/airflow/dags/helloworld.py
[2024-10-20T19:57:36.221+0000] {logging_mixin.py:190} INFO - [2024-10-20T19:57:36.221+0000] {dag.py:3229} INFO - Sync 1 DAGs
[2024-10-20T19:57:36.281+0000] {logging_mixin.py:190} INFO - [2024-10-20T19:57:36.280+0000] {dag.py:4156} INFO - Setting next_dagrun for hello_world_dag to 2024-10-20 18:00:00+00:00, run_after=2024-10-20 19:00:00+00:00
[2024-10-20T19:57:36.320+0000] {processor.py:208} INFO - Processing /opt/airflow/dags/helloworld.py took 0.245 seconds
[2024-10-20T19:58:06.726+0000] {processor.py:186} INFO - Started process (PID=161) to work on /opt/airflow/dags/helloworld.py
[2024-10-20T19:58:06.727+0000] {processor.py:914} INFO - Processing file /opt/airflow/dags/helloworld.py for tasks to queue
[2024-10-20T19:58:06.730+0000] {logging_mixin.py:190} INFO - [2024-10-20T19:58:06.729+0000] {dagbag.py:587} INFO - Filling up the DagBag from /opt/airflow/dags/helloworld.py
[2024-10-20T19:58:06.780+0000] {processor.py:925} INFO - DAG(s) 'hello_world_dag' retrieved from /opt/airflow/dags/helloworld.py
[2024-10-20T19:58:06.864+0000] {logging_mixin.py:190} INFO - [2024-10-20T19:58:06.864+0000] {dag.py:3229} INFO - Sync 1 DAGs
[2024-10-20T19:58:06.947+0000] {logging_mixin.py:190} INFO - [2024-10-20T19:58:06.947+0000] {dag.py:4156} INFO - Setting next_dagrun for hello_world_dag to 2024-10-20 18:00:00+00:00, run_after=2024-10-20 19:00:00+00:00
[2024-10-20T19:58:06.976+0000] {processor.py:208} INFO - Processing /opt/airflow/dags/helloworld.py took 0.256 seconds
[2024-10-20T19:58:37.362+0000] {processor.py:186} INFO - Started process (PID=163) to work on /opt/airflow/dags/helloworld.py
[2024-10-20T19:58:37.363+0000] {processor.py:914} INFO - Processing file /opt/airflow/dags/helloworld.py for tasks to queue
[2024-10-20T19:58:37.366+0000] {logging_mixin.py:190} INFO - [2024-10-20T19:58:37.366+0000] {dagbag.py:587} INFO - Filling up the DagBag from /opt/airflow/dags/helloworld.py
[2024-10-20T19:58:37.383+0000] {processor.py:925} INFO - DAG(s) 'hello_world_dag' retrieved from /opt/airflow/dags/helloworld.py
[2024-10-20T19:58:37.408+0000] {logging_mixin.py:190} INFO - [2024-10-20T19:58:37.408+0000] {dag.py:3229} INFO - Sync 1 DAGs
[2024-10-20T19:58:37.438+0000] {logging_mixin.py:190} INFO - [2024-10-20T19:58:37.438+0000] {dag.py:4156} INFO - Setting next_dagrun for hello_world_dag to 2024-10-20 18:00:00+00:00, run_after=2024-10-20 19:00:00+00:00
[2024-10-20T19:58:37.479+0000] {processor.py:208} INFO - Processing /opt/airflow/dags/helloworld.py took 0.123 seconds
[2024-10-20T19:59:07.899+0000] {processor.py:186} INFO - Started process (PID=165) to work on /opt/airflow/dags/helloworld.py
[2024-10-20T19:59:07.900+0000] {processor.py:914} INFO - Processing file /opt/airflow/dags/helloworld.py for tasks to queue
[2024-10-20T19:59:07.902+0000] {logging_mixin.py:190} INFO - [2024-10-20T19:59:07.902+0000] {dagbag.py:587} INFO - Filling up the DagBag from /opt/airflow/dags/helloworld.py
[2024-10-20T19:59:07.917+0000] {processor.py:925} INFO - DAG(s) 'hello_world_dag' retrieved from /opt/airflow/dags/helloworld.py
[2024-10-20T19:59:07.935+0000] {logging_mixin.py:190} INFO - [2024-10-20T19:59:07.934+0000] {dag.py:3229} INFO - Sync 1 DAGs
[2024-10-20T19:59:07.958+0000] {logging_mixin.py:190} INFO - [2024-10-20T19:59:07.957+0000] {dag.py:4156} INFO - Setting next_dagrun for hello_world_dag to 2024-10-20 18:00:00+00:00, run_after=2024-10-20 19:00:00+00:00
[2024-10-20T19:59:07.997+0000] {processor.py:208} INFO - Processing /opt/airflow/dags/helloworld.py took 0.103 seconds
[2024-10-20T19:59:38.431+0000] {processor.py:186} INFO - Started process (PID=167) to work on /opt/airflow/dags/helloworld.py
[2024-10-20T19:59:38.432+0000] {processor.py:914} INFO - Processing file /opt/airflow/dags/helloworld.py for tasks to queue
[2024-10-20T19:59:38.435+0000] {logging_mixin.py:190} INFO - [2024-10-20T19:59:38.434+0000] {dagbag.py:587} INFO - Filling up the DagBag from /opt/airflow/dags/helloworld.py
[2024-10-20T19:59:38.452+0000] {processor.py:925} INFO - DAG(s) 'hello_world_dag' retrieved from /opt/airflow/dags/helloworld.py
[2024-10-20T19:59:38.473+0000] {logging_mixin.py:190} INFO - [2024-10-20T19:59:38.473+0000] {dag.py:3229} INFO - Sync 1 DAGs
[2024-10-20T19:59:38.504+0000] {logging_mixin.py:190} INFO - [2024-10-20T19:59:38.503+0000] {dag.py:4156} INFO - Setting next_dagrun for hello_world_dag to 2024-10-20 18:00:00+00:00, run_after=2024-10-20 19:00:00+00:00
[2024-10-20T19:59:38.536+0000] {processor.py:208} INFO - Processing /opt/airflow/dags/helloworld.py took 0.110 seconds
[2024-10-20T20:00:08.952+0000] {processor.py:186} INFO - Started process (PID=169) to work on /opt/airflow/dags/helloworld.py
[2024-10-20T20:00:08.953+0000] {processor.py:914} INFO - Processing file /opt/airflow/dags/helloworld.py for tasks to queue
[2024-10-20T20:00:08.955+0000] {logging_mixin.py:190} INFO - [2024-10-20T20:00:08.954+0000] {dagbag.py:587} INFO - Filling up the DagBag from /opt/airflow/dags/helloworld.py
[2024-10-20T20:00:08.974+0000] {processor.py:925} INFO - DAG(s) 'hello_world_dag' retrieved from /opt/airflow/dags/helloworld.py
[2024-10-20T20:00:09.005+0000] {logging_mixin.py:190} INFO - [2024-10-20T20:00:09.005+0000] {dag.py:3229} INFO - Sync 1 DAGs
[2024-10-20T20:00:09.029+0000] {logging_mixin.py:190} INFO - [2024-10-20T20:00:09.029+0000] {dag.py:4156} INFO - Setting next_dagrun for hello_world_dag to 2024-10-20 19:00:00+00:00, run_after=2024-10-20 20:00:00+00:00
[2024-10-20T20:00:09.059+0000] {processor.py:208} INFO - Processing /opt/airflow/dags/helloworld.py took 0.114 seconds
[2024-10-20T20:00:39.477+0000] {processor.py:186} INFO - Started process (PID=171) to work on /opt/airflow/dags/helloworld.py
[2024-10-20T20:00:39.478+0000] {processor.py:914} INFO - Processing file /opt/airflow/dags/helloworld.py for tasks to queue
[2024-10-20T20:00:39.480+0000] {logging_mixin.py:190} INFO - [2024-10-20T20:00:39.480+0000] {dagbag.py:587} INFO - Filling up the DagBag from /opt/airflow/dags/helloworld.py
[2024-10-20T20:00:39.498+0000] {processor.py:925} INFO - DAG(s) 'hello_world_dag' retrieved from /opt/airflow/dags/helloworld.py
[2024-10-20T20:00:39.524+0000] {logging_mixin.py:190} INFO - [2024-10-20T20:00:39.524+0000] {dag.py:3229} INFO - Sync 1 DAGs
[2024-10-20T20:00:39.558+0000] {logging_mixin.py:190} INFO - [2024-10-20T20:00:39.558+0000] {dag.py:4156} INFO - Setting next_dagrun for hello_world_dag to 2024-10-20 19:00:00+00:00, run_after=2024-10-20 20:00:00+00:00
[2024-10-20T20:00:39.606+0000] {processor.py:208} INFO - Processing /opt/airflow/dags/helloworld.py took 0.135 seconds
[2024-10-20T20:01:10.018+0000] {processor.py:186} INFO - Started process (PID=173) to work on /opt/airflow/dags/helloworld.py
[2024-10-20T20:01:10.019+0000] {processor.py:914} INFO - Processing file /opt/airflow/dags/helloworld.py for tasks to queue
[2024-10-20T20:01:10.021+0000] {logging_mixin.py:190} INFO - [2024-10-20T20:01:10.021+0000] {dagbag.py:587} INFO - Filling up the DagBag from /opt/airflow/dags/helloworld.py
[2024-10-20T20:01:10.038+0000] {processor.py:925} INFO - DAG(s) 'hello_world_dag' retrieved from /opt/airflow/dags/helloworld.py
[2024-10-20T20:01:10.058+0000] {logging_mixin.py:190} INFO - [2024-10-20T20:01:10.058+0000] {dag.py:3229} INFO - Sync 1 DAGs
[2024-10-20T20:01:10.084+0000] {logging_mixin.py:190} INFO - [2024-10-20T20:01:10.083+0000] {dag.py:4156} INFO - Setting next_dagrun for hello_world_dag to 2024-10-20 19:00:00+00:00, run_after=2024-10-20 20:00:00+00:00
[2024-10-20T20:01:10.123+0000] {processor.py:208} INFO - Processing /opt/airflow/dags/helloworld.py took 0.110 seconds
[2024-10-20T20:01:40.557+0000] {processor.py:186} INFO - Started process (PID=175) to work on /opt/airflow/dags/helloworld.py
[2024-10-20T20:01:40.558+0000] {processor.py:914} INFO - Processing file /opt/airflow/dags/helloworld.py for tasks to queue
[2024-10-20T20:01:40.560+0000] {logging_mixin.py:190} INFO - [2024-10-20T20:01:40.560+0000] {dagbag.py:587} INFO - Filling up the DagBag from /opt/airflow/dags/helloworld.py
[2024-10-20T20:01:40.578+0000] {processor.py:925} INFO - DAG(s) 'hello_world_dag' retrieved from /opt/airflow/dags/helloworld.py
[2024-10-20T20:01:40.606+0000] {logging_mixin.py:190} INFO - [2024-10-20T20:01:40.605+0000] {dag.py:3229} INFO - Sync 1 DAGs
[2024-10-20T20:01:40.633+0000] {logging_mixin.py:190} INFO - [2024-10-20T20:01:40.632+0000] {dag.py:4156} INFO - Setting next_dagrun for hello_world_dag to 2024-10-20 19:00:00+00:00, run_after=2024-10-20 20:00:00+00:00
[2024-10-20T20:01:40.663+0000] {processor.py:208} INFO - Processing /opt/airflow/dags/helloworld.py took 0.111 seconds
[2024-10-20T20:02:11.095+0000] {processor.py:186} INFO - Started process (PID=177) to work on /opt/airflow/dags/helloworld.py
[2024-10-20T20:02:11.096+0000] {processor.py:914} INFO - Processing file /opt/airflow/dags/helloworld.py for tasks to queue
[2024-10-20T20:02:11.098+0000] {logging_mixin.py:190} INFO - [2024-10-20T20:02:11.098+0000] {dagbag.py:587} INFO - Filling up the DagBag from /opt/airflow/dags/helloworld.py
[2024-10-20T20:02:11.114+0000] {processor.py:925} INFO - DAG(s) 'hello_world_dag' retrieved from /opt/airflow/dags/helloworld.py
[2024-10-20T20:02:11.136+0000] {logging_mixin.py:190} INFO - [2024-10-20T20:02:11.136+0000] {dag.py:3229} INFO - Sync 1 DAGs
[2024-10-20T20:02:11.163+0000] {logging_mixin.py:190} INFO - [2024-10-20T20:02:11.162+0000] {dag.py:4156} INFO - Setting next_dagrun for hello_world_dag to 2024-10-20 19:00:00+00:00, run_after=2024-10-20 20:00:00+00:00
[2024-10-20T20:02:11.191+0000] {processor.py:208} INFO - Processing /opt/airflow/dags/helloworld.py took 0.102 seconds
[2024-10-20T20:02:41.617+0000] {processor.py:186} INFO - Started process (PID=179) to work on /opt/airflow/dags/helloworld.py
[2024-10-20T20:02:41.618+0000] {processor.py:914} INFO - Processing file /opt/airflow/dags/helloworld.py for tasks to queue
[2024-10-20T20:02:41.621+0000] {logging_mixin.py:190} INFO - [2024-10-20T20:02:41.620+0000] {dagbag.py:587} INFO - Filling up the DagBag from /opt/airflow/dags/helloworld.py
[2024-10-20T20:02:41.637+0000] {processor.py:925} INFO - DAG(s) 'hello_world_dag' retrieved from /opt/airflow/dags/helloworld.py
[2024-10-20T20:02:41.660+0000] {logging_mixin.py:190} INFO - [2024-10-20T20:02:41.659+0000] {dag.py:3229} INFO - Sync 1 DAGs
[2024-10-20T20:02:41.685+0000] {logging_mixin.py:190} INFO - [2024-10-20T20:02:41.685+0000] {dag.py:4156} INFO - Setting next_dagrun for hello_world_dag to 2024-10-20 19:00:00+00:00, run_after=2024-10-20 20:00:00+00:00
[2024-10-20T20:02:41.716+0000] {processor.py:208} INFO - Processing /opt/airflow/dags/helloworld.py took 0.104 seconds
[2024-10-20T20:03:12.139+0000] {processor.py:186} INFO - Started process (PID=181) to work on /opt/airflow/dags/helloworld.py
[2024-10-20T20:03:12.140+0000] {processor.py:914} INFO - Processing file /opt/airflow/dags/helloworld.py for tasks to queue
[2024-10-20T20:03:12.143+0000] {logging_mixin.py:190} INFO - [2024-10-20T20:03:12.142+0000] {dagbag.py:587} INFO - Filling up the DagBag from /opt/airflow/dags/helloworld.py
[2024-10-20T20:03:12.161+0000] {processor.py:925} INFO - DAG(s) 'hello_world_dag' retrieved from /opt/airflow/dags/helloworld.py
[2024-10-20T20:03:12.183+0000] {logging_mixin.py:190} INFO - [2024-10-20T20:03:12.183+0000] {dag.py:3229} INFO - Sync 1 DAGs
[2024-10-20T20:03:12.210+0000] {logging_mixin.py:190} INFO - [2024-10-20T20:03:12.210+0000] {dag.py:4156} INFO - Setting next_dagrun for hello_world_dag to 2024-10-20 19:00:00+00:00, run_after=2024-10-20 20:00:00+00:00
[2024-10-20T20:03:12.238+0000] {processor.py:208} INFO - Processing /opt/airflow/dags/helloworld.py took 0.104 seconds
[2024-10-20T20:03:42.605+0000] {processor.py:186} INFO - Started process (PID=183) to work on /opt/airflow/dags/helloworld.py
[2024-10-20T20:03:42.606+0000] {processor.py:914} INFO - Processing file /opt/airflow/dags/helloworld.py for tasks to queue
[2024-10-20T20:03:42.608+0000] {logging_mixin.py:190} INFO - [2024-10-20T20:03:42.608+0000] {dagbag.py:587} INFO - Filling up the DagBag from /opt/airflow/dags/helloworld.py
[2024-10-20T20:03:42.626+0000] {processor.py:925} INFO - DAG(s) 'hello_world_dag' retrieved from /opt/airflow/dags/helloworld.py
[2024-10-20T20:03:42.647+0000] {logging_mixin.py:190} INFO - [2024-10-20T20:03:42.647+0000] {dag.py:3229} INFO - Sync 1 DAGs
[2024-10-20T20:03:42.692+0000] {logging_mixin.py:190} INFO - [2024-10-20T20:03:42.692+0000] {dag.py:4156} INFO - Setting next_dagrun for hello_world_dag to 2024-10-20 19:00:00+00:00, run_after=2024-10-20 20:00:00+00:00
[2024-10-20T20:03:42.724+0000] {processor.py:208} INFO - Processing /opt/airflow/dags/helloworld.py took 0.125 seconds
[2024-10-20T20:04:12.949+0000] {processor.py:186} INFO - Started process (PID=185) to work on /opt/airflow/dags/helloworld.py
[2024-10-20T20:04:12.951+0000] {processor.py:914} INFO - Processing file /opt/airflow/dags/helloworld.py for tasks to queue
[2024-10-20T20:04:12.954+0000] {logging_mixin.py:190} INFO - [2024-10-20T20:04:12.954+0000] {dagbag.py:587} INFO - Filling up the DagBag from /opt/airflow/dags/helloworld.py
[2024-10-20T20:04:12.974+0000] {processor.py:925} INFO - DAG(s) 'hello_world_dag' retrieved from /opt/airflow/dags/helloworld.py
[2024-10-20T20:04:12.998+0000] {logging_mixin.py:190} INFO - [2024-10-20T20:04:12.997+0000] {dag.py:3229} INFO - Sync 1 DAGs
[2024-10-20T20:04:13.029+0000] {logging_mixin.py:190} INFO - [2024-10-20T20:04:13.029+0000] {dag.py:4156} INFO - Setting next_dagrun for hello_world_dag to 2024-10-20 19:00:00+00:00, run_after=2024-10-20 20:00:00+00:00
[2024-10-20T20:04:13.063+0000] {processor.py:208} INFO - Processing /opt/airflow/dags/helloworld.py took 0.119 seconds
[2024-10-20T20:04:43.303+0000] {processor.py:186} INFO - Started process (PID=187) to work on /opt/airflow/dags/helloworld.py
[2024-10-20T20:04:43.304+0000] {processor.py:914} INFO - Processing file /opt/airflow/dags/helloworld.py for tasks to queue
[2024-10-20T20:04:43.306+0000] {logging_mixin.py:190} INFO - [2024-10-20T20:04:43.306+0000] {dagbag.py:587} INFO - Filling up the DagBag from /opt/airflow/dags/helloworld.py
[2024-10-20T20:04:43.327+0000] {processor.py:925} INFO - DAG(s) 'hello_world_dag' retrieved from /opt/airflow/dags/helloworld.py
[2024-10-20T20:04:43.351+0000] {logging_mixin.py:190} INFO - [2024-10-20T20:04:43.351+0000] {dag.py:3229} INFO - Sync 1 DAGs
[2024-10-20T20:04:43.378+0000] {logging_mixin.py:190} INFO - [2024-10-20T20:04:43.377+0000] {dag.py:4156} INFO - Setting next_dagrun for hello_world_dag to 2024-10-20 19:00:00+00:00, run_after=2024-10-20 20:00:00+00:00
[2024-10-20T20:04:43.424+0000] {processor.py:208} INFO - Processing /opt/airflow/dags/helloworld.py took 0.127 seconds
[2024-10-20T20:05:13.647+0000] {processor.py:186} INFO - Started process (PID=189) to work on /opt/airflow/dags/helloworld.py
[2024-10-20T20:05:13.649+0000] {processor.py:914} INFO - Processing file /opt/airflow/dags/helloworld.py for tasks to queue
[2024-10-20T20:05:13.652+0000] {logging_mixin.py:190} INFO - [2024-10-20T20:05:13.651+0000] {dagbag.py:587} INFO - Filling up the DagBag from /opt/airflow/dags/helloworld.py
[2024-10-20T20:05:13.671+0000] {processor.py:925} INFO - DAG(s) 'hello_world_dag' retrieved from /opt/airflow/dags/helloworld.py
[2024-10-20T20:05:13.699+0000] {logging_mixin.py:190} INFO - [2024-10-20T20:05:13.698+0000] {dag.py:3229} INFO - Sync 1 DAGs
[2024-10-20T20:05:13.725+0000] {logging_mixin.py:190} INFO - [2024-10-20T20:05:13.725+0000] {dag.py:4156} INFO - Setting next_dagrun for hello_world_dag to 2024-10-20 19:00:00+00:00, run_after=2024-10-20 20:00:00+00:00
[2024-10-20T20:05:13.753+0000] {processor.py:208} INFO - Processing /opt/airflow/dags/helloworld.py took 0.111 seconds
[2024-10-20T20:05:43.990+0000] {processor.py:186} INFO - Started process (PID=191) to work on /opt/airflow/dags/helloworld.py
[2024-10-20T20:05:43.991+0000] {processor.py:914} INFO - Processing file /opt/airflow/dags/helloworld.py for tasks to queue
[2024-10-20T20:05:43.994+0000] {logging_mixin.py:190} INFO - [2024-10-20T20:05:43.993+0000] {dagbag.py:587} INFO - Filling up the DagBag from /opt/airflow/dags/helloworld.py
[2024-10-20T20:05:44.015+0000] {processor.py:925} INFO - DAG(s) 'hello_world_dag' retrieved from /opt/airflow/dags/helloworld.py
[2024-10-20T20:05:44.040+0000] {logging_mixin.py:190} INFO - [2024-10-20T20:05:44.040+0000] {dag.py:3229} INFO - Sync 1 DAGs
[2024-10-20T20:05:44.083+0000] {logging_mixin.py:190} INFO - [2024-10-20T20:05:44.083+0000] {dag.py:4156} INFO - Setting next_dagrun for hello_world_dag to 2024-10-20 19:00:00+00:00, run_after=2024-10-20 20:00:00+00:00
[2024-10-20T20:05:44.112+0000] {processor.py:208} INFO - Processing /opt/airflow/dags/helloworld.py took 0.128 seconds
[2024-10-20T20:06:14.326+0000] {processor.py:186} INFO - Started process (PID=193) to work on /opt/airflow/dags/helloworld.py
[2024-10-20T20:06:14.327+0000] {processor.py:914} INFO - Processing file /opt/airflow/dags/helloworld.py for tasks to queue
[2024-10-20T20:06:14.330+0000] {logging_mixin.py:190} INFO - [2024-10-20T20:06:14.330+0000] {dagbag.py:587} INFO - Filling up the DagBag from /opt/airflow/dags/helloworld.py
[2024-10-20T20:06:14.349+0000] {processor.py:925} INFO - DAG(s) 'hello_world_dag' retrieved from /opt/airflow/dags/helloworld.py
[2024-10-20T20:06:14.375+0000] {logging_mixin.py:190} INFO - [2024-10-20T20:06:14.375+0000] {dag.py:3229} INFO - Sync 1 DAGs
[2024-10-20T20:06:14.422+0000] {logging_mixin.py:190} INFO - [2024-10-20T20:06:14.421+0000] {dag.py:4156} INFO - Setting next_dagrun for hello_world_dag to 2024-10-20 19:00:00+00:00, run_after=2024-10-20 20:00:00+00:00
[2024-10-20T20:06:14.458+0000] {processor.py:208} INFO - Processing /opt/airflow/dags/helloworld.py took 0.137 seconds
[2024-10-20T20:06:44.659+0000] {processor.py:186} INFO - Started process (PID=195) to work on /opt/airflow/dags/helloworld.py
[2024-10-20T20:06:44.660+0000] {processor.py:914} INFO - Processing file /opt/airflow/dags/helloworld.py for tasks to queue
[2024-10-20T20:06:44.662+0000] {logging_mixin.py:190} INFO - [2024-10-20T20:06:44.662+0000] {dagbag.py:587} INFO - Filling up the DagBag from /opt/airflow/dags/helloworld.py
[2024-10-20T20:06:44.678+0000] {processor.py:925} INFO - DAG(s) 'hello_world_dag' retrieved from /opt/airflow/dags/helloworld.py
[2024-10-20T20:06:44.712+0000] {logging_mixin.py:190} INFO - [2024-10-20T20:06:44.712+0000] {dag.py:3229} INFO - Sync 1 DAGs
[2024-10-20T20:06:44.742+0000] {logging_mixin.py:190} INFO - [2024-10-20T20:06:44.742+0000] {dag.py:4156} INFO - Setting next_dagrun for hello_world_dag to 2024-10-20 19:00:00+00:00, run_after=2024-10-20 20:00:00+00:00
[2024-10-20T20:06:44.772+0000] {processor.py:208} INFO - Processing /opt/airflow/dags/helloworld.py took 0.118 seconds
[2024-10-20T20:07:14.995+0000] {processor.py:186} INFO - Started process (PID=197) to work on /opt/airflow/dags/helloworld.py
[2024-10-20T20:07:14.997+0000] {processor.py:914} INFO - Processing file /opt/airflow/dags/helloworld.py for tasks to queue
[2024-10-20T20:07:14.999+0000] {logging_mixin.py:190} INFO - [2024-10-20T20:07:14.999+0000] {dagbag.py:587} INFO - Filling up the DagBag from /opt/airflow/dags/helloworld.py
[2024-10-20T20:07:15.020+0000] {processor.py:925} INFO - DAG(s) 'hello_world_dag' retrieved from /opt/airflow/dags/helloworld.py
[2024-10-20T20:07:15.039+0000] {logging_mixin.py:190} INFO - [2024-10-20T20:07:15.039+0000] {dag.py:3229} INFO - Sync 1 DAGs
[2024-10-20T20:07:15.063+0000] {logging_mixin.py:190} INFO - [2024-10-20T20:07:15.063+0000] {dag.py:4156} INFO - Setting next_dagrun for hello_world_dag to 2024-10-20 19:00:00+00:00, run_after=2024-10-20 20:00:00+00:00
[2024-10-20T20:07:15.091+0000] {processor.py:208} INFO - Processing /opt/airflow/dags/helloworld.py took 0.101 seconds
[2024-10-20T20:07:45.329+0000] {processor.py:186} INFO - Started process (PID=199) to work on /opt/airflow/dags/helloworld.py
[2024-10-20T20:07:45.330+0000] {processor.py:914} INFO - Processing file /opt/airflow/dags/helloworld.py for tasks to queue
[2024-10-20T20:07:45.333+0000] {logging_mixin.py:190} INFO - [2024-10-20T20:07:45.333+0000] {dagbag.py:587} INFO - Filling up the DagBag from /opt/airflow/dags/helloworld.py
[2024-10-20T20:07:45.349+0000] {processor.py:925} INFO - DAG(s) 'hello_world_dag' retrieved from /opt/airflow/dags/helloworld.py
[2024-10-20T20:07:45.369+0000] {logging_mixin.py:190} INFO - [2024-10-20T20:07:45.369+0000] {dag.py:3229} INFO - Sync 1 DAGs
[2024-10-20T20:07:45.396+0000] {logging_mixin.py:190} INFO - [2024-10-20T20:07:45.396+0000] {dag.py:4156} INFO - Setting next_dagrun for hello_world_dag to 2024-10-20 19:00:00+00:00, run_after=2024-10-20 20:00:00+00:00
[2024-10-20T20:07:45.425+0000] {processor.py:208} INFO - Processing /opt/airflow/dags/helloworld.py took 0.101 seconds
[2024-10-20T20:08:15.685+0000] {processor.py:186} INFO - Started process (PID=201) to work on /opt/airflow/dags/helloworld.py
[2024-10-20T20:08:15.686+0000] {processor.py:914} INFO - Processing file /opt/airflow/dags/helloworld.py for tasks to queue
[2024-10-20T20:08:15.688+0000] {logging_mixin.py:190} INFO - [2024-10-20T20:08:15.688+0000] {dagbag.py:587} INFO - Filling up the DagBag from /opt/airflow/dags/helloworld.py
[2024-10-20T20:08:15.706+0000] {processor.py:925} INFO - DAG(s) 'hello_world_dag' retrieved from /opt/airflow/dags/helloworld.py
[2024-10-20T20:08:15.752+0000] {logging_mixin.py:190} INFO - [2024-10-20T20:08:15.752+0000] {dag.py:3229} INFO - Sync 1 DAGs
[2024-10-20T20:08:15.795+0000] {logging_mixin.py:190} INFO - [2024-10-20T20:08:15.794+0000] {dag.py:4156} INFO - Setting next_dagrun for hello_world_dag to 2024-10-20 19:00:00+00:00, run_after=2024-10-20 20:00:00+00:00
[2024-10-20T20:08:15.823+0000] {processor.py:208} INFO - Processing /opt/airflow/dags/helloworld.py took 0.144 seconds
[2024-10-20T20:08:46.010+0000] {processor.py:186} INFO - Started process (PID=203) to work on /opt/airflow/dags/helloworld.py
[2024-10-20T20:08:46.011+0000] {processor.py:914} INFO - Processing file /opt/airflow/dags/helloworld.py for tasks to queue
[2024-10-20T20:08:46.014+0000] {logging_mixin.py:190} INFO - [2024-10-20T20:08:46.014+0000] {dagbag.py:587} INFO - Filling up the DagBag from /opt/airflow/dags/helloworld.py
[2024-10-20T20:08:46.036+0000] {processor.py:925} INFO - DAG(s) 'hello_world_dag' retrieved from /opt/airflow/dags/helloworld.py
[2024-10-20T20:08:46.065+0000] {logging_mixin.py:190} INFO - [2024-10-20T20:08:46.065+0000] {dag.py:3229} INFO - Sync 1 DAGs
[2024-10-20T20:08:46.098+0000] {logging_mixin.py:190} INFO - [2024-10-20T20:08:46.097+0000] {dag.py:4156} INFO - Setting next_dagrun for hello_world_dag to 2024-10-20 19:00:00+00:00, run_after=2024-10-20 20:00:00+00:00
[2024-10-20T20:08:46.122+0000] {processor.py:208} INFO - Processing /opt/airflow/dags/helloworld.py took 0.117 seconds
[2024-10-20T20:09:16.348+0000] {processor.py:186} INFO - Started process (PID=205) to work on /opt/airflow/dags/helloworld.py
[2024-10-20T20:09:16.352+0000] {processor.py:914} INFO - Processing file /opt/airflow/dags/helloworld.py for tasks to queue
[2024-10-20T20:09:16.360+0000] {logging_mixin.py:190} INFO - [2024-10-20T20:09:16.360+0000] {dagbag.py:587} INFO - Filling up the DagBag from /opt/airflow/dags/helloworld.py
[2024-10-20T20:09:16.379+0000] {processor.py:925} INFO - DAG(s) 'hello_world_dag' retrieved from /opt/airflow/dags/helloworld.py
[2024-10-20T20:09:16.427+0000] {logging_mixin.py:190} INFO - [2024-10-20T20:09:16.419+0000] {dag.py:3229} INFO - Sync 1 DAGs
[2024-10-20T20:09:16.468+0000] {logging_mixin.py:190} INFO - [2024-10-20T20:09:16.468+0000] {dag.py:4156} INFO - Setting next_dagrun for hello_world_dag to 2024-10-20 19:00:00+00:00, run_after=2024-10-20 20:00:00+00:00
[2024-10-20T20:09:16.524+0000] {processor.py:208} INFO - Processing /opt/airflow/dags/helloworld.py took 0.181 seconds
[2024-10-20T20:09:46.695+0000] {processor.py:186} INFO - Started process (PID=207) to work on /opt/airflow/dags/helloworld.py
[2024-10-20T20:09:46.696+0000] {processor.py:914} INFO - Processing file /opt/airflow/dags/helloworld.py for tasks to queue
[2024-10-20T20:09:46.699+0000] {logging_mixin.py:190} INFO - [2024-10-20T20:09:46.698+0000] {dagbag.py:587} INFO - Filling up the DagBag from /opt/airflow/dags/helloworld.py
[2024-10-20T20:09:46.716+0000] {processor.py:925} INFO - DAG(s) 'hello_world_dag' retrieved from /opt/airflow/dags/helloworld.py
[2024-10-20T20:09:46.737+0000] {logging_mixin.py:190} INFO - [2024-10-20T20:09:46.737+0000] {dag.py:3229} INFO - Sync 1 DAGs
[2024-10-20T20:09:46.766+0000] {logging_mixin.py:190} INFO - [2024-10-20T20:09:46.766+0000] {dag.py:4156} INFO - Setting next_dagrun for hello_world_dag to 2024-10-20 19:00:00+00:00, run_after=2024-10-20 20:00:00+00:00
[2024-10-20T20:09:46.795+0000] {processor.py:208} INFO - Processing /opt/airflow/dags/helloworld.py took 0.106 seconds
[2024-10-20T20:10:17.045+0000] {processor.py:186} INFO - Started process (PID=209) to work on /opt/airflow/dags/helloworld.py
[2024-10-20T20:10:17.046+0000] {processor.py:914} INFO - Processing file /opt/airflow/dags/helloworld.py for tasks to queue
[2024-10-20T20:10:17.049+0000] {logging_mixin.py:190} INFO - [2024-10-20T20:10:17.048+0000] {dagbag.py:587} INFO - Filling up the DagBag from /opt/airflow/dags/helloworld.py
[2024-10-20T20:10:17.067+0000] {processor.py:925} INFO - DAG(s) 'hello_world_dag' retrieved from /opt/airflow/dags/helloworld.py
[2024-10-20T20:10:17.098+0000] {logging_mixin.py:190} INFO - [2024-10-20T20:10:17.097+0000] {dag.py:3229} INFO - Sync 1 DAGs
[2024-10-20T20:10:17.153+0000] {logging_mixin.py:190} INFO - [2024-10-20T20:10:17.153+0000] {dag.py:4156} INFO - Setting next_dagrun for hello_world_dag to 2024-10-20 19:00:00+00:00, run_after=2024-10-20 20:00:00+00:00
[2024-10-20T20:10:17.277+0000] {processor.py:208} INFO - Processing /opt/airflow/dags/helloworld.py took 0.239 seconds
[2024-10-20T20:10:47.482+0000] {processor.py:186} INFO - Started process (PID=211) to work on /opt/airflow/dags/helloworld.py
[2024-10-20T20:10:47.483+0000] {processor.py:914} INFO - Processing file /opt/airflow/dags/helloworld.py for tasks to queue
[2024-10-20T20:10:47.485+0000] {logging_mixin.py:190} INFO - [2024-10-20T20:10:47.485+0000] {dagbag.py:587} INFO - Filling up the DagBag from /opt/airflow/dags/helloworld.py
[2024-10-20T20:10:47.502+0000] {processor.py:925} INFO - DAG(s) 'hello_world_dag' retrieved from /opt/airflow/dags/helloworld.py
[2024-10-20T20:10:47.520+0000] {logging_mixin.py:190} INFO - [2024-10-20T20:10:47.520+0000] {dag.py:3229} INFO - Sync 1 DAGs
[2024-10-20T20:10:47.549+0000] {logging_mixin.py:190} INFO - [2024-10-20T20:10:47.549+0000] {dag.py:4156} INFO - Setting next_dagrun for hello_world_dag to 2024-10-20 19:00:00+00:00, run_after=2024-10-20 20:00:00+00:00
[2024-10-20T20:10:47.582+0000] {processor.py:208} INFO - Processing /opt/airflow/dags/helloworld.py took 0.104 seconds
[2024-10-20T20:11:18.165+0000] {processor.py:186} INFO - Started process (PID=213) to work on /opt/airflow/dags/helloworld.py
[2024-10-20T20:11:18.166+0000] {processor.py:914} INFO - Processing file /opt/airflow/dags/helloworld.py for tasks to queue
[2024-10-20T20:11:18.168+0000] {logging_mixin.py:190} INFO - [2024-10-20T20:11:18.168+0000] {dagbag.py:587} INFO - Filling up the DagBag from /opt/airflow/dags/helloworld.py
[2024-10-20T20:11:18.186+0000] {processor.py:925} INFO - DAG(s) 'hello_world_dag' retrieved from /opt/airflow/dags/helloworld.py
[2024-10-20T20:11:18.207+0000] {logging_mixin.py:190} INFO - [2024-10-20T20:11:18.207+0000] {dag.py:3229} INFO - Sync 1 DAGs
[2024-10-20T20:11:18.230+0000] {logging_mixin.py:190} INFO - [2024-10-20T20:11:18.229+0000] {dag.py:4156} INFO - Setting next_dagrun for hello_world_dag to 2024-10-20 19:00:00+00:00, run_after=2024-10-20 20:00:00+00:00
[2024-10-20T20:11:18.253+0000] {processor.py:208} INFO - Processing /opt/airflow/dags/helloworld.py took 0.094 seconds
[2024-10-20T20:11:48.458+0000] {processor.py:186} INFO - Started process (PID=215) to work on /opt/airflow/dags/helloworld.py
[2024-10-20T20:11:48.459+0000] {processor.py:914} INFO - Processing file /opt/airflow/dags/helloworld.py for tasks to queue
[2024-10-20T20:11:48.462+0000] {logging_mixin.py:190} INFO - [2024-10-20T20:11:48.461+0000] {dagbag.py:587} INFO - Filling up the DagBag from /opt/airflow/dags/helloworld.py
[2024-10-20T20:11:48.478+0000] {processor.py:925} INFO - DAG(s) 'hello_world_dag' retrieved from /opt/airflow/dags/helloworld.py
[2024-10-20T20:11:48.502+0000] {logging_mixin.py:190} INFO - [2024-10-20T20:11:48.501+0000] {dag.py:3229} INFO - Sync 1 DAGs
[2024-10-20T20:11:48.525+0000] {logging_mixin.py:190} INFO - [2024-10-20T20:11:48.525+0000] {dag.py:4156} INFO - Setting next_dagrun for hello_world_dag to 2024-10-20 19:00:00+00:00, run_after=2024-10-20 20:00:00+00:00
[2024-10-20T20:11:48.559+0000] {processor.py:208} INFO - Processing /opt/airflow/dags/helloworld.py took 0.106 seconds
[2024-10-20T20:12:19.803+0000] {processor.py:186} INFO - Started process (PID=217) to work on /opt/airflow/dags/helloworld.py
[2024-10-20T20:12:19.804+0000] {processor.py:914} INFO - Processing file /opt/airflow/dags/helloworld.py for tasks to queue
[2024-10-20T20:12:19.807+0000] {logging_mixin.py:190} INFO - [2024-10-20T20:12:19.806+0000] {dagbag.py:587} INFO - Filling up the DagBag from /opt/airflow/dags/helloworld.py
[2024-10-20T20:12:19.836+0000] {processor.py:925} INFO - DAG(s) 'hello_world_dag' retrieved from /opt/airflow/dags/helloworld.py
[2024-10-20T20:12:19.858+0000] {logging_mixin.py:190} INFO - [2024-10-20T20:12:19.858+0000] {dag.py:3229} INFO - Sync 1 DAGs
[2024-10-20T20:12:19.884+0000] {logging_mixin.py:190} INFO - [2024-10-20T20:12:19.883+0000] {dag.py:4156} INFO - Setting next_dagrun for hello_world_dag to 2024-10-20 19:00:00+00:00, run_after=2024-10-20 20:00:00+00:00
[2024-10-20T20:12:19.909+0000] {processor.py:208} INFO - Processing /opt/airflow/dags/helloworld.py took 0.112 seconds
[2024-10-20T20:12:50.097+0000] {processor.py:186} INFO - Started process (PID=219) to work on /opt/airflow/dags/helloworld.py
[2024-10-20T20:12:50.098+0000] {processor.py:914} INFO - Processing file /opt/airflow/dags/helloworld.py for tasks to queue
[2024-10-20T20:12:50.100+0000] {logging_mixin.py:190} INFO - [2024-10-20T20:12:50.100+0000] {dagbag.py:587} INFO - Filling up the DagBag from /opt/airflow/dags/helloworld.py
[2024-10-20T20:12:50.119+0000] {processor.py:925} INFO - DAG(s) 'hello_world_dag' retrieved from /opt/airflow/dags/helloworld.py
[2024-10-20T20:12:50.139+0000] {logging_mixin.py:190} INFO - [2024-10-20T20:12:50.138+0000] {dag.py:3229} INFO - Sync 1 DAGs
[2024-10-20T20:12:50.178+0000] {logging_mixin.py:190} INFO - [2024-10-20T20:12:50.177+0000] {dag.py:4156} INFO - Setting next_dagrun for hello_world_dag to 2024-10-20 19:00:00+00:00, run_after=2024-10-20 20:00:00+00:00
[2024-10-20T20:12:50.211+0000] {processor.py:208} INFO - Processing /opt/airflow/dags/helloworld.py took 0.121 seconds
[2024-10-20T20:13:20.382+0000] {processor.py:186} INFO - Started process (PID=221) to work on /opt/airflow/dags/helloworld.py
[2024-10-20T20:13:20.383+0000] {processor.py:914} INFO - Processing file /opt/airflow/dags/helloworld.py for tasks to queue
[2024-10-20T20:13:20.386+0000] {logging_mixin.py:190} INFO - [2024-10-20T20:13:20.385+0000] {dagbag.py:587} INFO - Filling up the DagBag from /opt/airflow/dags/helloworld.py
[2024-10-20T20:13:20.404+0000] {processor.py:925} INFO - DAG(s) 'hello_world_dag' retrieved from /opt/airflow/dags/helloworld.py
[2024-10-20T20:13:20.425+0000] {logging_mixin.py:190} INFO - [2024-10-20T20:13:20.425+0000] {dag.py:3229} INFO - Sync 1 DAGs
[2024-10-20T20:13:20.451+0000] {logging_mixin.py:190} INFO - [2024-10-20T20:13:20.450+0000] {dag.py:4156} INFO - Setting next_dagrun for hello_world_dag to 2024-10-20 19:00:00+00:00, run_after=2024-10-20 20:00:00+00:00
[2024-10-20T20:13:20.476+0000] {processor.py:208} INFO - Processing /opt/airflow/dags/helloworld.py took 0.100 seconds
[2024-10-20T20:13:50.665+0000] {processor.py:186} INFO - Started process (PID=223) to work on /opt/airflow/dags/helloworld.py
[2024-10-20T20:13:50.666+0000] {processor.py:914} INFO - Processing file /opt/airflow/dags/helloworld.py for tasks to queue
[2024-10-20T20:13:50.668+0000] {logging_mixin.py:190} INFO - [2024-10-20T20:13:50.668+0000] {dagbag.py:587} INFO - Filling up the DagBag from /opt/airflow/dags/helloworld.py
[2024-10-20T20:13:50.685+0000] {processor.py:925} INFO - DAG(s) 'hello_world_dag' retrieved from /opt/airflow/dags/helloworld.py
[2024-10-20T20:13:50.706+0000] {logging_mixin.py:190} INFO - [2024-10-20T20:13:50.705+0000] {dag.py:3229} INFO - Sync 1 DAGs
[2024-10-20T20:13:50.734+0000] {logging_mixin.py:190} INFO - [2024-10-20T20:13:50.733+0000] {dag.py:4156} INFO - Setting next_dagrun for hello_world_dag to 2024-10-20 19:00:00+00:00, run_after=2024-10-20 20:00:00+00:00
[2024-10-20T20:13:50.758+0000] {processor.py:208} INFO - Processing /opt/airflow/dags/helloworld.py took 0.099 seconds
[2024-10-20T20:14:20.999+0000] {processor.py:186} INFO - Started process (PID=225) to work on /opt/airflow/dags/helloworld.py
[2024-10-20T20:14:21.000+0000] {processor.py:914} INFO - Processing file /opt/airflow/dags/helloworld.py for tasks to queue
[2024-10-20T20:14:21.003+0000] {logging_mixin.py:190} INFO - [2024-10-20T20:14:21.002+0000] {dagbag.py:587} INFO - Filling up the DagBag from /opt/airflow/dags/helloworld.py
[2024-10-20T20:14:21.028+0000] {processor.py:925} INFO - DAG(s) 'hello_world_dag' retrieved from /opt/airflow/dags/helloworld.py
[2024-10-20T20:14:21.127+0000] {logging_mixin.py:190} INFO - [2024-10-20T20:14:21.127+0000] {dag.py:3229} INFO - Sync 1 DAGs
[2024-10-20T20:14:21.179+0000] {logging_mixin.py:190} INFO - [2024-10-20T20:14:21.179+0000] {dag.py:4156} INFO - Setting next_dagrun for hello_world_dag to 2024-10-20 19:00:00+00:00, run_after=2024-10-20 20:00:00+00:00
[2024-10-20T20:14:21.279+0000] {processor.py:208} INFO - Processing /opt/airflow/dags/helloworld.py took 0.286 seconds
[2024-10-20T20:14:52.327+0000] {processor.py:186} INFO - Started process (PID=227) to work on /opt/airflow/dags/helloworld.py
[2024-10-20T20:14:52.328+0000] {processor.py:914} INFO - Processing file /opt/airflow/dags/helloworld.py for tasks to queue
[2024-10-20T20:14:52.330+0000] {logging_mixin.py:190} INFO - [2024-10-20T20:14:52.330+0000] {dagbag.py:587} INFO - Filling up the DagBag from /opt/airflow/dags/helloworld.py
[2024-10-20T20:14:52.350+0000] {processor.py:925} INFO - DAG(s) 'hello_world_dag' retrieved from /opt/airflow/dags/helloworld.py
[2024-10-20T20:14:52.375+0000] {logging_mixin.py:190} INFO - [2024-10-20T20:14:52.375+0000] {dag.py:3229} INFO - Sync 1 DAGs
[2024-10-20T20:14:52.401+0000] {logging_mixin.py:190} INFO - [2024-10-20T20:14:52.400+0000] {dag.py:4156} INFO - Setting next_dagrun for hello_world_dag to 2024-10-20 19:00:00+00:00, run_after=2024-10-20 20:00:00+00:00
[2024-10-20T20:14:52.427+0000] {processor.py:208} INFO - Processing /opt/airflow/dags/helloworld.py took 0.106 seconds
[2024-10-20T20:15:22.626+0000] {processor.py:186} INFO - Started process (PID=229) to work on /opt/airflow/dags/helloworld.py
[2024-10-20T20:15:22.627+0000] {processor.py:914} INFO - Processing file /opt/airflow/dags/helloworld.py for tasks to queue
[2024-10-20T20:15:22.630+0000] {logging_mixin.py:190} INFO - [2024-10-20T20:15:22.629+0000] {dagbag.py:587} INFO - Filling up the DagBag from /opt/airflow/dags/helloworld.py
[2024-10-20T20:15:22.649+0000] {processor.py:925} INFO - DAG(s) 'hello_world_dag' retrieved from /opt/airflow/dags/helloworld.py
[2024-10-20T20:15:22.671+0000] {logging_mixin.py:190} INFO - [2024-10-20T20:15:22.671+0000] {dag.py:3229} INFO - Sync 1 DAGs
[2024-10-20T20:15:22.698+0000] {logging_mixin.py:190} INFO - [2024-10-20T20:15:22.698+0000] {dag.py:4156} INFO - Setting next_dagrun for hello_world_dag to 2024-10-20 19:00:00+00:00, run_after=2024-10-20 20:00:00+00:00
[2024-10-20T20:15:22.723+0000] {processor.py:208} INFO - Processing /opt/airflow/dags/helloworld.py took 0.103 seconds
[2024-10-20T20:15:52.953+0000] {processor.py:186} INFO - Started process (PID=231) to work on /opt/airflow/dags/helloworld.py
[2024-10-20T20:15:52.954+0000] {processor.py:914} INFO - Processing file /opt/airflow/dags/helloworld.py for tasks to queue
[2024-10-20T20:15:52.965+0000] {logging_mixin.py:190} INFO - [2024-10-20T20:15:52.964+0000] {dagbag.py:587} INFO - Filling up the DagBag from /opt/airflow/dags/helloworld.py
[2024-10-20T20:15:53.006+0000] {processor.py:925} INFO - DAG(s) 'hello_world_dag' retrieved from /opt/airflow/dags/helloworld.py
[2024-10-20T20:15:53.079+0000] {logging_mixin.py:190} INFO - [2024-10-20T20:15:53.078+0000] {dag.py:3229} INFO - Sync 1 DAGs
[2024-10-20T20:15:53.117+0000] {logging_mixin.py:190} INFO - [2024-10-20T20:15:53.117+0000] {dag.py:4156} INFO - Setting next_dagrun for hello_world_dag to 2024-10-20 19:00:00+00:00, run_after=2024-10-20 20:00:00+00:00
[2024-10-20T20:15:53.145+0000] {processor.py:208} INFO - Processing /opt/airflow/dags/helloworld.py took 0.200 seconds
[2024-10-20T20:16:24.273+0000] {processor.py:186} INFO - Started process (PID=233) to work on /opt/airflow/dags/helloworld.py
[2024-10-20T20:16:24.274+0000] {processor.py:914} INFO - Processing file /opt/airflow/dags/helloworld.py for tasks to queue
[2024-10-20T20:16:24.276+0000] {logging_mixin.py:190} INFO - [2024-10-20T20:16:24.276+0000] {dagbag.py:587} INFO - Filling up the DagBag from /opt/airflow/dags/helloworld.py
[2024-10-20T20:16:24.293+0000] {processor.py:925} INFO - DAG(s) 'hello_world_dag' retrieved from /opt/airflow/dags/helloworld.py
[2024-10-20T20:16:24.316+0000] {logging_mixin.py:190} INFO - [2024-10-20T20:16:24.315+0000] {dag.py:3229} INFO - Sync 1 DAGs
[2024-10-20T20:16:24.342+0000] {logging_mixin.py:190} INFO - [2024-10-20T20:16:24.341+0000] {dag.py:4156} INFO - Setting next_dagrun for hello_world_dag to 2024-10-20 19:00:00+00:00, run_after=2024-10-20 20:00:00+00:00
[2024-10-20T20:16:24.369+0000] {processor.py:208} INFO - Processing /opt/airflow/dags/helloworld.py took 0.101 seconds
[2024-10-20T20:16:54.601+0000] {processor.py:186} INFO - Started process (PID=235) to work on /opt/airflow/dags/helloworld.py
[2024-10-20T20:16:54.601+0000] {processor.py:914} INFO - Processing file /opt/airflow/dags/helloworld.py for tasks to queue
[2024-10-20T20:16:54.604+0000] {logging_mixin.py:190} INFO - [2024-10-20T20:16:54.603+0000] {dagbag.py:587} INFO - Filling up the DagBag from /opt/airflow/dags/helloworld.py
[2024-10-20T20:16:54.619+0000] {processor.py:925} INFO - DAG(s) 'hello_world_dag' retrieved from /opt/airflow/dags/helloworld.py
[2024-10-20T20:16:54.663+0000] {logging_mixin.py:190} INFO - [2024-10-20T20:16:54.663+0000] {dag.py:3229} INFO - Sync 1 DAGs
[2024-10-20T20:16:54.690+0000] {logging_mixin.py:190} INFO - [2024-10-20T20:16:54.689+0000] {dag.py:4156} INFO - Setting next_dagrun for hello_world_dag to 2024-10-20 19:00:00+00:00, run_after=2024-10-20 20:00:00+00:00
[2024-10-20T20:16:54.717+0000] {processor.py:208} INFO - Processing /opt/airflow/dags/helloworld.py took 0.121 seconds
[2024-10-20T20:17:24.908+0000] {processor.py:186} INFO - Started process (PID=237) to work on /opt/airflow/dags/helloworld.py
[2024-10-20T20:17:24.909+0000] {processor.py:914} INFO - Processing file /opt/airflow/dags/helloworld.py for tasks to queue
[2024-10-20T20:17:24.912+0000] {logging_mixin.py:190} INFO - [2024-10-20T20:17:24.912+0000] {dagbag.py:587} INFO - Filling up the DagBag from /opt/airflow/dags/helloworld.py
[2024-10-20T20:17:24.939+0000] {processor.py:925} INFO - DAG(s) 'hello_world_dag' retrieved from /opt/airflow/dags/helloworld.py
[2024-10-20T20:17:24.972+0000] {logging_mixin.py:190} INFO - [2024-10-20T20:17:24.972+0000] {dag.py:3229} INFO - Sync 1 DAGs
[2024-10-20T20:17:25.022+0000] {logging_mixin.py:190} INFO - [2024-10-20T20:17:25.022+0000] {dag.py:4156} INFO - Setting next_dagrun for hello_world_dag to 2024-10-20 19:00:00+00:00, run_after=2024-10-20 20:00:00+00:00
[2024-10-20T20:17:25.049+0000] {processor.py:208} INFO - Processing /opt/airflow/dags/helloworld.py took 0.149 seconds
[2024-10-20T20:17:55.202+0000] {processor.py:186} INFO - Started process (PID=239) to work on /opt/airflow/dags/helloworld.py
[2024-10-20T20:17:55.203+0000] {processor.py:914} INFO - Processing file /opt/airflow/dags/helloworld.py for tasks to queue
[2024-10-20T20:17:55.206+0000] {logging_mixin.py:190} INFO - [2024-10-20T20:17:55.205+0000] {dagbag.py:587} INFO - Filling up the DagBag from /opt/airflow/dags/helloworld.py
[2024-10-20T20:17:55.223+0000] {processor.py:925} INFO - DAG(s) 'hello_world_dag' retrieved from /opt/airflow/dags/helloworld.py
[2024-10-20T20:17:55.245+0000] {logging_mixin.py:190} INFO - [2024-10-20T20:17:55.245+0000] {dag.py:3229} INFO - Sync 1 DAGs
[2024-10-20T20:17:55.273+0000] {logging_mixin.py:190} INFO - [2024-10-20T20:17:55.273+0000] {dag.py:4156} INFO - Setting next_dagrun for hello_world_dag to 2024-10-20 19:00:00+00:00, run_after=2024-10-20 20:00:00+00:00
[2024-10-20T20:17:55.298+0000] {processor.py:208} INFO - Processing /opt/airflow/dags/helloworld.py took 0.101 seconds
[2024-10-20T20:18:25.511+0000] {processor.py:186} INFO - Started process (PID=241) to work on /opt/airflow/dags/helloworld.py
[2024-10-20T20:18:25.512+0000] {processor.py:914} INFO - Processing file /opt/airflow/dags/helloworld.py for tasks to queue
[2024-10-20T20:18:25.514+0000] {logging_mixin.py:190} INFO - [2024-10-20T20:18:25.514+0000] {dagbag.py:587} INFO - Filling up the DagBag from /opt/airflow/dags/helloworld.py
[2024-10-20T20:18:25.530+0000] {processor.py:925} INFO - DAG(s) 'hello_world_dag' retrieved from /opt/airflow/dags/helloworld.py
[2024-10-20T20:18:25.552+0000] {logging_mixin.py:190} INFO - [2024-10-20T20:18:25.552+0000] {dag.py:3229} INFO - Sync 1 DAGs
[2024-10-20T20:18:25.583+0000] {logging_mixin.py:190} INFO - [2024-10-20T20:18:25.583+0000] {dag.py:4156} INFO - Setting next_dagrun for hello_world_dag to 2024-10-20 19:00:00+00:00, run_after=2024-10-20 20:00:00+00:00
[2024-10-20T20:18:25.612+0000] {processor.py:208} INFO - Processing /opt/airflow/dags/helloworld.py took 0.106 seconds
[2024-10-20T20:18:55.816+0000] {processor.py:186} INFO - Started process (PID=243) to work on /opt/airflow/dags/helloworld.py
[2024-10-20T20:18:55.817+0000] {processor.py:914} INFO - Processing file /opt/airflow/dags/helloworld.py for tasks to queue
[2024-10-20T20:18:55.820+0000] {logging_mixin.py:190} INFO - [2024-10-20T20:18:55.819+0000] {dagbag.py:587} INFO - Filling up the DagBag from /opt/airflow/dags/helloworld.py
[2024-10-20T20:18:55.837+0000] {processor.py:925} INFO - DAG(s) 'hello_world_dag' retrieved from /opt/airflow/dags/helloworld.py
[2024-10-20T20:18:55.858+0000] {logging_mixin.py:190} INFO - [2024-10-20T20:18:55.858+0000] {dag.py:3229} INFO - Sync 1 DAGs
[2024-10-20T20:18:55.930+0000] {logging_mixin.py:190} INFO - [2024-10-20T20:18:55.929+0000] {dag.py:4156} INFO - Setting next_dagrun for hello_world_dag to 2024-10-20 19:00:00+00:00, run_after=2024-10-20 20:00:00+00:00
[2024-10-20T20:18:56.064+0000] {processor.py:208} INFO - Processing /opt/airflow/dags/helloworld.py took 0.252 seconds
[2024-10-20T20:19:26.261+0000] {processor.py:186} INFO - Started process (PID=245) to work on /opt/airflow/dags/helloworld.py
[2024-10-20T20:19:26.262+0000] {processor.py:914} INFO - Processing file /opt/airflow/dags/helloworld.py for tasks to queue
[2024-10-20T20:19:26.264+0000] {logging_mixin.py:190} INFO - [2024-10-20T20:19:26.264+0000] {dagbag.py:587} INFO - Filling up the DagBag from /opt/airflow/dags/helloworld.py
[2024-10-20T20:19:26.283+0000] {processor.py:925} INFO - DAG(s) 'hello_world_dag' retrieved from /opt/airflow/dags/helloworld.py
[2024-10-20T20:19:26.313+0000] {logging_mixin.py:190} INFO - [2024-10-20T20:19:26.313+0000] {dag.py:3229} INFO - Sync 1 DAGs
[2024-10-20T20:19:26.345+0000] {logging_mixin.py:190} INFO - [2024-10-20T20:19:26.345+0000] {dag.py:4156} INFO - Setting next_dagrun for hello_world_dag to 2024-10-20 19:00:00+00:00, run_after=2024-10-20 20:00:00+00:00
[2024-10-20T20:19:26.377+0000] {processor.py:208} INFO - Processing /opt/airflow/dags/helloworld.py took 0.121 seconds
[2024-10-20T20:19:56.601+0000] {processor.py:186} INFO - Started process (PID=247) to work on /opt/airflow/dags/helloworld.py
[2024-10-20T20:19:56.602+0000] {processor.py:914} INFO - Processing file /opt/airflow/dags/helloworld.py for tasks to queue
[2024-10-20T20:19:56.604+0000] {logging_mixin.py:190} INFO - [2024-10-20T20:19:56.604+0000] {dagbag.py:587} INFO - Filling up the DagBag from /opt/airflow/dags/helloworld.py
[2024-10-20T20:19:56.618+0000] {processor.py:925} INFO - DAG(s) 'hello_world_dag' retrieved from /opt/airflow/dags/helloworld.py
[2024-10-20T20:19:56.641+0000] {logging_mixin.py:190} INFO - [2024-10-20T20:19:56.641+0000] {dag.py:3229} INFO - Sync 1 DAGs
[2024-10-20T20:19:56.671+0000] {logging_mixin.py:190} INFO - [2024-10-20T20:19:56.671+0000] {dag.py:4156} INFO - Setting next_dagrun for hello_world_dag to 2024-10-20 19:00:00+00:00, run_after=2024-10-20 20:00:00+00:00
[2024-10-20T20:19:56.692+0000] {processor.py:208} INFO - Processing /opt/airflow/dags/helloworld.py took 0.096 seconds
[2024-10-20T20:20:26.875+0000] {processor.py:186} INFO - Started process (PID=249) to work on /opt/airflow/dags/helloworld.py
[2024-10-20T20:20:26.876+0000] {processor.py:914} INFO - Processing file /opt/airflow/dags/helloworld.py for tasks to queue
[2024-10-20T20:20:26.880+0000] {logging_mixin.py:190} INFO - [2024-10-20T20:20:26.879+0000] {dagbag.py:587} INFO - Filling up the DagBag from /opt/airflow/dags/helloworld.py
[2024-10-20T20:20:26.898+0000] {processor.py:925} INFO - DAG(s) 'hello_world_dag' retrieved from /opt/airflow/dags/helloworld.py
[2024-10-20T20:20:26.922+0000] {logging_mixin.py:190} INFO - [2024-10-20T20:20:26.922+0000] {dag.py:3229} INFO - Sync 1 DAGs
[2024-10-20T20:20:26.950+0000] {logging_mixin.py:190} INFO - [2024-10-20T20:20:26.950+0000] {dag.py:4156} INFO - Setting next_dagrun for hello_world_dag to 2024-10-20 19:00:00+00:00, run_after=2024-10-20 20:00:00+00:00
[2024-10-20T20:20:26.980+0000] {processor.py:208} INFO - Processing /opt/airflow/dags/helloworld.py took 0.111 seconds
[2024-10-20T20:20:57.156+0000] {processor.py:186} INFO - Started process (PID=251) to work on /opt/airflow/dags/helloworld.py
[2024-10-20T20:20:57.157+0000] {processor.py:914} INFO - Processing file /opt/airflow/dags/helloworld.py for tasks to queue
[2024-10-20T20:20:57.159+0000] {logging_mixin.py:190} INFO - [2024-10-20T20:20:57.159+0000] {dagbag.py:587} INFO - Filling up the DagBag from /opt/airflow/dags/helloworld.py
[2024-10-20T20:20:57.177+0000] {processor.py:925} INFO - DAG(s) 'hello_world_dag' retrieved from /opt/airflow/dags/helloworld.py
[2024-10-20T20:20:57.198+0000] {logging_mixin.py:190} INFO - [2024-10-20T20:20:57.198+0000] {dag.py:3229} INFO - Sync 1 DAGs
[2024-10-20T20:20:57.226+0000] {logging_mixin.py:190} INFO - [2024-10-20T20:20:57.225+0000] {dag.py:4156} INFO - Setting next_dagrun for hello_world_dag to 2024-10-20 19:00:00+00:00, run_after=2024-10-20 20:00:00+00:00
[2024-10-20T20:20:57.250+0000] {processor.py:208} INFO - Processing /opt/airflow/dags/helloworld.py took 0.099 seconds
[2024-10-20T20:21:27.462+0000] {processor.py:186} INFO - Started process (PID=253) to work on /opt/airflow/dags/helloworld.py
[2024-10-20T20:21:27.463+0000] {processor.py:914} INFO - Processing file /opt/airflow/dags/helloworld.py for tasks to queue
[2024-10-20T20:21:27.465+0000] {logging_mixin.py:190} INFO - [2024-10-20T20:21:27.465+0000] {dagbag.py:587} INFO - Filling up the DagBag from /opt/airflow/dags/helloworld.py
[2024-10-20T20:21:27.482+0000] {processor.py:925} INFO - DAG(s) 'hello_world_dag' retrieved from /opt/airflow/dags/helloworld.py
[2024-10-20T20:21:27.503+0000] {logging_mixin.py:190} INFO - [2024-10-20T20:21:27.503+0000] {dag.py:3229} INFO - Sync 1 DAGs
[2024-10-20T20:21:27.529+0000] {logging_mixin.py:190} INFO - [2024-10-20T20:21:27.529+0000] {dag.py:4156} INFO - Setting next_dagrun for hello_world_dag to 2024-10-20 19:00:00+00:00, run_after=2024-10-20 20:00:00+00:00
[2024-10-20T20:21:27.555+0000] {processor.py:208} INFO - Processing /opt/airflow/dags/helloworld.py took 0.098 seconds
[2024-10-20T20:21:57.764+0000] {processor.py:186} INFO - Started process (PID=255) to work on /opt/airflow/dags/helloworld.py
[2024-10-20T20:21:57.765+0000] {processor.py:914} INFO - Processing file /opt/airflow/dags/helloworld.py for tasks to queue
[2024-10-20T20:21:57.769+0000] {logging_mixin.py:190} INFO - [2024-10-20T20:21:57.768+0000] {dagbag.py:587} INFO - Filling up the DagBag from /opt/airflow/dags/helloworld.py
[2024-10-20T20:21:57.786+0000] {processor.py:925} INFO - DAG(s) 'hello_world_dag' retrieved from /opt/airflow/dags/helloworld.py
[2024-10-20T20:21:57.809+0000] {logging_mixin.py:190} INFO - [2024-10-20T20:21:57.809+0000] {dag.py:3229} INFO - Sync 1 DAGs
[2024-10-20T20:21:57.833+0000] {logging_mixin.py:190} INFO - [2024-10-20T20:21:57.833+0000] {dag.py:4156} INFO - Setting next_dagrun for hello_world_dag to 2024-10-20 19:00:00+00:00, run_after=2024-10-20 20:00:00+00:00
[2024-10-20T20:21:57.859+0000] {processor.py:208} INFO - Processing /opt/airflow/dags/helloworld.py took 0.101 seconds
[2024-10-20T20:22:28.081+0000] {processor.py:186} INFO - Started process (PID=257) to work on /opt/airflow/dags/helloworld.py
[2024-10-20T20:22:28.082+0000] {processor.py:914} INFO - Processing file /opt/airflow/dags/helloworld.py for tasks to queue
[2024-10-20T20:22:28.085+0000] {logging_mixin.py:190} INFO - [2024-10-20T20:22:28.084+0000] {dagbag.py:587} INFO - Filling up the DagBag from /opt/airflow/dags/helloworld.py
[2024-10-20T20:22:28.102+0000] {processor.py:925} INFO - DAG(s) 'hello_world_dag' retrieved from /opt/airflow/dags/helloworld.py
[2024-10-20T20:22:28.122+0000] {logging_mixin.py:190} INFO - [2024-10-20T20:22:28.122+0000] {dag.py:3229} INFO - Sync 1 DAGs
[2024-10-20T20:22:28.149+0000] {logging_mixin.py:190} INFO - [2024-10-20T20:22:28.149+0000] {dag.py:4156} INFO - Setting next_dagrun for hello_world_dag to 2024-10-20 19:00:00+00:00, run_after=2024-10-20 20:00:00+00:00
[2024-10-20T20:22:28.173+0000] {processor.py:208} INFO - Processing /opt/airflow/dags/helloworld.py took 0.097 seconds
[2024-10-20T20:22:58.372+0000] {processor.py:186} INFO - Started process (PID=259) to work on /opt/airflow/dags/helloworld.py
[2024-10-20T20:22:58.373+0000] {processor.py:914} INFO - Processing file /opt/airflow/dags/helloworld.py for tasks to queue
[2024-10-20T20:22:58.376+0000] {logging_mixin.py:190} INFO - [2024-10-20T20:22:58.375+0000] {dagbag.py:587} INFO - Filling up the DagBag from /opt/airflow/dags/helloworld.py
[2024-10-20T20:22:58.393+0000] {processor.py:925} INFO - DAG(s) 'hello_world_dag' retrieved from /opt/airflow/dags/helloworld.py
[2024-10-20T20:22:58.416+0000] {logging_mixin.py:190} INFO - [2024-10-20T20:22:58.416+0000] {dag.py:3229} INFO - Sync 1 DAGs
[2024-10-20T20:22:58.444+0000] {logging_mixin.py:190} INFO - [2024-10-20T20:22:58.444+0000] {dag.py:4156} INFO - Setting next_dagrun for hello_world_dag to 2024-10-20 19:00:00+00:00, run_after=2024-10-20 20:00:00+00:00
[2024-10-20T20:22:58.470+0000] {processor.py:208} INFO - Processing /opt/airflow/dags/helloworld.py took 0.105 seconds
[2024-10-20T20:23:28.674+0000] {processor.py:186} INFO - Started process (PID=261) to work on /opt/airflow/dags/helloworld.py
[2024-10-20T20:23:28.675+0000] {processor.py:914} INFO - Processing file /opt/airflow/dags/helloworld.py for tasks to queue
[2024-10-20T20:23:28.677+0000] {logging_mixin.py:190} INFO - [2024-10-20T20:23:28.676+0000] {dagbag.py:587} INFO - Filling up the DagBag from /opt/airflow/dags/helloworld.py
[2024-10-20T20:23:28.694+0000] {processor.py:925} INFO - DAG(s) 'hello_world_dag' retrieved from /opt/airflow/dags/helloworld.py
[2024-10-20T20:23:28.716+0000] {logging_mixin.py:190} INFO - [2024-10-20T20:23:28.716+0000] {dag.py:3229} INFO - Sync 1 DAGs
[2024-10-20T20:23:28.744+0000] {logging_mixin.py:190} INFO - [2024-10-20T20:23:28.743+0000] {dag.py:4156} INFO - Setting next_dagrun for hello_world_dag to 2024-10-20 19:00:00+00:00, run_after=2024-10-20 20:00:00+00:00
[2024-10-20T20:23:28.767+0000] {processor.py:208} INFO - Processing /opt/airflow/dags/helloworld.py took 0.099 seconds
[2024-10-20T20:23:59.391+0000] {processor.py:186} INFO - Started process (PID=263) to work on /opt/airflow/dags/helloworld.py
[2024-10-20T20:23:59.411+0000] {processor.py:914} INFO - Processing file /opt/airflow/dags/helloworld.py for tasks to queue
[2024-10-20T20:23:59.446+0000] {logging_mixin.py:190} INFO - [2024-10-20T20:23:59.445+0000] {dagbag.py:587} INFO - Filling up the DagBag from /opt/airflow/dags/helloworld.py
[2024-10-20T20:23:59.469+0000] {processor.py:925} INFO - DAG(s) 'hello_world_dag' retrieved from /opt/airflow/dags/helloworld.py
[2024-10-20T20:23:59.548+0000] {logging_mixin.py:190} INFO - [2024-10-20T20:23:59.548+0000] {dag.py:3229} INFO - Sync 1 DAGs
[2024-10-20T20:23:59.628+0000] {logging_mixin.py:190} INFO - [2024-10-20T20:23:59.627+0000] {dag.py:4156} INFO - Setting next_dagrun for hello_world_dag to 2024-10-20 19:00:00+00:00, run_after=2024-10-20 20:00:00+00:00
[2024-10-20T20:23:59.659+0000] {processor.py:208} INFO - Processing /opt/airflow/dags/helloworld.py took 0.317 seconds
[2024-10-20T20:24:30.424+0000] {processor.py:186} INFO - Started process (PID=265) to work on /opt/airflow/dags/helloworld.py
[2024-10-20T20:24:30.425+0000] {processor.py:914} INFO - Processing file /opt/airflow/dags/helloworld.py for tasks to queue
[2024-10-20T20:24:30.428+0000] {logging_mixin.py:190} INFO - [2024-10-20T20:24:30.428+0000] {dagbag.py:587} INFO - Filling up the DagBag from /opt/airflow/dags/helloworld.py
[2024-10-20T20:24:30.445+0000] {processor.py:925} INFO - DAG(s) 'hello_world_dag' retrieved from /opt/airflow/dags/helloworld.py
[2024-10-20T20:24:30.467+0000] {logging_mixin.py:190} INFO - [2024-10-20T20:24:30.467+0000] {dag.py:3229} INFO - Sync 1 DAGs
[2024-10-20T20:24:30.493+0000] {logging_mixin.py:190} INFO - [2024-10-20T20:24:30.493+0000] {dag.py:4156} INFO - Setting next_dagrun for hello_world_dag to 2024-10-20 19:00:00+00:00, run_after=2024-10-20 20:00:00+00:00
[2024-10-20T20:24:30.527+0000] {processor.py:208} INFO - Processing /opt/airflow/dags/helloworld.py took 0.108 seconds
[2024-10-20T20:25:00.836+0000] {processor.py:186} INFO - Started process (PID=267) to work on /opt/airflow/dags/helloworld.py
[2024-10-20T20:25:00.837+0000] {processor.py:914} INFO - Processing file /opt/airflow/dags/helloworld.py for tasks to queue
[2024-10-20T20:25:00.840+0000] {logging_mixin.py:190} INFO - [2024-10-20T20:25:00.840+0000] {dagbag.py:587} INFO - Filling up the DagBag from /opt/airflow/dags/helloworld.py
[2024-10-20T20:25:00.860+0000] {processor.py:925} INFO - DAG(s) 'hello_world_dag' retrieved from /opt/airflow/dags/helloworld.py
[2024-10-20T20:25:00.881+0000] {logging_mixin.py:190} INFO - [2024-10-20T20:25:00.881+0000] {dag.py:3229} INFO - Sync 1 DAGs
[2024-10-20T20:25:00.907+0000] {logging_mixin.py:190} INFO - [2024-10-20T20:25:00.906+0000] {dag.py:4156} INFO - Setting next_dagrun for hello_world_dag to 2024-10-20 19:00:00+00:00, run_after=2024-10-20 20:00:00+00:00
[2024-10-20T20:25:00.932+0000] {processor.py:208} INFO - Processing /opt/airflow/dags/helloworld.py took 0.102 seconds
[2024-10-20T20:25:31.912+0000] {processor.py:186} INFO - Started process (PID=269) to work on /opt/airflow/dags/helloworld.py
[2024-10-20T20:25:31.913+0000] {processor.py:914} INFO - Processing file /opt/airflow/dags/helloworld.py for tasks to queue
[2024-10-20T20:25:31.915+0000] {logging_mixin.py:190} INFO - [2024-10-20T20:25:31.915+0000] {dagbag.py:587} INFO - Filling up the DagBag from /opt/airflow/dags/helloworld.py
[2024-10-20T20:25:31.931+0000] {processor.py:925} INFO - DAG(s) 'hello_world_dag' retrieved from /opt/airflow/dags/helloworld.py
[2024-10-20T20:25:31.953+0000] {logging_mixin.py:190} INFO - [2024-10-20T20:25:31.953+0000] {dag.py:3229} INFO - Sync 1 DAGs
[2024-10-20T20:25:31.979+0000] {logging_mixin.py:190} INFO - [2024-10-20T20:25:31.979+0000] {dag.py:4156} INFO - Setting next_dagrun for hello_world_dag to 2024-10-20 19:00:00+00:00, run_after=2024-10-20 20:00:00+00:00
[2024-10-20T20:25:32.003+0000] {processor.py:208} INFO - Processing /opt/airflow/dags/helloworld.py took 0.097 seconds
[2024-10-20T20:26:02.418+0000] {processor.py:186} INFO - Started process (PID=271) to work on /opt/airflow/dags/helloworld.py
[2024-10-20T20:26:02.419+0000] {processor.py:914} INFO - Processing file /opt/airflow/dags/helloworld.py for tasks to queue
[2024-10-20T20:26:02.421+0000] {logging_mixin.py:190} INFO - [2024-10-20T20:26:02.421+0000] {dagbag.py:587} INFO - Filling up the DagBag from /opt/airflow/dags/helloworld.py
[2024-10-20T20:26:02.439+0000] {processor.py:925} INFO - DAG(s) 'hello_world_dag' retrieved from /opt/airflow/dags/helloworld.py
[2024-10-20T20:26:02.462+0000] {logging_mixin.py:190} INFO - [2024-10-20T20:26:02.461+0000] {dag.py:3229} INFO - Sync 1 DAGs
[2024-10-20T20:26:02.489+0000] {logging_mixin.py:190} INFO - [2024-10-20T20:26:02.489+0000] {dag.py:4156} INFO - Setting next_dagrun for hello_world_dag to 2024-10-20 19:00:00+00:00, run_after=2024-10-20 20:00:00+00:00
[2024-10-20T20:26:02.516+0000] {processor.py:208} INFO - Processing /opt/airflow/dags/helloworld.py took 0.103 seconds
[2024-10-20T20:26:32.946+0000] {processor.py:186} INFO - Started process (PID=273) to work on /opt/airflow/dags/helloworld.py
[2024-10-20T20:26:32.947+0000] {processor.py:914} INFO - Processing file /opt/airflow/dags/helloworld.py for tasks to queue
[2024-10-20T20:26:32.949+0000] {logging_mixin.py:190} INFO - [2024-10-20T20:26:32.949+0000] {dagbag.py:587} INFO - Filling up the DagBag from /opt/airflow/dags/helloworld.py
[2024-10-20T20:26:32.967+0000] {processor.py:925} INFO - DAG(s) 'hello_world_dag' retrieved from /opt/airflow/dags/helloworld.py
[2024-10-20T20:26:32.989+0000] {logging_mixin.py:190} INFO - [2024-10-20T20:26:32.988+0000] {dag.py:3229} INFO - Sync 1 DAGs
[2024-10-20T20:26:33.018+0000] {logging_mixin.py:190} INFO - [2024-10-20T20:26:33.017+0000] {dag.py:4156} INFO - Setting next_dagrun for hello_world_dag to 2024-10-20 19:00:00+00:00, run_after=2024-10-20 20:00:00+00:00
[2024-10-20T20:26:33.040+0000] {processor.py:208} INFO - Processing /opt/airflow/dags/helloworld.py took 0.101 seconds
[2024-10-20T20:27:03.449+0000] {processor.py:186} INFO - Started process (PID=275) to work on /opt/airflow/dags/helloworld.py
[2024-10-20T20:27:03.450+0000] {processor.py:914} INFO - Processing file /opt/airflow/dags/helloworld.py for tasks to queue
[2024-10-20T20:27:03.452+0000] {logging_mixin.py:190} INFO - [2024-10-20T20:27:03.452+0000] {dagbag.py:587} INFO - Filling up the DagBag from /opt/airflow/dags/helloworld.py
[2024-10-20T20:27:03.468+0000] {processor.py:925} INFO - DAG(s) 'hello_world_dag' retrieved from /opt/airflow/dags/helloworld.py
[2024-10-20T20:27:03.486+0000] {logging_mixin.py:190} INFO - [2024-10-20T20:27:03.486+0000] {dag.py:3229} INFO - Sync 1 DAGs
[2024-10-20T20:27:03.511+0000] {logging_mixin.py:190} INFO - [2024-10-20T20:27:03.511+0000] {dag.py:4156} INFO - Setting next_dagrun for hello_world_dag to 2024-10-20 19:00:00+00:00, run_after=2024-10-20 20:00:00+00:00
[2024-10-20T20:27:03.532+0000] {processor.py:208} INFO - Processing /opt/airflow/dags/helloworld.py took 0.088 seconds
[2024-10-20T20:27:33.915+0000] {processor.py:186} INFO - Started process (PID=277) to work on /opt/airflow/dags/helloworld.py
[2024-10-20T20:27:33.916+0000] {processor.py:914} INFO - Processing file /opt/airflow/dags/helloworld.py for tasks to queue
[2024-10-20T20:27:33.919+0000] {logging_mixin.py:190} INFO - [2024-10-20T20:27:33.919+0000] {dagbag.py:587} INFO - Filling up the DagBag from /opt/airflow/dags/helloworld.py
[2024-10-20T20:27:33.946+0000] {processor.py:925} INFO - DAG(s) 'hello_world_dag' retrieved from /opt/airflow/dags/helloworld.py
[2024-10-20T20:27:33.976+0000] {logging_mixin.py:190} INFO - [2024-10-20T20:27:33.975+0000] {dag.py:3229} INFO - Sync 1 DAGs
[2024-10-20T20:27:34.028+0000] {logging_mixin.py:190} INFO - [2024-10-20T20:27:34.027+0000] {dag.py:4156} INFO - Setting next_dagrun for hello_world_dag to 2024-10-20 19:00:00+00:00, run_after=2024-10-20 20:00:00+00:00
[2024-10-20T20:27:34.059+0000] {processor.py:208} INFO - Processing /opt/airflow/dags/helloworld.py took 0.150 seconds
[2024-10-20T20:28:04.413+0000] {processor.py:186} INFO - Started process (PID=279) to work on /opt/airflow/dags/helloworld.py
[2024-10-20T20:28:04.414+0000] {processor.py:914} INFO - Processing file /opt/airflow/dags/helloworld.py for tasks to queue
[2024-10-20T20:28:04.417+0000] {logging_mixin.py:190} INFO - [2024-10-20T20:28:04.416+0000] {dagbag.py:587} INFO - Filling up the DagBag from /opt/airflow/dags/helloworld.py
[2024-10-20T20:28:04.433+0000] {processor.py:925} INFO - DAG(s) 'hello_world_dag' retrieved from /opt/airflow/dags/helloworld.py
[2024-10-20T20:28:04.453+0000] {logging_mixin.py:190} INFO - [2024-10-20T20:28:04.453+0000] {dag.py:3229} INFO - Sync 1 DAGs
[2024-10-20T20:28:04.479+0000] {logging_mixin.py:190} INFO - [2024-10-20T20:28:04.478+0000] {dag.py:4156} INFO - Setting next_dagrun for hello_world_dag to 2024-10-20 19:00:00+00:00, run_after=2024-10-20 20:00:00+00:00
[2024-10-20T20:28:04.501+0000] {processor.py:208} INFO - Processing /opt/airflow/dags/helloworld.py took 0.093 seconds
[2024-10-20T20:28:34.940+0000] {processor.py:186} INFO - Started process (PID=281) to work on /opt/airflow/dags/helloworld.py
[2024-10-20T20:28:34.941+0000] {processor.py:914} INFO - Processing file /opt/airflow/dags/helloworld.py for tasks to queue
[2024-10-20T20:28:34.944+0000] {logging_mixin.py:190} INFO - [2024-10-20T20:28:34.943+0000] {dagbag.py:587} INFO - Filling up the DagBag from /opt/airflow/dags/helloworld.py
[2024-10-20T20:28:34.963+0000] {processor.py:925} INFO - DAG(s) 'hello_world_dag' retrieved from /opt/airflow/dags/helloworld.py
[2024-10-20T20:28:34.988+0000] {logging_mixin.py:190} INFO - [2024-10-20T20:28:34.988+0000] {dag.py:3229} INFO - Sync 1 DAGs
[2024-10-20T20:28:35.020+0000] {logging_mixin.py:190} INFO - [2024-10-20T20:28:35.020+0000] {dag.py:4156} INFO - Setting next_dagrun for hello_world_dag to 2024-10-20 19:00:00+00:00, run_after=2024-10-20 20:00:00+00:00
[2024-10-20T20:28:35.045+0000] {processor.py:208} INFO - Processing /opt/airflow/dags/helloworld.py took 0.111 seconds
[2024-10-20T20:29:05.446+0000] {processor.py:186} INFO - Started process (PID=283) to work on /opt/airflow/dags/helloworld.py
[2024-10-20T20:29:05.447+0000] {processor.py:914} INFO - Processing file /opt/airflow/dags/helloworld.py for tasks to queue
[2024-10-20T20:29:05.450+0000] {logging_mixin.py:190} INFO - [2024-10-20T20:29:05.450+0000] {dagbag.py:587} INFO - Filling up the DagBag from /opt/airflow/dags/helloworld.py
[2024-10-20T20:29:05.468+0000] {processor.py:925} INFO - DAG(s) 'hello_world_dag' retrieved from /opt/airflow/dags/helloworld.py
[2024-10-20T20:29:05.492+0000] {logging_mixin.py:190} INFO - [2024-10-20T20:29:05.492+0000] {dag.py:3229} INFO - Sync 1 DAGs
[2024-10-20T20:29:05.522+0000] {logging_mixin.py:190} INFO - [2024-10-20T20:29:05.522+0000] {dag.py:4156} INFO - Setting next_dagrun for hello_world_dag to 2024-10-20 19:00:00+00:00, run_after=2024-10-20 20:00:00+00:00
[2024-10-20T20:29:05.546+0000] {processor.py:208} INFO - Processing /opt/airflow/dags/helloworld.py took 0.106 seconds
[2024-10-20T20:29:35.976+0000] {processor.py:186} INFO - Started process (PID=285) to work on /opt/airflow/dags/helloworld.py
[2024-10-20T20:29:35.978+0000] {processor.py:914} INFO - Processing file /opt/airflow/dags/helloworld.py for tasks to queue
[2024-10-20T20:29:35.983+0000] {logging_mixin.py:190} INFO - [2024-10-20T20:29:35.983+0000] {dagbag.py:587} INFO - Filling up the DagBag from /opt/airflow/dags/helloworld.py
[2024-10-20T20:29:36.008+0000] {processor.py:925} INFO - DAG(s) 'hello_world_dag' retrieved from /opt/airflow/dags/helloworld.py
[2024-10-20T20:29:36.045+0000] {logging_mixin.py:190} INFO - [2024-10-20T20:29:36.045+0000] {dag.py:3229} INFO - Sync 1 DAGs
[2024-10-20T20:29:36.088+0000] {logging_mixin.py:190} INFO - [2024-10-20T20:29:36.088+0000] {dag.py:4156} INFO - Setting next_dagrun for hello_world_dag to 2024-10-20 19:00:00+00:00, run_after=2024-10-20 20:00:00+00:00
[2024-10-20T20:29:36.133+0000] {processor.py:208} INFO - Processing /opt/airflow/dags/helloworld.py took 0.167 seconds
[2024-10-20T20:30:06.473+0000] {processor.py:186} INFO - Started process (PID=324) to work on /opt/airflow/dags/helloworld.py
[2024-10-20T20:30:06.474+0000] {processor.py:914} INFO - Processing file /opt/airflow/dags/helloworld.py for tasks to queue
[2024-10-20T20:30:06.477+0000] {logging_mixin.py:190} INFO - [2024-10-20T20:30:06.476+0000] {dagbag.py:587} INFO - Filling up the DagBag from /opt/airflow/dags/helloworld.py
[2024-10-20T20:30:06.493+0000] {processor.py:925} INFO - DAG(s) 'hello_world_dag' retrieved from /opt/airflow/dags/helloworld.py
[2024-10-20T20:30:06.512+0000] {logging_mixin.py:190} INFO - [2024-10-20T20:30:06.511+0000] {dag.py:3229} INFO - Sync 1 DAGs
[2024-10-20T20:30:06.546+0000] {logging_mixin.py:190} INFO - [2024-10-20T20:30:06.545+0000] {dag.py:4156} INFO - Setting next_dagrun for hello_world_dag to 2024-10-20 19:00:00+00:00, run_after=2024-10-20 20:00:00+00:00
[2024-10-20T20:30:06.576+0000] {processor.py:208} INFO - Processing /opt/airflow/dags/helloworld.py took 0.107 seconds
[2024-10-20T20:30:36.997+0000] {processor.py:186} INFO - Started process (PID=331) to work on /opt/airflow/dags/helloworld.py
[2024-10-20T20:30:36.998+0000] {processor.py:914} INFO - Processing file /opt/airflow/dags/helloworld.py for tasks to queue
[2024-10-20T20:30:37.000+0000] {logging_mixin.py:190} INFO - [2024-10-20T20:30:36.999+0000] {dagbag.py:587} INFO - Filling up the DagBag from /opt/airflow/dags/helloworld.py
[2024-10-20T20:30:37.015+0000] {processor.py:925} INFO - DAG(s) 'hello_world_dag' retrieved from /opt/airflow/dags/helloworld.py
[2024-10-20T20:30:37.044+0000] {logging_mixin.py:190} INFO - [2024-10-20T20:30:37.044+0000] {dag.py:3229} INFO - Sync 1 DAGs
[2024-10-20T20:30:37.096+0000] {logging_mixin.py:190} INFO - [2024-10-20T20:30:37.095+0000] {dag.py:4156} INFO - Setting next_dagrun for hello_world_dag to 2024-10-20 19:00:00+00:00, run_after=2024-10-20 20:00:00+00:00
[2024-10-20T20:30:37.193+0000] {processor.py:208} INFO - Processing /opt/airflow/dags/helloworld.py took 0.203 seconds
[2024-10-20T20:31:07.638+0000] {processor.py:186} INFO - Started process (PID=333) to work on /opt/airflow/dags/helloworld.py
[2024-10-20T20:31:07.639+0000] {processor.py:914} INFO - Processing file /opt/airflow/dags/helloworld.py for tasks to queue
[2024-10-20T20:31:07.642+0000] {logging_mixin.py:190} INFO - [2024-10-20T20:31:07.641+0000] {dagbag.py:587} INFO - Filling up the DagBag from /opt/airflow/dags/helloworld.py
[2024-10-20T20:31:07.666+0000] {processor.py:925} INFO - DAG(s) 'hello_world_dag' retrieved from /opt/airflow/dags/helloworld.py
[2024-10-20T20:31:07.694+0000] {logging_mixin.py:190} INFO - [2024-10-20T20:31:07.693+0000] {dag.py:3229} INFO - Sync 1 DAGs
[2024-10-20T20:31:07.728+0000] {logging_mixin.py:190} INFO - [2024-10-20T20:31:07.727+0000] {dag.py:4156} INFO - Setting next_dagrun for hello_world_dag to 2024-10-20 19:00:00+00:00, run_after=2024-10-20 20:00:00+00:00
[2024-10-20T20:31:07.754+0000] {processor.py:208} INFO - Processing /opt/airflow/dags/helloworld.py took 0.123 seconds
[2024-10-20T20:31:38.154+0000] {processor.py:186} INFO - Started process (PID=345) to work on /opt/airflow/dags/helloworld.py
[2024-10-20T20:31:38.156+0000] {processor.py:914} INFO - Processing file /opt/airflow/dags/helloworld.py for tasks to queue
[2024-10-20T20:31:38.159+0000] {logging_mixin.py:190} INFO - [2024-10-20T20:31:38.159+0000] {dagbag.py:587} INFO - Filling up the DagBag from /opt/airflow/dags/helloworld.py
[2024-10-20T20:31:38.184+0000] {processor.py:925} INFO - DAG(s) 'hello_world_dag' retrieved from /opt/airflow/dags/helloworld.py
[2024-10-20T20:31:38.210+0000] {logging_mixin.py:190} INFO - [2024-10-20T20:31:38.210+0000] {dag.py:3229} INFO - Sync 1 DAGs
[2024-10-20T20:31:38.242+0000] {logging_mixin.py:190} INFO - [2024-10-20T20:31:38.242+0000] {dag.py:4156} INFO - Setting next_dagrun for hello_world_dag to 2024-10-20 19:00:00+00:00, run_after=2024-10-20 20:00:00+00:00
[2024-10-20T20:31:38.270+0000] {processor.py:208} INFO - Processing /opt/airflow/dags/helloworld.py took 0.129 seconds
[2024-10-20T20:32:08.631+0000] {processor.py:186} INFO - Started process (PID=347) to work on /opt/airflow/dags/helloworld.py
[2024-10-20T20:32:08.632+0000] {processor.py:914} INFO - Processing file /opt/airflow/dags/helloworld.py for tasks to queue
[2024-10-20T20:32:08.634+0000] {logging_mixin.py:190} INFO - [2024-10-20T20:32:08.634+0000] {dagbag.py:587} INFO - Filling up the DagBag from /opt/airflow/dags/helloworld.py
[2024-10-20T20:32:08.655+0000] {processor.py:925} INFO - DAG(s) 'hello_world_dag' retrieved from /opt/airflow/dags/helloworld.py
[2024-10-20T20:32:08.679+0000] {logging_mixin.py:190} INFO - [2024-10-20T20:32:08.679+0000] {dag.py:3229} INFO - Sync 1 DAGs
[2024-10-20T20:32:08.706+0000] {logging_mixin.py:190} INFO - [2024-10-20T20:32:08.706+0000] {dag.py:4156} INFO - Setting next_dagrun for hello_world_dag to 2024-10-20 19:00:00+00:00, run_after=2024-10-20 20:00:00+00:00
[2024-10-20T20:32:08.731+0000] {processor.py:208} INFO - Processing /opt/airflow/dags/helloworld.py took 0.106 seconds
[2024-10-20T20:32:39.126+0000] {processor.py:186} INFO - Started process (PID=349) to work on /opt/airflow/dags/helloworld.py
[2024-10-20T20:32:39.127+0000] {processor.py:914} INFO - Processing file /opt/airflow/dags/helloworld.py for tasks to queue
[2024-10-20T20:32:39.130+0000] {logging_mixin.py:190} INFO - [2024-10-20T20:32:39.130+0000] {dagbag.py:587} INFO - Filling up the DagBag from /opt/airflow/dags/helloworld.py
[2024-10-20T20:32:39.149+0000] {processor.py:925} INFO - DAG(s) 'hello_world_dag' retrieved from /opt/airflow/dags/helloworld.py
[2024-10-20T20:32:39.171+0000] {logging_mixin.py:190} INFO - [2024-10-20T20:32:39.171+0000] {dag.py:3229} INFO - Sync 1 DAGs
[2024-10-20T20:32:39.199+0000] {logging_mixin.py:190} INFO - [2024-10-20T20:32:39.199+0000] {dag.py:4156} INFO - Setting next_dagrun for hello_world_dag to 2024-10-20 19:00:00+00:00, run_after=2024-10-20 20:00:00+00:00
[2024-10-20T20:32:39.221+0000] {processor.py:208} INFO - Processing /opt/airflow/dags/helloworld.py took 0.101 seconds
[2024-10-20T20:33:09.614+0000] {processor.py:186} INFO - Started process (PID=351) to work on /opt/airflow/dags/helloworld.py
[2024-10-20T20:33:09.615+0000] {processor.py:914} INFO - Processing file /opt/airflow/dags/helloworld.py for tasks to queue
[2024-10-20T20:33:09.617+0000] {logging_mixin.py:190} INFO - [2024-10-20T20:33:09.616+0000] {dagbag.py:587} INFO - Filling up the DagBag from /opt/airflow/dags/helloworld.py
[2024-10-20T20:33:09.633+0000] {processor.py:925} INFO - DAG(s) 'hello_world_dag' retrieved from /opt/airflow/dags/helloworld.py
[2024-10-20T20:33:09.656+0000] {logging_mixin.py:190} INFO - [2024-10-20T20:33:09.656+0000] {dag.py:3229} INFO - Sync 1 DAGs
[2024-10-20T20:33:09.684+0000] {logging_mixin.py:190} INFO - [2024-10-20T20:33:09.683+0000] {dag.py:4156} INFO - Setting next_dagrun for hello_world_dag to 2024-10-20 19:00:00+00:00, run_after=2024-10-20 20:00:00+00:00
[2024-10-20T20:33:09.733+0000] {processor.py:208} INFO - Processing /opt/airflow/dags/helloworld.py took 0.124 seconds
[2024-10-20T20:33:40.124+0000] {processor.py:186} INFO - Started process (PID=353) to work on /opt/airflow/dags/helloworld.py
[2024-10-20T20:33:40.125+0000] {processor.py:914} INFO - Processing file /opt/airflow/dags/helloworld.py for tasks to queue
[2024-10-20T20:33:40.127+0000] {logging_mixin.py:190} INFO - [2024-10-20T20:33:40.127+0000] {dagbag.py:587} INFO - Filling up the DagBag from /opt/airflow/dags/helloworld.py
[2024-10-20T20:33:40.144+0000] {processor.py:925} INFO - DAG(s) 'hello_world_dag' retrieved from /opt/airflow/dags/helloworld.py
[2024-10-20T20:33:40.164+0000] {logging_mixin.py:190} INFO - [2024-10-20T20:33:40.164+0000] {dag.py:3229} INFO - Sync 1 DAGs
[2024-10-20T20:33:40.188+0000] {logging_mixin.py:190} INFO - [2024-10-20T20:33:40.188+0000] {dag.py:4156} INFO - Setting next_dagrun for hello_world_dag to 2024-10-20 19:00:00+00:00, run_after=2024-10-20 20:00:00+00:00
[2024-10-20T20:33:40.212+0000] {processor.py:208} INFO - Processing /opt/airflow/dags/helloworld.py took 0.094 seconds
[2024-10-20T20:34:11.084+0000] {processor.py:186} INFO - Started process (PID=356) to work on /opt/airflow/dags/helloworld.py
[2024-10-20T20:34:11.085+0000] {processor.py:914} INFO - Processing file /opt/airflow/dags/helloworld.py for tasks to queue
[2024-10-20T20:34:11.088+0000] {logging_mixin.py:190} INFO - [2024-10-20T20:34:11.087+0000] {dagbag.py:587} INFO - Filling up the DagBag from /opt/airflow/dags/helloworld.py
[2024-10-20T20:34:11.107+0000] {processor.py:925} INFO - DAG(s) 'hello_world_dag' retrieved from /opt/airflow/dags/helloworld.py
[2024-10-20T20:34:11.130+0000] {logging_mixin.py:190} INFO - [2024-10-20T20:34:11.129+0000] {dag.py:3229} INFO - Sync 1 DAGs
[2024-10-20T20:34:11.183+0000] {logging_mixin.py:190} INFO - [2024-10-20T20:34:11.183+0000] {dag.py:4156} INFO - Setting next_dagrun for hello_world_dag to 2024-10-20 19:00:00+00:00, run_after=2024-10-20 20:00:00+00:00
[2024-10-20T20:34:11.216+0000] {processor.py:208} INFO - Processing /opt/airflow/dags/helloworld.py took 0.138 seconds
[2024-10-20T20:34:41.818+0000] {processor.py:186} INFO - Started process (PID=359) to work on /opt/airflow/dags/helloworld.py
[2024-10-20T20:34:41.819+0000] {processor.py:914} INFO - Processing file /opt/airflow/dags/helloworld.py for tasks to queue
[2024-10-20T20:34:41.822+0000] {logging_mixin.py:190} INFO - [2024-10-20T20:34:41.821+0000] {dagbag.py:587} INFO - Filling up the DagBag from /opt/airflow/dags/helloworld.py
[2024-10-20T20:34:41.838+0000] {processor.py:925} INFO - DAG(s) 'hello_world_dag' retrieved from /opt/airflow/dags/helloworld.py
[2024-10-20T20:34:41.898+0000] {logging_mixin.py:190} INFO - [2024-10-20T20:34:41.897+0000] {dag.py:3229} INFO - Sync 1 DAGs
[2024-10-20T20:34:42.009+0000] {logging_mixin.py:190} INFO - [2024-10-20T20:34:42.008+0000] {dag.py:4156} INFO - Setting next_dagrun for hello_world_dag to 2024-10-20 19:00:00+00:00, run_after=2024-10-20 20:00:00+00:00
[2024-10-20T20:34:42.127+0000] {processor.py:208} INFO - Processing /opt/airflow/dags/helloworld.py took 0.314 seconds
[2024-10-20T20:35:12.536+0000] {processor.py:186} INFO - Started process (PID=362) to work on /opt/airflow/dags/helloworld.py
[2024-10-20T20:35:12.537+0000] {processor.py:914} INFO - Processing file /opt/airflow/dags/helloworld.py for tasks to queue
[2024-10-20T20:35:12.539+0000] {logging_mixin.py:190} INFO - [2024-10-20T20:35:12.539+0000] {dagbag.py:587} INFO - Filling up the DagBag from /opt/airflow/dags/helloworld.py
[2024-10-20T20:35:12.553+0000] {processor.py:925} INFO - DAG(s) 'hello_world_dag' retrieved from /opt/airflow/dags/helloworld.py
[2024-10-20T20:35:12.572+0000] {logging_mixin.py:190} INFO - [2024-10-20T20:35:12.572+0000] {dag.py:3229} INFO - Sync 1 DAGs
[2024-10-20T20:35:12.598+0000] {logging_mixin.py:190} INFO - [2024-10-20T20:35:12.598+0000] {dag.py:4156} INFO - Setting next_dagrun for hello_world_dag to 2024-10-20 19:00:00+00:00, run_after=2024-10-20 20:00:00+00:00
[2024-10-20T20:35:12.620+0000] {processor.py:208} INFO - Processing /opt/airflow/dags/helloworld.py took 0.089 seconds
[2024-10-20T20:35:43.165+0000] {processor.py:186} INFO - Started process (PID=365) to work on /opt/airflow/dags/helloworld.py
[2024-10-20T20:35:43.166+0000] {processor.py:914} INFO - Processing file /opt/airflow/dags/helloworld.py for tasks to queue
[2024-10-20T20:35:43.168+0000] {logging_mixin.py:190} INFO - [2024-10-20T20:35:43.168+0000] {dagbag.py:587} INFO - Filling up the DagBag from /opt/airflow/dags/helloworld.py
[2024-10-20T20:35:43.185+0000] {processor.py:925} INFO - DAG(s) 'hello_world_dag' retrieved from /opt/airflow/dags/helloworld.py
[2024-10-20T20:35:43.206+0000] {logging_mixin.py:190} INFO - [2024-10-20T20:35:43.206+0000] {dag.py:3229} INFO - Sync 1 DAGs
[2024-10-20T20:35:43.234+0000] {logging_mixin.py:190} INFO - [2024-10-20T20:35:43.234+0000] {dag.py:4156} INFO - Setting next_dagrun for hello_world_dag to 2024-10-20 19:00:00+00:00, run_after=2024-10-20 20:00:00+00:00
[2024-10-20T20:35:43.257+0000] {processor.py:208} INFO - Processing /opt/airflow/dags/helloworld.py took 0.098 seconds
[2024-10-20T20:36:13.746+0000] {processor.py:186} INFO - Started process (PID=368) to work on /opt/airflow/dags/helloworld.py
[2024-10-20T20:36:13.747+0000] {processor.py:914} INFO - Processing file /opt/airflow/dags/helloworld.py for tasks to queue
[2024-10-20T20:36:13.750+0000] {logging_mixin.py:190} INFO - [2024-10-20T20:36:13.750+0000] {dagbag.py:587} INFO - Filling up the DagBag from /opt/airflow/dags/helloworld.py
[2024-10-20T20:36:13.767+0000] {processor.py:925} INFO - DAG(s) 'hello_world_dag' retrieved from /opt/airflow/dags/helloworld.py
[2024-10-20T20:36:13.797+0000] {logging_mixin.py:190} INFO - [2024-10-20T20:36:13.791+0000] {dag.py:3229} INFO - Sync 1 DAGs
[2024-10-20T20:36:13.827+0000] {logging_mixin.py:190} INFO - [2024-10-20T20:36:13.827+0000] {dag.py:4156} INFO - Setting next_dagrun for hello_world_dag to 2024-10-20 19:00:00+00:00, run_after=2024-10-20 20:00:00+00:00
[2024-10-20T20:36:13.856+0000] {processor.py:208} INFO - Processing /opt/airflow/dags/helloworld.py took 0.116 seconds
[2024-10-20T20:36:44.335+0000] {processor.py:186} INFO - Started process (PID=371) to work on /opt/airflow/dags/helloworld.py
[2024-10-20T20:36:44.336+0000] {processor.py:914} INFO - Processing file /opt/airflow/dags/helloworld.py for tasks to queue
[2024-10-20T20:36:44.338+0000] {logging_mixin.py:190} INFO - [2024-10-20T20:36:44.338+0000] {dagbag.py:587} INFO - Filling up the DagBag from /opt/airflow/dags/helloworld.py
[2024-10-20T20:36:44.355+0000] {processor.py:925} INFO - DAG(s) 'hello_world_dag' retrieved from /opt/airflow/dags/helloworld.py
[2024-10-20T20:36:44.381+0000] {logging_mixin.py:190} INFO - [2024-10-20T20:36:44.380+0000] {dag.py:3229} INFO - Sync 1 DAGs
[2024-10-20T20:36:44.410+0000] {logging_mixin.py:190} INFO - [2024-10-20T20:36:44.410+0000] {dag.py:4156} INFO - Setting next_dagrun for hello_world_dag to 2024-10-20 19:00:00+00:00, run_after=2024-10-20 20:00:00+00:00
[2024-10-20T20:36:44.435+0000] {processor.py:208} INFO - Processing /opt/airflow/dags/helloworld.py took 0.105 seconds
[2024-10-20T20:37:14.894+0000] {processor.py:186} INFO - Started process (PID=374) to work on /opt/airflow/dags/helloworld.py
[2024-10-20T20:37:14.898+0000] {processor.py:914} INFO - Processing file /opt/airflow/dags/helloworld.py for tasks to queue
[2024-10-20T20:37:14.900+0000] {logging_mixin.py:190} INFO - [2024-10-20T20:37:14.900+0000] {dagbag.py:587} INFO - Filling up the DagBag from /opt/airflow/dags/helloworld.py
[2024-10-20T20:37:14.919+0000] {processor.py:925} INFO - DAG(s) 'hello_world_dag' retrieved from /opt/airflow/dags/helloworld.py
[2024-10-20T20:37:14.943+0000] {logging_mixin.py:190} INFO - [2024-10-20T20:37:14.942+0000] {dag.py:3229} INFO - Sync 1 DAGs
[2024-10-20T20:37:14.972+0000] {logging_mixin.py:190} INFO - [2024-10-20T20:37:14.971+0000] {dag.py:4156} INFO - Setting next_dagrun for hello_world_dag to 2024-10-20 19:00:00+00:00, run_after=2024-10-20 20:00:00+00:00
[2024-10-20T20:37:14.997+0000] {processor.py:208} INFO - Processing /opt/airflow/dags/helloworld.py took 0.109 seconds
[2024-10-20T20:37:45.451+0000] {processor.py:186} INFO - Started process (PID=377) to work on /opt/airflow/dags/helloworld.py
[2024-10-20T20:37:45.453+0000] {processor.py:914} INFO - Processing file /opt/airflow/dags/helloworld.py for tasks to queue
[2024-10-20T20:37:45.456+0000] {logging_mixin.py:190} INFO - [2024-10-20T20:37:45.456+0000] {dagbag.py:587} INFO - Filling up the DagBag from /opt/airflow/dags/helloworld.py
[2024-10-20T20:37:45.476+0000] {processor.py:925} INFO - DAG(s) 'hello_world_dag' retrieved from /opt/airflow/dags/helloworld.py
[2024-10-20T20:37:45.499+0000] {logging_mixin.py:190} INFO - [2024-10-20T20:37:45.499+0000] {dag.py:3229} INFO - Sync 1 DAGs
[2024-10-20T20:37:45.525+0000] {logging_mixin.py:190} INFO - [2024-10-20T20:37:45.525+0000] {dag.py:4156} INFO - Setting next_dagrun for hello_world_dag to 2024-10-20 19:00:00+00:00, run_after=2024-10-20 20:00:00+00:00
[2024-10-20T20:37:45.547+0000] {processor.py:208} INFO - Processing /opt/airflow/dags/helloworld.py took 0.103 seconds
[2024-10-20T20:38:15.800+0000] {processor.py:186} INFO - Started process (PID=380) to work on /opt/airflow/dags/helloworld.py
[2024-10-20T20:38:15.801+0000] {processor.py:914} INFO - Processing file /opt/airflow/dags/helloworld.py for tasks to queue
[2024-10-20T20:38:15.804+0000] {logging_mixin.py:190} INFO - [2024-10-20T20:38:15.803+0000] {dagbag.py:587} INFO - Filling up the DagBag from /opt/airflow/dags/helloworld.py
[2024-10-20T20:38:15.821+0000] {processor.py:925} INFO - DAG(s) 'hello_world_dag' retrieved from /opt/airflow/dags/helloworld.py
[2024-10-20T20:38:15.841+0000] {logging_mixin.py:190} INFO - [2024-10-20T20:38:15.841+0000] {dag.py:3229} INFO - Sync 1 DAGs
[2024-10-20T20:38:15.865+0000] {logging_mixin.py:190} INFO - [2024-10-20T20:38:15.865+0000] {dag.py:4156} INFO - Setting next_dagrun for hello_world_dag to 2024-10-20 19:00:00+00:00, run_after=2024-10-20 20:00:00+00:00
[2024-10-20T20:38:15.888+0000] {processor.py:208} INFO - Processing /opt/airflow/dags/helloworld.py took 0.093 seconds
[2024-10-20T20:38:46.043+0000] {processor.py:186} INFO - Started process (PID=383) to work on /opt/airflow/dags/helloworld.py
[2024-10-20T20:38:46.044+0000] {processor.py:914} INFO - Processing file /opt/airflow/dags/helloworld.py for tasks to queue
[2024-10-20T20:38:46.046+0000] {logging_mixin.py:190} INFO - [2024-10-20T20:38:46.046+0000] {dagbag.py:587} INFO - Filling up the DagBag from /opt/airflow/dags/helloworld.py
[2024-10-20T20:38:46.065+0000] {processor.py:925} INFO - DAG(s) 'hello_world_dag' retrieved from /opt/airflow/dags/helloworld.py
[2024-10-20T20:38:46.084+0000] {logging_mixin.py:190} INFO - [2024-10-20T20:38:46.084+0000] {dag.py:3229} INFO - Sync 1 DAGs
[2024-10-20T20:38:46.115+0000] {logging_mixin.py:190} INFO - [2024-10-20T20:38:46.115+0000] {dag.py:4156} INFO - Setting next_dagrun for hello_world_dag to 2024-10-20 19:00:00+00:00, run_after=2024-10-20 20:00:00+00:00
[2024-10-20T20:38:46.139+0000] {processor.py:208} INFO - Processing /opt/airflow/dags/helloworld.py took 0.102 seconds
[2024-10-20T20:39:16.376+0000] {processor.py:186} INFO - Started process (PID=386) to work on /opt/airflow/dags/helloworld.py
[2024-10-20T20:39:16.377+0000] {processor.py:914} INFO - Processing file /opt/airflow/dags/helloworld.py for tasks to queue
[2024-10-20T20:39:16.379+0000] {logging_mixin.py:190} INFO - [2024-10-20T20:39:16.379+0000] {dagbag.py:587} INFO - Filling up the DagBag from /opt/airflow/dags/helloworld.py
[2024-10-20T20:39:16.397+0000] {processor.py:925} INFO - DAG(s) 'hello_world_dag' retrieved from /opt/airflow/dags/helloworld.py
[2024-10-20T20:39:16.421+0000] {logging_mixin.py:190} INFO - [2024-10-20T20:39:16.421+0000] {dag.py:3229} INFO - Sync 1 DAGs
[2024-10-20T20:39:16.447+0000] {logging_mixin.py:190} INFO - [2024-10-20T20:39:16.447+0000] {dag.py:4156} INFO - Setting next_dagrun for hello_world_dag to 2024-10-20 19:00:00+00:00, run_after=2024-10-20 20:00:00+00:00
[2024-10-20T20:39:16.476+0000] {processor.py:208} INFO - Processing /opt/airflow/dags/helloworld.py took 0.105 seconds
[2024-10-20T20:39:46.715+0000] {processor.py:186} INFO - Started process (PID=389) to work on /opt/airflow/dags/helloworld.py
[2024-10-20T20:39:46.716+0000] {processor.py:914} INFO - Processing file /opt/airflow/dags/helloworld.py for tasks to queue
[2024-10-20T20:39:46.718+0000] {logging_mixin.py:190} INFO - [2024-10-20T20:39:46.718+0000] {dagbag.py:587} INFO - Filling up the DagBag from /opt/airflow/dags/helloworld.py
[2024-10-20T20:39:46.734+0000] {processor.py:925} INFO - DAG(s) 'hello_world_dag' retrieved from /opt/airflow/dags/helloworld.py
[2024-10-20T20:39:46.755+0000] {logging_mixin.py:190} INFO - [2024-10-20T20:39:46.755+0000] {dag.py:3229} INFO - Sync 1 DAGs
[2024-10-20T20:39:46.781+0000] {logging_mixin.py:190} INFO - [2024-10-20T20:39:46.781+0000] {dag.py:4156} INFO - Setting next_dagrun for hello_world_dag to 2024-10-20 19:00:00+00:00, run_after=2024-10-20 20:00:00+00:00
[2024-10-20T20:39:46.805+0000] {processor.py:208} INFO - Processing /opt/airflow/dags/helloworld.py took 0.096 seconds
[2024-10-20T20:40:17.060+0000] {processor.py:186} INFO - Started process (PID=392) to work on /opt/airflow/dags/helloworld.py
[2024-10-20T20:40:17.061+0000] {processor.py:914} INFO - Processing file /opt/airflow/dags/helloworld.py for tasks to queue
[2024-10-20T20:40:17.064+0000] {logging_mixin.py:190} INFO - [2024-10-20T20:40:17.063+0000] {dagbag.py:587} INFO - Filling up the DagBag from /opt/airflow/dags/helloworld.py
[2024-10-20T20:40:17.081+0000] {processor.py:925} INFO - DAG(s) 'hello_world_dag' retrieved from /opt/airflow/dags/helloworld.py
[2024-10-20T20:40:17.101+0000] {logging_mixin.py:190} INFO - [2024-10-20T20:40:17.101+0000] {dag.py:3229} INFO - Sync 1 DAGs
[2024-10-20T20:40:17.127+0000] {logging_mixin.py:190} INFO - [2024-10-20T20:40:17.127+0000] {dag.py:4156} INFO - Setting next_dagrun for hello_world_dag to 2024-10-20 19:00:00+00:00, run_after=2024-10-20 20:00:00+00:00
[2024-10-20T20:40:17.149+0000] {processor.py:208} INFO - Processing /opt/airflow/dags/helloworld.py took 0.094 seconds
[2024-10-20T20:40:47.507+0000] {processor.py:186} INFO - Started process (PID=395) to work on /opt/airflow/dags/helloworld.py
[2024-10-20T20:40:47.509+0000] {processor.py:914} INFO - Processing file /opt/airflow/dags/helloworld.py for tasks to queue
[2024-10-20T20:40:47.511+0000] {logging_mixin.py:190} INFO - [2024-10-20T20:40:47.510+0000] {dagbag.py:587} INFO - Filling up the DagBag from /opt/airflow/dags/helloworld.py
[2024-10-20T20:40:47.526+0000] {processor.py:925} INFO - DAG(s) 'hello_world_dag' retrieved from /opt/airflow/dags/helloworld.py
[2024-10-20T20:40:47.546+0000] {logging_mixin.py:190} INFO - [2024-10-20T20:40:47.546+0000] {dag.py:3229} INFO - Sync 1 DAGs
[2024-10-20T20:40:47.575+0000] {logging_mixin.py:190} INFO - [2024-10-20T20:40:47.575+0000] {dag.py:4156} INFO - Setting next_dagrun for hello_world_dag to 2024-10-20 19:00:00+00:00, run_after=2024-10-20 20:00:00+00:00
[2024-10-20T20:40:47.606+0000] {processor.py:208} INFO - Processing /opt/airflow/dags/helloworld.py took 0.104 seconds
