[2024-09-17T04:20:18.206+0000] {processor.py:186} INFO - Started process (PID=364) to work on /opt/airflow/dags/FirstDag.py
[2024-09-17T04:20:18.207+0000] {processor.py:914} INFO - Processing file /opt/airflow/dags/FirstDag.py for tasks to queue
[2024-09-17T04:20:18.211+0000] {logging_mixin.py:190} INFO - [2024-09-17T04:20:18.211+0000] {dagbag.py:587} INFO - Filling up the DagBag from /opt/airflow/dags/FirstDag.py
[2024-09-17T04:20:18.232+0000] {logging_mixin.py:190} INFO - [2024-09-17T04:20:18.227+0000] {dagbag.py:386} ERROR - Failed to import: /opt/airflow/dags/FirstDag.py
Traceback (most recent call last):
  File "/home/airflow/.local/lib/python3.12/site-packages/airflow/models/dagbag.py", line 382, in parse
    loader.exec_module(new_module)
  File "<frozen importlib._bootstrap_external>", line 991, in exec_module
  File "<frozen importlib._bootstrap_external>", line 1129, in get_code
  File "<frozen importlib._bootstrap_external>", line 1059, in source_to_code
  File "<frozen importlib._bootstrap>", line 488, in _call_with_frames_removed
  File "/opt/airflow/dags/FirstDag.py", line 11
    dag_id:"my_first_dag",
          ^
SyntaxError: invalid syntax
[2024-09-17T04:20:18.235+0000] {processor.py:927} WARNING - No viable dags retrieved from /opt/airflow/dags/FirstDag.py
[2024-09-17T04:20:18.288+0000] {processor.py:208} INFO - Processing /opt/airflow/dags/FirstDag.py took 0.089 seconds
[2024-09-17T04:20:48.592+0000] {processor.py:186} INFO - Started process (PID=366) to work on /opt/airflow/dags/FirstDag.py
[2024-09-17T04:20:48.593+0000] {processor.py:914} INFO - Processing file /opt/airflow/dags/FirstDag.py for tasks to queue
[2024-09-17T04:20:48.596+0000] {logging_mixin.py:190} INFO - [2024-09-17T04:20:48.596+0000] {dagbag.py:587} INFO - Filling up the DagBag from /opt/airflow/dags/FirstDag.py
[2024-09-17T04:20:48.617+0000] {logging_mixin.py:190} INFO - [2024-09-17T04:20:48.615+0000] {dagbag.py:386} ERROR - Failed to import: /opt/airflow/dags/FirstDag.py
Traceback (most recent call last):
  File "/home/airflow/.local/lib/python3.12/site-packages/airflow/models/dagbag.py", line 382, in parse
    loader.exec_module(new_module)
  File "<frozen importlib._bootstrap_external>", line 991, in exec_module
  File "<frozen importlib._bootstrap_external>", line 1129, in get_code
  File "<frozen importlib._bootstrap_external>", line 1059, in source_to_code
  File "<frozen importlib._bootstrap>", line 488, in _call_with_frames_removed
  File "/opt/airflow/dags/FirstDag.py", line 11
    dag_id:"my_first_dag",
          ^
SyntaxError: invalid syntax
[2024-09-17T04:20:48.618+0000] {processor.py:927} WARNING - No viable dags retrieved from /opt/airflow/dags/FirstDag.py
[2024-09-17T04:20:48.643+0000] {processor.py:208} INFO - Processing /opt/airflow/dags/FirstDag.py took 0.058 seconds
[2024-09-17T04:21:18.849+0000] {processor.py:186} INFO - Started process (PID=368) to work on /opt/airflow/dags/FirstDag.py
[2024-09-17T04:21:18.851+0000] {processor.py:914} INFO - Processing file /opt/airflow/dags/FirstDag.py for tasks to queue
[2024-09-17T04:21:18.853+0000] {logging_mixin.py:190} INFO - [2024-09-17T04:21:18.853+0000] {dagbag.py:587} INFO - Filling up the DagBag from /opt/airflow/dags/FirstDag.py
[2024-09-17T04:21:18.874+0000] {logging_mixin.py:190} INFO - [2024-09-17T04:21:18.872+0000] {dagbag.py:386} ERROR - Failed to import: /opt/airflow/dags/FirstDag.py
Traceback (most recent call last):
  File "/home/airflow/.local/lib/python3.12/site-packages/airflow/models/dagbag.py", line 382, in parse
    loader.exec_module(new_module)
  File "<frozen importlib._bootstrap_external>", line 991, in exec_module
  File "<frozen importlib._bootstrap_external>", line 1129, in get_code
  File "<frozen importlib._bootstrap_external>", line 1059, in source_to_code
  File "<frozen importlib._bootstrap>", line 488, in _call_with_frames_removed
  File "/opt/airflow/dags/FirstDag.py", line 11
    dag_id:"my_first_dag",
          ^
SyntaxError: invalid syntax
[2024-09-17T04:21:18.875+0000] {processor.py:927} WARNING - No viable dags retrieved from /opt/airflow/dags/FirstDag.py
[2024-09-17T04:21:18.897+0000] {processor.py:208} INFO - Processing /opt/airflow/dags/FirstDag.py took 0.054 seconds
[2024-09-17T04:21:49.165+0000] {processor.py:186} INFO - Started process (PID=370) to work on /opt/airflow/dags/FirstDag.py
[2024-09-17T04:21:49.167+0000] {processor.py:914} INFO - Processing file /opt/airflow/dags/FirstDag.py for tasks to queue
[2024-09-17T04:21:49.170+0000] {logging_mixin.py:190} INFO - [2024-09-17T04:21:49.170+0000] {dagbag.py:587} INFO - Filling up the DagBag from /opt/airflow/dags/FirstDag.py
[2024-09-17T04:21:49.203+0000] {logging_mixin.py:190} INFO - [2024-09-17T04:21:49.202+0000] {dagbag.py:386} ERROR - Failed to import: /opt/airflow/dags/FirstDag.py
Traceback (most recent call last):
  File "/home/airflow/.local/lib/python3.12/site-packages/airflow/models/dagbag.py", line 382, in parse
    loader.exec_module(new_module)
  File "<frozen importlib._bootstrap_external>", line 991, in exec_module
  File "<frozen importlib._bootstrap_external>", line 1129, in get_code
  File "<frozen importlib._bootstrap_external>", line 1059, in source_to_code
  File "<frozen importlib._bootstrap>", line 488, in _call_with_frames_removed
  File "/opt/airflow/dags/FirstDag.py", line 11
    dag_id:"my_first_dag",
          ^
SyntaxError: invalid syntax
[2024-09-17T04:21:49.204+0000] {processor.py:927} WARNING - No viable dags retrieved from /opt/airflow/dags/FirstDag.py
[2024-09-17T04:21:49.231+0000] {processor.py:208} INFO - Processing /opt/airflow/dags/FirstDag.py took 0.073 seconds
[2024-09-17T04:22:19.497+0000] {processor.py:186} INFO - Started process (PID=372) to work on /opt/airflow/dags/FirstDag.py
[2024-09-17T04:22:19.499+0000] {processor.py:914} INFO - Processing file /opt/airflow/dags/FirstDag.py for tasks to queue
[2024-09-17T04:22:19.503+0000] {logging_mixin.py:190} INFO - [2024-09-17T04:22:19.503+0000] {dagbag.py:587} INFO - Filling up the DagBag from /opt/airflow/dags/FirstDag.py
[2024-09-17T04:22:19.521+0000] {logging_mixin.py:190} INFO - [2024-09-17T04:22:19.520+0000] {dagbag.py:386} ERROR - Failed to import: /opt/airflow/dags/FirstDag.py
Traceback (most recent call last):
  File "/home/airflow/.local/lib/python3.12/site-packages/airflow/models/dagbag.py", line 382, in parse
    loader.exec_module(new_module)
  File "<frozen importlib._bootstrap_external>", line 991, in exec_module
  File "<frozen importlib._bootstrap_external>", line 1129, in get_code
  File "<frozen importlib._bootstrap_external>", line 1059, in source_to_code
  File "<frozen importlib._bootstrap>", line 488, in _call_with_frames_removed
  File "/opt/airflow/dags/FirstDag.py", line 11
    dag_id:"my_first_dag",
          ^
SyntaxError: invalid syntax
[2024-09-17T04:22:19.523+0000] {processor.py:927} WARNING - No viable dags retrieved from /opt/airflow/dags/FirstDag.py
[2024-09-17T04:22:19.550+0000] {processor.py:208} INFO - Processing /opt/airflow/dags/FirstDag.py took 0.060 seconds
[2024-09-17T04:22:49.846+0000] {processor.py:186} INFO - Started process (PID=374) to work on /opt/airflow/dags/FirstDag.py
[2024-09-17T04:22:49.849+0000] {processor.py:914} INFO - Processing file /opt/airflow/dags/FirstDag.py for tasks to queue
[2024-09-17T04:22:49.857+0000] {logging_mixin.py:190} INFO - [2024-09-17T04:22:49.856+0000] {dagbag.py:587} INFO - Filling up the DagBag from /opt/airflow/dags/FirstDag.py
[2024-09-17T04:22:49.897+0000] {logging_mixin.py:190} INFO - [2024-09-17T04:22:49.894+0000] {dagbag.py:386} ERROR - Failed to import: /opt/airflow/dags/FirstDag.py
Traceback (most recent call last):
  File "/home/airflow/.local/lib/python3.12/site-packages/airflow/models/dagbag.py", line 382, in parse
    loader.exec_module(new_module)
  File "<frozen importlib._bootstrap_external>", line 991, in exec_module
  File "<frozen importlib._bootstrap_external>", line 1129, in get_code
  File "<frozen importlib._bootstrap_external>", line 1059, in source_to_code
  File "<frozen importlib._bootstrap>", line 488, in _call_with_frames_removed
  File "/opt/airflow/dags/FirstDag.py", line 11
    dag_id:"my_first_dag",
          ^
SyntaxError: invalid syntax
[2024-09-17T04:22:49.898+0000] {processor.py:927} WARNING - No viable dags retrieved from /opt/airflow/dags/FirstDag.py
[2024-09-17T04:22:49.929+0000] {processor.py:208} INFO - Processing /opt/airflow/dags/FirstDag.py took 0.092 seconds
[2024-09-17T04:22:52.475+0000] {processor.py:186} INFO - Started process (PID=375) to work on /opt/airflow/dags/FirstDag.py
[2024-09-17T04:22:52.476+0000] {processor.py:914} INFO - Processing file /opt/airflow/dags/FirstDag.py for tasks to queue
[2024-09-17T04:22:52.480+0000] {logging_mixin.py:190} INFO - [2024-09-17T04:22:52.480+0000] {dagbag.py:587} INFO - Filling up the DagBag from /opt/airflow/dags/FirstDag.py
[2024-09-17T04:22:52.538+0000] {logging_mixin.py:190} INFO - [2024-09-17T04:22:52.525+0000] {dagbag.py:386} ERROR - Failed to import: /opt/airflow/dags/FirstDag.py
Traceback (most recent call last):
  File "/home/airflow/.local/lib/python3.12/site-packages/airflow/models/dagbag.py", line 382, in parse
    loader.exec_module(new_module)
  File "<frozen importlib._bootstrap_external>", line 995, in exec_module
  File "<frozen importlib._bootstrap>", line 488, in _call_with_frames_removed
  File "/opt/airflow/dags/FirstDag.py", line 3, in <module>
    from airflow import datetime, timedelta
ImportError: cannot import name 'datetime' from 'airflow' (/home/airflow/.local/lib/python3.12/site-packages/airflow/__init__.py)
[2024-09-17T04:22:52.542+0000] {processor.py:927} WARNING - No viable dags retrieved from /opt/airflow/dags/FirstDag.py
[2024-09-17T04:22:52.568+0000] {processor.py:208} INFO - Processing /opt/airflow/dags/FirstDag.py took 0.103 seconds
[2024-09-17T04:23:22.842+0000] {processor.py:186} INFO - Started process (PID=401) to work on /opt/airflow/dags/FirstDag.py
[2024-09-17T04:23:22.844+0000] {processor.py:914} INFO - Processing file /opt/airflow/dags/FirstDag.py for tasks to queue
[2024-09-17T04:23:22.847+0000] {logging_mixin.py:190} INFO - [2024-09-17T04:23:22.846+0000] {dagbag.py:587} INFO - Filling up the DagBag from /opt/airflow/dags/FirstDag.py
[2024-09-17T04:23:22.865+0000] {logging_mixin.py:190} INFO - [2024-09-17T04:23:22.859+0000] {dagbag.py:386} ERROR - Failed to import: /opt/airflow/dags/FirstDag.py
Traceback (most recent call last):
  File "/home/airflow/.local/lib/python3.12/site-packages/airflow/models/dagbag.py", line 382, in parse
    loader.exec_module(new_module)
  File "<frozen importlib._bootstrap_external>", line 995, in exec_module
  File "<frozen importlib._bootstrap>", line 488, in _call_with_frames_removed
  File "/opt/airflow/dags/FirstDag.py", line 3, in <module>
    from airflow import datetime, timedelta
ImportError: cannot import name 'datetime' from 'airflow' (/home/airflow/.local/lib/python3.12/site-packages/airflow/__init__.py)
[2024-09-17T04:23:22.869+0000] {processor.py:927} WARNING - No viable dags retrieved from /opt/airflow/dags/FirstDag.py
[2024-09-17T04:23:22.892+0000] {processor.py:208} INFO - Processing /opt/airflow/dags/FirstDag.py took 0.056 seconds
[2024-09-17T04:23:53.270+0000] {processor.py:186} INFO - Started process (PID=409) to work on /opt/airflow/dags/FirstDag.py
[2024-09-17T04:23:53.271+0000] {processor.py:914} INFO - Processing file /opt/airflow/dags/FirstDag.py for tasks to queue
[2024-09-17T04:23:53.275+0000] {logging_mixin.py:190} INFO - [2024-09-17T04:23:53.274+0000] {dagbag.py:587} INFO - Filling up the DagBag from /opt/airflow/dags/FirstDag.py
[2024-09-17T04:23:53.295+0000] {logging_mixin.py:190} INFO - [2024-09-17T04:23:53.289+0000] {dagbag.py:386} ERROR - Failed to import: /opt/airflow/dags/FirstDag.py
Traceback (most recent call last):
  File "/home/airflow/.local/lib/python3.12/site-packages/airflow/models/dagbag.py", line 382, in parse
    loader.exec_module(new_module)
  File "<frozen importlib._bootstrap_external>", line 995, in exec_module
  File "<frozen importlib._bootstrap>", line 488, in _call_with_frames_removed
  File "/opt/airflow/dags/FirstDag.py", line 3, in <module>
    from airflow import datetime, timedelta
ImportError: cannot import name 'datetime' from 'airflow' (/home/airflow/.local/lib/python3.12/site-packages/airflow/__init__.py)
[2024-09-17T04:23:53.299+0000] {processor.py:927} WARNING - No viable dags retrieved from /opt/airflow/dags/FirstDag.py
[2024-09-17T04:23:53.334+0000] {processor.py:208} INFO - Processing /opt/airflow/dags/FirstDag.py took 0.073 seconds
[2024-09-17T04:24:23.663+0000] {processor.py:186} INFO - Started process (PID=411) to work on /opt/airflow/dags/FirstDag.py
[2024-09-17T04:24:23.665+0000] {processor.py:914} INFO - Processing file /opt/airflow/dags/FirstDag.py for tasks to queue
[2024-09-17T04:24:23.668+0000] {logging_mixin.py:190} INFO - [2024-09-17T04:24:23.668+0000] {dagbag.py:587} INFO - Filling up the DagBag from /opt/airflow/dags/FirstDag.py
[2024-09-17T04:24:23.690+0000] {logging_mixin.py:190} INFO - [2024-09-17T04:24:23.684+0000] {dagbag.py:386} ERROR - Failed to import: /opt/airflow/dags/FirstDag.py
Traceback (most recent call last):
  File "/home/airflow/.local/lib/python3.12/site-packages/airflow/models/dagbag.py", line 382, in parse
    loader.exec_module(new_module)
  File "<frozen importlib._bootstrap_external>", line 995, in exec_module
  File "<frozen importlib._bootstrap>", line 488, in _call_with_frames_removed
  File "/opt/airflow/dags/FirstDag.py", line 3, in <module>
    from airflow import datetime, timedelta
ImportError: cannot import name 'datetime' from 'airflow' (/home/airflow/.local/lib/python3.12/site-packages/airflow/__init__.py)
[2024-09-17T04:24:23.695+0000] {processor.py:927} WARNING - No viable dags retrieved from /opt/airflow/dags/FirstDag.py
[2024-09-17T04:24:23.730+0000] {processor.py:208} INFO - Processing /opt/airflow/dags/FirstDag.py took 0.074 seconds
[2024-09-17T04:24:54.153+0000] {processor.py:186} INFO - Started process (PID=413) to work on /opt/airflow/dags/FirstDag.py
[2024-09-17T04:24:54.155+0000] {processor.py:914} INFO - Processing file /opt/airflow/dags/FirstDag.py for tasks to queue
[2024-09-17T04:24:54.159+0000] {logging_mixin.py:190} INFO - [2024-09-17T04:24:54.158+0000] {dagbag.py:587} INFO - Filling up the DagBag from /opt/airflow/dags/FirstDag.py
[2024-09-17T04:24:54.226+0000] {logging_mixin.py:190} INFO - [2024-09-17T04:24:54.205+0000] {dagbag.py:386} ERROR - Failed to import: /opt/airflow/dags/FirstDag.py
Traceback (most recent call last):
  File "/home/airflow/.local/lib/python3.12/site-packages/airflow/models/dagbag.py", line 382, in parse
    loader.exec_module(new_module)
  File "<frozen importlib._bootstrap_external>", line 995, in exec_module
  File "<frozen importlib._bootstrap>", line 488, in _call_with_frames_removed
  File "/opt/airflow/dags/FirstDag.py", line 3, in <module>
    from airflow import datetime, timedelta
ImportError: cannot import name 'datetime' from 'airflow' (/home/airflow/.local/lib/python3.12/site-packages/airflow/__init__.py)
[2024-09-17T04:24:54.232+0000] {processor.py:927} WARNING - No viable dags retrieved from /opt/airflow/dags/FirstDag.py
[2024-09-17T04:24:54.326+0000] {processor.py:208} INFO - Processing /opt/airflow/dags/FirstDag.py took 0.198 seconds
[2024-09-17T04:25:24.512+0000] {processor.py:186} INFO - Started process (PID=415) to work on /opt/airflow/dags/FirstDag.py
[2024-09-17T04:25:24.514+0000] {processor.py:914} INFO - Processing file /opt/airflow/dags/FirstDag.py for tasks to queue
[2024-09-17T04:25:24.517+0000] {logging_mixin.py:190} INFO - [2024-09-17T04:25:24.517+0000] {dagbag.py:587} INFO - Filling up the DagBag from /opt/airflow/dags/FirstDag.py
[2024-09-17T04:25:24.544+0000] {logging_mixin.py:190} INFO - [2024-09-17T04:25:24.538+0000] {dagbag.py:386} ERROR - Failed to import: /opt/airflow/dags/FirstDag.py
Traceback (most recent call last):
  File "/home/airflow/.local/lib/python3.12/site-packages/airflow/models/dagbag.py", line 382, in parse
    loader.exec_module(new_module)
  File "<frozen importlib._bootstrap_external>", line 995, in exec_module
  File "<frozen importlib._bootstrap>", line 488, in _call_with_frames_removed
  File "/opt/airflow/dags/FirstDag.py", line 3, in <module>
    from airflow import datetime, timedelta
ImportError: cannot import name 'datetime' from 'airflow' (/home/airflow/.local/lib/python3.12/site-packages/airflow/__init__.py)
[2024-09-17T04:25:24.548+0000] {processor.py:927} WARNING - No viable dags retrieved from /opt/airflow/dags/FirstDag.py
[2024-09-17T04:25:24.585+0000] {processor.py:208} INFO - Processing /opt/airflow/dags/FirstDag.py took 0.081 seconds
[2024-09-17T04:25:54.977+0000] {processor.py:186} INFO - Started process (PID=422) to work on /opt/airflow/dags/FirstDag.py
[2024-09-17T04:25:54.979+0000] {processor.py:914} INFO - Processing file /opt/airflow/dags/FirstDag.py for tasks to queue
[2024-09-17T04:25:54.983+0000] {logging_mixin.py:190} INFO - [2024-09-17T04:25:54.983+0000] {dagbag.py:587} INFO - Filling up the DagBag from /opt/airflow/dags/FirstDag.py
[2024-09-17T04:25:55.001+0000] {logging_mixin.py:190} INFO - [2024-09-17T04:25:54.995+0000] {dagbag.py:386} ERROR - Failed to import: /opt/airflow/dags/FirstDag.py
Traceback (most recent call last):
  File "/home/airflow/.local/lib/python3.12/site-packages/airflow/models/dagbag.py", line 382, in parse
    loader.exec_module(new_module)
  File "<frozen importlib._bootstrap_external>", line 995, in exec_module
  File "<frozen importlib._bootstrap>", line 488, in _call_with_frames_removed
  File "/opt/airflow/dags/FirstDag.py", line 3, in <module>
    from airflow import datetime, timedelta
ImportError: cannot import name 'datetime' from 'airflow' (/home/airflow/.local/lib/python3.12/site-packages/airflow/__init__.py)
[2024-09-17T04:25:55.006+0000] {processor.py:927} WARNING - No viable dags retrieved from /opt/airflow/dags/FirstDag.py
[2024-09-17T04:25:55.051+0000] {processor.py:208} INFO - Processing /opt/airflow/dags/FirstDag.py took 0.082 seconds
[2024-09-17T04:26:25.380+0000] {processor.py:186} INFO - Started process (PID=424) to work on /opt/airflow/dags/FirstDag.py
[2024-09-17T04:26:25.382+0000] {processor.py:914} INFO - Processing file /opt/airflow/dags/FirstDag.py for tasks to queue
[2024-09-17T04:26:25.387+0000] {logging_mixin.py:190} INFO - [2024-09-17T04:26:25.386+0000] {dagbag.py:587} INFO - Filling up the DagBag from /opt/airflow/dags/FirstDag.py
[2024-09-17T04:26:25.415+0000] {logging_mixin.py:190} INFO - [2024-09-17T04:26:25.407+0000] {dagbag.py:386} ERROR - Failed to import: /opt/airflow/dags/FirstDag.py
Traceback (most recent call last):
  File "/home/airflow/.local/lib/python3.12/site-packages/airflow/models/dagbag.py", line 382, in parse
    loader.exec_module(new_module)
  File "<frozen importlib._bootstrap_external>", line 995, in exec_module
  File "<frozen importlib._bootstrap>", line 488, in _call_with_frames_removed
  File "/opt/airflow/dags/FirstDag.py", line 3, in <module>
    from airflow import datetime, timedelta
ImportError: cannot import name 'datetime' from 'airflow' (/home/airflow/.local/lib/python3.12/site-packages/airflow/__init__.py)
[2024-09-17T04:26:25.419+0000] {processor.py:927} WARNING - No viable dags retrieved from /opt/airflow/dags/FirstDag.py
[2024-09-17T04:26:25.457+0000] {processor.py:208} INFO - Processing /opt/airflow/dags/FirstDag.py took 0.090 seconds
[2024-09-17T04:26:55.795+0000] {processor.py:186} INFO - Started process (PID=426) to work on /opt/airflow/dags/FirstDag.py
[2024-09-17T04:26:55.797+0000] {processor.py:914} INFO - Processing file /opt/airflow/dags/FirstDag.py for tasks to queue
[2024-09-17T04:26:55.799+0000] {logging_mixin.py:190} INFO - [2024-09-17T04:26:55.799+0000] {dagbag.py:587} INFO - Filling up the DagBag from /opt/airflow/dags/FirstDag.py
[2024-09-17T04:26:55.822+0000] {logging_mixin.py:190} INFO - [2024-09-17T04:26:55.815+0000] {dagbag.py:386} ERROR - Failed to import: /opt/airflow/dags/FirstDag.py
Traceback (most recent call last):
  File "/home/airflow/.local/lib/python3.12/site-packages/airflow/models/dagbag.py", line 382, in parse
    loader.exec_module(new_module)
  File "<frozen importlib._bootstrap_external>", line 995, in exec_module
  File "<frozen importlib._bootstrap>", line 488, in _call_with_frames_removed
  File "/opt/airflow/dags/FirstDag.py", line 3, in <module>
    from airflow import datetime, timedelta
ImportError: cannot import name 'datetime' from 'airflow' (/home/airflow/.local/lib/python3.12/site-packages/airflow/__init__.py)
[2024-09-17T04:26:55.826+0000] {processor.py:927} WARNING - No viable dags retrieved from /opt/airflow/dags/FirstDag.py
[2024-09-17T04:26:55.857+0000] {processor.py:208} INFO - Processing /opt/airflow/dags/FirstDag.py took 0.069 seconds
[2024-09-17T04:27:26.201+0000] {processor.py:186} INFO - Started process (PID=428) to work on /opt/airflow/dags/FirstDag.py
[2024-09-17T04:27:26.203+0000] {processor.py:914} INFO - Processing file /opt/airflow/dags/FirstDag.py for tasks to queue
[2024-09-17T04:27:26.206+0000] {logging_mixin.py:190} INFO - [2024-09-17T04:27:26.206+0000] {dagbag.py:587} INFO - Filling up the DagBag from /opt/airflow/dags/FirstDag.py
[2024-09-17T04:27:26.224+0000] {logging_mixin.py:190} INFO - [2024-09-17T04:27:26.216+0000] {dagbag.py:386} ERROR - Failed to import: /opt/airflow/dags/FirstDag.py
Traceback (most recent call last):
  File "/home/airflow/.local/lib/python3.12/site-packages/airflow/models/dagbag.py", line 382, in parse
    loader.exec_module(new_module)
  File "<frozen importlib._bootstrap_external>", line 995, in exec_module
  File "<frozen importlib._bootstrap>", line 488, in _call_with_frames_removed
  File "/opt/airflow/dags/FirstDag.py", line 3, in <module>
    from airflow import datetime, timedelta
ImportError: cannot import name 'datetime' from 'airflow' (/home/airflow/.local/lib/python3.12/site-packages/airflow/__init__.py)
[2024-09-17T04:27:26.228+0000] {processor.py:927} WARNING - No viable dags retrieved from /opt/airflow/dags/FirstDag.py
[2024-09-17T04:27:26.271+0000] {processor.py:208} INFO - Processing /opt/airflow/dags/FirstDag.py took 0.090 seconds
[2024-09-17T04:27:56.576+0000] {processor.py:186} INFO - Started process (PID=430) to work on /opt/airflow/dags/FirstDag.py
[2024-09-17T04:27:56.577+0000] {processor.py:914} INFO - Processing file /opt/airflow/dags/FirstDag.py for tasks to queue
[2024-09-17T04:27:56.580+0000] {logging_mixin.py:190} INFO - [2024-09-17T04:27:56.580+0000] {dagbag.py:587} INFO - Filling up the DagBag from /opt/airflow/dags/FirstDag.py
[2024-09-17T04:27:56.600+0000] {logging_mixin.py:190} INFO - [2024-09-17T04:27:56.593+0000] {dagbag.py:386} ERROR - Failed to import: /opt/airflow/dags/FirstDag.py
Traceback (most recent call last):
  File "/home/airflow/.local/lib/python3.12/site-packages/airflow/models/dagbag.py", line 382, in parse
    loader.exec_module(new_module)
  File "<frozen importlib._bootstrap_external>", line 995, in exec_module
  File "<frozen importlib._bootstrap>", line 488, in _call_with_frames_removed
  File "/opt/airflow/dags/FirstDag.py", line 3, in <module>
    from airflow import datetime, timedelta
ImportError: cannot import name 'datetime' from 'airflow' (/home/airflow/.local/lib/python3.12/site-packages/airflow/__init__.py)
[2024-09-17T04:27:56.604+0000] {processor.py:927} WARNING - No viable dags retrieved from /opt/airflow/dags/FirstDag.py
[2024-09-17T04:27:56.636+0000] {processor.py:208} INFO - Processing /opt/airflow/dags/FirstDag.py took 0.067 seconds
[2024-09-17T04:28:27.031+0000] {processor.py:186} INFO - Started process (PID=432) to work on /opt/airflow/dags/FirstDag.py
[2024-09-17T04:28:27.035+0000] {processor.py:914} INFO - Processing file /opt/airflow/dags/FirstDag.py for tasks to queue
[2024-09-17T04:28:27.038+0000] {logging_mixin.py:190} INFO - [2024-09-17T04:28:27.038+0000] {dagbag.py:587} INFO - Filling up the DagBag from /opt/airflow/dags/FirstDag.py
[2024-09-17T04:28:27.064+0000] {logging_mixin.py:190} INFO - [2024-09-17T04:28:27.057+0000] {dagbag.py:386} ERROR - Failed to import: /opt/airflow/dags/FirstDag.py
Traceback (most recent call last):
  File "/home/airflow/.local/lib/python3.12/site-packages/airflow/models/dagbag.py", line 382, in parse
    loader.exec_module(new_module)
  File "<frozen importlib._bootstrap_external>", line 995, in exec_module
  File "<frozen importlib._bootstrap>", line 488, in _call_with_frames_removed
  File "/opt/airflow/dags/FirstDag.py", line 3, in <module>
    from airflow import datetime, timedelta
ImportError: cannot import name 'datetime' from 'airflow' (/home/airflow/.local/lib/python3.12/site-packages/airflow/__init__.py)
[2024-09-17T04:28:27.070+0000] {processor.py:927} WARNING - No viable dags retrieved from /opt/airflow/dags/FirstDag.py
[2024-09-17T04:28:27.102+0000] {processor.py:208} INFO - Processing /opt/airflow/dags/FirstDag.py took 0.088 seconds
[2024-09-17T04:28:57.549+0000] {processor.py:186} INFO - Started process (PID=454) to work on /opt/airflow/dags/FirstDag.py
[2024-09-17T04:28:57.551+0000] {processor.py:914} INFO - Processing file /opt/airflow/dags/FirstDag.py for tasks to queue
[2024-09-17T04:28:57.554+0000] {logging_mixin.py:190} INFO - [2024-09-17T04:28:57.554+0000] {dagbag.py:587} INFO - Filling up the DagBag from /opt/airflow/dags/FirstDag.py
[2024-09-17T04:28:57.578+0000] {logging_mixin.py:190} INFO - [2024-09-17T04:28:57.570+0000] {dagbag.py:386} ERROR - Failed to import: /opt/airflow/dags/FirstDag.py
Traceback (most recent call last):
  File "/home/airflow/.local/lib/python3.12/site-packages/airflow/models/dagbag.py", line 382, in parse
    loader.exec_module(new_module)
  File "<frozen importlib._bootstrap_external>", line 995, in exec_module
  File "<frozen importlib._bootstrap>", line 488, in _call_with_frames_removed
  File "/opt/airflow/dags/FirstDag.py", line 3, in <module>
    from airflow import datetime, timedelta
ImportError: cannot import name 'datetime' from 'airflow' (/home/airflow/.local/lib/python3.12/site-packages/airflow/__init__.py)
[2024-09-17T04:28:57.583+0000] {processor.py:927} WARNING - No viable dags retrieved from /opt/airflow/dags/FirstDag.py
[2024-09-17T04:28:57.613+0000] {processor.py:208} INFO - Processing /opt/airflow/dags/FirstDag.py took 0.071 seconds
[2024-09-17T04:29:20.770+0000] {processor.py:186} INFO - Started process (PID=461) to work on /opt/airflow/dags/FirstDag.py
[2024-09-17T04:29:20.771+0000] {processor.py:914} INFO - Processing file /opt/airflow/dags/FirstDag.py for tasks to queue
[2024-09-17T04:29:20.774+0000] {logging_mixin.py:190} INFO - [2024-09-17T04:29:20.774+0000] {dagbag.py:587} INFO - Filling up the DagBag from /opt/airflow/dags/FirstDag.py
[2024-09-17T04:29:20.830+0000] {processor.py:925} INFO - DAG(s) 'my_first_dag' retrieved from /opt/airflow/dags/FirstDag.py
[2024-09-17T04:29:21.903+0000] {logging_mixin.py:190} INFO - [2024-09-17T04:29:21.901+0000] {override.py:1900} INFO - Created Permission View: can edit on DAG:my_first_dag
[2024-09-17T04:29:21.930+0000] {logging_mixin.py:190} INFO - [2024-09-17T04:29:21.929+0000] {override.py:1900} INFO - Created Permission View: can delete on DAG:my_first_dag
[2024-09-17T04:29:21.950+0000] {logging_mixin.py:190} INFO - [2024-09-17T04:29:21.949+0000] {override.py:1900} INFO - Created Permission View: can read on DAG:my_first_dag
[2024-09-17T04:29:21.987+0000] {logging_mixin.py:190} INFO - [2024-09-17T04:29:21.987+0000] {override.py:1900} INFO - Created Permission View: menu access on DAG Run:my_first_dag
[2024-09-17T04:29:22.011+0000] {logging_mixin.py:190} INFO - [2024-09-17T04:29:22.010+0000] {override.py:1900} INFO - Created Permission View: can create on DAG Run:my_first_dag
[2024-09-17T04:29:22.033+0000] {logging_mixin.py:190} INFO - [2024-09-17T04:29:22.033+0000] {override.py:1900} INFO - Created Permission View: can delete on DAG Run:my_first_dag
[2024-09-17T04:29:22.053+0000] {logging_mixin.py:190} INFO - [2024-09-17T04:29:22.052+0000] {override.py:1900} INFO - Created Permission View: can read on DAG Run:my_first_dag
[2024-09-17T04:29:22.055+0000] {logging_mixin.py:190} INFO - [2024-09-17T04:29:22.054+0000] {dag.py:3229} INFO - Sync 1 DAGs
[2024-09-17T04:29:22.077+0000] {logging_mixin.py:190} INFO - [2024-09-17T04:29:22.077+0000] {dag.py:3252} INFO - Creating ORM DAG for my_first_dag
[2024-09-17T04:29:22.112+0000] {logging_mixin.py:190} INFO - [2024-09-17T04:29:22.111+0000] {dag.py:4156} INFO - Setting next_dagrun for my_first_dag to 2024-09-17 00:00:00+00:00, run_after=2024-09-18 00:00:00+00:00
[2024-09-17T04:29:22.206+0000] {processor.py:208} INFO - Processing /opt/airflow/dags/FirstDag.py took 1.442 seconds
[2024-09-17T04:29:52.668+0000] {processor.py:186} INFO - Started process (PID=487) to work on /opt/airflow/dags/FirstDag.py
[2024-09-17T04:29:52.670+0000] {processor.py:914} INFO - Processing file /opt/airflow/dags/FirstDag.py for tasks to queue
[2024-09-17T04:29:52.673+0000] {logging_mixin.py:190} INFO - [2024-09-17T04:29:52.673+0000] {dagbag.py:587} INFO - Filling up the DagBag from /opt/airflow/dags/FirstDag.py
[2024-09-17T04:29:52.706+0000] {processor.py:925} INFO - DAG(s) 'my_first_dag' retrieved from /opt/airflow/dags/FirstDag.py
[2024-09-17T04:29:52.736+0000] {logging_mixin.py:190} INFO - [2024-09-17T04:29:52.736+0000] {dag.py:3229} INFO - Sync 1 DAGs
[2024-09-17T04:29:52.769+0000] {logging_mixin.py:190} INFO - [2024-09-17T04:29:52.769+0000] {dag.py:4156} INFO - Setting next_dagrun for my_first_dag to 2024-09-17 00:00:00+00:00, run_after=2024-09-18 00:00:00+00:00
[2024-09-17T04:29:52.811+0000] {processor.py:208} INFO - Processing /opt/airflow/dags/FirstDag.py took 0.150 seconds
[2024-09-17T04:30:23.301+0000] {processor.py:186} INFO - Started process (PID=492) to work on /opt/airflow/dags/FirstDag.py
[2024-09-17T04:30:23.303+0000] {processor.py:914} INFO - Processing file /opt/airflow/dags/FirstDag.py for tasks to queue
[2024-09-17T04:30:23.306+0000] {logging_mixin.py:190} INFO - [2024-09-17T04:30:23.305+0000] {dagbag.py:587} INFO - Filling up the DagBag from /opt/airflow/dags/FirstDag.py
[2024-09-17T04:30:23.338+0000] {processor.py:925} INFO - DAG(s) 'my_first_dag' retrieved from /opt/airflow/dags/FirstDag.py
[2024-09-17T04:30:23.390+0000] {logging_mixin.py:190} INFO - [2024-09-17T04:30:23.390+0000] {dag.py:3229} INFO - Sync 1 DAGs
[2024-09-17T04:30:23.461+0000] {logging_mixin.py:190} INFO - [2024-09-17T04:30:23.460+0000] {dag.py:4156} INFO - Setting next_dagrun for my_first_dag to 2024-09-17 00:00:00+00:00, run_after=2024-09-18 00:00:00+00:00
[2024-09-17T04:30:23.512+0000] {processor.py:208} INFO - Processing /opt/airflow/dags/FirstDag.py took 0.218 seconds
[2024-09-17T04:30:54.009+0000] {processor.py:186} INFO - Started process (PID=494) to work on /opt/airflow/dags/FirstDag.py
[2024-09-17T04:30:54.010+0000] {processor.py:914} INFO - Processing file /opt/airflow/dags/FirstDag.py for tasks to queue
[2024-09-17T04:30:54.013+0000] {logging_mixin.py:190} INFO - [2024-09-17T04:30:54.013+0000] {dagbag.py:587} INFO - Filling up the DagBag from /opt/airflow/dags/FirstDag.py
[2024-09-17T04:30:54.039+0000] {processor.py:925} INFO - DAG(s) 'my_first_dag' retrieved from /opt/airflow/dags/FirstDag.py
[2024-09-17T04:30:54.067+0000] {logging_mixin.py:190} INFO - [2024-09-17T04:30:54.066+0000] {dag.py:3229} INFO - Sync 1 DAGs
[2024-09-17T04:30:54.096+0000] {logging_mixin.py:190} INFO - [2024-09-17T04:30:54.096+0000] {dag.py:4156} INFO - Setting next_dagrun for my_first_dag to 2024-09-17 00:00:00+00:00, run_after=2024-09-18 00:00:00+00:00
[2024-09-17T04:30:54.133+0000] {processor.py:208} INFO - Processing /opt/airflow/dags/FirstDag.py took 0.131 seconds
[2024-09-17T04:31:24.677+0000] {processor.py:186} INFO - Started process (PID=496) to work on /opt/airflow/dags/FirstDag.py
[2024-09-17T04:31:24.679+0000] {processor.py:914} INFO - Processing file /opt/airflow/dags/FirstDag.py for tasks to queue
[2024-09-17T04:31:24.683+0000] {logging_mixin.py:190} INFO - [2024-09-17T04:31:24.683+0000] {dagbag.py:587} INFO - Filling up the DagBag from /opt/airflow/dags/FirstDag.py
[2024-09-17T04:31:24.711+0000] {processor.py:925} INFO - DAG(s) 'my_first_dag' retrieved from /opt/airflow/dags/FirstDag.py
[2024-09-17T04:31:24.743+0000] {logging_mixin.py:190} INFO - [2024-09-17T04:31:24.742+0000] {dag.py:3229} INFO - Sync 1 DAGs
[2024-09-17T04:31:24.775+0000] {logging_mixin.py:190} INFO - [2024-09-17T04:31:24.775+0000] {dag.py:4156} INFO - Setting next_dagrun for my_first_dag to 2024-09-17 00:00:00+00:00, run_after=2024-09-18 00:00:00+00:00
[2024-09-17T04:31:24.819+0000] {processor.py:208} INFO - Processing /opt/airflow/dags/FirstDag.py took 0.150 seconds
[2024-09-17T04:31:55.294+0000] {processor.py:186} INFO - Started process (PID=498) to work on /opt/airflow/dags/FirstDag.py
[2024-09-17T04:31:55.296+0000] {processor.py:914} INFO - Processing file /opt/airflow/dags/FirstDag.py for tasks to queue
[2024-09-17T04:31:55.299+0000] {logging_mixin.py:190} INFO - [2024-09-17T04:31:55.298+0000] {dagbag.py:587} INFO - Filling up the DagBag from /opt/airflow/dags/FirstDag.py
[2024-09-17T04:31:55.324+0000] {processor.py:925} INFO - DAG(s) 'my_first_dag' retrieved from /opt/airflow/dags/FirstDag.py
[2024-09-17T04:31:55.354+0000] {logging_mixin.py:190} INFO - [2024-09-17T04:31:55.354+0000] {dag.py:3229} INFO - Sync 1 DAGs
[2024-09-17T04:31:55.386+0000] {logging_mixin.py:190} INFO - [2024-09-17T04:31:55.386+0000] {dag.py:4156} INFO - Setting next_dagrun for my_first_dag to 2024-09-17 00:00:00+00:00, run_after=2024-09-18 00:00:00+00:00
[2024-09-17T04:31:55.424+0000] {processor.py:208} INFO - Processing /opt/airflow/dags/FirstDag.py took 0.138 seconds
[2024-09-17T04:32:25.936+0000] {processor.py:186} INFO - Started process (PID=500) to work on /opt/airflow/dags/FirstDag.py
[2024-09-17T04:32:25.938+0000] {processor.py:914} INFO - Processing file /opt/airflow/dags/FirstDag.py for tasks to queue
[2024-09-17T04:32:25.942+0000] {logging_mixin.py:190} INFO - [2024-09-17T04:32:25.941+0000] {dagbag.py:587} INFO - Filling up the DagBag from /opt/airflow/dags/FirstDag.py
[2024-09-17T04:32:25.973+0000] {processor.py:925} INFO - DAG(s) 'my_first_dag' retrieved from /opt/airflow/dags/FirstDag.py
[2024-09-17T04:32:26.005+0000] {logging_mixin.py:190} INFO - [2024-09-17T04:32:26.004+0000] {dag.py:3229} INFO - Sync 1 DAGs
[2024-09-17T04:32:26.036+0000] {logging_mixin.py:190} INFO - [2024-09-17T04:32:26.036+0000] {dag.py:4156} INFO - Setting next_dagrun for my_first_dag to 2024-09-17 00:00:00+00:00, run_after=2024-09-18 00:00:00+00:00
[2024-09-17T04:32:26.081+0000] {processor.py:208} INFO - Processing /opt/airflow/dags/FirstDag.py took 0.152 seconds
[2024-09-17T04:32:56.538+0000] {processor.py:186} INFO - Started process (PID=502) to work on /opt/airflow/dags/FirstDag.py
[2024-09-17T04:32:56.540+0000] {processor.py:914} INFO - Processing file /opt/airflow/dags/FirstDag.py for tasks to queue
[2024-09-17T04:32:56.544+0000] {logging_mixin.py:190} INFO - [2024-09-17T04:32:56.543+0000] {dagbag.py:587} INFO - Filling up the DagBag from /opt/airflow/dags/FirstDag.py
[2024-09-17T04:32:56.571+0000] {processor.py:925} INFO - DAG(s) 'my_first_dag' retrieved from /opt/airflow/dags/FirstDag.py
[2024-09-17T04:32:56.601+0000] {logging_mixin.py:190} INFO - [2024-09-17T04:32:56.601+0000] {dag.py:3229} INFO - Sync 1 DAGs
[2024-09-17T04:32:56.634+0000] {logging_mixin.py:190} INFO - [2024-09-17T04:32:56.634+0000] {dag.py:4156} INFO - Setting next_dagrun for my_first_dag to 2024-09-17 00:00:00+00:00, run_after=2024-09-18 00:00:00+00:00
[2024-09-17T04:32:56.667+0000] {processor.py:208} INFO - Processing /opt/airflow/dags/FirstDag.py took 0.136 seconds
[2024-09-17T04:33:27.217+0000] {processor.py:186} INFO - Started process (PID=504) to work on /opt/airflow/dags/FirstDag.py
[2024-09-17T04:33:27.218+0000] {processor.py:914} INFO - Processing file /opt/airflow/dags/FirstDag.py for tasks to queue
[2024-09-17T04:33:27.221+0000] {logging_mixin.py:190} INFO - [2024-09-17T04:33:27.221+0000] {dagbag.py:587} INFO - Filling up the DagBag from /opt/airflow/dags/FirstDag.py
[2024-09-17T04:33:27.247+0000] {processor.py:925} INFO - DAG(s) 'my_first_dag' retrieved from /opt/airflow/dags/FirstDag.py
[2024-09-17T04:33:27.275+0000] {logging_mixin.py:190} INFO - [2024-09-17T04:33:27.274+0000] {dag.py:3229} INFO - Sync 1 DAGs
[2024-09-17T04:33:27.305+0000] {logging_mixin.py:190} INFO - [2024-09-17T04:33:27.305+0000] {dag.py:4156} INFO - Setting next_dagrun for my_first_dag to 2024-09-17 00:00:00+00:00, run_after=2024-09-18 00:00:00+00:00
[2024-09-17T04:33:27.344+0000] {processor.py:208} INFO - Processing /opt/airflow/dags/FirstDag.py took 0.136 seconds
[2024-09-17T04:33:57.559+0000] {processor.py:186} INFO - Started process (PID=506) to work on /opt/airflow/dags/FirstDag.py
[2024-09-17T04:33:57.560+0000] {processor.py:914} INFO - Processing file /opt/airflow/dags/FirstDag.py for tasks to queue
[2024-09-17T04:33:57.564+0000] {logging_mixin.py:190} INFO - [2024-09-17T04:33:57.563+0000] {dagbag.py:587} INFO - Filling up the DagBag from /opt/airflow/dags/FirstDag.py
[2024-09-17T04:33:57.587+0000] {processor.py:925} INFO - DAG(s) 'my_first_dag' retrieved from /opt/airflow/dags/FirstDag.py
[2024-09-17T04:33:57.612+0000] {logging_mixin.py:190} INFO - [2024-09-17T04:33:57.612+0000] {dag.py:3229} INFO - Sync 1 DAGs
[2024-09-17T04:33:57.640+0000] {logging_mixin.py:190} INFO - [2024-09-17T04:33:57.640+0000] {dag.py:4156} INFO - Setting next_dagrun for my_first_dag to 2024-09-17 00:00:00+00:00, run_after=2024-09-18 00:00:00+00:00
[2024-09-17T04:33:57.676+0000] {processor.py:208} INFO - Processing /opt/airflow/dags/FirstDag.py took 0.123 seconds
[2024-09-17T04:34:27.942+0000] {processor.py:186} INFO - Started process (PID=508) to work on /opt/airflow/dags/FirstDag.py
[2024-09-17T04:34:27.944+0000] {processor.py:914} INFO - Processing file /opt/airflow/dags/FirstDag.py for tasks to queue
[2024-09-17T04:34:27.947+0000] {logging_mixin.py:190} INFO - [2024-09-17T04:34:27.947+0000] {dagbag.py:587} INFO - Filling up the DagBag from /opt/airflow/dags/FirstDag.py
[2024-09-17T04:34:27.976+0000] {processor.py:925} INFO - DAG(s) 'my_first_dag' retrieved from /opt/airflow/dags/FirstDag.py
[2024-09-17T04:34:28.007+0000] {logging_mixin.py:190} INFO - [2024-09-17T04:34:28.007+0000] {dag.py:3229} INFO - Sync 1 DAGs
[2024-09-17T04:34:28.037+0000] {logging_mixin.py:190} INFO - [2024-09-17T04:34:28.037+0000] {dag.py:4156} INFO - Setting next_dagrun for my_first_dag to 2024-09-17 00:00:00+00:00, run_after=2024-09-18 00:00:00+00:00
[2024-09-17T04:34:28.082+0000] {processor.py:208} INFO - Processing /opt/airflow/dags/FirstDag.py took 0.147 seconds
[2024-09-17T04:34:58.328+0000] {processor.py:186} INFO - Started process (PID=510) to work on /opt/airflow/dags/FirstDag.py
[2024-09-17T04:34:58.329+0000] {processor.py:914} INFO - Processing file /opt/airflow/dags/FirstDag.py for tasks to queue
[2024-09-17T04:34:58.332+0000] {logging_mixin.py:190} INFO - [2024-09-17T04:34:58.331+0000] {dagbag.py:587} INFO - Filling up the DagBag from /opt/airflow/dags/FirstDag.py
[2024-09-17T04:34:58.356+0000] {processor.py:925} INFO - DAG(s) 'my_first_dag' retrieved from /opt/airflow/dags/FirstDag.py
[2024-09-17T04:34:58.382+0000] {logging_mixin.py:190} INFO - [2024-09-17T04:34:58.382+0000] {dag.py:3229} INFO - Sync 1 DAGs
[2024-09-17T04:34:58.410+0000] {logging_mixin.py:190} INFO - [2024-09-17T04:34:58.410+0000] {dag.py:4156} INFO - Setting next_dagrun for my_first_dag to 2024-09-17 00:00:00+00:00, run_after=2024-09-18 00:00:00+00:00
[2024-09-17T04:34:58.449+0000] {processor.py:208} INFO - Processing /opt/airflow/dags/FirstDag.py took 0.128 seconds
[2024-09-17T04:35:28.724+0000] {processor.py:186} INFO - Started process (PID=512) to work on /opt/airflow/dags/FirstDag.py
[2024-09-17T04:35:28.726+0000] {processor.py:914} INFO - Processing file /opt/airflow/dags/FirstDag.py for tasks to queue
[2024-09-17T04:35:28.729+0000] {logging_mixin.py:190} INFO - [2024-09-17T04:35:28.729+0000] {dagbag.py:587} INFO - Filling up the DagBag from /opt/airflow/dags/FirstDag.py
[2024-09-17T04:35:28.758+0000] {processor.py:925} INFO - DAG(s) 'my_first_dag' retrieved from /opt/airflow/dags/FirstDag.py
[2024-09-17T04:35:28.789+0000] {logging_mixin.py:190} INFO - [2024-09-17T04:35:28.789+0000] {dag.py:3229} INFO - Sync 1 DAGs
[2024-09-17T04:35:28.823+0000] {logging_mixin.py:190} INFO - [2024-09-17T04:35:28.823+0000] {dag.py:4156} INFO - Setting next_dagrun for my_first_dag to 2024-09-17 00:00:00+00:00, run_after=2024-09-18 00:00:00+00:00
[2024-09-17T04:35:28.867+0000] {processor.py:208} INFO - Processing /opt/airflow/dags/FirstDag.py took 0.150 seconds
[2024-09-17T04:35:59.142+0000] {processor.py:186} INFO - Started process (PID=514) to work on /opt/airflow/dags/FirstDag.py
[2024-09-17T04:35:59.143+0000] {processor.py:914} INFO - Processing file /opt/airflow/dags/FirstDag.py for tasks to queue
[2024-09-17T04:35:59.148+0000] {logging_mixin.py:190} INFO - [2024-09-17T04:35:59.147+0000] {dagbag.py:587} INFO - Filling up the DagBag from /opt/airflow/dags/FirstDag.py
[2024-09-17T04:35:59.200+0000] {processor.py:925} INFO - DAG(s) 'my_first_dag' retrieved from /opt/airflow/dags/FirstDag.py
[2024-09-17T04:35:59.231+0000] {logging_mixin.py:190} INFO - [2024-09-17T04:35:59.231+0000] {dag.py:3229} INFO - Sync 1 DAGs
[2024-09-17T04:35:59.265+0000] {logging_mixin.py:190} INFO - [2024-09-17T04:35:59.264+0000] {dag.py:4156} INFO - Setting next_dagrun for my_first_dag to 2024-09-17 00:00:00+00:00, run_after=2024-09-18 00:00:00+00:00
[2024-09-17T04:35:59.301+0000] {processor.py:208} INFO - Processing /opt/airflow/dags/FirstDag.py took 0.170 seconds
[2024-09-17T04:36:29.593+0000] {processor.py:186} INFO - Started process (PID=516) to work on /opt/airflow/dags/FirstDag.py
[2024-09-17T04:36:29.595+0000] {processor.py:914} INFO - Processing file /opt/airflow/dags/FirstDag.py for tasks to queue
[2024-09-17T04:36:29.599+0000] {logging_mixin.py:190} INFO - [2024-09-17T04:36:29.598+0000] {dagbag.py:587} INFO - Filling up the DagBag from /opt/airflow/dags/FirstDag.py
[2024-09-17T04:36:29.626+0000] {processor.py:925} INFO - DAG(s) 'my_first_dag' retrieved from /opt/airflow/dags/FirstDag.py
[2024-09-17T04:36:29.656+0000] {logging_mixin.py:190} INFO - [2024-09-17T04:36:29.656+0000] {dag.py:3229} INFO - Sync 1 DAGs
[2024-09-17T04:36:29.691+0000] {logging_mixin.py:190} INFO - [2024-09-17T04:36:29.691+0000] {dag.py:4156} INFO - Setting next_dagrun for my_first_dag to 2024-09-17 00:00:00+00:00, run_after=2024-09-18 00:00:00+00:00
[2024-09-17T04:36:29.733+0000] {processor.py:208} INFO - Processing /opt/airflow/dags/FirstDag.py took 0.146 seconds
[2024-09-17T04:36:59.970+0000] {processor.py:186} INFO - Started process (PID=518) to work on /opt/airflow/dags/FirstDag.py
[2024-09-17T04:36:59.973+0000] {processor.py:914} INFO - Processing file /opt/airflow/dags/FirstDag.py for tasks to queue
[2024-09-17T04:36:59.976+0000] {logging_mixin.py:190} INFO - [2024-09-17T04:36:59.976+0000] {dagbag.py:587} INFO - Filling up the DagBag from /opt/airflow/dags/FirstDag.py
[2024-09-17T04:37:00.018+0000] {processor.py:925} INFO - DAG(s) 'my_first_dag' retrieved from /opt/airflow/dags/FirstDag.py
[2024-09-17T04:37:00.047+0000] {logging_mixin.py:190} INFO - [2024-09-17T04:37:00.047+0000] {dag.py:3229} INFO - Sync 1 DAGs
[2024-09-17T04:37:00.077+0000] {logging_mixin.py:190} INFO - [2024-09-17T04:37:00.077+0000] {dag.py:4156} INFO - Setting next_dagrun for my_first_dag to 2024-09-17 00:00:00+00:00, run_after=2024-09-18 00:00:00+00:00
[2024-09-17T04:37:00.113+0000] {processor.py:208} INFO - Processing /opt/airflow/dags/FirstDag.py took 0.150 seconds
[2024-09-17T04:37:30.366+0000] {processor.py:186} INFO - Started process (PID=520) to work on /opt/airflow/dags/FirstDag.py
[2024-09-17T04:37:30.367+0000] {processor.py:914} INFO - Processing file /opt/airflow/dags/FirstDag.py for tasks to queue
[2024-09-17T04:37:30.371+0000] {logging_mixin.py:190} INFO - [2024-09-17T04:37:30.370+0000] {dagbag.py:587} INFO - Filling up the DagBag from /opt/airflow/dags/FirstDag.py
[2024-09-17T04:37:30.405+0000] {processor.py:925} INFO - DAG(s) 'my_first_dag' retrieved from /opt/airflow/dags/FirstDag.py
[2024-09-17T04:37:30.431+0000] {logging_mixin.py:190} INFO - [2024-09-17T04:37:30.430+0000] {dag.py:3229} INFO - Sync 1 DAGs
[2024-09-17T04:37:30.459+0000] {logging_mixin.py:190} INFO - [2024-09-17T04:37:30.458+0000] {dag.py:4156} INFO - Setting next_dagrun for my_first_dag to 2024-09-17 00:00:00+00:00, run_after=2024-09-18 00:00:00+00:00
[2024-09-17T04:37:30.495+0000] {processor.py:208} INFO - Processing /opt/airflow/dags/FirstDag.py took 0.137 seconds
[2024-09-17T04:38:00.849+0000] {processor.py:186} INFO - Started process (PID=522) to work on /opt/airflow/dags/FirstDag.py
[2024-09-17T04:38:00.851+0000] {processor.py:914} INFO - Processing file /opt/airflow/dags/FirstDag.py for tasks to queue
[2024-09-17T04:38:00.855+0000] {logging_mixin.py:190} INFO - [2024-09-17T04:38:00.854+0000] {dagbag.py:587} INFO - Filling up the DagBag from /opt/airflow/dags/FirstDag.py
[2024-09-17T04:38:00.883+0000] {processor.py:925} INFO - DAG(s) 'my_first_dag' retrieved from /opt/airflow/dags/FirstDag.py
[2024-09-17T04:38:00.916+0000] {logging_mixin.py:190} INFO - [2024-09-17T04:38:00.916+0000] {dag.py:3229} INFO - Sync 1 DAGs
[2024-09-17T04:38:00.951+0000] {logging_mixin.py:190} INFO - [2024-09-17T04:38:00.950+0000] {dag.py:4156} INFO - Setting next_dagrun for my_first_dag to 2024-09-17 00:00:00+00:00, run_after=2024-09-18 00:00:00+00:00
[2024-09-17T04:38:01.000+0000] {processor.py:208} INFO - Processing /opt/airflow/dags/FirstDag.py took 0.159 seconds
[2024-09-17T04:38:31.377+0000] {processor.py:186} INFO - Started process (PID=524) to work on /opt/airflow/dags/FirstDag.py
[2024-09-17T04:38:31.378+0000] {processor.py:914} INFO - Processing file /opt/airflow/dags/FirstDag.py for tasks to queue
[2024-09-17T04:38:31.381+0000] {logging_mixin.py:190} INFO - [2024-09-17T04:38:31.381+0000] {dagbag.py:587} INFO - Filling up the DagBag from /opt/airflow/dags/FirstDag.py
[2024-09-17T04:38:31.407+0000] {processor.py:925} INFO - DAG(s) 'my_first_dag' retrieved from /opt/airflow/dags/FirstDag.py
[2024-09-17T04:38:31.435+0000] {logging_mixin.py:190} INFO - [2024-09-17T04:38:31.435+0000] {dag.py:3229} INFO - Sync 1 DAGs
[2024-09-17T04:38:31.466+0000] {logging_mixin.py:190} INFO - [2024-09-17T04:38:31.465+0000] {dag.py:4156} INFO - Setting next_dagrun for my_first_dag to 2024-09-17 00:00:00+00:00, run_after=2024-09-18 00:00:00+00:00
[2024-09-17T04:38:31.499+0000] {processor.py:208} INFO - Processing /opt/airflow/dags/FirstDag.py took 0.129 seconds
[2024-09-17T04:39:01.764+0000] {processor.py:186} INFO - Started process (PID=526) to work on /opt/airflow/dags/FirstDag.py
[2024-09-17T04:39:01.766+0000] {processor.py:914} INFO - Processing file /opt/airflow/dags/FirstDag.py for tasks to queue
[2024-09-17T04:39:01.769+0000] {logging_mixin.py:190} INFO - [2024-09-17T04:39:01.768+0000] {dagbag.py:587} INFO - Filling up the DagBag from /opt/airflow/dags/FirstDag.py
[2024-09-17T04:39:01.802+0000] {processor.py:925} INFO - DAG(s) 'my_first_dag' retrieved from /opt/airflow/dags/FirstDag.py
[2024-09-17T04:39:01.832+0000] {logging_mixin.py:190} INFO - [2024-09-17T04:39:01.832+0000] {dag.py:3229} INFO - Sync 1 DAGs
[2024-09-17T04:39:01.863+0000] {logging_mixin.py:190} INFO - [2024-09-17T04:39:01.863+0000] {dag.py:4156} INFO - Setting next_dagrun for my_first_dag to 2024-09-17 00:00:00+00:00, run_after=2024-09-18 00:00:00+00:00
[2024-09-17T04:39:01.954+0000] {processor.py:208} INFO - Processing /opt/airflow/dags/FirstDag.py took 0.198 seconds
[2024-09-17T04:39:32.266+0000] {processor.py:186} INFO - Started process (PID=528) to work on /opt/airflow/dags/FirstDag.py
[2024-09-17T04:39:32.268+0000] {processor.py:914} INFO - Processing file /opt/airflow/dags/FirstDag.py for tasks to queue
[2024-09-17T04:39:32.272+0000] {logging_mixin.py:190} INFO - [2024-09-17T04:39:32.271+0000] {dagbag.py:587} INFO - Filling up the DagBag from /opt/airflow/dags/FirstDag.py
[2024-09-17T04:39:32.305+0000] {processor.py:925} INFO - DAG(s) 'my_first_dag' retrieved from /opt/airflow/dags/FirstDag.py
[2024-09-17T04:39:32.337+0000] {logging_mixin.py:190} INFO - [2024-09-17T04:39:32.337+0000] {dag.py:3229} INFO - Sync 1 DAGs
[2024-09-17T04:39:32.373+0000] {logging_mixin.py:190} INFO - [2024-09-17T04:39:32.373+0000] {dag.py:4156} INFO - Setting next_dagrun for my_first_dag to 2024-09-17 00:00:00+00:00, run_after=2024-09-18 00:00:00+00:00
[2024-09-17T04:39:32.408+0000] {processor.py:208} INFO - Processing /opt/airflow/dags/FirstDag.py took 0.151 seconds
[2024-09-17T04:40:02.624+0000] {processor.py:186} INFO - Started process (PID=530) to work on /opt/airflow/dags/FirstDag.py
[2024-09-17T04:40:02.625+0000] {processor.py:914} INFO - Processing file /opt/airflow/dags/FirstDag.py for tasks to queue
[2024-09-17T04:40:02.628+0000] {logging_mixin.py:190} INFO - [2024-09-17T04:40:02.628+0000] {dagbag.py:587} INFO - Filling up the DagBag from /opt/airflow/dags/FirstDag.py
[2024-09-17T04:40:02.655+0000] {processor.py:925} INFO - DAG(s) 'my_first_dag' retrieved from /opt/airflow/dags/FirstDag.py
[2024-09-17T04:40:02.682+0000] {logging_mixin.py:190} INFO - [2024-09-17T04:40:02.681+0000] {dag.py:3229} INFO - Sync 1 DAGs
[2024-09-17T04:40:02.734+0000] {logging_mixin.py:190} INFO - [2024-09-17T04:40:02.733+0000] {dag.py:4156} INFO - Setting next_dagrun for my_first_dag to 2024-09-17 00:00:00+00:00, run_after=2024-09-18 00:00:00+00:00
[2024-09-17T04:40:02.784+0000] {processor.py:208} INFO - Processing /opt/airflow/dags/FirstDag.py took 0.168 seconds
[2024-09-17T04:40:32.992+0000] {processor.py:186} INFO - Started process (PID=532) to work on /opt/airflow/dags/FirstDag.py
[2024-09-17T04:40:32.993+0000] {processor.py:914} INFO - Processing file /opt/airflow/dags/FirstDag.py for tasks to queue
[2024-09-17T04:40:32.996+0000] {logging_mixin.py:190} INFO - [2024-09-17T04:40:32.996+0000] {dagbag.py:587} INFO - Filling up the DagBag from /opt/airflow/dags/FirstDag.py
[2024-09-17T04:40:33.020+0000] {processor.py:925} INFO - DAG(s) 'my_first_dag' retrieved from /opt/airflow/dags/FirstDag.py
[2024-09-17T04:40:33.047+0000] {logging_mixin.py:190} INFO - [2024-09-17T04:40:33.047+0000] {dag.py:3229} INFO - Sync 1 DAGs
[2024-09-17T04:40:33.077+0000] {logging_mixin.py:190} INFO - [2024-09-17T04:40:33.077+0000] {dag.py:4156} INFO - Setting next_dagrun for my_first_dag to 2024-09-17 00:00:00+00:00, run_after=2024-09-18 00:00:00+00:00
[2024-09-17T04:40:33.115+0000] {processor.py:208} INFO - Processing /opt/airflow/dags/FirstDag.py took 0.130 seconds
[2024-09-17T04:41:03.367+0000] {processor.py:186} INFO - Started process (PID=534) to work on /opt/airflow/dags/FirstDag.py
[2024-09-17T04:41:03.369+0000] {processor.py:914} INFO - Processing file /opt/airflow/dags/FirstDag.py for tasks to queue
[2024-09-17T04:41:03.373+0000] {logging_mixin.py:190} INFO - [2024-09-17T04:41:03.372+0000] {dagbag.py:587} INFO - Filling up the DagBag from /opt/airflow/dags/FirstDag.py
[2024-09-17T04:41:03.398+0000] {processor.py:925} INFO - DAG(s) 'my_first_dag' retrieved from /opt/airflow/dags/FirstDag.py
[2024-09-17T04:41:03.425+0000] {logging_mixin.py:190} INFO - [2024-09-17T04:41:03.424+0000] {dag.py:3229} INFO - Sync 1 DAGs
[2024-09-17T04:41:03.452+0000] {logging_mixin.py:190} INFO - [2024-09-17T04:41:03.452+0000] {dag.py:4156} INFO - Setting next_dagrun for my_first_dag to 2024-09-17 00:00:00+00:00, run_after=2024-09-18 00:00:00+00:00
[2024-09-17T04:41:03.559+0000] {processor.py:208} INFO - Processing /opt/airflow/dags/FirstDag.py took 0.197 seconds
[2024-09-17T04:41:33.841+0000] {processor.py:186} INFO - Started process (PID=536) to work on /opt/airflow/dags/FirstDag.py
[2024-09-17T04:41:33.843+0000] {processor.py:914} INFO - Processing file /opt/airflow/dags/FirstDag.py for tasks to queue
[2024-09-17T04:41:33.846+0000] {logging_mixin.py:190} INFO - [2024-09-17T04:41:33.845+0000] {dagbag.py:587} INFO - Filling up the DagBag from /opt/airflow/dags/FirstDag.py
[2024-09-17T04:41:33.880+0000] {processor.py:925} INFO - DAG(s) 'my_first_dag' retrieved from /opt/airflow/dags/FirstDag.py
[2024-09-17T04:41:33.931+0000] {logging_mixin.py:190} INFO - [2024-09-17T04:41:33.930+0000] {dag.py:3229} INFO - Sync 1 DAGs
[2024-09-17T04:41:34.049+0000] {logging_mixin.py:190} INFO - [2024-09-17T04:41:34.048+0000] {dag.py:4156} INFO - Setting next_dagrun for my_first_dag to 2024-09-17 00:00:00+00:00, run_after=2024-09-18 00:00:00+00:00
[2024-09-17T04:41:34.166+0000] {processor.py:208} INFO - Processing /opt/airflow/dags/FirstDag.py took 0.332 seconds
[2024-09-17T04:42:04.420+0000] {processor.py:186} INFO - Started process (PID=538) to work on /opt/airflow/dags/FirstDag.py
[2024-09-17T04:42:04.422+0000] {processor.py:914} INFO - Processing file /opt/airflow/dags/FirstDag.py for tasks to queue
[2024-09-17T04:42:04.425+0000] {logging_mixin.py:190} INFO - [2024-09-17T04:42:04.424+0000] {dagbag.py:587} INFO - Filling up the DagBag from /opt/airflow/dags/FirstDag.py
[2024-09-17T04:42:04.454+0000] {processor.py:925} INFO - DAG(s) 'my_first_dag' retrieved from /opt/airflow/dags/FirstDag.py
[2024-09-17T04:42:04.480+0000] {logging_mixin.py:190} INFO - [2024-09-17T04:42:04.480+0000] {dag.py:3229} INFO - Sync 1 DAGs
[2024-09-17T04:42:04.508+0000] {logging_mixin.py:190} INFO - [2024-09-17T04:42:04.508+0000] {dag.py:4156} INFO - Setting next_dagrun for my_first_dag to 2024-09-17 00:00:00+00:00, run_after=2024-09-18 00:00:00+00:00
[2024-09-17T04:42:04.539+0000] {processor.py:208} INFO - Processing /opt/airflow/dags/FirstDag.py took 0.125 seconds
[2024-09-17T04:42:34.799+0000] {processor.py:186} INFO - Started process (PID=540) to work on /opt/airflow/dags/FirstDag.py
[2024-09-17T04:42:34.801+0000] {processor.py:914} INFO - Processing file /opt/airflow/dags/FirstDag.py for tasks to queue
[2024-09-17T04:42:34.805+0000] {logging_mixin.py:190} INFO - [2024-09-17T04:42:34.804+0000] {dagbag.py:587} INFO - Filling up the DagBag from /opt/airflow/dags/FirstDag.py
[2024-09-17T04:42:34.833+0000] {processor.py:925} INFO - DAG(s) 'my_first_dag' retrieved from /opt/airflow/dags/FirstDag.py
[2024-09-17T04:42:34.863+0000] {logging_mixin.py:190} INFO - [2024-09-17T04:42:34.863+0000] {dag.py:3229} INFO - Sync 1 DAGs
[2024-09-17T04:42:34.892+0000] {logging_mixin.py:190} INFO - [2024-09-17T04:42:34.892+0000] {dag.py:4156} INFO - Setting next_dagrun for my_first_dag to 2024-09-17 00:00:00+00:00, run_after=2024-09-18 00:00:00+00:00
[2024-09-17T04:42:34.926+0000] {processor.py:208} INFO - Processing /opt/airflow/dags/FirstDag.py took 0.133 seconds
[2024-09-17T04:43:05.168+0000] {processor.py:186} INFO - Started process (PID=542) to work on /opt/airflow/dags/FirstDag.py
[2024-09-17T04:43:05.170+0000] {processor.py:914} INFO - Processing file /opt/airflow/dags/FirstDag.py for tasks to queue
[2024-09-17T04:43:05.173+0000] {logging_mixin.py:190} INFO - [2024-09-17T04:43:05.173+0000] {dagbag.py:587} INFO - Filling up the DagBag from /opt/airflow/dags/FirstDag.py
[2024-09-17T04:43:05.206+0000] {processor.py:925} INFO - DAG(s) 'my_first_dag' retrieved from /opt/airflow/dags/FirstDag.py
[2024-09-17T04:43:05.242+0000] {logging_mixin.py:190} INFO - [2024-09-17T04:43:05.241+0000] {dag.py:3229} INFO - Sync 1 DAGs
[2024-09-17T04:43:05.277+0000] {logging_mixin.py:190} INFO - [2024-09-17T04:43:05.277+0000] {dag.py:4156} INFO - Setting next_dagrun for my_first_dag to 2024-09-17 00:00:00+00:00, run_after=2024-09-18 00:00:00+00:00
[2024-09-17T04:43:05.317+0000] {processor.py:208} INFO - Processing /opt/airflow/dags/FirstDag.py took 0.160 seconds
[2024-09-17T04:43:35.543+0000] {processor.py:186} INFO - Started process (PID=544) to work on /opt/airflow/dags/FirstDag.py
[2024-09-17T04:43:35.545+0000] {processor.py:914} INFO - Processing file /opt/airflow/dags/FirstDag.py for tasks to queue
[2024-09-17T04:43:35.548+0000] {logging_mixin.py:190} INFO - [2024-09-17T04:43:35.548+0000] {dagbag.py:587} INFO - Filling up the DagBag from /opt/airflow/dags/FirstDag.py
[2024-09-17T04:43:35.586+0000] {processor.py:925} INFO - DAG(s) 'my_first_dag' retrieved from /opt/airflow/dags/FirstDag.py
[2024-09-17T04:43:35.627+0000] {logging_mixin.py:190} INFO - [2024-09-17T04:43:35.627+0000] {dag.py:3229} INFO - Sync 1 DAGs
[2024-09-17T04:43:35.672+0000] {logging_mixin.py:190} INFO - [2024-09-17T04:43:35.671+0000] {dag.py:4156} INFO - Setting next_dagrun for my_first_dag to 2024-09-17 00:00:00+00:00, run_after=2024-09-18 00:00:00+00:00
[2024-09-17T04:43:35.736+0000] {processor.py:208} INFO - Processing /opt/airflow/dags/FirstDag.py took 0.204 seconds
[2024-09-17T04:44:06.003+0000] {processor.py:186} INFO - Started process (PID=546) to work on /opt/airflow/dags/FirstDag.py
[2024-09-17T04:44:06.005+0000] {processor.py:914} INFO - Processing file /opt/airflow/dags/FirstDag.py for tasks to queue
[2024-09-17T04:44:06.008+0000] {logging_mixin.py:190} INFO - [2024-09-17T04:44:06.008+0000] {dagbag.py:587} INFO - Filling up the DagBag from /opt/airflow/dags/FirstDag.py
[2024-09-17T04:44:06.043+0000] {processor.py:925} INFO - DAG(s) 'my_first_dag' retrieved from /opt/airflow/dags/FirstDag.py
[2024-09-17T04:44:06.075+0000] {logging_mixin.py:190} INFO - [2024-09-17T04:44:06.074+0000] {dag.py:3229} INFO - Sync 1 DAGs
[2024-09-17T04:44:06.112+0000] {logging_mixin.py:190} INFO - [2024-09-17T04:44:06.112+0000] {dag.py:4156} INFO - Setting next_dagrun for my_first_dag to 2024-09-17 00:00:00+00:00, run_after=2024-09-18 00:00:00+00:00
[2024-09-17T04:44:06.144+0000] {processor.py:208} INFO - Processing /opt/airflow/dags/FirstDag.py took 0.149 seconds
[2024-09-17T04:44:36.371+0000] {processor.py:186} INFO - Started process (PID=548) to work on /opt/airflow/dags/FirstDag.py
[2024-09-17T04:44:36.372+0000] {processor.py:914} INFO - Processing file /opt/airflow/dags/FirstDag.py for tasks to queue
[2024-09-17T04:44:36.375+0000] {logging_mixin.py:190} INFO - [2024-09-17T04:44:36.375+0000] {dagbag.py:587} INFO - Filling up the DagBag from /opt/airflow/dags/FirstDag.py
[2024-09-17T04:44:36.407+0000] {processor.py:925} INFO - DAG(s) 'my_first_dag' retrieved from /opt/airflow/dags/FirstDag.py
[2024-09-17T04:44:36.438+0000] {logging_mixin.py:190} INFO - [2024-09-17T04:44:36.438+0000] {dag.py:3229} INFO - Sync 1 DAGs
[2024-09-17T04:44:36.470+0000] {logging_mixin.py:190} INFO - [2024-09-17T04:44:36.470+0000] {dag.py:4156} INFO - Setting next_dagrun for my_first_dag to 2024-09-17 00:00:00+00:00, run_after=2024-09-18 00:00:00+00:00
[2024-09-17T04:44:36.501+0000] {processor.py:208} INFO - Processing /opt/airflow/dags/FirstDag.py took 0.137 seconds
[2024-09-17T04:45:06.705+0000] {processor.py:186} INFO - Started process (PID=550) to work on /opt/airflow/dags/FirstDag.py
[2024-09-17T04:45:06.707+0000] {processor.py:914} INFO - Processing file /opt/airflow/dags/FirstDag.py for tasks to queue
[2024-09-17T04:45:06.710+0000] {logging_mixin.py:190} INFO - [2024-09-17T04:45:06.710+0000] {dagbag.py:587} INFO - Filling up the DagBag from /opt/airflow/dags/FirstDag.py
[2024-09-17T04:45:06.738+0000] {processor.py:925} INFO - DAG(s) 'my_first_dag' retrieved from /opt/airflow/dags/FirstDag.py
[2024-09-17T04:45:06.768+0000] {logging_mixin.py:190} INFO - [2024-09-17T04:45:06.767+0000] {dag.py:3229} INFO - Sync 1 DAGs
[2024-09-17T04:45:06.804+0000] {logging_mixin.py:190} INFO - [2024-09-17T04:45:06.804+0000] {dag.py:4156} INFO - Setting next_dagrun for my_first_dag to 2024-09-17 00:00:00+00:00, run_after=2024-09-18 00:00:00+00:00
[2024-09-17T04:45:06.845+0000] {processor.py:208} INFO - Processing /opt/airflow/dags/FirstDag.py took 0.147 seconds
[2024-09-17T04:45:37.029+0000] {processor.py:186} INFO - Started process (PID=552) to work on /opt/airflow/dags/FirstDag.py
[2024-09-17T04:45:37.031+0000] {processor.py:914} INFO - Processing file /opt/airflow/dags/FirstDag.py for tasks to queue
[2024-09-17T04:45:37.034+0000] {logging_mixin.py:190} INFO - [2024-09-17T04:45:37.033+0000] {dagbag.py:587} INFO - Filling up the DagBag from /opt/airflow/dags/FirstDag.py
[2024-09-17T04:45:37.066+0000] {processor.py:925} INFO - DAG(s) 'my_first_dag' retrieved from /opt/airflow/dags/FirstDag.py
[2024-09-17T04:45:37.095+0000] {logging_mixin.py:190} INFO - [2024-09-17T04:45:37.095+0000] {dag.py:3229} INFO - Sync 1 DAGs
[2024-09-17T04:45:37.125+0000] {logging_mixin.py:190} INFO - [2024-09-17T04:45:37.124+0000] {dag.py:4156} INFO - Setting next_dagrun for my_first_dag to 2024-09-17 00:00:00+00:00, run_after=2024-09-18 00:00:00+00:00
[2024-09-17T04:45:37.164+0000] {processor.py:208} INFO - Processing /opt/airflow/dags/FirstDag.py took 0.141 seconds
[2024-09-17T04:46:07.422+0000] {processor.py:186} INFO - Started process (PID=554) to work on /opt/airflow/dags/FirstDag.py
[2024-09-17T04:46:07.423+0000] {processor.py:914} INFO - Processing file /opt/airflow/dags/FirstDag.py for tasks to queue
[2024-09-17T04:46:07.427+0000] {logging_mixin.py:190} INFO - [2024-09-17T04:46:07.426+0000] {dagbag.py:587} INFO - Filling up the DagBag from /opt/airflow/dags/FirstDag.py
[2024-09-17T04:46:07.453+0000] {processor.py:925} INFO - DAG(s) 'my_first_dag' retrieved from /opt/airflow/dags/FirstDag.py
[2024-09-17T04:46:07.487+0000] {logging_mixin.py:190} INFO - [2024-09-17T04:46:07.487+0000] {dag.py:3229} INFO - Sync 1 DAGs
[2024-09-17T04:46:07.544+0000] {logging_mixin.py:190} INFO - [2024-09-17T04:46:07.543+0000] {dag.py:4156} INFO - Setting next_dagrun for my_first_dag to 2024-09-17 00:00:00+00:00, run_after=2024-09-18 00:00:00+00:00
[2024-09-17T04:46:07.574+0000] {processor.py:208} INFO - Processing /opt/airflow/dags/FirstDag.py took 0.160 seconds
[2024-09-17T04:46:37.786+0000] {processor.py:186} INFO - Started process (PID=556) to work on /opt/airflow/dags/FirstDag.py
[2024-09-17T04:46:37.788+0000] {processor.py:914} INFO - Processing file /opt/airflow/dags/FirstDag.py for tasks to queue
[2024-09-17T04:46:37.792+0000] {logging_mixin.py:190} INFO - [2024-09-17T04:46:37.791+0000] {dagbag.py:587} INFO - Filling up the DagBag from /opt/airflow/dags/FirstDag.py
[2024-09-17T04:46:37.820+0000] {processor.py:925} INFO - DAG(s) 'my_first_dag' retrieved from /opt/airflow/dags/FirstDag.py
[2024-09-17T04:46:37.849+0000] {logging_mixin.py:190} INFO - [2024-09-17T04:46:37.849+0000] {dag.py:3229} INFO - Sync 1 DAGs
[2024-09-17T04:46:37.880+0000] {logging_mixin.py:190} INFO - [2024-09-17T04:46:37.880+0000] {dag.py:4156} INFO - Setting next_dagrun for my_first_dag to 2024-09-17 00:00:00+00:00, run_after=2024-09-18 00:00:00+00:00
[2024-09-17T04:46:37.911+0000] {processor.py:208} INFO - Processing /opt/airflow/dags/FirstDag.py took 0.134 seconds
[2024-09-17T04:47:08.159+0000] {processor.py:186} INFO - Started process (PID=558) to work on /opt/airflow/dags/FirstDag.py
[2024-09-17T04:47:08.161+0000] {processor.py:914} INFO - Processing file /opt/airflow/dags/FirstDag.py for tasks to queue
[2024-09-17T04:47:08.164+0000] {logging_mixin.py:190} INFO - [2024-09-17T04:47:08.163+0000] {dagbag.py:587} INFO - Filling up the DagBag from /opt/airflow/dags/FirstDag.py
[2024-09-17T04:47:08.188+0000] {processor.py:925} INFO - DAG(s) 'my_first_dag' retrieved from /opt/airflow/dags/FirstDag.py
[2024-09-17T04:47:08.217+0000] {logging_mixin.py:190} INFO - [2024-09-17T04:47:08.217+0000] {dag.py:3229} INFO - Sync 1 DAGs
[2024-09-17T04:47:08.246+0000] {logging_mixin.py:190} INFO - [2024-09-17T04:47:08.246+0000] {dag.py:4156} INFO - Setting next_dagrun for my_first_dag to 2024-09-17 00:00:00+00:00, run_after=2024-09-18 00:00:00+00:00
[2024-09-17T04:47:08.286+0000] {processor.py:208} INFO - Processing /opt/airflow/dags/FirstDag.py took 0.133 seconds
[2024-09-17T04:47:38.521+0000] {processor.py:186} INFO - Started process (PID=560) to work on /opt/airflow/dags/FirstDag.py
[2024-09-17T04:47:38.522+0000] {processor.py:914} INFO - Processing file /opt/airflow/dags/FirstDag.py for tasks to queue
[2024-09-17T04:47:38.526+0000] {logging_mixin.py:190} INFO - [2024-09-17T04:47:38.525+0000] {dagbag.py:587} INFO - Filling up the DagBag from /opt/airflow/dags/FirstDag.py
[2024-09-17T04:47:38.548+0000] {processor.py:925} INFO - DAG(s) 'my_first_dag' retrieved from /opt/airflow/dags/FirstDag.py
[2024-09-17T04:47:38.581+0000] {logging_mixin.py:190} INFO - [2024-09-17T04:47:38.580+0000] {dag.py:3229} INFO - Sync 1 DAGs
[2024-09-17T04:47:38.609+0000] {logging_mixin.py:190} INFO - [2024-09-17T04:47:38.609+0000] {dag.py:4156} INFO - Setting next_dagrun for my_first_dag to 2024-09-17 00:00:00+00:00, run_after=2024-09-18 00:00:00+00:00
[2024-09-17T04:47:43.701+0000] {processor.py:208} INFO - Processing /opt/airflow/dags/FirstDag.py took 5.186 seconds
[2024-09-17T09:51:48.767+0000] {processor.py:186} INFO - Started process (PID=562) to work on /opt/airflow/dags/FirstDag.py
[2024-09-17T09:51:48.769+0000] {processor.py:914} INFO - Processing file /opt/airflow/dags/FirstDag.py for tasks to queue
[2024-09-17T09:51:48.775+0000] {logging_mixin.py:190} INFO - [2024-09-17T09:51:48.774+0000] {dagbag.py:587} INFO - Filling up the DagBag from /opt/airflow/dags/FirstDag.py
[2024-09-17T09:51:48.812+0000] {processor.py:925} INFO - DAG(s) 'my_first_dag' retrieved from /opt/airflow/dags/FirstDag.py
[2024-09-17T09:51:48.860+0000] {logging_mixin.py:190} INFO - [2024-09-17T09:51:48.860+0000] {dag.py:3229} INFO - Sync 1 DAGs
[2024-09-17T09:51:48.902+0000] {logging_mixin.py:190} INFO - [2024-09-17T09:51:48.901+0000] {dag.py:4156} INFO - Setting next_dagrun for my_first_dag to 2024-09-17 00:00:00+00:00, run_after=2024-09-18 00:00:00+00:00
[2024-09-17T09:51:48.948+0000] {processor.py:208} INFO - Processing /opt/airflow/dags/FirstDag.py took 0.197 seconds
